000 (65512065.005.000) 05/02 15:00:26 Job submitted from host: <131.225.188.235:9618?addrs=131.225.188.235-9618&noUDP&sock=813081_83ea_25>
...
001 (65512065.005.000) 05/02 15:00:53 Job executing on host: <131.225.206.200:9618?addrs=131.225.206.200-9618&noUDP&sock=1920_89ed_3>
...
005 (65512065.005.000) 05/02 15:01:00 Job terminated.
	(1) Normal termination (return value 0)
		Usr 0 00:00:00, Sys 0 00:00:00  -  Run Remote Usage
		Usr 0 00:00:00, Sys 0 00:00:00  -  Run Local Usage
		Usr 0 00:00:00, Sys 0 00:00:00  -  Total Remote Usage
		Usr 0 00:00:00, Sys 0 00:00:00  -  Total Local Usage
	12092  -  Run Bytes Sent By Job
	11045  -  Run Bytes Received By Job
	12092  -  Total Bytes Sent By Job
	11045  -  Total Bytes Received By Job
	Partitionable Resources :    Usage  Request Allocated 
	   Cpus                 :        0        1         1 
	   Disk (KB)            :       44        2    320629 
	   Memory (MB)          :              2048      2048 
...
000 (35929332.005.000) 05/02 15:11:35 Job submitted from host: <131.225.188.57:9618?addrs=131.225.188.57-9618&noUDP&sock=955572_7d49_27>
...
001 (35929332.005.000) 05/02 15:13:11 Job executing on host: <131.225.204.108:9618?addrs=131.225.204.108-9618&noUDP&sock=1911_5d93_3>
...
006 (35929332.005.000) 05/02 15:13:20 Image size of job updated: 10
	10  -  MemoryUsage of job (MB)
	10792  -  ResidentSetSize of job (KB)
...
006 (35929332.005.000) 05/02 15:14:20 Image size of job updated: 249
	249  -  MemoryUsage of job (MB)
	255232  -  ResidentSetSize of job (KB)
...
006 (35929332.005.000) 05/02 15:15:20 Image size of job updated: 286
	286  -  MemoryUsage of job (MB)
	293772  -  ResidentSetSize of job (KB)
...
006 (35929332.005.000) 05/02 15:16:20 Image size of job updated: 291
	291  -  MemoryUsage of job (MB)
	298224  -  ResidentSetSize of job (KB)
...
006 (35929332.005.000) 05/02 15:17:20 Image size of job updated: 292
	292  -  MemoryUsage of job (MB)
	299508  -  ResidentSetSize of job (KB)
...
006 (35929332.005.000) 05/02 15:18:21 Image size of job updated: 292
	292  -  MemoryUsage of job (MB)
	299968  -  ResidentSetSize of job (KB)
...
006 (35929332.005.000) 05/02 15:19:22 Image size of job updated: 293
	293  -  MemoryUsage of job (MB)
	300388  -  ResidentSetSize of job (KB)
...
006 (35929332.005.000) 05/02 15:20:23 Image size of job updated: 294
	294  -  MemoryUsage of job (MB)
	301120  -  ResidentSetSize of job (KB)
...
006 (35929332.005.000) 05/02 15:21:24 Image size of job updated: 294
	294  -  MemoryUsage of job (MB)
	301172  -  ResidentSetSize of job (KB)
...
006 (35929332.005.000) 05/02 15:22:24 Image size of job updated: 294
	294  -  MemoryUsage of job (MB)
	301208  -  ResidentSetSize of job (KB)
...
006 (35929332.005.000) 05/02 15:23:24 Image size of job updated: 294
	294  -  MemoryUsage of job (MB)
	301320  -  ResidentSetSize of job (KB)
...
006 (35929332.005.000) 05/02 15:24:24 Image size of job updated: 294
	294  -  MemoryUsage of job (MB)
	301376  -  ResidentSetSize of job (KB)
...
006 (35929332.005.000) 05/02 15:25:24 Image size of job updated: 294
	294  -  MemoryUsage of job (MB)
	301540  -  ResidentSetSize of job (KB)
...
006 (35929332.005.000) 05/02 15:26:25 Image size of job updated: 294
	294  -  MemoryUsage of job (MB)
	301684  -  ResidentSetSize of job (KB)
...
006 (35929332.005.000) 05/02 15:27:26 Image size of job updated: 294
	294  -  MemoryUsage of job (MB)
	301760  -  ResidentSetSize of job (KB)
...
006 (35929332.005.000) 05/02 15:28:27 Image size of job updated: 294
	294  -  MemoryUsage of job (MB)
	301812  -  ResidentSetSize of job (KB)
...
006 (35929332.005.000) 05/02 15:29:28 Image size of job updated: 294
	294  -  MemoryUsage of job (MB)
	301840  -  ResidentSetSize of job (KB)
...
006 (35929332.005.000) 05/02 15:29:59 Image size of job updated: 294
	294  -  MemoryUsage of job (MB)
	301868  -  ResidentSetSize of job (KB)
...
005 (35929332.005.000) 05/02 15:30:01 Job terminated.
	(1) Normal termination (return value 0)
		Usr 0 00:08:27, Sys 0 00:00:55  -  Run Remote Usage
		Usr 0 00:00:00, Sys 0 00:00:00  -  Run Local Usage
		Usr 0 00:08:27, Sys 0 00:00:55  -  Total Remote Usage
		Usr 0 00:00:00, Sys 0 00:00:00  -  Total Local Usage
	4680  -  Run Bytes Sent By Job
	11057  -  Run Bytes Received By Job
	4680  -  Total Bytes Sent By Job
	11057  -  Total Bytes Received By Job
	Partitionable Resources :    Usage  Request Allocated 
	   Cpus                 :        0        1         1 
	   Disk (KB)            :       37        2    324920 
	   Memory (MB)          :      294     2048      2048 
...
