000 (65512065.007.000) 05/02 15:00:26 Job submitted from host: <131.225.188.235:9618?addrs=131.225.188.235-9618&noUDP&sock=813081_83ea_25>
...
001 (65512065.007.000) 05/02 15:00:55 Job executing on host: <131.225.206.233:9618?addrs=131.225.206.233-9618&noUDP&sock=1907_9f32_3>
...
005 (65512065.007.000) 05/02 15:01:02 Job terminated.
	(1) Normal termination (return value 0)
		Usr 0 00:00:00, Sys 0 00:00:00  -  Run Remote Usage
		Usr 0 00:00:00, Sys 0 00:00:00  -  Run Local Usage
		Usr 0 00:00:00, Sys 0 00:00:00  -  Total Remote Usage
		Usr 0 00:00:00, Sys 0 00:00:00  -  Total Local Usage
	12554  -  Run Bytes Sent By Job
	11045  -  Run Bytes Received By Job
	12554  -  Total Bytes Sent By Job
	11045  -  Total Bytes Received By Job
	Partitionable Resources :    Usage  Request Allocated 
	   Cpus                 :     0.02        1         1 
	   Disk (KB)            :    44           2    323083 
	   Memory (MB)          :              2048      2048 
...
000 (35929332.007.000) 05/02 15:11:35 Job submitted from host: <131.225.188.57:9618?addrs=131.225.188.57-9618&noUDP&sock=955572_7d49_27>
...
001 (35929332.007.000) 05/02 15:13:38 Job executing on host: <131.225.204.124:9618?addrs=131.225.204.124-9618&noUDP&sock=1919_da55_3>
...
006 (35929332.007.000) 05/02 15:13:47 Image size of job updated: 4
	4  -  MemoryUsage of job (MB)
	4936  -  ResidentSetSize of job (KB)
...
006 (35929332.007.000) 05/02 15:14:47 Image size of job updated: 257
	257  -  MemoryUsage of job (MB)
	263776  -  ResidentSetSize of job (KB)
...
006 (35929332.007.000) 05/02 15:15:47 Image size of job updated: 286
	286  -  MemoryUsage of job (MB)
	293804  -  ResidentSetSize of job (KB)
...
006 (35929332.007.000) 05/02 15:16:47 Image size of job updated: 289
	289  -  MemoryUsage of job (MB)
	296320  -  ResidentSetSize of job (KB)
...
006 (35929332.007.000) 05/02 15:18:49 Image size of job updated: 292
	292  -  MemoryUsage of job (MB)
	299592  -  ResidentSetSize of job (KB)
...
006 (35929332.007.000) 05/02 15:19:50 Image size of job updated: 292
	292  -  MemoryUsage of job (MB)
	299776  -  ResidentSetSize of job (KB)
...
006 (35929332.007.000) 05/02 15:20:50 Image size of job updated: 293
	293  -  MemoryUsage of job (MB)
	300492  -  ResidentSetSize of job (KB)
...
006 (35929332.007.000) 05/02 15:21:50 Image size of job updated: 293
	293  -  MemoryUsage of job (MB)
	300652  -  ResidentSetSize of job (KB)
...
006 (35929332.007.000) 05/02 15:22:50 Image size of job updated: 293
	293  -  MemoryUsage of job (MB)
	300680  -  ResidentSetSize of job (KB)
...
006 (35929332.007.000) 05/02 15:23:50 Image size of job updated: 295
	295  -  MemoryUsage of job (MB)
	302752  -  ResidentSetSize of job (KB)
...
006 (35929332.007.000) 05/02 15:24:51 Image size of job updated: 296
	296  -  MemoryUsage of job (MB)
	303116  -  ResidentSetSize of job (KB)
...
006 (35929332.007.000) 05/02 15:25:52 Image size of job updated: 296
	296  -  MemoryUsage of job (MB)
	303240  -  ResidentSetSize of job (KB)
...
006 (35929332.007.000) 05/02 15:28:54 Image size of job updated: 296
	296  -  MemoryUsage of job (MB)
	304056  -  ResidentSetSize of job (KB)
...
006 (35929332.007.000) 05/02 15:29:07 Image size of job updated: 297
	297  -  MemoryUsage of job (MB)
	304464  -  ResidentSetSize of job (KB)
...
005 (35929332.007.000) 05/02 15:29:07 Job terminated.
	(1) Normal termination (return value 0)
		Usr 0 00:08:49, Sys 0 00:01:10  -  Run Remote Usage
		Usr 0 00:00:00, Sys 0 00:00:00  -  Run Local Usage
		Usr 0 00:08:49, Sys 0 00:01:10  -  Total Remote Usage
		Usr 0 00:00:00, Sys 0 00:00:00  -  Total Local Usage
	4534  -  Run Bytes Sent By Job
	11057  -  Run Bytes Received By Job
	4534  -  Total Bytes Sent By Job
	11057  -  Total Bytes Received By Job
	Partitionable Resources :    Usage  Request Allocated 
	   Cpus                 :        0        1         1 
	   Disk (KB)            :       36        2    326557 
	   Memory (MB)          :      297     2048      2048 
...
