000 (65512065.008.000) 05/02 15:00:26 Job submitted from host: <131.225.188.235:9618?addrs=131.225.188.235-9618&noUDP&sock=813081_83ea_25>
...
001 (65512065.008.000) 05/02 15:01:00 Job executing on host: <131.225.190.36:9618?addrs=131.225.190.36-9618&noUDP&sock=3512_84b3_3>
...
005 (65512065.008.000) 05/02 15:01:10 Job terminated.
	(1) Normal termination (return value 0)
		Usr 0 00:00:00, Sys 0 00:00:00  -  Run Remote Usage
		Usr 0 00:00:00, Sys 0 00:00:00  -  Run Local Usage
		Usr 0 00:00:00, Sys 0 00:00:00  -  Total Remote Usage
		Usr 0 00:00:00, Sys 0 00:00:00  -  Total Local Usage
	11934  -  Run Bytes Sent By Job
	11045  -  Run Bytes Received By Job
	11934  -  Total Bytes Sent By Job
	11045  -  Total Bytes Received By Job
	Partitionable Resources :    Usage  Request Allocated 
	   Cpus                 :        0        1         1 
	   Disk (KB)            :       48        2    771959 
	   Memory (MB)          :              2048      2048 
...
000 (35929332.008.000) 05/02 15:11:35 Job submitted from host: <131.225.188.57:9618?addrs=131.225.188.57-9618&noUDP&sock=955572_7d49_27>
...
001 (35929332.008.000) 05/02 15:13:38 Job executing on host: <131.225.206.221:9618?addrs=131.225.206.221-9618&noUDP&sock=1912_0d2b_3>
...
006 (35929332.008.000) 05/02 15:13:47 Image size of job updated: 11
	11  -  MemoryUsage of job (MB)
	11852  -  ResidentSetSize of job (KB)
...
006 (35929332.008.000) 05/02 15:14:47 Image size of job updated: 272
	272  -  MemoryUsage of job (MB)
	278828  -  ResidentSetSize of job (KB)
...
006 (35929332.008.000) 05/02 15:15:47 Image size of job updated: 286
	286  -  MemoryUsage of job (MB)
	293404  -  ResidentSetSize of job (KB)
...
006 (35929332.008.000) 05/02 15:16:47 Image size of job updated: 293
	293  -  MemoryUsage of job (MB)
	300672  -  ResidentSetSize of job (KB)
...
006 (35929332.008.000) 05/02 15:17:48 Image size of job updated: 295
	295  -  MemoryUsage of job (MB)
	302140  -  ResidentSetSize of job (KB)
...
006 (35929332.008.000) 05/02 15:18:49 Image size of job updated: 296
	296  -  MemoryUsage of job (MB)
	303320  -  ResidentSetSize of job (KB)
...
006 (35929332.008.000) 05/02 15:19:50 Image size of job updated: 296
	296  -  MemoryUsage of job (MB)
	303540  -  ResidentSetSize of job (KB)
...
006 (35929332.008.000) 05/02 15:20:51 Image size of job updated: 296
	296  -  MemoryUsage of job (MB)
	303800  -  ResidentSetSize of job (KB)
...
006 (35929332.008.000) 05/02 15:21:51 Image size of job updated: 296
	296  -  MemoryUsage of job (MB)
	303912  -  ResidentSetSize of job (KB)
...
006 (35929332.008.000) 05/02 15:22:51 Image size of job updated: 296
	296  -  MemoryUsage of job (MB)
	303936  -  ResidentSetSize of job (KB)
...
006 (35929332.008.000) 05/02 15:23:51 Image size of job updated: 296
	296  -  MemoryUsage of job (MB)
	303992  -  ResidentSetSize of job (KB)
...
006 (35929332.008.000) 05/02 15:24:51 Image size of job updated: 296
	296  -  MemoryUsage of job (MB)
	304044  -  ResidentSetSize of job (KB)
...
006 (35929332.008.000) 05/02 15:25:52 Image size of job updated: 296
	296  -  MemoryUsage of job (MB)
	304088  -  ResidentSetSize of job (KB)
...
006 (35929332.008.000) 05/02 15:26:53 Image size of job updated: 297
	297  -  MemoryUsage of job (MB)
	304144  -  ResidentSetSize of job (KB)
...
006 (35929332.008.000) 05/02 15:27:54 Image size of job updated: 297
	297  -  MemoryUsage of job (MB)
	304524  -  ResidentSetSize of job (KB)
...
006 (35929332.008.000) 05/02 15:28:55 Image size of job updated: 297
	297  -  MemoryUsage of job (MB)
	304728  -  ResidentSetSize of job (KB)
...
006 (35929332.008.000) 05/02 15:29:34 Image size of job updated: 298
	298  -  MemoryUsage of job (MB)
	305312  -  ResidentSetSize of job (KB)
...
005 (35929332.008.000) 05/02 15:29:36 Job terminated.
	(1) Normal termination (return value 0)
		Usr 0 00:08:50, Sys 0 00:01:09  -  Run Remote Usage
		Usr 0 00:00:00, Sys 0 00:00:00  -  Run Local Usage
		Usr 0 00:08:50, Sys 0 00:01:09  -  Total Remote Usage
		Usr 0 00:00:00, Sys 0 00:00:00  -  Total Local Usage
	4674  -  Run Bytes Sent By Job
	11057  -  Run Bytes Received By Job
	4674  -  Total Bytes Sent By Job
	11057  -  Total Bytes Received By Job
	Partitionable Resources :    Usage  Request Allocated 
	   Cpus                 :        0        1         1 
	   Disk (KB)            :       36        2    312474 
	   Memory (MB)          :      298     2048      2048 
...
