000 (65512065.000.000) 05/02 15:00:26 Job submitted from host: <131.225.188.235:9618?addrs=131.225.188.235-9618&noUDP&sock=813081_83ea_25>
...
001 (65512065.000.000) 05/02 15:00:45 Job executing on host: <131.225.206.200:9618?addrs=131.225.206.200-9618&noUDP&sock=1920_89ed_3>
...
005 (65512065.000.000) 05/02 15:00:51 Job terminated.
	(1) Normal termination (return value 0)
		Usr 0 00:00:00, Sys 0 00:00:00  -  Run Remote Usage
		Usr 0 00:00:00, Sys 0 00:00:00  -  Run Local Usage
		Usr 0 00:00:00, Sys 0 00:00:00  -  Total Remote Usage
		Usr 0 00:00:00, Sys 0 00:00:00  -  Total Local Usage
	9783  -  Run Bytes Sent By Job
	11045  -  Run Bytes Received By Job
	9783  -  Total Bytes Sent By Job
	11045  -  Total Bytes Received By Job
	Partitionable Resources :    Usage  Request Allocated 
	   Cpus                 :     0.04        1         1 
	   Disk (KB)            :    41           2    320629 
	   Memory (MB)          :              2048      2048 
...
000 (35929332.000.000) 05/02 15:11:35 Job submitted from host: <131.225.188.57:9618?addrs=131.225.188.57-9618&noUDP&sock=955572_7d49_27>
...
001 (35929332.000.000) 05/02 15:11:48 Job executing on host: <131.225.188.43:9618?addrs=131.225.188.43-9618&noUDP&sock=6028_48fb_3>
...
006 (35929332.000.000) 05/02 15:11:57 Image size of job updated: 4
	4  -  MemoryUsage of job (MB)
	4556  -  ResidentSetSize of job (KB)
...
006 (35929332.000.000) 05/02 15:12:58 Image size of job updated: 274
	274  -  MemoryUsage of job (MB)
	280880  -  ResidentSetSize of job (KB)
...
006 (35929332.000.000) 05/02 15:13:58 Image size of job updated: 289
	289  -  MemoryUsage of job (MB)
	295996  -  ResidentSetSize of job (KB)
...
006 (35929332.000.000) 05/02 15:14:58 Image size of job updated: 292
	292  -  MemoryUsage of job (MB)
	299584  -  ResidentSetSize of job (KB)
...
006 (35929332.000.000) 05/02 15:15:58 Image size of job updated: 293
	293  -  MemoryUsage of job (MB)
	300468  -  ResidentSetSize of job (KB)
...
006 (35929332.000.000) 05/02 15:16:58 Image size of job updated: 294
	294  -  MemoryUsage of job (MB)
	301228  -  ResidentSetSize of job (KB)
...
006 (35929332.000.000) 05/02 15:17:59 Image size of job updated: 295
	295  -  MemoryUsage of job (MB)
	302440  -  ResidentSetSize of job (KB)
...
006 (35929332.000.000) 05/02 15:18:59 Image size of job updated: 295
	295  -  MemoryUsage of job (MB)
	302924  -  ResidentSetSize of job (KB)
...
006 (35929332.000.000) 05/02 15:19:59 Image size of job updated: 296
	296  -  MemoryUsage of job (MB)
	303284  -  ResidentSetSize of job (KB)
...
006 (35929332.000.000) 05/02 15:20:59 Image size of job updated: 296
	296  -  MemoryUsage of job (MB)
	303728  -  ResidentSetSize of job (KB)
...
006 (35929332.000.000) 05/02 15:21:59 Image size of job updated: 296
	296  -  MemoryUsage of job (MB)
	303800  -  ResidentSetSize of job (KB)
...
006 (35929332.000.000) 05/02 15:22:59 Image size of job updated: 296
	296  -  MemoryUsage of job (MB)
	303848  -  ResidentSetSize of job (KB)
...
006 (35929332.000.000) 05/02 15:23:59 Image size of job updated: 296
	296  -  MemoryUsage of job (MB)
	303884  -  ResidentSetSize of job (KB)
...
006 (35929332.000.000) 05/02 15:24:11 Image size of job updated: 296
	296  -  MemoryUsage of job (MB)
	303896  -  ResidentSetSize of job (KB)
...
005 (35929332.000.000) 05/02 15:24:12 Job terminated.
	(1) Normal termination (return value 0)
		Usr 0 00:06:22, Sys 0 00:01:12  -  Run Remote Usage
		Usr 0 00:00:00, Sys 0 00:00:00  -  Run Local Usage
		Usr 0 00:06:22, Sys 0 00:01:12  -  Total Remote Usage
		Usr 0 00:00:00, Sys 0 00:00:00  -  Total Local Usage
	4534  -  Run Bytes Sent By Job
	11057  -  Run Bytes Received By Job
	4534  -  Total Bytes Sent By Job
	11057  -  Total Bytes Received By Job
	Partitionable Resources :    Usage  Request Allocated 
	   Cpus                 :     0.00        1         1 
	   Disk (KB)            :    46           2   1636511 
	   Memory (MB)          :   296        2048      2048 
...
