000 (65512065.006.000) 05/02 15:00:26 Job submitted from host: <131.225.188.235:9618?addrs=131.225.188.235-9618&noUDP&sock=813081_83ea_25>
...
001 (65512065.006.000) 05/02 15:00:54 Job executing on host: <131.225.204.41:9618?addrs=131.225.204.41-9618&noUDP&sock=1939_9239_3>
...
005 (65512065.006.000) 05/02 15:00:59 Job terminated.
	(1) Normal termination (return value 0)
		Usr 0 00:00:00, Sys 0 00:00:00  -  Run Remote Usage
		Usr 0 00:00:00, Sys 0 00:00:00  -  Run Local Usage
		Usr 0 00:00:00, Sys 0 00:00:00  -  Total Remote Usage
		Usr 0 00:00:00, Sys 0 00:00:00  -  Total Local Usage
	5012  -  Run Bytes Sent By Job
	11045  -  Run Bytes Received By Job
	5012  -  Total Bytes Sent By Job
	11045  -  Total Bytes Received By Job
	Partitionable Resources :    Usage  Request Allocated 
	   Cpus                 :        0        1         1 
	   Disk (KB)            :       37        2    318984 
	   Memory (MB)          :              2048      2048 
...
000 (35929332.006.000) 05/02 15:11:35 Job submitted from host: <131.225.188.57:9618?addrs=131.225.188.57-9618&noUDP&sock=955572_7d49_27>
...
001 (35929332.006.000) 05/02 15:13:11 Job executing on host: <131.225.206.156:9618?addrs=131.225.206.156-9618&noUDP&sock=1916_cb8c_3>
...
006 (35929332.006.000) 05/02 15:13:20 Image size of job updated: 23
	23  -  MemoryUsage of job (MB)
	24392  -  ResidentSetSize of job (KB)
...
006 (35929332.006.000) 05/02 15:14:20 Image size of job updated: 275
	275  -  MemoryUsage of job (MB)
	281816  -  ResidentSetSize of job (KB)
...
006 (35929332.006.000) 05/02 15:14:35 Image size of job updated: 284
	284  -  MemoryUsage of job (MB)
	291632  -  ResidentSetSize of job (KB)
...
005 (35929332.006.000) 05/02 15:14:36 Job terminated.
	(1) Normal termination (return value 0)
		Usr 0 00:00:41, Sys 0 00:00:06  -  Run Remote Usage
		Usr 0 00:00:00, Sys 0 00:00:00  -  Run Local Usage
		Usr 0 00:00:41, Sys 0 00:00:06  -  Total Remote Usage
		Usr 0 00:00:00, Sys 0 00:00:00  -  Total Local Usage
	4534  -  Run Bytes Sent By Job
	11057  -  Run Bytes Received By Job
	4534  -  Total Bytes Sent By Job
	11057  -  Total Bytes Received By Job
	Partitionable Resources :    Usage  Request Allocated 
	   Cpus                 :     0.00        1         1 
	   Disk (KB)            :    36           2    314611 
	   Memory (MB)          :   284        2048      2048 
...
