000 (65512065.003.000) 05/02 15:00:26 Job submitted from host: <131.225.188.235:9618?addrs=131.225.188.235-9618&noUDP&sock=813081_83ea_25>
...
001 (65512065.003.000) 05/02 15:00:45 Job executing on host: <131.225.190.36:9618?addrs=131.225.190.36-9618&noUDP&sock=3512_84b3_3>
...
005 (65512065.003.000) 05/02 15:00:59 Job terminated.
	(1) Normal termination (return value 0)
		Usr 0 00:00:00, Sys 0 00:00:00  -  Run Remote Usage
		Usr 0 00:00:00, Sys 0 00:00:00  -  Run Local Usage
		Usr 0 00:00:00, Sys 0 00:00:00  -  Total Remote Usage
		Usr 0 00:00:00, Sys 0 00:00:00  -  Total Local Usage
	11892  -  Run Bytes Sent By Job
	11045  -  Run Bytes Received By Job
	11892  -  Total Bytes Sent By Job
	11045  -  Total Bytes Received By Job
	Partitionable Resources :    Usage  Request Allocated 
	   Cpus                 :     0.10        1         1 
	   Disk (KB)            :    49           2    771959 
	   Memory (MB)          :              2048      2048 
...
000 (35929332.003.000) 05/02 15:11:35 Job submitted from host: <131.225.188.57:9618?addrs=131.225.188.57-9618&noUDP&sock=955572_7d49_27>
...
001 (35929332.003.000) 05/02 15:12:16 Job executing on host: <131.225.190.26:9618?addrs=131.225.190.26-9618&noUDP&sock=3518_a244_3>
...
006 (35929332.003.000) 05/02 15:12:25 Image size of job updated: 3
	3  -  MemoryUsage of job (MB)
	3416  -  ResidentSetSize of job (KB)
...
006 (35929332.003.000) 05/02 15:13:25 Image size of job updated: 270
	270  -  MemoryUsage of job (MB)
	277184  -  ResidentSetSize of job (KB)
...
006 (35929332.003.000) 05/02 15:14:26 Image size of job updated: 291
	291  -  MemoryUsage of job (MB)
	298828  -  ResidentSetSize of job (KB)
...
006 (35929332.003.000) 05/02 15:15:26 Image size of job updated: 293
	293  -  MemoryUsage of job (MB)
	300176  -  ResidentSetSize of job (KB)
...
006 (35929332.003.000) 05/02 15:16:27 Image size of job updated: 294
	294  -  MemoryUsage of job (MB)
	301788  -  ResidentSetSize of job (KB)
...
006 (35929332.003.000) 05/02 15:17:27 Image size of job updated: 295
	295  -  MemoryUsage of job (MB)
	302316  -  ResidentSetSize of job (KB)
...
006 (35929332.003.000) 05/02 15:18:28 Image size of job updated: 295
	295  -  MemoryUsage of job (MB)
	302856  -  ResidentSetSize of job (KB)
...
006 (35929332.003.000) 05/02 15:19:28 Image size of job updated: 296
	296  -  MemoryUsage of job (MB)
	303232  -  ResidentSetSize of job (KB)
...
006 (35929332.003.000) 05/02 15:20:29 Image size of job updated: 296
	296  -  MemoryUsage of job (MB)
	303436  -  ResidentSetSize of job (KB)
...
006 (35929332.003.000) 05/02 15:21:29 Image size of job updated: 297
	297  -  MemoryUsage of job (MB)
	304384  -  ResidentSetSize of job (KB)
...
006 (35929332.003.000) 05/02 15:22:30 Image size of job updated: 297
	297  -  MemoryUsage of job (MB)
	304536  -  ResidentSetSize of job (KB)
...
006 (35929332.003.000) 05/02 15:23:30 Image size of job updated: 297
	297  -  MemoryUsage of job (MB)
	304736  -  ResidentSetSize of job (KB)
...
006 (35929332.003.000) 05/02 15:24:31 Image size of job updated: 297
	297  -  MemoryUsage of job (MB)
	304808  -  ResidentSetSize of job (KB)
...
006 (35929332.003.000) 05/02 15:25:31 Image size of job updated: 297
	297  -  MemoryUsage of job (MB)
	304836  -  ResidentSetSize of job (KB)
...
006 (35929332.003.000) 05/02 15:26:32 Image size of job updated: 297
	297  -  MemoryUsage of job (MB)
	304884  -  ResidentSetSize of job (KB)
...
006 (35929332.003.000) 05/02 15:27:32 Image size of job updated: 297
	297  -  MemoryUsage of job (MB)
	304904  -  ResidentSetSize of job (KB)
...
006 (35929332.003.000) 05/02 15:28:33 Image size of job updated: 297
	297  -  MemoryUsage of job (MB)
	304972  -  ResidentSetSize of job (KB)
...
006 (35929332.003.000) 05/02 15:29:33 Image size of job updated: 297
	297  -  MemoryUsage of job (MB)
	305020  -  ResidentSetSize of job (KB)
...
006 (35929332.003.000) 05/02 15:30:34 Image size of job updated: 297
	297  -  MemoryUsage of job (MB)
	305060  -  ResidentSetSize of job (KB)
...
006 (35929332.003.000) 05/02 15:31:34 Image size of job updated: 297
	297  -  MemoryUsage of job (MB)
	305112  -  ResidentSetSize of job (KB)
...
006 (35929332.003.000) 05/02 15:32:35 Image size of job updated: 298
	298  -  MemoryUsage of job (MB)
	305152  -  ResidentSetSize of job (KB)
...
005 (35929332.003.000) 05/02 15:32:36 Job terminated.
	(1) Normal termination (return value 0)
		Usr 0 00:11:35, Sys 0 00:01:32  -  Run Remote Usage
		Usr 0 00:00:00, Sys 0 00:00:00  -  Run Local Usage
		Usr 0 00:11:35, Sys 0 00:01:32  -  Total Remote Usage
		Usr 0 00:00:00, Sys 0 00:00:00  -  Total Local Usage
	4680  -  Run Bytes Sent By Job
	11057  -  Run Bytes Received By Job
	4680  -  Total Bytes Sent By Job
	11057  -  Total Bytes Received By Job
	Partitionable Resources :    Usage  Request Allocated 
	   Cpus                 :        0        1         1 
	   Disk (KB)            :       40        2    771549 
	   Memory (MB)          :      298     2048      2048 
...
