000 (65512065.009.000) 05/02 15:00:26 Job submitted from host: <131.225.188.235:9618?addrs=131.225.188.235-9618&noUDP&sock=813081_83ea_25>
...
001 (65512065.009.000) 05/02 15:01:01 Job executing on host: <131.225.190.36:9618?addrs=131.225.190.36-9618&noUDP&sock=3512_84b3_3>
...
005 (65512065.009.000) 05/02 15:01:10 Job terminated.
	(1) Normal termination (return value 0)
		Usr 0 00:00:00, Sys 0 00:00:00  -  Run Remote Usage
		Usr 0 00:00:00, Sys 0 00:00:00  -  Run Local Usage
		Usr 0 00:00:00, Sys 0 00:00:00  -  Total Remote Usage
		Usr 0 00:00:00, Sys 0 00:00:00  -  Total Local Usage
	12961  -  Run Bytes Sent By Job
	11045  -  Run Bytes Received By Job
	12961  -  Total Bytes Sent By Job
	11045  -  Total Bytes Received By Job
	Partitionable Resources :    Usage  Request Allocated 
	   Cpus                 :        0        1         1 
	   Disk (KB)            :       50        2    771959 
	   Memory (MB)          :              2048      2048 
...
000 (35929332.009.000) 05/02 15:11:35 Job submitted from host: <131.225.188.57:9618?addrs=131.225.188.57-9618&noUDP&sock=955572_7d49_27>
...
001 (35929332.009.000) 05/02 15:14:32 Job executing on host: <131.225.204.77:9618?addrs=131.225.204.77-9618&noUDP&sock=1908_4eca_3>
...
006 (35929332.009.000) 05/02 15:14:41 Image size of job updated: 3
	3  -  MemoryUsage of job (MB)
	3104  -  ResidentSetSize of job (KB)
...
006 (35929332.009.000) 05/02 15:15:41 Image size of job updated: 272
	272  -  MemoryUsage of job (MB)
	279100  -  ResidentSetSize of job (KB)
...
006 (35929332.009.000) 05/02 15:16:42 Image size of job updated: 292
	292  -  MemoryUsage of job (MB)
	299108  -  ResidentSetSize of job (KB)
...
006 (35929332.009.000) 05/02 15:17:43 Image size of job updated: 294
	294  -  MemoryUsage of job (MB)
	301264  -  ResidentSetSize of job (KB)
...
006 (35929332.009.000) 05/02 15:18:45 Image size of job updated: 296
	296  -  MemoryUsage of job (MB)
	303468  -  ResidentSetSize of job (KB)
...
006 (35929332.009.000) 05/02 15:19:45 Image size of job updated: 296
	296  -  MemoryUsage of job (MB)
	303728  -  ResidentSetSize of job (KB)
...
006 (35929332.009.000) 05/02 15:20:45 Image size of job updated: 296
	296  -  MemoryUsage of job (MB)
	303892  -  ResidentSetSize of job (KB)
...
006 (35929332.009.000) 05/02 15:21:45 Image size of job updated: 296
	296  -  MemoryUsage of job (MB)
	303960  -  ResidentSetSize of job (KB)
...
006 (35929332.009.000) 05/02 15:22:45 Image size of job updated: 297
	297  -  MemoryUsage of job (MB)
	304860  -  ResidentSetSize of job (KB)
...
006 (35929332.009.000) 05/02 15:23:46 Image size of job updated: 298
	298  -  MemoryUsage of job (MB)
	305828  -  ResidentSetSize of job (KB)
...
006 (35929332.009.000) 05/02 15:24:47 Image size of job updated: 298
	298  -  MemoryUsage of job (MB)
	305960  -  ResidentSetSize of job (KB)
...
006 (35929332.009.000) 05/02 15:25:48 Image size of job updated: 298
	298  -  MemoryUsage of job (MB)
	306052  -  ResidentSetSize of job (KB)
...
006 (35929332.009.000) 05/02 15:26:49 Image size of job updated: 299
	299  -  MemoryUsage of job (MB)
	306200  -  ResidentSetSize of job (KB)
...
006 (35929332.009.000) 05/02 15:27:49 Image size of job updated: 299
	299  -  MemoryUsage of job (MB)
	306268  -  ResidentSetSize of job (KB)
...
006 (35929332.009.000) 05/02 15:28:49 Image size of job updated: 299
	299  -  MemoryUsage of job (MB)
	306348  -  ResidentSetSize of job (KB)
...
006 (35929332.009.000) 05/02 15:29:28 Image size of job updated: 299
	299  -  MemoryUsage of job (MB)
	306556  -  ResidentSetSize of job (KB)
...
005 (35929332.009.000) 05/02 15:29:28 Job terminated.
	(1) Normal termination (return value 0)
		Usr 0 00:08:15, Sys 0 00:01:10  -  Run Remote Usage
		Usr 0 00:00:00, Sys 0 00:00:00  -  Run Local Usage
		Usr 0 00:08:15, Sys 0 00:01:10  -  Total Remote Usage
		Usr 0 00:00:00, Sys 0 00:00:00  -  Total Local Usage
	4680  -  Run Bytes Sent By Job
	11057  -  Run Bytes Received By Job
	4680  -  Total Bytes Sent By Job
	11057  -  Total Bytes Received By Job
	Partitionable Resources :    Usage  Request Allocated 
	   Cpus                 :        0        1         1 
	   Disk (KB)            :       37        2    325257 
	   Memory (MB)          :      299     2048      2048 
...
