000 (65512065.013.000) 05/02 15:00:26 Job submitted from host: <131.225.188.235:9618?addrs=131.225.188.235-9618&noUDP&sock=813081_83ea_25>
...
001 (65512065.013.000) 05/02 15:01:07 Job executing on host: <131.225.204.41:9618?addrs=131.225.204.41-9618&noUDP&sock=1939_9239_3>
...
005 (65512065.013.000) 05/02 15:01:14 Job terminated.
	(1) Normal termination (return value 0)
		Usr 0 00:00:00, Sys 0 00:00:00  -  Run Remote Usage
		Usr 0 00:00:00, Sys 0 00:00:00  -  Run Local Usage
		Usr 0 00:00:00, Sys 0 00:00:00  -  Total Remote Usage
		Usr 0 00:00:00, Sys 0 00:00:00  -  Total Local Usage
	16246  -  Run Bytes Sent By Job
	11045  -  Run Bytes Received By Job
	16246  -  Total Bytes Sent By Job
	11045  -  Total Bytes Received By Job
	Partitionable Resources :    Usage  Request Allocated 
	   Cpus                 :     0.02        1         1 
	   Disk (KB)            :    48           2    318984 
	   Memory (MB)          :              2048      2048 
...
000 (35929332.013.000) 05/02 15:11:35 Job submitted from host: <131.225.188.57:9618?addrs=131.225.188.57-9618&noUDP&sock=955572_7d49_27>
...
001 (35929332.013.000) 05/02 15:15:00 Job executing on host: <131.225.191.193:9618?addrs=131.225.191.193-9618&noUDP&sock=1910_adfa_3>
...
006 (35929332.013.000) 05/02 15:15:08 Image size of job updated: 4
	4  -  MemoryUsage of job (MB)
	4548  -  ResidentSetSize of job (KB)
...
006 (35929332.013.000) 05/02 15:16:09 Image size of job updated: 285
	285  -  MemoryUsage of job (MB)
	292684  -  ResidentSetSize of job (KB)
...
006 (35929332.013.000) 05/02 15:17:10 Image size of job updated: 291
	291  -  MemoryUsage of job (MB)
	298652  -  ResidentSetSize of job (KB)
...
006 (35929332.013.000) 05/02 15:18:12 Image size of job updated: 294
	294  -  MemoryUsage of job (MB)
	301676  -  ResidentSetSize of job (KB)
...
006 (35929332.013.000) 05/02 15:19:12 Image size of job updated: 296
	296  -  MemoryUsage of job (MB)
	303680  -  ResidentSetSize of job (KB)
...
006 (35929332.013.000) 05/02 15:20:12 Image size of job updated: 297
	297  -  MemoryUsage of job (MB)
	304960  -  ResidentSetSize of job (KB)
...
006 (35929332.013.000) 05/02 15:21:12 Image size of job updated: 298
	298  -  MemoryUsage of job (MB)
	305288  -  ResidentSetSize of job (KB)
...
006 (35929332.013.000) 05/02 15:22:12 Image size of job updated: 298
	298  -  MemoryUsage of job (MB)
	305440  -  ResidentSetSize of job (KB)
...
006 (35929332.013.000) 05/02 15:23:13 Image size of job updated: 299
	299  -  MemoryUsage of job (MB)
	306256  -  ResidentSetSize of job (KB)
...
006 (35929332.013.000) 05/02 15:24:14 Image size of job updated: 299
	299  -  MemoryUsage of job (MB)
	306728  -  ResidentSetSize of job (KB)
...
006 (35929332.013.000) 05/02 15:25:15 Image size of job updated: 299
	299  -  MemoryUsage of job (MB)
	306860  -  ResidentSetSize of job (KB)
...
006 (35929332.013.000) 05/02 15:26:16 Image size of job updated: 299
	299  -  MemoryUsage of job (MB)
	307032  -  ResidentSetSize of job (KB)
...
006 (35929332.013.000) 05/02 15:27:16 Image size of job updated: 300
	300  -  MemoryUsage of job (MB)
	307240  -  ResidentSetSize of job (KB)
...
006 (35929332.013.000) 05/02 15:28:16 Image size of job updated: 300
	300  -  MemoryUsage of job (MB)
	307516  -  ResidentSetSize of job (KB)
...
006 (35929332.013.000) 05/02 15:29:16 Image size of job updated: 300
	300  -  MemoryUsage of job (MB)
	307696  -  ResidentSetSize of job (KB)
...
006 (35929332.013.000) 05/02 15:30:16 Image size of job updated: 301
	301  -  MemoryUsage of job (MB)
	308416  -  ResidentSetSize of job (KB)
...
006 (35929332.013.000) 05/02 15:32:08 Image size of job updated: 301
	301  -  MemoryUsage of job (MB)
	308656  -  ResidentSetSize of job (KB)
...
005 (35929332.013.000) 05/02 15:32:09 Job terminated.
	(1) Normal termination (return value 0)
		Usr 0 00:08:30, Sys 0 00:00:59  -  Run Remote Usage
		Usr 0 00:00:00, Sys 0 00:00:00  -  Run Local Usage
		Usr 0 00:08:30, Sys 0 00:00:59  -  Total Remote Usage
		Usr 0 00:00:00, Sys 0 00:00:00  -  Total Local Usage
	4535  -  Run Bytes Sent By Job
	11057  -  Run Bytes Received By Job
	4535  -  Total Bytes Sent By Job
	11057  -  Total Bytes Received By Job
	Partitionable Resources :    Usage  Request Allocated 
	   Cpus                 :     0.00        1         1 
	   Disk (KB)            :    36           2    318605 
	   Memory (MB)          :   301        2048      2048 
...
