000 (65512065.010.000) 05/02 15:00:26 Job submitted from host: <131.225.188.235:9618?addrs=131.225.188.235-9618&noUDP&sock=813081_83ea_25>
...
001 (65512065.010.000) 05/02 15:01:01 Job executing on host: <131.225.204.41:9618?addrs=131.225.204.41-9618&noUDP&sock=1939_9239_3>
...
005 (65512065.010.000) 05/02 15:01:05 Job terminated.
	(1) Normal termination (return value 0)
		Usr 0 00:00:00, Sys 0 00:00:00  -  Run Remote Usage
		Usr 0 00:00:00, Sys 0 00:00:00  -  Run Local Usage
		Usr 0 00:00:00, Sys 0 00:00:00  -  Total Remote Usage
		Usr 0 00:00:00, Sys 0 00:00:00  -  Total Local Usage
	11763  -  Run Bytes Sent By Job
	11045  -  Run Bytes Received By Job
	11763  -  Total Bytes Sent By Job
	11045  -  Total Bytes Received By Job
	Partitionable Resources :    Usage  Request Allocated 
	   Cpus                 :        0        1         1 
	   Disk (KB)            :       44        2    318984 
	   Memory (MB)          :              2048      2048 
...
000 (35929332.010.000) 05/02 15:11:35 Job submitted from host: <131.225.188.57:9618?addrs=131.225.188.57-9618&noUDP&sock=955572_7d49_27>
...
001 (35929332.010.000) 05/02 15:14:33 Job executing on host: <131.225.204.77:9618?addrs=131.225.204.77-9618&noUDP&sock=1908_4eca_3>
...
006 (35929332.010.000) 05/02 15:14:42 Image size of job updated: 19
	19  -  MemoryUsage of job (MB)
	20284  -  ResidentSetSize of job (KB)
...
006 (35929332.010.000) 05/02 15:15:42 Image size of job updated: 273
	273  -  MemoryUsage of job (MB)
	280424  -  ResidentSetSize of job (KB)
...
006 (35929332.010.000) 05/02 15:16:43 Image size of job updated: 292
	292  -  MemoryUsage of job (MB)
	299400  -  ResidentSetSize of job (KB)
...
006 (35929332.010.000) 05/02 15:17:44 Image size of job updated: 294
	294  -  MemoryUsage of job (MB)
	301408  -  ResidentSetSize of job (KB)
...
006 (35929332.010.000) 05/02 15:18:45 Image size of job updated: 294
	294  -  MemoryUsage of job (MB)
	301812  -  ResidentSetSize of job (KB)
...
006 (35929332.010.000) 05/02 15:19:46 Image size of job updated: 295
	295  -  MemoryUsage of job (MB)
	302536  -  ResidentSetSize of job (KB)
...
006 (35929332.010.000) 05/02 15:20:46 Image size of job updated: 295
	295  -  MemoryUsage of job (MB)
	302800  -  ResidentSetSize of job (KB)
...
006 (35929332.010.000) 05/02 15:21:46 Image size of job updated: 297
	297  -  MemoryUsage of job (MB)
	304172  -  ResidentSetSize of job (KB)
...
006 (35929332.010.000) 05/02 15:22:46 Image size of job updated: 297
	297  -  MemoryUsage of job (MB)
	304420  -  ResidentSetSize of job (KB)
...
006 (35929332.010.000) 05/02 15:23:47 Image size of job updated: 297
	297  -  MemoryUsage of job (MB)
	304508  -  ResidentSetSize of job (KB)
...
006 (35929332.010.000) 05/02 15:24:48 Image size of job updated: 297
	297  -  MemoryUsage of job (MB)
	305004  -  ResidentSetSize of job (KB)
...
006 (35929332.010.000) 05/02 15:25:49 Image size of job updated: 298
	298  -  MemoryUsage of job (MB)
	305168  -  ResidentSetSize of job (KB)
...
005 (35929332.010.000) 05/02 15:26:36 Job terminated.
	(1) Normal termination (return value 0)
		Usr 0 00:06:55, Sys 0 00:01:00  -  Run Remote Usage
		Usr 0 00:00:00, Sys 0 00:00:00  -  Run Local Usage
		Usr 0 00:06:55, Sys 0 00:01:00  -  Total Remote Usage
		Usr 0 00:00:00, Sys 0 00:00:00  -  Total Local Usage
	4535  -  Run Bytes Sent By Job
	11057  -  Run Bytes Received By Job
	4535  -  Total Bytes Sent By Job
	11057  -  Total Bytes Received By Job
	Partitionable Resources :    Usage  Request Allocated 
	   Cpus                 :     0.00        1         1 
	   Disk (KB)            :    36           2    325257 
	   Memory (MB)          :   297        2048      2048 
...
