000 (65512065.012.000) 05/02 15:00:26 Job submitted from host: <131.225.188.235:9618?addrs=131.225.188.235-9618&noUDP&sock=813081_83ea_25>
...
001 (65512065.012.000) 05/02 15:01:04 Job executing on host: <131.225.206.233:9618?addrs=131.225.206.233-9618&noUDP&sock=1907_9f32_3>
...
005 (65512065.012.000) 05/02 15:01:09 Job terminated.
	(1) Normal termination (return value 0)
		Usr 0 00:00:00, Sys 0 00:00:00  -  Run Remote Usage
		Usr 0 00:00:00, Sys 0 00:00:00  -  Run Local Usage
		Usr 0 00:00:00, Sys 0 00:00:00  -  Total Remote Usage
		Usr 0 00:00:00, Sys 0 00:00:00  -  Total Local Usage
	12863  -  Run Bytes Sent By Job
	11045  -  Run Bytes Received By Job
	12863  -  Total Bytes Sent By Job
	11045  -  Total Bytes Received By Job
	Partitionable Resources :    Usage  Request Allocated 
	   Cpus                 :        0        1         1 
	   Disk (KB)            :       45        2    323083 
	   Memory (MB)          :              2048      2048 
...
000 (35929332.012.000) 05/02 15:11:35 Job submitted from host: <131.225.188.57:9618?addrs=131.225.188.57-9618&noUDP&sock=955572_7d49_27>
...
001 (35929332.012.000) 05/02 15:15:00 Job executing on host: <131.225.206.241:9618?addrs=131.225.206.241-9618&noUDP&sock=1909_fe62_3>
...
006 (35929332.012.000) 05/02 15:15:09 Image size of job updated: 7
	7  -  MemoryUsage of job (MB)
	7716  -  ResidentSetSize of job (KB)
...
006 (35929332.012.000) 05/02 15:16:10 Image size of job updated: 279
	279  -  MemoryUsage of job (MB)
	286016  -  ResidentSetSize of job (KB)
...
006 (35929332.012.000) 05/02 15:17:10 Image size of job updated: 294
	294  -  MemoryUsage of job (MB)
	301140  -  ResidentSetSize of job (KB)
...
006 (35929332.012.000) 05/02 15:18:10 Image size of job updated: 295
	295  -  MemoryUsage of job (MB)
	302788  -  ResidentSetSize of job (KB)
...
006 (35929332.012.000) 05/02 15:19:10 Image size of job updated: 296
	296  -  MemoryUsage of job (MB)
	303300  -  ResidentSetSize of job (KB)
...
006 (35929332.012.000) 05/02 15:20:10 Image size of job updated: 296
	296  -  MemoryUsage of job (MB)
	304064  -  ResidentSetSize of job (KB)
...
006 (35929332.012.000) 05/02 15:21:11 Image size of job updated: 297
	297  -  MemoryUsage of job (MB)
	305116  -  ResidentSetSize of job (KB)
...
006 (35929332.012.000) 05/02 15:22:12 Image size of job updated: 298
	298  -  MemoryUsage of job (MB)
	305388  -  ResidentSetSize of job (KB)
...
006 (35929332.012.000) 05/02 15:23:13 Image size of job updated: 298
	298  -  MemoryUsage of job (MB)
	305580  -  ResidentSetSize of job (KB)
...
006 (35929332.012.000) 05/02 15:24:14 Image size of job updated: 298
	298  -  MemoryUsage of job (MB)
	305792  -  ResidentSetSize of job (KB)
...
006 (35929332.012.000) 05/02 15:26:14 Image size of job updated: 298
	298  -  MemoryUsage of job (MB)
	306124  -  ResidentSetSize of job (KB)
...
006 (35929332.012.000) 05/02 15:27:14 Image size of job updated: 299
	299  -  MemoryUsage of job (MB)
	306364  -  ResidentSetSize of job (KB)
...
006 (35929332.012.000) 05/02 15:28:15 Image size of job updated: 299
	299  -  MemoryUsage of job (MB)
	306452  -  ResidentSetSize of job (KB)
...
006 (35929332.012.000) 05/02 15:28:56 Image size of job updated: 299
	299  -  MemoryUsage of job (MB)
	306880  -  ResidentSetSize of job (KB)
...
005 (35929332.012.000) 05/02 15:28:56 Job terminated.
	(1) Normal termination (return value 0)
		Usr 0 00:07:46, Sys 0 00:01:12  -  Run Remote Usage
		Usr 0 00:00:00, Sys 0 00:00:00  -  Run Local Usage
		Usr 0 00:07:46, Sys 0 00:01:12  -  Total Remote Usage
		Usr 0 00:00:00, Sys 0 00:00:00  -  Total Local Usage
	4535  -  Run Bytes Sent By Job
	11057  -  Run Bytes Received By Job
	4535  -  Total Bytes Sent By Job
	11057  -  Total Bytes Received By Job
	Partitionable Resources :    Usage  Request Allocated 
	   Cpus                 :        0        1         1 
	   Disk (KB)            :       36        2    313735 
	   Memory (MB)          :      299     2048      2048 
...
