000 (65512065.014.000) 05/02 15:00:26 Job submitted from host: <131.225.188.235:9618?addrs=131.225.188.235-9618&noUDP&sock=813081_83ea_25>
...
001 (65512065.014.000) 05/02 15:01:09 Job executing on host: <131.225.206.200:9618?addrs=131.225.206.200-9618&noUDP&sock=1920_89ed_3>
...
005 (65512065.014.000) 05/02 15:01:13 Job terminated.
	(1) Normal termination (return value 0)
		Usr 0 00:00:00, Sys 0 00:00:00  -  Run Remote Usage
		Usr 0 00:00:00, Sys 0 00:00:00  -  Run Local Usage
		Usr 0 00:00:00, Sys 0 00:00:00  -  Total Remote Usage
		Usr 0 00:00:00, Sys 0 00:00:00  -  Total Local Usage
	11162  -  Run Bytes Sent By Job
	11045  -  Run Bytes Received By Job
	11162  -  Total Bytes Sent By Job
	11045  -  Total Bytes Received By Job
	Partitionable Resources :    Usage  Request Allocated 
	   Cpus                 :        0        1         1 
	   Disk (KB)            :       43        2    320629 
	   Memory (MB)          :              2048      2048 
...
000 (35929332.014.000) 05/02 15:11:35 Job submitted from host: <131.225.188.57:9618?addrs=131.225.188.57-9618&noUDP&sock=955572_7d49_27>
...
001 (35929332.014.000) 05/02 15:15:43 Job executing on host: <131.225.204.76:9618?addrs=131.225.204.76-9618&noUDP&sock=1907_9f32_3>
...
006 (35929332.014.000) 05/02 15:15:51 Image size of job updated: 3
	3  -  MemoryUsage of job (MB)
	3564  -  ResidentSetSize of job (KB)
...
006 (35929332.014.000) 05/02 15:16:52 Image size of job updated: 282
	282  -  MemoryUsage of job (MB)
	289424  -  ResidentSetSize of job (KB)
...
006 (35929332.014.000) 05/02 15:17:53 Image size of job updated: 290
	290  -  MemoryUsage of job (MB)
	297316  -  ResidentSetSize of job (KB)
...
006 (35929332.014.000) 05/02 15:18:53 Image size of job updated: 293
	293  -  MemoryUsage of job (MB)
	300964  -  ResidentSetSize of job (KB)
...
006 (35929332.014.000) 05/02 15:19:53 Image size of job updated: 294
	294  -  MemoryUsage of job (MB)
	301664  -  ResidentSetSize of job (KB)
...
006 (35929332.014.000) 05/02 15:20:53 Image size of job updated: 295
	295  -  MemoryUsage of job (MB)
	302668  -  ResidentSetSize of job (KB)
...
006 (35929332.014.000) 05/02 15:21:54 Image size of job updated: 296
	296  -  MemoryUsage of job (MB)
	303744  -  ResidentSetSize of job (KB)
...
006 (35929332.014.000) 05/02 15:22:55 Image size of job updated: 297
	297  -  MemoryUsage of job (MB)
	304720  -  ResidentSetSize of job (KB)
...
006 (35929332.014.000) 05/02 15:23:21 Image size of job updated: 297
	297  -  MemoryUsage of job (MB)
	304856  -  ResidentSetSize of job (KB)
...
005 (35929332.014.000) 05/02 15:23:22 Job terminated.
	(1) Normal termination (return value 0)
		Usr 0 00:03:43, Sys 0 00:00:31  -  Run Remote Usage
		Usr 0 00:00:00, Sys 0 00:00:00  -  Run Local Usage
		Usr 0 00:03:43, Sys 0 00:00:31  -  Total Remote Usage
		Usr 0 00:00:00, Sys 0 00:00:00  -  Total Local Usage
	4535  -  Run Bytes Sent By Job
	11057  -  Run Bytes Received By Job
	4535  -  Total Bytes Sent By Job
	11057  -  Total Bytes Received By Job
	Partitionable Resources :    Usage  Request Allocated 
	   Cpus                 :        0        1         1 
	   Disk (KB)            :       36        2    316118 
	   Memory (MB)          :      297     2048      2048 
...
