000 (65512065.015.000) 05/02 15:00:26 Job submitted from host: <131.225.188.235:9618?addrs=131.225.188.235-9618&noUDP&sock=813081_83ea_25>
...
001 (65512065.015.000) 05/02 15:01:11 Job executing on host: <131.225.206.233:9618?addrs=131.225.206.233-9618&noUDP&sock=1907_9f32_3>
...
005 (65512065.015.000) 05/02 15:01:18 Job terminated.
	(1) Normal termination (return value 0)
		Usr 0 00:00:00, Sys 0 00:00:00  -  Run Remote Usage
		Usr 0 00:00:00, Sys 0 00:00:00  -  Run Local Usage
		Usr 0 00:00:00, Sys 0 00:00:00  -  Total Remote Usage
		Usr 0 00:00:00, Sys 0 00:00:00  -  Total Local Usage
	16631  -  Run Bytes Sent By Job
	11045  -  Run Bytes Received By Job
	16631  -  Total Bytes Sent By Job
	11045  -  Total Bytes Received By Job
	Partitionable Resources :    Usage  Request Allocated 
	   Cpus                 :        0        1         1 
	   Disk (KB)            :       49        2    323083 
	   Memory (MB)          :              2048      2048 
...
000 (35929332.015.000) 05/02 15:11:35 Job submitted from host: <131.225.188.57:9618?addrs=131.225.188.57-9618&noUDP&sock=955572_7d49_27>
...
001 (35929332.015.000) 05/02 15:15:43 Job executing on host: <131.225.191.77:9618?addrs=131.225.191.77-9618&noUDP&sock=3613_cbc4_3>
...
006 (35929332.015.000) 05/02 15:15:52 Image size of job updated: 4
	4  -  MemoryUsage of job (MB)
	4716  -  ResidentSetSize of job (KB)
...
006 (35929332.015.000) 05/02 15:16:52 Image size of job updated: 278
	278  -  MemoryUsage of job (MB)
	285556  -  ResidentSetSize of job (KB)
...
006 (35929332.015.000) 05/02 15:17:53 Image size of job updated: 290
	290  -  MemoryUsage of job (MB)
	297272  -  ResidentSetSize of job (KB)
...
006 (35929332.015.000) 05/02 15:18:53 Image size of job updated: 294
	294  -  MemoryUsage of job (MB)
	301096  -  ResidentSetSize of job (KB)
...
006 (35929332.015.000) 05/02 15:19:54 Image size of job updated: 294
	294  -  MemoryUsage of job (MB)
	301720  -  ResidentSetSize of job (KB)
...
006 (35929332.015.000) 05/02 15:20:54 Image size of job updated: 296
	296  -  MemoryUsage of job (MB)
	303604  -  ResidentSetSize of job (KB)
...
006 (35929332.015.000) 05/02 15:21:55 Image size of job updated: 297
	297  -  MemoryUsage of job (MB)
	304480  -  ResidentSetSize of job (KB)
...
006 (35929332.015.000) 05/02 15:22:55 Image size of job updated: 297
	297  -  MemoryUsage of job (MB)
	305076  -  ResidentSetSize of job (KB)
...
006 (35929332.015.000) 05/02 15:23:55 Image size of job updated: 298
	298  -  MemoryUsage of job (MB)
	305284  -  ResidentSetSize of job (KB)
...
006 (35929332.015.000) 05/02 15:24:55 Image size of job updated: 298
	298  -  MemoryUsage of job (MB)
	305648  -  ResidentSetSize of job (KB)
...
006 (35929332.015.000) 05/02 15:25:55 Image size of job updated: 298
	298  -  MemoryUsage of job (MB)
	305968  -  ResidentSetSize of job (KB)
...
006 (35929332.015.000) 05/02 15:26:56 Image size of job updated: 299
	299  -  MemoryUsage of job (MB)
	306388  -  ResidentSetSize of job (KB)
...
006 (35929332.015.000) 05/02 15:27:56 Image size of job updated: 299
	299  -  MemoryUsage of job (MB)
	306776  -  ResidentSetSize of job (KB)
...
006 (35929332.015.000) 05/02 15:28:57 Image size of job updated: 299
	299  -  MemoryUsage of job (MB)
	307048  -  ResidentSetSize of job (KB)
...
006 (35929332.015.000) 05/02 15:29:57 Image size of job updated: 300
	300  -  MemoryUsage of job (MB)
	307544  -  ResidentSetSize of job (KB)
...
006 (35929332.015.000) 05/02 15:30:58 Image size of job updated: 307
	307  -  MemoryUsage of job (MB)
	314632  -  ResidentSetSize of job (KB)
...
006 (35929332.015.000) 05/02 15:31:58 Image size of job updated: 307
	307  -  MemoryUsage of job (MB)
	314648  -  ResidentSetSize of job (KB)
...
005 (35929332.015.000) 05/02 15:32:30 Job terminated.
	(1) Normal termination (return value 0)
		Usr 0 00:08:24, Sys 0 00:01:01  -  Run Remote Usage
		Usr 0 00:00:00, Sys 0 00:00:00  -  Run Local Usage
		Usr 0 00:08:24, Sys 0 00:01:01  -  Total Remote Usage
		Usr 0 00:00:00, Sys 0 00:00:00  -  Total Local Usage
	4763  -  Run Bytes Sent By Job
	11057  -  Run Bytes Received By Job
	4763  -  Total Bytes Sent By Job
	11057  -  Total Bytes Received By Job
	Partitionable Resources :    Usage  Request Allocated 
	   Cpus                 :     0.00        1         1 
	   Disk (KB)            :    41           2    762305 
	   Memory (MB)          :     3        2048      2048 
...
