000 (65512065.016.000) 05/02 15:00:26 Job submitted from host: <131.225.188.235:9618?addrs=131.225.188.235-9618&noUDP&sock=813081_83ea_25>
...
001 (65512065.016.000) 05/02 15:01:12 Job executing on host: <131.225.205.173:9618?addrs=131.225.205.173-9618&noUDP&sock=3564_2fa0_3>
...
005 (65512065.016.000) 05/02 15:01:21 Job terminated.
	(1) Normal termination (return value 0)
		Usr 0 00:00:00, Sys 0 00:00:00  -  Run Remote Usage
		Usr 0 00:00:00, Sys 0 00:00:00  -  Run Local Usage
		Usr 0 00:00:00, Sys 0 00:00:00  -  Total Remote Usage
		Usr 0 00:00:00, Sys 0 00:00:00  -  Total Local Usage
	10875  -  Run Bytes Sent By Job
	11045  -  Run Bytes Received By Job
	10875  -  Total Bytes Sent By Job
	11045  -  Total Bytes Received By Job
	Partitionable Resources :    Usage  Request Allocated 
	   Cpus                 :        0        1         1 
	   Disk (KB)            :       47        2   1633619 
	   Memory (MB)          :              2048      2048 
...
000 (35929332.016.000) 05/02 15:11:35 Job submitted from host: <131.225.188.57:9618?addrs=131.225.188.57-9618&noUDP&sock=955572_7d49_27>
...
001 (35929332.016.000) 05/02 15:15:45 Job executing on host: <131.225.188.46:9618?addrs=131.225.188.46-9618&noUDP&sock=6032_075c_3>
...
006 (35929332.016.000) 05/02 15:15:57 Image size of job updated: 3
	3  -  MemoryUsage of job (MB)
	3480  -  ResidentSetSize of job (KB)
...
006 (35929332.016.000) 05/02 15:16:58 Image size of job updated: 246
	246  -  MemoryUsage of job (MB)
	252468  -  ResidentSetSize of job (KB)
...
006 (35929332.016.000) 05/02 15:17:59 Image size of job updated: 274
	274  -  MemoryUsage of job (MB)
	281160  -  ResidentSetSize of job (KB)
...
006 (35929332.016.000) 05/02 15:19:00 Image size of job updated: 292
	292  -  MemoryUsage of job (MB)
	299572  -  ResidentSetSize of job (KB)
...
006 (35929332.016.000) 05/02 15:20:01 Image size of job updated: 297
	297  -  MemoryUsage of job (MB)
	304864  -  ResidentSetSize of job (KB)
...
006 (35929332.016.000) 05/02 15:21:02 Image size of job updated: 379
	379  -  MemoryUsage of job (MB)
	388524  -  ResidentSetSize of job (KB)
...
006 (35929332.016.000) 05/02 15:22:02 Image size of job updated: 405
	405  -  MemoryUsage of job (MB)
	414912  -  ResidentSetSize of job (KB)
...
006 (35929332.016.000) 05/02 15:23:02 Image size of job updated: 405
	405  -  MemoryUsage of job (MB)
	415388  -  ResidentSetSize of job (KB)
...
006 (35929332.016.000) 05/02 15:24:03 Image size of job updated: 405
	405  -  MemoryUsage of job (MB)
	415540  -  ResidentSetSize of job (KB)
...
006 (35929332.016.000) 05/02 15:25:05 Image size of job updated: 407
	407  -  MemoryUsage of job (MB)
	417740  -  ResidentSetSize of job (KB)
...
006 (35929332.016.000) 05/02 15:26:05 Image size of job updated: 408
	408  -  MemoryUsage of job (MB)
	418660  -  ResidentSetSize of job (KB)
...
006 (35929332.016.000) 05/02 15:27:05 Image size of job updated: 408
	408  -  MemoryUsage of job (MB)
	418680  -  ResidentSetSize of job (KB)
...
006 (35929332.016.000) 05/02 15:28:06 Image size of job updated: 409
	409  -  MemoryUsage of job (MB)
	418848  -  ResidentSetSize of job (KB)
...
006 (35929332.016.000) 05/02 15:29:07 Image size of job updated: 409
	409  -  MemoryUsage of job (MB)
	418908  -  ResidentSetSize of job (KB)
...
006 (35929332.016.000) 05/02 15:30:08 Image size of job updated: 409
	409  -  MemoryUsage of job (MB)
	419136  -  ResidentSetSize of job (KB)
...
006 (35929332.016.000) 05/02 15:31:09 Image size of job updated: 409
	409  -  MemoryUsage of job (MB)
	419140  -  ResidentSetSize of job (KB)
...
006 (35929332.016.000) 05/02 15:32:10 Image size of job updated: 409
	409  -  MemoryUsage of job (MB)
	419168  -  ResidentSetSize of job (KB)
...
006 (35929332.016.000) 05/02 15:34:12 Image size of job updated: 409
	409  -  MemoryUsage of job (MB)
	419176  -  ResidentSetSize of job (KB)
...
006 (35929332.016.000) 05/02 15:35:13 Image size of job updated: 409
	409  -  MemoryUsage of job (MB)
	419196  -  ResidentSetSize of job (KB)
...
005 (35929332.016.000) 05/02 15:35:51 Job terminated.
	(1) Normal termination (return value 0)
		Usr 0 00:09:34, Sys 0 00:01:48  -  Run Remote Usage
		Usr 0 00:00:00, Sys 0 00:00:00  -  Run Local Usage
		Usr 0 00:09:34, Sys 0 00:01:48  -  Total Remote Usage
		Usr 0 00:00:00, Sys 0 00:00:00  -  Total Local Usage
	4693  -  Run Bytes Sent By Job
	11057  -  Run Bytes Received By Job
	4693  -  Total Bytes Sent By Job
	11057  -  Total Bytes Received By Job
	Partitionable Resources :    Usage  Request Allocated 
	   Cpus                 :        0        1         1 
	   Disk (KB)            :       46        2   1645408 
	   Memory (MB)          :      409     2048      2048 
...
