000 (65512065.022.000) 05/02 15:00:26 Job submitted from host: <131.225.188.235:9618?addrs=131.225.188.235-9618&noUDP&sock=813081_83ea_25>
...
001 (65512065.022.000) 05/02 15:01:16 Job executing on host: <131.225.204.41:9618?addrs=131.225.204.41-9618&noUDP&sock=1939_9239_3>
...
005 (65512065.022.000) 05/02 15:01:23 Job terminated.
	(1) Normal termination (return value 0)
		Usr 0 00:00:00, Sys 0 00:00:00  -  Run Remote Usage
		Usr 0 00:00:00, Sys 0 00:00:00  -  Run Local Usage
		Usr 0 00:00:00, Sys 0 00:00:00  -  Total Remote Usage
		Usr 0 00:00:00, Sys 0 00:00:00  -  Total Local Usage
	5339  -  Run Bytes Sent By Job
	11045  -  Run Bytes Received By Job
	5339  -  Total Bytes Sent By Job
	11045  -  Total Bytes Received By Job
	Partitionable Resources :    Usage  Request Allocated 
	   Cpus                 :        0        1         1 
	   Disk (KB)            :       37        2    318984 
	   Memory (MB)          :              2048      2048 
...
000 (35929332.022.000) 05/02 15:11:35 Job submitted from host: <131.225.188.57:9618?addrs=131.225.188.57-9618&noUDP&sock=955572_7d49_27>
...
001 (35929332.022.000) 05/02 15:15:53 Job executing on host: <131.225.188.46:9618?addrs=131.225.188.46-9618&noUDP&sock=6032_075c_3>
...
006 (35929332.022.000) 05/02 15:17:07 Image size of job updated: 280
	280  -  MemoryUsage of job (MB)
	287124  -  ResidentSetSize of job (KB)
...
006 (35929332.022.000) 05/02 15:18:08 Image size of job updated: 282
	282  -  MemoryUsage of job (MB)
	288772  -  ResidentSetSize of job (KB)
...
006 (35929332.022.000) 05/02 15:19:09 Image size of job updated: 282
	282  -  MemoryUsage of job (MB)
	288824  -  ResidentSetSize of job (KB)
...
006 (35929332.022.000) 05/02 15:20:09 Image size of job updated: 282
	282  -  MemoryUsage of job (MB)
	289408  -  ResidentSetSize of job (KB)
...
006 (35929332.022.000) 05/02 15:22:09 Image size of job updated: 283
	283  -  MemoryUsage of job (MB)
	290316  -  ResidentSetSize of job (KB)
...
006 (35929332.022.000) 05/02 15:23:10 Image size of job updated: 283
	283  -  MemoryUsage of job (MB)
	290664  -  ResidentSetSize of job (KB)
...
006 (35929332.022.000) 05/02 15:26:10 Image size of job updated: 284
	284  -  MemoryUsage of job (MB)
	290968  -  ResidentSetSize of job (KB)
...
006 (35929332.022.000) 05/02 15:29:11 Image size of job updated: 314
	314  -  MemoryUsage of job (MB)
	322524  -  ResidentSetSize of job (KB)
...
006 (35929332.022.000) 05/02 15:30:12 Image size of job updated: 315
	315  -  MemoryUsage of job (MB)
	322664  -  ResidentSetSize of job (KB)
...
006 (35929332.022.000) 05/02 15:31:13 Image size of job updated: 315
	315  -  MemoryUsage of job (MB)
	322792  -  ResidentSetSize of job (KB)
...
006 (35929332.022.000) 05/02 15:32:14 Image size of job updated: 315
	315  -  MemoryUsage of job (MB)
	322892  -  ResidentSetSize of job (KB)
...
006 (35929332.022.000) 05/02 15:33:15 Image size of job updated: 315
	315  -  MemoryUsage of job (MB)
	322980  -  ResidentSetSize of job (KB)
...
006 (35929332.022.000) 05/02 15:34:16 Image size of job updated: 315
	315  -  MemoryUsage of job (MB)
	323156  -  ResidentSetSize of job (KB)
...
006 (35929332.022.000) 05/02 15:35:17 Image size of job updated: 315
	315  -  MemoryUsage of job (MB)
	323216  -  ResidentSetSize of job (KB)
...
006 (35929332.022.000) 05/02 15:36:17 Image size of job updated: 315
	315  -  MemoryUsage of job (MB)
	323448  -  ResidentSetSize of job (KB)
...
006 (35929332.022.000) 05/02 15:37:17 Image size of job updated: 316
	316  -  MemoryUsage of job (MB)
	323712  -  ResidentSetSize of job (KB)
...
006 (35929332.022.000) 05/02 15:38:17 Image size of job updated: 316
	316  -  MemoryUsage of job (MB)
	323816  -  ResidentSetSize of job (KB)
...
006 (35929332.022.000) 05/02 15:39:17 Image size of job updated: 316
	316  -  MemoryUsage of job (MB)
	323920  -  ResidentSetSize of job (KB)
...
006 (35929332.022.000) 05/02 15:40:17 Image size of job updated: 316
	316  -  MemoryUsage of job (MB)
	324008  -  ResidentSetSize of job (KB)
...
006 (35929332.022.000) 05/02 15:41:17 Image size of job updated: 316
	316  -  MemoryUsage of job (MB)
	324104  -  ResidentSetSize of job (KB)
...
006 (35929332.022.000) 05/02 15:42:18 Image size of job updated: 325
	325  -  MemoryUsage of job (MB)
	332820  -  ResidentSetSize of job (KB)
...
006 (35929332.022.000) 05/02 15:43:19 Image size of job updated: 325
	325  -  MemoryUsage of job (MB)
	333648  -  ResidentSetSize of job (KB)
...
006 (35929332.022.000) 05/02 15:44:20 Image size of job updated: 326
	326  -  MemoryUsage of job (MB)
	333984  -  ResidentSetSize of job (KB)
...
006 (35929332.022.000) 05/02 15:45:21 Image size of job updated: 326
	326  -  MemoryUsage of job (MB)
	334364  -  ResidentSetSize of job (KB)
...
006 (35929332.022.000) 05/02 15:46:22 Image size of job updated: 326
	326  -  MemoryUsage of job (MB)
	334520  -  ResidentSetSize of job (KB)
...
006 (35929332.022.000) 05/02 15:47:23 Image size of job updated: 326
	326  -  MemoryUsage of job (MB)
	334648  -  ResidentSetSize of job (KB)
...
006 (35929332.022.000) 05/02 15:51:26 Image size of job updated: 336
	336  -  MemoryUsage of job (MB)
	344696  -  ResidentSetSize of job (KB)
...
006 (35929332.022.000) 05/02 15:55:30 Image size of job updated: 336
	336  -  MemoryUsage of job (MB)
	344716  -  ResidentSetSize of job (KB)
...
006 (35929332.022.000) 05/02 15:58:30 Image size of job updated: 336
	336  -  MemoryUsage of job (MB)
	344724  -  ResidentSetSize of job (KB)
...
006 (35929332.022.000) 05/02 15:59:30 Image size of job updated: 336
	336  -  MemoryUsage of job (MB)
	344732  -  ResidentSetSize of job (KB)
...
006 (35929332.022.000) 05/02 16:01:31 Image size of job updated: 338
	338  -  MemoryUsage of job (MB)
	346576  -  ResidentSetSize of job (KB)
...
006 (35929332.022.000) 05/02 16:02:32 Image size of job updated: 338
	338  -  MemoryUsage of job (MB)
	346580  -  ResidentSetSize of job (KB)
...
006 (35929332.022.000) 05/02 16:03:33 Image size of job updated: 338
	338  -  MemoryUsage of job (MB)
	346616  -  ResidentSetSize of job (KB)
...
006 (35929332.022.000) 05/02 16:04:34 Image size of job updated: 338
	338  -  MemoryUsage of job (MB)
	346636  -  ResidentSetSize of job (KB)
...
006 (35929332.022.000) 05/02 16:05:35 Image size of job updated: 338
	338  -  MemoryUsage of job (MB)
	346644  -  ResidentSetSize of job (KB)
...
006 (35929332.022.000) 05/02 16:06:37 Image size of job updated: 338
	338  -  MemoryUsage of job (MB)
	346668  -  ResidentSetSize of job (KB)
...
006 (35929332.022.000) 05/02 16:11:41 Image size of job updated: 339
	339  -  MemoryUsage of job (MB)
	347532  -  ResidentSetSize of job (KB)
...
006 (35929332.022.000) 05/02 16:20:42 Image size of job updated: 339
	339  -  MemoryUsage of job (MB)
	347916  -  ResidentSetSize of job (KB)
...
006 (35929332.022.000) 05/02 16:21:43 Image size of job updated: 339
	339  -  MemoryUsage of job (MB)
	347948  -  ResidentSetSize of job (KB)
...
006 (35929332.022.000) 05/02 16:22:44 Image size of job updated: 339
	339  -  MemoryUsage of job (MB)
	347956  -  ResidentSetSize of job (KB)
...
006 (35929332.022.000) 05/02 16:27:48 Image size of job updated: 339
	339  -  MemoryUsage of job (MB)
	347960  -  ResidentSetSize of job (KB)
...
005 (35929332.022.000) 05/02 16:29:08 Job terminated.
	(1) Normal termination (return value 0)
		Usr 0 00:28:17, Sys 0 00:09:30  -  Run Remote Usage
		Usr 0 00:00:00, Sys 0 00:00:00  -  Run Local Usage
		Usr 0 00:28:17, Sys 0 00:09:30  -  Total Remote Usage
		Usr 0 00:00:00, Sys 0 00:00:00  -  Total Local Usage
	4963  -  Run Bytes Sent By Job
	11057  -  Run Bytes Received By Job
	4963  -  Total Bytes Sent By Job
	11057  -  Total Bytes Received By Job
	Partitionable Resources :    Usage  Request Allocated 
	   Cpus                 :     0.00        1         1 
	   Disk (KB)            :    46           2   1645408 
	   Memory (MB)          :   339        2048      2048 
...
