000 (65512065.020.000) 05/02 15:00:26 Job submitted from host: <131.225.188.235:9618?addrs=131.225.188.235-9618&noUDP&sock=813081_83ea_25>
...
001 (65512065.020.000) 05/02 15:01:13 Job executing on host: <131.225.190.36:9618?addrs=131.225.190.36-9618&noUDP&sock=3512_84b3_3>
...
005 (65512065.020.000) 05/02 15:01:20 Job terminated.
	(1) Normal termination (return value 0)
		Usr 0 00:00:00, Sys 0 00:00:00  -  Run Remote Usage
		Usr 0 00:00:00, Sys 0 00:00:00  -  Run Local Usage
		Usr 0 00:00:00, Sys 0 00:00:00  -  Total Remote Usage
		Usr 0 00:00:00, Sys 0 00:00:00  -  Total Local Usage
	5346  -  Run Bytes Sent By Job
	11045  -  Run Bytes Received By Job
	5346  -  Total Bytes Sent By Job
	11045  -  Total Bytes Received By Job
	Partitionable Resources :    Usage  Request Allocated 
	   Cpus                 :     0.07        1         1 
	   Disk (KB)            :    42           2    771959 
	   Memory (MB)          :              2048      2048 
...
000 (35929332.020.000) 05/02 15:11:35 Job submitted from host: <131.225.188.57:9618?addrs=131.225.188.57-9618&noUDP&sock=955572_7d49_27>
...
001 (35929332.020.000) 05/02 15:15:49 Job executing on host: <131.225.188.46:9618?addrs=131.225.188.46-9618&noUDP&sock=6032_075c_3>
...
006 (35929332.020.000) 05/02 15:17:03 Image size of job updated: 280
	280  -  MemoryUsage of job (MB)
	287264  -  ResidentSetSize of job (KB)
...
006 (35929332.020.000) 05/02 15:18:04 Image size of job updated: 281
	281  -  MemoryUsage of job (MB)
	288144  -  ResidentSetSize of job (KB)
...
006 (35929332.020.000) 05/02 15:19:05 Image size of job updated: 281
	281  -  MemoryUsage of job (MB)
	288440  -  ResidentSetSize of job (KB)
...
006 (35929332.020.000) 05/02 15:20:05 Image size of job updated: 282
	282  -  MemoryUsage of job (MB)
	289100  -  ResidentSetSize of job (KB)
...
006 (35929332.020.000) 05/02 15:24:07 Image size of job updated: 282
	282  -  MemoryUsage of job (MB)
	289384  -  ResidentSetSize of job (KB)
...
006 (35929332.020.000) 05/02 15:25:07 Image size of job updated: 282
	282  -  MemoryUsage of job (MB)
	289788  -  ResidentSetSize of job (KB)
...
006 (35929332.020.000) 05/02 15:26:07 Image size of job updated: 283
	283  -  MemoryUsage of job (MB)
	290452  -  ResidentSetSize of job (KB)
...
006 (35929332.020.000) 05/02 15:27:07 Image size of job updated: 311
	311  -  MemoryUsage of job (MB)
	319004  -  ResidentSetSize of job (KB)
...
006 (35929332.020.000) 05/02 15:28:08 Image size of job updated: 314
	314  -  MemoryUsage of job (MB)
	322488  -  ResidentSetSize of job (KB)
...
006 (35929332.020.000) 05/02 15:29:08 Image size of job updated: 315
	315  -  MemoryUsage of job (MB)
	322672  -  ResidentSetSize of job (KB)
...
006 (35929332.020.000) 05/02 15:30:09 Image size of job updated: 315
	315  -  MemoryUsage of job (MB)
	323256  -  ResidentSetSize of job (KB)
...
006 (35929332.020.000) 05/02 15:31:10 Image size of job updated: 315
	315  -  MemoryUsage of job (MB)
	323392  -  ResidentSetSize of job (KB)
...
006 (35929332.020.000) 05/02 15:32:11 Image size of job updated: 315
	315  -  MemoryUsage of job (MB)
	323528  -  ResidentSetSize of job (KB)
...
006 (35929332.020.000) 05/02 15:33:12 Image size of job updated: 316
	316  -  MemoryUsage of job (MB)
	323664  -  ResidentSetSize of job (KB)
...
006 (35929332.020.000) 05/02 15:34:13 Image size of job updated: 316
	316  -  MemoryUsage of job (MB)
	323832  -  ResidentSetSize of job (KB)
...
006 (35929332.020.000) 05/02 15:35:14 Image size of job updated: 316
	316  -  MemoryUsage of job (MB)
	323992  -  ResidentSetSize of job (KB)
...
006 (35929332.020.000) 05/02 15:36:15 Image size of job updated: 316
	316  -  MemoryUsage of job (MB)
	324068  -  ResidentSetSize of job (KB)
...
006 (35929332.020.000) 05/02 15:37:15 Image size of job updated: 316
	316  -  MemoryUsage of job (MB)
	324200  -  ResidentSetSize of job (KB)
...
006 (35929332.020.000) 05/02 15:38:15 Image size of job updated: 321
	321  -  MemoryUsage of job (MB)
	329652  -  ResidentSetSize of job (KB)
...
006 (35929332.020.000) 05/02 15:39:15 Image size of job updated: 322
	322  -  MemoryUsage of job (MB)
	330244  -  ResidentSetSize of job (KB)
...
006 (35929332.020.000) 05/02 15:40:15 Image size of job updated: 322
	322  -  MemoryUsage of job (MB)
	330416  -  ResidentSetSize of job (KB)
...
006 (35929332.020.000) 05/02 15:41:15 Image size of job updated: 322
	322  -  MemoryUsage of job (MB)
	330508  -  ResidentSetSize of job (KB)
...
006 (35929332.020.000) 05/02 15:42:16 Image size of job updated: 322
	322  -  MemoryUsage of job (MB)
	330660  -  ResidentSetSize of job (KB)
...
006 (35929332.020.000) 05/02 15:43:17 Image size of job updated: 323
	323  -  MemoryUsage of job (MB)
	330780  -  ResidentSetSize of job (KB)
...
006 (35929332.020.000) 05/02 15:45:19 Image size of job updated: 325
	325  -  MemoryUsage of job (MB)
	333748  -  ResidentSetSize of job (KB)
...
006 (35929332.020.000) 05/02 15:46:20 Image size of job updated: 326
	326  -  MemoryUsage of job (MB)
	333848  -  ResidentSetSize of job (KB)
...
006 (35929332.020.000) 05/02 15:47:20 Image size of job updated: 329
	329  -  MemoryUsage of job (MB)
	337564  -  ResidentSetSize of job (KB)
...
006 (35929332.020.000) 05/02 15:48:20 Image size of job updated: 331
	331  -  MemoryUsage of job (MB)
	339620  -  ResidentSetSize of job (KB)
...
006 (35929332.020.000) 05/02 15:49:21 Image size of job updated: 331
	331  -  MemoryUsage of job (MB)
	339708  -  ResidentSetSize of job (KB)
...
006 (35929332.020.000) 05/02 15:50:22 Image size of job updated: 331
	331  -  MemoryUsage of job (MB)
	339776  -  ResidentSetSize of job (KB)
...
006 (35929332.020.000) 05/02 15:51:23 Image size of job updated: 332
	332  -  MemoryUsage of job (MB)
	340276  -  ResidentSetSize of job (KB)
...
006 (35929332.020.000) 05/02 15:59:27 Image size of job updated: 332
	332  -  MemoryUsage of job (MB)
	340912  -  ResidentSetSize of job (KB)
...
006 (35929332.020.000) 05/02 16:00:27 Image size of job updated: 333
	333  -  MemoryUsage of job (MB)
	341032  -  ResidentSetSize of job (KB)
...
006 (35929332.020.000) 05/02 16:01:28 Image size of job updated: 333
	333  -  MemoryUsage of job (MB)
	341508  -  ResidentSetSize of job (KB)
...
006 (35929332.020.000) 05/02 16:02:29 Image size of job updated: 333
	333  -  MemoryUsage of job (MB)
	341732  -  ResidentSetSize of job (KB)
...
006 (35929332.020.000) 05/02 16:04:31 Image size of job updated: 333
	333  -  MemoryUsage of job (MB)
	341820  -  ResidentSetSize of job (KB)
...
006 (35929332.020.000) 05/02 16:09:36 Image size of job updated: 334
	334  -  MemoryUsage of job (MB)
	342604  -  ResidentSetSize of job (KB)
...
006 (35929332.020.000) 05/02 16:10:37 Image size of job updated: 334
	334  -  MemoryUsage of job (MB)
	342608  -  ResidentSetSize of job (KB)
...
006 (35929332.020.000) 05/02 16:11:37 Image size of job updated: 335
	335  -  MemoryUsage of job (MB)
	343152  -  ResidentSetSize of job (KB)
...
006 (35929332.020.000) 05/02 16:13:38 Image size of job updated: 335
	335  -  MemoryUsage of job (MB)
	343160  -  ResidentSetSize of job (KB)
...
006 (35929332.020.000) 05/02 16:17:38 Image size of job updated: 337
	337  -  MemoryUsage of job (MB)
	346028  -  ResidentSetSize of job (KB)
...
006 (35929332.020.000) 05/02 16:18:38 Image size of job updated: 337
	337  -  MemoryUsage of job (MB)
	346040  -  ResidentSetSize of job (KB)
...
005 (35929332.020.000) 05/02 16:25:53 Job terminated.
	(1) Normal termination (return value 0)
		Usr 0 00:28:23, Sys 0 00:09:23  -  Run Remote Usage
		Usr 0 00:00:00, Sys 0 00:00:00  -  Run Local Usage
		Usr 0 00:28:23, Sys 0 00:09:23  -  Total Remote Usage
		Usr 0 00:00:00, Sys 0 00:00:00  -  Total Local Usage
	4379  -  Run Bytes Sent By Job
	11057  -  Run Bytes Received By Job
	4379  -  Total Bytes Sent By Job
	11057  -  Total Bytes Received By Job
	Partitionable Resources :    Usage  Request Allocated 
	   Cpus                 :        0        1         1 
	   Disk (KB)            :       46        2   1645408 
	   Memory (MB)          :      337     2048      2048 
...
