000 (65512065.019.000) 05/02 15:00:26 Job submitted from host: <131.225.188.235:9618?addrs=131.225.188.235-9618&noUDP&sock=813081_83ea_25>
...
001 (65512065.019.000) 05/02 15:01:12 Job executing on host: <131.225.190.36:9618?addrs=131.225.190.36-9618&noUDP&sock=3512_84b3_3>
...
005 (65512065.019.000) 05/02 15:01:20 Job terminated.
	(1) Normal termination (return value 0)
		Usr 0 00:00:00, Sys 0 00:00:00  -  Run Remote Usage
		Usr 0 00:00:00, Sys 0 00:00:00  -  Run Local Usage
		Usr 0 00:00:00, Sys 0 00:00:00  -  Total Remote Usage
		Usr 0 00:00:00, Sys 0 00:00:00  -  Total Local Usage
	5346  -  Run Bytes Sent By Job
	11045  -  Run Bytes Received By Job
	5346  -  Total Bytes Sent By Job
	11045  -  Total Bytes Received By Job
	Partitionable Resources :    Usage  Request Allocated 
	   Cpus                 :        0        1         1 
	   Disk (KB)            :       42        2    771959 
	   Memory (MB)          :              2048      2048 
...
000 (35929332.019.000) 05/02 15:11:35 Job submitted from host: <131.225.188.57:9618?addrs=131.225.188.57-9618&noUDP&sock=955572_7d49_27>
...
001 (35929332.019.000) 05/02 15:15:48 Job executing on host: <131.225.188.46:9618?addrs=131.225.188.46-9618&noUDP&sock=6032_075c_3>
...
006 (35929332.019.000) 05/02 15:17:02 Image size of job updated: 281
	281  -  MemoryUsage of job (MB)
	287860  -  ResidentSetSize of job (KB)
...
006 (35929332.019.000) 05/02 15:18:03 Image size of job updated: 282
	282  -  MemoryUsage of job (MB)
	288908  -  ResidentSetSize of job (KB)
...
006 (35929332.019.000) 05/02 15:19:04 Image size of job updated: 282
	282  -  MemoryUsage of job (MB)
	289032  -  ResidentSetSize of job (KB)
...
006 (35929332.019.000) 05/02 15:20:04 Image size of job updated: 283
	283  -  MemoryUsage of job (MB)
	290464  -  ResidentSetSize of job (KB)
...
006 (35929332.019.000) 05/02 15:21:04 Image size of job updated: 283
	283  -  MemoryUsage of job (MB)
	290660  -  ResidentSetSize of job (KB)
...
006 (35929332.019.000) 05/02 15:22:05 Image size of job updated: 283
	283  -  MemoryUsage of job (MB)
	290812  -  ResidentSetSize of job (KB)
...
006 (35929332.019.000) 05/02 15:23:06 Image size of job updated: 284
	284  -  MemoryUsage of job (MB)
	290900  -  ResidentSetSize of job (KB)
...
006 (35929332.019.000) 05/02 15:24:06 Image size of job updated: 284
	284  -  MemoryUsage of job (MB)
	291076  -  ResidentSetSize of job (KB)
...
006 (35929332.019.000) 05/02 15:25:06 Image size of job updated: 284
	284  -  MemoryUsage of job (MB)
	291224  -  ResidentSetSize of job (KB)
...
006 (35929332.019.000) 05/02 15:26:06 Image size of job updated: 284
	284  -  MemoryUsage of job (MB)
	291412  -  ResidentSetSize of job (KB)
...
006 (35929332.019.000) 05/02 15:27:06 Image size of job updated: 312
	312  -  MemoryUsage of job (MB)
	319856  -  ResidentSetSize of job (KB)
...
006 (35929332.019.000) 05/02 15:28:07 Image size of job updated: 315
	315  -  MemoryUsage of job (MB)
	323236  -  ResidentSetSize of job (KB)
...
006 (35929332.019.000) 05/02 15:29:07 Image size of job updated: 315
	315  -  MemoryUsage of job (MB)
	323340  -  ResidentSetSize of job (KB)
...
006 (35929332.019.000) 05/02 15:30:08 Image size of job updated: 315
	315  -  MemoryUsage of job (MB)
	323532  -  ResidentSetSize of job (KB)
...
006 (35929332.019.000) 05/02 15:31:09 Image size of job updated: 316
	316  -  MemoryUsage of job (MB)
	323696  -  ResidentSetSize of job (KB)
...
006 (35929332.019.000) 05/02 15:32:10 Image size of job updated: 316
	316  -  MemoryUsage of job (MB)
	324000  -  ResidentSetSize of job (KB)
...
006 (35929332.019.000) 05/02 15:33:11 Image size of job updated: 316
	316  -  MemoryUsage of job (MB)
	324188  -  ResidentSetSize of job (KB)
...
006 (35929332.019.000) 05/02 15:34:12 Image size of job updated: 316
	316  -  MemoryUsage of job (MB)
	324352  -  ResidentSetSize of job (KB)
...
006 (35929332.019.000) 05/02 15:35:13 Image size of job updated: 316
	316  -  MemoryUsage of job (MB)
	324504  -  ResidentSetSize of job (KB)
...
006 (35929332.019.000) 05/02 15:36:14 Image size of job updated: 322
	322  -  MemoryUsage of job (MB)
	330496  -  ResidentSetSize of job (KB)
...
006 (35929332.019.000) 05/02 15:37:14 Image size of job updated: 323
	323  -  MemoryUsage of job (MB)
	330908  -  ResidentSetSize of job (KB)
...
006 (35929332.019.000) 05/02 15:38:14 Image size of job updated: 323
	323  -  MemoryUsage of job (MB)
	331248  -  ResidentSetSize of job (KB)
...
006 (35929332.019.000) 05/02 15:39:14 Image size of job updated: 323
	323  -  MemoryUsage of job (MB)
	331396  -  ResidentSetSize of job (KB)
...
006 (35929332.019.000) 05/02 15:40:14 Image size of job updated: 323
	323  -  MemoryUsage of job (MB)
	331524  -  ResidentSetSize of job (KB)
...
006 (35929332.019.000) 05/02 15:41:14 Image size of job updated: 323
	323  -  MemoryUsage of job (MB)
	331648  -  ResidentSetSize of job (KB)
...
006 (35929332.019.000) 05/02 15:42:14 Image size of job updated: 323
	323  -  MemoryUsage of job (MB)
	331732  -  ResidentSetSize of job (KB)
...
006 (35929332.019.000) 05/02 15:43:15 Image size of job updated: 323
	323  -  MemoryUsage of job (MB)
	331768  -  ResidentSetSize of job (KB)
...
006 (35929332.019.000) 05/02 15:47:19 Image size of job updated: 333
	333  -  MemoryUsage of job (MB)
	341524  -  ResidentSetSize of job (KB)
...
006 (35929332.019.000) 05/02 15:48:19 Image size of job updated: 334
	334  -  MemoryUsage of job (MB)
	342232  -  ResidentSetSize of job (KB)
...
006 (35929332.019.000) 05/02 15:50:21 Image size of job updated: 334
	334  -  MemoryUsage of job (MB)
	342644  -  ResidentSetSize of job (KB)
...
006 (35929332.019.000) 05/02 15:57:26 Image size of job updated: 335
	335  -  MemoryUsage of job (MB)
	343312  -  ResidentSetSize of job (KB)
...
006 (35929332.019.000) 05/02 15:58:26 Image size of job updated: 335
	335  -  MemoryUsage of job (MB)
	343420  -  ResidentSetSize of job (KB)
...
006 (35929332.019.000) 05/02 16:01:26 Image size of job updated: 335
	335  -  MemoryUsage of job (MB)
	343688  -  ResidentSetSize of job (KB)
...
006 (35929332.019.000) 05/02 16:02:27 Image size of job updated: 335
	335  -  MemoryUsage of job (MB)
	343944  -  ResidentSetSize of job (KB)
...
006 (35929332.019.000) 05/02 16:05:30 Image size of job updated: 336
	336  -  MemoryUsage of job (MB)
	344068  -  ResidentSetSize of job (KB)
...
006 (35929332.019.000) 05/02 16:06:31 Image size of job updated: 336
	336  -  MemoryUsage of job (MB)
	344428  -  ResidentSetSize of job (KB)
...
006 (35929332.019.000) 05/02 16:07:32 Image size of job updated: 336
	336  -  MemoryUsage of job (MB)
	344552  -  ResidentSetSize of job (KB)
...
006 (35929332.019.000) 05/02 16:09:33 Image size of job updated: 336
	336  -  MemoryUsage of job (MB)
	344560  -  ResidentSetSize of job (KB)
...
006 (35929332.019.000) 05/02 16:17:35 Image size of job updated: 336
	336  -  MemoryUsage of job (MB)
	344636  -  ResidentSetSize of job (KB)
...
006 (35929332.019.000) 05/02 16:18:36 Image size of job updated: 336
	336  -  MemoryUsage of job (MB)
	344864  -  ResidentSetSize of job (KB)
...
006 (35929332.019.000) 05/02 16:22:40 Image size of job updated: 336
	336  -  MemoryUsage of job (MB)
	344940  -  ResidentSetSize of job (KB)
...
006 (35929332.019.000) 05/02 16:23:41 Image size of job updated: 336
	336  -  MemoryUsage of job (MB)
	344944  -  ResidentSetSize of job (KB)
...
005 (35929332.019.000) 05/02 16:23:54 Job terminated.
	(1) Normal termination (return value 0)
		Usr 0 00:28:20, Sys 0 00:09:27  -  Run Remote Usage
		Usr 0 00:00:00, Sys 0 00:00:00  -  Run Local Usage
		Usr 0 00:28:20, Sys 0 00:09:27  -  Total Remote Usage
		Usr 0 00:00:00, Sys 0 00:00:00  -  Total Local Usage
	4744  -  Run Bytes Sent By Job
	11057  -  Run Bytes Received By Job
	4744  -  Total Bytes Sent By Job
	11057  -  Total Bytes Received By Job
	Partitionable Resources :    Usage  Request Allocated 
	   Cpus                 :        0        1         1 
	   Disk (KB)            :       46        2   1645408 
	   Memory (MB)          :      336     2048      2048 
...
