000 (65512065.023.000) 05/02 15:00:26 Job submitted from host: <131.225.188.235:9618?addrs=131.225.188.235-9618&noUDP&sock=813081_83ea_25>
...
001 (65512065.023.000) 05/02 15:01:20 Job executing on host: <131.225.206.233:9618?addrs=131.225.206.233-9618&noUDP&sock=1907_9f32_3>
...
005 (65512065.023.000) 05/02 15:01:28 Job terminated.
	(1) Normal termination (return value 0)
		Usr 0 00:00:00, Sys 0 00:00:00  -  Run Remote Usage
		Usr 0 00:00:00, Sys 0 00:00:00  -  Run Local Usage
		Usr 0 00:00:00, Sys 0 00:00:00  -  Total Remote Usage
		Usr 0 00:00:00, Sys 0 00:00:00  -  Total Local Usage
	5346  -  Run Bytes Sent By Job
	11045  -  Run Bytes Received By Job
	5346  -  Total Bytes Sent By Job
	11045  -  Total Bytes Received By Job
	Partitionable Resources :    Usage  Request Allocated 
	   Cpus                 :     0.05        1         1 
	   Disk (KB)            :    37           2    323083 
	   Memory (MB)          :              2048      2048 
...
000 (35929332.023.000) 05/02 15:11:35 Job submitted from host: <131.225.188.57:9618?addrs=131.225.188.57-9618&noUDP&sock=955572_7d49_27>
...
001 (35929332.023.000) 05/02 15:15:55 Job executing on host: <131.225.188.46:9618?addrs=131.225.188.46-9618&noUDP&sock=6032_075c_3>
...
006 (35929332.023.000) 05/02 15:17:05 Image size of job updated: 281
	281  -  MemoryUsage of job (MB)
	288656  -  ResidentSetSize of job (KB)
...
006 (35929332.023.000) 05/02 15:18:06 Image size of job updated: 283
	283  -  MemoryUsage of job (MB)
	290008  -  ResidentSetSize of job (KB)
...
006 (35929332.023.000) 05/02 15:19:07 Image size of job updated: 283
	283  -  MemoryUsage of job (MB)
	290156  -  ResidentSetSize of job (KB)
...
006 (35929332.023.000) 05/02 15:20:08 Image size of job updated: 283
	283  -  MemoryUsage of job (MB)
	290548  -  ResidentSetSize of job (KB)
...
006 (35929332.023.000) 05/02 15:21:08 Image size of job updated: 283
	283  -  MemoryUsage of job (MB)
	290676  -  ResidentSetSize of job (KB)
...
006 (35929332.023.000) 05/02 15:22:09 Image size of job updated: 283
	283  -  MemoryUsage of job (MB)
	290804  -  ResidentSetSize of job (KB)
...
006 (35929332.023.000) 05/02 15:23:09 Image size of job updated: 285
	285  -  MemoryUsage of job (MB)
	292540  -  ResidentSetSize of job (KB)
...
006 (35929332.023.000) 05/02 15:24:09 Image size of job updated: 285
	285  -  MemoryUsage of job (MB)
	292696  -  ResidentSetSize of job (KB)
...
006 (35929332.023.000) 05/02 15:25:09 Image size of job updated: 285
	285  -  MemoryUsage of job (MB)
	292832  -  ResidentSetSize of job (KB)
...
006 (35929332.023.000) 05/02 15:26:09 Image size of job updated: 286
	286  -  MemoryUsage of job (MB)
	292932  -  ResidentSetSize of job (KB)
...
006 (35929332.023.000) 05/02 15:27:10 Image size of job updated: 286
	286  -  MemoryUsage of job (MB)
	293084  -  ResidentSetSize of job (KB)
...
006 (35929332.023.000) 05/02 15:28:11 Image size of job updated: 313
	313  -  MemoryUsage of job (MB)
	321020  -  ResidentSetSize of job (KB)
...
006 (35929332.023.000) 05/02 15:29:12 Image size of job updated: 313
	313  -  MemoryUsage of job (MB)
	321300  -  ResidentSetSize of job (KB)
...
006 (35929332.023.000) 05/02 15:30:13 Image size of job updated: 314
	314  -  MemoryUsage of job (MB)
	321772  -  ResidentSetSize of job (KB)
...
006 (35929332.023.000) 05/02 15:31:14 Image size of job updated: 314
	314  -  MemoryUsage of job (MB)
	321948  -  ResidentSetSize of job (KB)
...
006 (35929332.023.000) 05/02 15:32:15 Image size of job updated: 314
	314  -  MemoryUsage of job (MB)
	322128  -  ResidentSetSize of job (KB)
...
006 (35929332.023.000) 05/02 15:33:16 Image size of job updated: 314
	314  -  MemoryUsage of job (MB)
	322224  -  ResidentSetSize of job (KB)
...
006 (35929332.023.000) 05/02 15:34:17 Image size of job updated: 314
	314  -  MemoryUsage of job (MB)
	322404  -  ResidentSetSize of job (KB)
...
006 (35929332.023.000) 05/02 15:35:18 Image size of job updated: 315
	315  -  MemoryUsage of job (MB)
	322560  -  ResidentSetSize of job (KB)
...
006 (35929332.023.000) 05/02 15:36:18 Image size of job updated: 315
	315  -  MemoryUsage of job (MB)
	322748  -  ResidentSetSize of job (KB)
...
006 (35929332.023.000) 05/02 15:37:18 Image size of job updated: 323
	323  -  MemoryUsage of job (MB)
	330912  -  ResidentSetSize of job (KB)
...
006 (35929332.023.000) 05/02 15:38:18 Image size of job updated: 323
	323  -  MemoryUsage of job (MB)
	331184  -  ResidentSetSize of job (KB)
...
006 (35929332.023.000) 05/02 15:39:18 Image size of job updated: 323
	323  -  MemoryUsage of job (MB)
	331348  -  ResidentSetSize of job (KB)
...
006 (35929332.023.000) 05/02 15:40:18 Image size of job updated: 323
	323  -  MemoryUsage of job (MB)
	331672  -  ResidentSetSize of job (KB)
...
006 (35929332.023.000) 05/02 15:41:18 Image size of job updated: 324
	324  -  MemoryUsage of job (MB)
	331824  -  ResidentSetSize of job (KB)
...
006 (35929332.023.000) 05/02 15:42:18 Image size of job updated: 325
	325  -  MemoryUsage of job (MB)
	332904  -  ResidentSetSize of job (KB)
...
006 (35929332.023.000) 05/02 15:44:18 Image size of job updated: 325
	325  -  MemoryUsage of job (MB)
	332944  -  ResidentSetSize of job (KB)
...
006 (35929332.023.000) 05/02 15:45:19 Image size of job updated: 326
	326  -  MemoryUsage of job (MB)
	334116  -  ResidentSetSize of job (KB)
...
006 (35929332.023.000) 05/02 15:46:20 Image size of job updated: 333
	333  -  MemoryUsage of job (MB)
	341108  -  ResidentSetSize of job (KB)
...
006 (35929332.023.000) 05/02 15:48:22 Image size of job updated: 333
	333  -  MemoryUsage of job (MB)
	341688  -  ResidentSetSize of job (KB)
...
006 (35929332.023.000) 05/02 15:50:24 Image size of job updated: 333
	333  -  MemoryUsage of job (MB)
	341692  -  ResidentSetSize of job (KB)
...
006 (35929332.023.000) 05/02 15:52:26 Image size of job updated: 333
	333  -  MemoryUsage of job (MB)
	341696  -  ResidentSetSize of job (KB)
...
006 (35929332.023.000) 05/02 15:56:27 Image size of job updated: 334
	334  -  MemoryUsage of job (MB)
	343024  -  ResidentSetSize of job (KB)
...
006 (35929332.023.000) 05/02 15:57:27 Image size of job updated: 335
	335  -  MemoryUsage of job (MB)
	343256  -  ResidentSetSize of job (KB)
...
006 (35929332.023.000) 05/02 15:58:27 Image size of job updated: 335
	335  -  MemoryUsage of job (MB)
	343312  -  ResidentSetSize of job (KB)
...
006 (35929332.023.000) 05/02 15:59:27 Image size of job updated: 335
	335  -  MemoryUsage of job (MB)
	343412  -  ResidentSetSize of job (KB)
...
006 (35929332.023.000) 05/02 16:02:28 Image size of job updated: 335
	335  -  MemoryUsage of job (MB)
	343424  -  ResidentSetSize of job (KB)
...
006 (35929332.023.000) 05/02 16:03:28 Image size of job updated: 335
	335  -  MemoryUsage of job (MB)
	343496  -  ResidentSetSize of job (KB)
...
006 (35929332.023.000) 05/02 16:04:29 Image size of job updated: 335
	335  -  MemoryUsage of job (MB)
	343508  -  ResidentSetSize of job (KB)
...
006 (35929332.023.000) 05/02 16:05:30 Image size of job updated: 335
	335  -  MemoryUsage of job (MB)
	343692  -  ResidentSetSize of job (KB)
...
006 (35929332.023.000) 05/02 16:07:32 Image size of job updated: 338
	338  -  MemoryUsage of job (MB)
	346604  -  ResidentSetSize of job (KB)
...
006 (35929332.023.000) 05/02 16:08:33 Image size of job updated: 338
	338  -  MemoryUsage of job (MB)
	346612  -  ResidentSetSize of job (KB)
...
006 (35929332.023.000) 05/02 16:16:36 Image size of job updated: 339
	339  -  MemoryUsage of job (MB)
	347468  -  ResidentSetSize of job (KB)
...
006 (35929332.023.000) 05/02 16:17:37 Image size of job updated: 339
	339  -  MemoryUsage of job (MB)
	347480  -  ResidentSetSize of job (KB)
...
006 (35929332.023.000) 05/02 16:20:40 Image size of job updated: 339
	339  -  MemoryUsage of job (MB)
	347484  -  ResidentSetSize of job (KB)
...
005 (35929332.023.000) 05/02 16:25:05 Job terminated.
	(1) Normal termination (return value 0)
		Usr 0 00:28:32, Sys 0 00:09:31  -  Run Remote Usage
		Usr 0 00:00:00, Sys 0 00:00:00  -  Run Local Usage
		Usr 0 00:28:32, Sys 0 00:09:31  -  Total Remote Usage
		Usr 0 00:00:00, Sys 0 00:00:00  -  Total Local Usage
	4890  -  Run Bytes Sent By Job
	11057  -  Run Bytes Received By Job
	4890  -  Total Bytes Sent By Job
	11057  -  Total Bytes Received By Job
	Partitionable Resources :    Usage  Request Allocated 
	   Cpus                 :        0        1         1 
	   Disk (KB)            :       46        2   1645408 
	   Memory (MB)          :      339     2048      2048 
...
