000 (65512065.017.000) 05/02 15:00:26 Job submitted from host: <131.225.188.235:9618?addrs=131.225.188.235-9618&noUDP&sock=813081_83ea_25>
...
001 (65512065.017.000) 05/02 15:01:13 Job executing on host: <131.225.190.26:9618?addrs=131.225.190.26-9618&noUDP&sock=3518_a244_3>
...
005 (65512065.017.000) 05/02 15:01:24 Job terminated.
	(1) Normal termination (return value 0)
		Usr 0 00:00:00, Sys 0 00:00:00  -  Run Remote Usage
		Usr 0 00:00:00, Sys 0 00:00:00  -  Run Local Usage
		Usr 0 00:00:00, Sys 0 00:00:00  -  Total Remote Usage
		Usr 0 00:00:00, Sys 0 00:00:00  -  Total Local Usage
	205167  -  Run Bytes Sent By Job
	11045  -  Run Bytes Received By Job
	205167  -  Total Bytes Sent By Job
	11045  -  Total Bytes Received By Job
	Partitionable Resources :    Usage  Request Allocated 
	   Cpus                 :     0.03        1         1 
	   Disk (KB)            :   236           2    771549 
	   Memory (MB)          :              2048      2048 
...
000 (35929332.017.000) 05/02 15:11:35 Job submitted from host: <131.225.188.57:9618?addrs=131.225.188.57-9618&noUDP&sock=955572_7d49_27>
...
001 (35929332.017.000) 05/02 15:15:46 Job executing on host: <131.225.188.46:9618?addrs=131.225.188.46-9618&noUDP&sock=6032_075c_3>
...
006 (35929332.017.000) 05/02 15:16:59 Image size of job updated: 270
	270  -  MemoryUsage of job (MB)
	276732  -  ResidentSetSize of job (KB)
...
006 (35929332.017.000) 05/02 15:18:00 Image size of job updated: 314
	314  -  MemoryUsage of job (MB)
	322092  -  ResidentSetSize of job (KB)
...
006 (35929332.017.000) 05/02 15:19:01 Image size of job updated: 322
	322  -  MemoryUsage of job (MB)
	329816  -  ResidentSetSize of job (KB)
...
006 (35929332.017.000) 05/02 15:20:03 Image size of job updated: 323
	323  -  MemoryUsage of job (MB)
	331092  -  ResidentSetSize of job (KB)
...
006 (35929332.017.000) 05/02 15:21:03 Image size of job updated: 323
	323  -  MemoryUsage of job (MB)
	331640  -  ResidentSetSize of job (KB)
...
006 (35929332.017.000) 05/02 15:22:03 Image size of job updated: 325
	325  -  MemoryUsage of job (MB)
	332900  -  ResidentSetSize of job (KB)
...
006 (35929332.017.000) 05/02 15:23:03 Image size of job updated: 325
	325  -  MemoryUsage of job (MB)
	333276  -  ResidentSetSize of job (KB)
...
006 (35929332.017.000) 05/02 15:24:04 Image size of job updated: 326
	326  -  MemoryUsage of job (MB)
	334384  -  ResidentSetSize of job (KB)
...
006 (35929332.017.000) 05/02 15:25:05 Image size of job updated: 326
	326  -  MemoryUsage of job (MB)
	334580  -  ResidentSetSize of job (KB)
...
006 (35929332.017.000) 05/02 15:26:05 Image size of job updated: 326
	326  -  MemoryUsage of job (MB)
	334784  -  ResidentSetSize of job (KB)
...
006 (35929332.017.000) 05/02 15:27:05 Image size of job updated: 327
	327  -  MemoryUsage of job (MB)
	335004  -  ResidentSetSize of job (KB)
...
006 (35929332.017.000) 05/02 15:28:05 Image size of job updated: 327
	327  -  MemoryUsage of job (MB)
	335280  -  ResidentSetSize of job (KB)
...
006 (35929332.017.000) 05/02 15:29:06 Image size of job updated: 327
	327  -  MemoryUsage of job (MB)
	335384  -  ResidentSetSize of job (KB)
...
006 (35929332.017.000) 05/02 15:30:07 Image size of job updated: 327
	327  -  MemoryUsage of job (MB)
	335624  -  ResidentSetSize of job (KB)
...
006 (35929332.017.000) 05/02 15:31:08 Image size of job updated: 327
	327  -  MemoryUsage of job (MB)
	335828  -  ResidentSetSize of job (KB)
...
006 (35929332.017.000) 05/02 15:32:09 Image size of job updated: 328
	328  -  MemoryUsage of job (MB)
	336024  -  ResidentSetSize of job (KB)
...
006 (35929332.017.000) 05/02 15:33:10 Image size of job updated: 328
	328  -  MemoryUsage of job (MB)
	336244  -  ResidentSetSize of job (KB)
...
006 (35929332.017.000) 05/02 15:34:11 Image size of job updated: 328
	328  -  MemoryUsage of job (MB)
	336444  -  ResidentSetSize of job (KB)
...
006 (35929332.017.000) 05/02 15:35:12 Image size of job updated: 328
	328  -  MemoryUsage of job (MB)
	336596  -  ResidentSetSize of job (KB)
...
006 (35929332.017.000) 05/02 15:36:13 Image size of job updated: 328
	328  -  MemoryUsage of job (MB)
	336700  -  ResidentSetSize of job (KB)
...
006 (35929332.017.000) 05/02 15:37:13 Image size of job updated: 329
	329  -  MemoryUsage of job (MB)
	336928  -  ResidentSetSize of job (KB)
...
006 (35929332.017.000) 05/02 15:38:13 Image size of job updated: 329
	329  -  MemoryUsage of job (MB)
	337112  -  ResidentSetSize of job (KB)
...
006 (35929332.017.000) 05/02 15:39:13 Image size of job updated: 329
	329  -  MemoryUsage of job (MB)
	337208  -  ResidentSetSize of job (KB)
...
006 (35929332.017.000) 05/02 15:40:13 Image size of job updated: 329
	329  -  MemoryUsage of job (MB)
	337308  -  ResidentSetSize of job (KB)
...
006 (35929332.017.000) 05/02 15:42:14 Image size of job updated: 335
	335  -  MemoryUsage of job (MB)
	343124  -  ResidentSetSize of job (KB)
...
006 (35929332.017.000) 05/02 15:43:15 Image size of job updated: 335
	335  -  MemoryUsage of job (MB)
	343136  -  ResidentSetSize of job (KB)
...
006 (35929332.017.000) 05/02 15:44:16 Image size of job updated: 335
	335  -  MemoryUsage of job (MB)
	343196  -  ResidentSetSize of job (KB)
...
006 (35929332.017.000) 05/02 15:45:17 Image size of job updated: 335
	335  -  MemoryUsage of job (MB)
	343200  -  ResidentSetSize of job (KB)
...
006 (35929332.017.000) 05/02 15:46:18 Image size of job updated: 335
	335  -  MemoryUsage of job (MB)
	343204  -  ResidentSetSize of job (KB)
...
006 (35929332.017.000) 05/02 15:51:22 Image size of job updated: 335
	335  -  MemoryUsage of job (MB)
	343224  -  ResidentSetSize of job (KB)
...
006 (35929332.017.000) 05/02 15:55:26 Image size of job updated: 335
	335  -  MemoryUsage of job (MB)
	343236  -  ResidentSetSize of job (KB)
...
006 (35929332.017.000) 05/02 15:58:27 Image size of job updated: 335
	335  -  MemoryUsage of job (MB)
	343240  -  ResidentSetSize of job (KB)
...
006 (35929332.017.000) 05/02 16:02:28 Image size of job updated: 335
	335  -  MemoryUsage of job (MB)
	343252  -  ResidentSetSize of job (KB)
...
006 (35929332.017.000) 05/02 16:06:32 Image size of job updated: 335
	335  -  MemoryUsage of job (MB)
	343256  -  ResidentSetSize of job (KB)
...
006 (35929332.017.000) 05/02 16:08:34 Image size of job updated: 335
	335  -  MemoryUsage of job (MB)
	343276  -  ResidentSetSize of job (KB)
...
006 (35929332.017.000) 05/02 16:12:35 Image size of job updated: 335
	335  -  MemoryUsage of job (MB)
	343280  -  ResidentSetSize of job (KB)
...
006 (35929332.017.000) 05/02 16:22:40 Image size of job updated: 339
	339  -  MemoryUsage of job (MB)
	347808  -  ResidentSetSize of job (KB)
...
005 (35929332.017.000) 05/02 16:22:43 Job terminated.
	(1) Normal termination (return value 0)
		Usr 0 00:30:55, Sys 0 00:07:06  -  Run Remote Usage
		Usr 0 00:00:00, Sys 0 00:00:00  -  Run Local Usage
		Usr 0 00:30:55, Sys 0 00:07:06  -  Total Remote Usage
		Usr 0 00:00:00, Sys 0 00:00:00  -  Total Local Usage
	13250  -  Run Bytes Sent By Job
	11057  -  Run Bytes Received By Job
	13250  -  Total Bytes Sent By Job
	11057  -  Total Bytes Received By Job
	Partitionable Resources :    Usage  Request Allocated 
	   Cpus                 :     0.00        1         1 
	   Disk (KB)            :    54           2   1645408 
	   Memory (MB)          :   339        2048      2048 
...
