000 (65512065.018.000) 05/02 15:00:26 Job submitted from host: <131.225.188.235:9618?addrs=131.225.188.235-9618&noUDP&sock=813081_83ea_25>
...
001 (65512065.018.000) 05/02 15:01:13 Job executing on host: <131.225.190.26:9618?addrs=131.225.190.26-9618&noUDP&sock=3518_a244_3>
...
005 (65512065.018.000) 05/02 15:01:26 Job terminated.
	(1) Normal termination (return value 0)
		Usr 0 00:00:00, Sys 0 00:00:00  -  Run Remote Usage
		Usr 0 00:00:00, Sys 0 00:00:00  -  Run Local Usage
		Usr 0 00:00:00, Sys 0 00:00:00  -  Total Remote Usage
		Usr 0 00:00:00, Sys 0 00:00:00  -  Total Local Usage
	5346  -  Run Bytes Sent By Job
	11045  -  Run Bytes Received By Job
	5346  -  Total Bytes Sent By Job
	11045  -  Total Bytes Received By Job
	Partitionable Resources :    Usage  Request Allocated 
	   Cpus                 :     0.27        1         1 
	   Disk (KB)            :    41           2    771549 
	   Memory (MB)          :              2048      2048 
...
000 (35929332.018.000) 05/02 15:11:35 Job submitted from host: <131.225.188.57:9618?addrs=131.225.188.57-9618&noUDP&sock=955572_7d49_27>
...
001 (35929332.018.000) 05/02 15:15:47 Job executing on host: <131.225.188.46:9618?addrs=131.225.188.46-9618&noUDP&sock=6032_075c_3>
...
006 (35929332.018.000) 05/02 15:17:02 Image size of job updated: 279
	279  -  MemoryUsage of job (MB)
	286684  -  ResidentSetSize of job (KB)
...
006 (35929332.018.000) 05/02 15:18:03 Image size of job updated: 282
	282  -  MemoryUsage of job (MB)
	289328  -  ResidentSetSize of job (KB)
...
006 (35929332.018.000) 05/02 15:19:05 Image size of job updated: 282
	282  -  MemoryUsage of job (MB)
	289620  -  ResidentSetSize of job (KB)
...
006 (35929332.018.000) 05/02 15:21:05 Image size of job updated: 283
	283  -  MemoryUsage of job (MB)
	289844  -  ResidentSetSize of job (KB)
...
006 (35929332.018.000) 05/02 15:22:05 Image size of job updated: 283
	283  -  MemoryUsage of job (MB)
	289980  -  ResidentSetSize of job (KB)
...
006 (35929332.018.000) 05/02 15:24:07 Image size of job updated: 283
	283  -  MemoryUsage of job (MB)
	290208  -  ResidentSetSize of job (KB)
...
006 (35929332.018.000) 05/02 15:25:07 Image size of job updated: 283
	283  -  MemoryUsage of job (MB)
	290392  -  ResidentSetSize of job (KB)
...
006 (35929332.018.000) 05/02 15:26:07 Image size of job updated: 284
	284  -  MemoryUsage of job (MB)
	290968  -  ResidentSetSize of job (KB)
...
006 (35929332.018.000) 05/02 15:27:07 Image size of job updated: 310
	310  -  MemoryUsage of job (MB)
	318412  -  ResidentSetSize of job (KB)
...
006 (35929332.018.000) 05/02 15:28:07 Image size of job updated: 311
	311  -  MemoryUsage of job (MB)
	318980  -  ResidentSetSize of job (KB)
...
006 (35929332.018.000) 05/02 15:29:08 Image size of job updated: 312
	312  -  MemoryUsage of job (MB)
	320284  -  ResidentSetSize of job (KB)
...
006 (35929332.018.000) 05/02 15:30:09 Image size of job updated: 313
	313  -  MemoryUsage of job (MB)
	320836  -  ResidentSetSize of job (KB)
...
006 (35929332.018.000) 05/02 15:31:10 Image size of job updated: 313
	313  -  MemoryUsage of job (MB)
	320972  -  ResidentSetSize of job (KB)
...
006 (35929332.018.000) 05/02 15:32:11 Image size of job updated: 313
	313  -  MemoryUsage of job (MB)
	321096  -  ResidentSetSize of job (KB)
...
006 (35929332.018.000) 05/02 15:33:12 Image size of job updated: 313
	313  -  MemoryUsage of job (MB)
	321220  -  ResidentSetSize of job (KB)
...
006 (35929332.018.000) 05/02 15:34:13 Image size of job updated: 313
	313  -  MemoryUsage of job (MB)
	321372  -  ResidentSetSize of job (KB)
...
006 (35929332.018.000) 05/02 15:35:14 Image size of job updated: 313
	313  -  MemoryUsage of job (MB)
	321508  -  ResidentSetSize of job (KB)
...
006 (35929332.018.000) 05/02 15:36:15 Image size of job updated: 314
	314  -  MemoryUsage of job (MB)
	321664  -  ResidentSetSize of job (KB)
...
006 (35929332.018.000) 05/02 15:37:16 Image size of job updated: 314
	314  -  MemoryUsage of job (MB)
	321752  -  ResidentSetSize of job (KB)
...
006 (35929332.018.000) 05/02 15:38:16 Image size of job updated: 322
	322  -  MemoryUsage of job (MB)
	330052  -  ResidentSetSize of job (KB)
...
006 (35929332.018.000) 05/02 15:39:16 Image size of job updated: 323
	323  -  MemoryUsage of job (MB)
	331092  -  ResidentSetSize of job (KB)
...
006 (35929332.018.000) 05/02 15:40:16 Image size of job updated: 323
	323  -  MemoryUsage of job (MB)
	331288  -  ResidentSetSize of job (KB)
...
006 (35929332.018.000) 05/02 15:41:16 Image size of job updated: 324
	324  -  MemoryUsage of job (MB)
	331876  -  ResidentSetSize of job (KB)
...
006 (35929332.018.000) 05/02 15:42:17 Image size of job updated: 324
	324  -  MemoryUsage of job (MB)
	332036  -  ResidentSetSize of job (KB)
...
006 (35929332.018.000) 05/02 15:43:17 Image size of job updated: 324
	324  -  MemoryUsage of job (MB)
	332140  -  ResidentSetSize of job (KB)
...
006 (35929332.018.000) 05/02 15:44:18 Image size of job updated: 324
	324  -  MemoryUsage of job (MB)
	332160  -  ResidentSetSize of job (KB)
...
006 (35929332.018.000) 05/02 15:47:22 Image size of job updated: 334
	334  -  MemoryUsage of job (MB)
	342272  -  ResidentSetSize of job (KB)
...
006 (35929332.018.000) 05/02 15:48:22 Image size of job updated: 334
	334  -  MemoryUsage of job (MB)
	342368  -  ResidentSetSize of job (KB)
...
006 (35929332.018.000) 05/02 15:50:23 Image size of job updated: 335
	335  -  MemoryUsage of job (MB)
	344016  -  ResidentSetSize of job (KB)
...
006 (35929332.018.000) 05/02 15:52:25 Image size of job updated: 336
	336  -  MemoryUsage of job (MB)
	344108  -  ResidentSetSize of job (KB)
...
006 (35929332.018.000) 05/02 15:53:26 Image size of job updated: 336
	336  -  MemoryUsage of job (MB)
	344120  -  ResidentSetSize of job (KB)
...
006 (35929332.018.000) 05/02 16:06:34 Image size of job updated: 336
	336  -  MemoryUsage of job (MB)
	344196  -  ResidentSetSize of job (KB)
...
006 (35929332.018.000) 05/02 16:07:35 Image size of job updated: 336
	336  -  MemoryUsage of job (MB)
	344324  -  ResidentSetSize of job (KB)
...
006 (35929332.018.000) 05/02 16:08:36 Image size of job updated: 336
	336  -  MemoryUsage of job (MB)
	344336  -  ResidentSetSize of job (KB)
...
006 (35929332.018.000) 05/02 16:11:38 Image size of job updated: 336
	336  -  MemoryUsage of job (MB)
	344340  -  ResidentSetSize of job (KB)
...
006 (35929332.018.000) 05/02 16:15:39 Image size of job updated: 336
	336  -  MemoryUsage of job (MB)
	344852  -  ResidentSetSize of job (KB)
...
006 (35929332.018.000) 05/02 16:16:39 Image size of job updated: 337
	337  -  MemoryUsage of job (MB)
	345112  -  ResidentSetSize of job (KB)
...
006 (35929332.018.000) 05/02 16:18:41 Image size of job updated: 337
	337  -  MemoryUsage of job (MB)
	345400  -  ResidentSetSize of job (KB)
...
006 (35929332.018.000) 05/02 16:20:43 Image size of job updated: 337
	337  -  MemoryUsage of job (MB)
	345408  -  ResidentSetSize of job (KB)
...
006 (35929332.018.000) 05/02 16:24:46 Image size of job updated: 337
	337  -  MemoryUsage of job (MB)
	345432  -  ResidentSetSize of job (KB)
...
005 (35929332.018.000) 05/02 16:25:18 Job terminated.
	(1) Normal termination (return value 0)
		Usr 0 00:28:15, Sys 0 00:09:25  -  Run Remote Usage
		Usr 0 00:00:00, Sys 0 00:00:00  -  Run Local Usage
		Usr 0 00:28:15, Sys 0 00:09:25  -  Total Remote Usage
		Usr 0 00:00:00, Sys 0 00:00:00  -  Total Local Usage
	4671  -  Run Bytes Sent By Job
	11057  -  Run Bytes Received By Job
	4671  -  Total Bytes Sent By Job
	11057  -  Total Bytes Received By Job
	Partitionable Resources :    Usage  Request Allocated 
	   Cpus                 :        0        1         1 
	   Disk (KB)            :       46        2   1645408 
	   Memory (MB)          :      337     2048      2048 
...
