Error in <TCling::RegisterModule>: cannot find dictionary module BaconAnaDataFormats_yr_rdict.pcm
%MSG-e SimpleJetCorrectionUncertainty: 
 bin variables out of range
%MSG
%MSG-e SimpleJetCorrectionUncertainty: 
 bin variables out of range
%MSG
%MSG-e SimpleJetCorrectionUncertainty: 
 bin variables out of range
%MSG
%MSG-e SimpleJetCorrectionUncertainty: 
 bin variables out of range
%MSG
%MSG-e SimpleJetCorrectionUncertainty: 
 bin variables out of range
%MSG
%MSG-e SimpleJetCorrectionUncertainty: 
 bin variables out of range
%MSG
%MSG-e SimpleJetCorrectionUncertainty: 
 bin variables out of range
%MSG
%MSG-e SimpleJetCorrectionUncertainty: 
 bin variables out of range
%MSG
%MSG-e SimpleJetCorrectionUncertainty: 
 bin variables out of range
%MSG
%MSG-e SimpleJetCorrectionUncertainty: 
 bin variables out of range
%MSG
Error in <TNetXNGFile::ReadBuffer>: error reading all requested bytes, got 0 of 300
Error in <TNetXNGFile::Init>: root://cmseos.fnal.gov//eos/uscms/store/user/lnujj/WpWm_aQGC_Ntuples_Ram/FirstStepOutput/BaconNtuples/DYJetsToLL_M-50_TuneCUETP8M1_13TeV-amcatnloFXFX-pythia8/Output_1275.root failed to read the file type data.
Error in <TNetXNGFile::TNetXNGFile>: Object is in 'zombie' state

 *** Break *** segmentation violation



===========================================================
There was a crash.
This is the entire stack trace of all threads:
===========================================================

Thread 6 (Thread 0x7f5e5fabb700 (LWP 294)):
#0  0x00007f5e6f7e5499 in syscall () from /lib64/libc.so.6
#1  0x00007f5e61dab78e in XrdSys::LinuxSemaphore::Wait (this=0xbee97b0) at /build/cmsbld/auto-builds/CMSSW_10_2_0_pre6-slc6_amd64_gcc700/build/CMSSW_10_2_0_pre6-build/BUILD/slc6_amd64_gcc700/external/xrootd/4.8.3-gnimlf/xrootd-4.8.3/src/./XrdSys/XrdSysLinuxSemaphore.hh:161
#2  XrdCl::SyncQueue<XrdCl::JobManager::JobHelper>::Get (this=0xbecb2b8) at /build/cmsbld/auto-builds/CMSSW_10_2_0_pre6-slc6_amd64_gcc700/build/CMSSW_10_2_0_pre6-build/BUILD/slc6_amd64_gcc700/external/xrootd/4.8.3-gnimlf/xrootd-4.8.3/src/./XrdCl/XrdClSyncQueue.hh:67
#3  XrdCl::JobManager::RunJobs (this=0xbecb2a0) at /build/cmsbld/auto-builds/CMSSW_10_2_0_pre6-slc6_amd64_gcc700/build/CMSSW_10_2_0_pre6-build/BUILD/slc6_amd64_gcc700/external/xrootd/4.8.3-gnimlf/xrootd-4.8.3/src/XrdCl/XrdClJobManager.cc:146
#4  0x00007f5e61dab979 in RunRunnerThread (arg=<optimized out>) at /build/cmsbld/auto-builds/CMSSW_10_2_0_pre6-slc6_amd64_gcc700/build/CMSSW_10_2_0_pre6-build/BUILD/slc6_amd64_gcc700/external/xrootd/4.8.3-gnimlf/xrootd-4.8.3/src/XrdCl/XrdClJobManager.cc:33
#5  0x00007f5e6fa9faa1 in start_thread () from /lib64/libpthread.so.0
#6  0x00007f5e6f7e8c4d in clone () from /lib64/libc.so.6

Thread 5 (Thread 0x7f5e602bc700 (LWP 293)):
#0  0x00007f5e6f7e5499 in syscall () from /lib64/libc.so.6
#1  0x00007f5e61dab78e in XrdSys::LinuxSemaphore::Wait (this=0xbee97b0) at /build/cmsbld/auto-builds/CMSSW_10_2_0_pre6-slc6_amd64_gcc700/build/CMSSW_10_2_0_pre6-build/BUILD/slc6_amd64_gcc700/external/xrootd/4.8.3-gnimlf/xrootd-4.8.3/src/./XrdSys/XrdSysLinuxSemaphore.hh:161
#2  XrdCl::SyncQueue<XrdCl::JobManager::JobHelper>::Get (this=0xbecb2b8) at /build/cmsbld/auto-builds/CMSSW_10_2_0_pre6-slc6_amd64_gcc700/build/CMSSW_10_2_0_pre6-build/BUILD/slc6_amd64_gcc700/external/xrootd/4.8.3-gnimlf/xrootd-4.8.3/src/./XrdCl/XrdClSyncQueue.hh:67
#3  XrdCl::JobManager::RunJobs (this=0xbecb2a0) at /build/cmsbld/auto-builds/CMSSW_10_2_0_pre6-slc6_amd64_gcc700/build/CMSSW_10_2_0_pre6-build/BUILD/slc6_amd64_gcc700/external/xrootd/4.8.3-gnimlf/xrootd-4.8.3/src/XrdCl/XrdClJobManager.cc:146
#4  0x00007f5e61dab979 in RunRunnerThread (arg=<optimized out>) at /build/cmsbld/auto-builds/CMSSW_10_2_0_pre6-slc6_amd64_gcc700/build/CMSSW_10_2_0_pre6-build/BUILD/slc6_amd64_gcc700/external/xrootd/4.8.3-gnimlf/xrootd-4.8.3/src/XrdCl/XrdClJobManager.cc:33
#5  0x00007f5e6fa9faa1 in start_thread () from /lib64/libpthread.so.0
#6  0x00007f5e6f7e8c4d in clone () from /lib64/libc.so.6

Thread 4 (Thread 0x7f5e60abd700 (LWP 292)):
#0  0x00007f5e6f7e5499 in syscall () from /lib64/libc.so.6
#1  0x00007f5e61dab78e in XrdSys::LinuxSemaphore::Wait (this=0xbee97b0) at /build/cmsbld/auto-builds/CMSSW_10_2_0_pre6-slc6_amd64_gcc700/build/CMSSW_10_2_0_pre6-build/BUILD/slc6_amd64_gcc700/external/xrootd/4.8.3-gnimlf/xrootd-4.8.3/src/./XrdSys/XrdSysLinuxSemaphore.hh:161
#2  XrdCl::SyncQueue<XrdCl::JobManager::JobHelper>::Get (this=0xbecb2b8) at /build/cmsbld/auto-builds/CMSSW_10_2_0_pre6-slc6_amd64_gcc700/build/CMSSW_10_2_0_pre6-build/BUILD/slc6_amd64_gcc700/external/xrootd/4.8.3-gnimlf/xrootd-4.8.3/src/./XrdCl/XrdClSyncQueue.hh:67
#3  XrdCl::JobManager::RunJobs (this=0xbecb2a0) at /build/cmsbld/auto-builds/CMSSW_10_2_0_pre6-slc6_amd64_gcc700/build/CMSSW_10_2_0_pre6-build/BUILD/slc6_amd64_gcc700/external/xrootd/4.8.3-gnimlf/xrootd-4.8.3/src/XrdCl/XrdClJobManager.cc:146
#4  0x00007f5e61dab979 in RunRunnerThread (arg=<optimized out>) at /build/cmsbld/auto-builds/CMSSW_10_2_0_pre6-slc6_amd64_gcc700/build/CMSSW_10_2_0_pre6-build/BUILD/slc6_amd64_gcc700/external/xrootd/4.8.3-gnimlf/xrootd-4.8.3/src/XrdCl/XrdClJobManager.cc:33
#5  0x00007f5e6fa9faa1 in start_thread () from /lib64/libpthread.so.0
#6  0x00007f5e6f7e8c4d in clone () from /lib64/libc.so.6

Thread 3 (Thread 0x7f5e612be700 (LWP 291)):
#0  0x00007f5e6faa700d in nanosleep () from /lib64/libpthread.so.0
#1  0x00007f5e61ec2ded in XrdSysTimer::Wait (mills=<optimized out>) at /build/cmsbld/auto-builds/CMSSW_10_2_0_pre6-slc6_amd64_gcc700/build/CMSSW_10_2_0_pre6-build/BUILD/slc6_amd64_gcc700/external/xrootd/4.8.3-gnimlf/xrootd-4.8.3/src/XrdSys/XrdSysTimer.cc:239
#2  0x00007f5e61d4f108 in XrdCl::TaskManager::RunTasks (this=0xbef5f50) at /build/cmsbld/auto-builds/CMSSW_10_2_0_pre6-slc6_amd64_gcc700/build/CMSSW_10_2_0_pre6-build/BUILD/slc6_amd64_gcc700/external/xrootd/4.8.3-gnimlf/xrootd-4.8.3/src/XrdCl/XrdClTaskManager.cc:244
#3  0x00007f5e61d4f259 in RunRunnerThread (arg=<optimized out>) at /build/cmsbld/auto-builds/CMSSW_10_2_0_pre6-slc6_amd64_gcc700/build/CMSSW_10_2_0_pre6-build/BUILD/slc6_amd64_gcc700/external/xrootd/4.8.3-gnimlf/xrootd-4.8.3/src/XrdCl/XrdClTaskManager.cc:37
#4  0x00007f5e6fa9faa1 in start_thread () from /lib64/libpthread.so.0
#5  0x00007f5e6f7e8c4d in clone () from /lib64/libc.so.6

Thread 2 (Thread 0x7f5e61abf700 (LWP 290)):
#0  0x00007f5e6f7e9243 in epoll_wait () from /lib64/libc.so.6
#1  0x00007f5e61ec7c17 in XrdSys::IOEvents::PollE::Begin (this=0xbedd6c0, syncsem=<optimized out>, retcode=<optimized out>, eTxt=<optimized out>) at /build/cmsbld/auto-builds/CMSSW_10_2_0_pre6-slc6_amd64_gcc700/build/CMSSW_10_2_0_pre6-build/BUILD/slc6_amd64_gcc700/external/xrootd/4.8.3-gnimlf/xrootd-4.8.3/src/./XrdSys/XrdSysIOEventsPollE.icc:213
#2  0x00007f5e61ec44f5 in XrdSys::IOEvents::BootStrap::Start (parg=0x7ffd1af14c70) at /build/cmsbld/auto-builds/CMSSW_10_2_0_pre6-slc6_amd64_gcc700/build/CMSSW_10_2_0_pre6-build/BUILD/slc6_amd64_gcc700/external/xrootd/4.8.3-gnimlf/xrootd-4.8.3/src/XrdSys/XrdSysIOEvents.cc:131
#3  0x00007f5e61ec25e8 in XrdSysThread_Xeq (myargs=0x58c36b0) at /build/cmsbld/auto-builds/CMSSW_10_2_0_pre6-slc6_amd64_gcc700/build/CMSSW_10_2_0_pre6-build/BUILD/slc6_amd64_gcc700/external/xrootd/4.8.3-gnimlf/xrootd-4.8.3/src/XrdSys/XrdSysPthread.cc:86
#4  0x00007f5e6fa9faa1 in start_thread () from /lib64/libpthread.so.0
#5  0x00007f5e6f7e8c4d in clone () from /lib64/libc.so.6

Thread 1 (Thread 0x7f5e6ce77560 (LWP 266)):
#0  0x00007f5e6f7ac8dd in waitpid () from /lib64/libc.so.6
#1  0x00007f5e6f73e4e9 in do_system () from /lib64/libc.so.6
#2  0x00007f5e6f73e820 in system () from /lib64/libc.so.6
#3  0x00007f5e71928911 in TUnixSystem::StackTrace() () from /cvmfs/cms.cern.ch/slc6_amd64_gcc700/cms/cmssw/CMSSW_10_2_13/external/slc6_amd64_gcc700/lib/libCore.so
#4  0x00007f5e7192af5c in TUnixSystem::DispatchSignals(ESignals) () from /cvmfs/cms.cern.ch/slc6_amd64_gcc700/cms/cmssw/CMSSW_10_2_13/external/slc6_amd64_gcc700/lib/libCore.so
#5  <signal handler called>
#6  main (ac=<optimized out>, av=<optimized out>) at /uscms_data/d3/asahmed/WV_Ana_2017/CMSSW_10_2_13/src/WVJJAna/Selection/bin/Selection.cc:176
===========================================================


The lines below might hint at the cause of the crash.
You may get help by asking at the ROOT forum http://root.cern.ch/forum.
Only if you are really convinced it is a bug in ROOT then please submit a
report at http://root.cern.ch/bugs. Please post the ENTIRE stack trace
from above as an attachment in addition to anything else
that might help us fixing this issue.
===========================================================
#6  main (ac=<optimized out>, av=<optimized out>) at /uscms_data/d3/asahmed/WV_Ana_2017/CMSSW_10_2_13/src/WVJJAna/Selection/bin/Selection.cc:176
===========================================================


[11.82MB/11.82MB][100%][==================================================][11.82MB/s]  [11.82MB/11.82MB][100%][==================================================][11.82MB/s]  
