000 (65512065.021.000) 05/02 15:00:26 Job submitted from host: <131.225.188.235:9618?addrs=131.225.188.235-9618&noUDP&sock=813081_83ea_25>
...
001 (65512065.021.000) 05/02 15:01:16 Job executing on host: <131.225.206.200:9618?addrs=131.225.206.200-9618&noUDP&sock=1920_89ed_3>
...
005 (65512065.021.000) 05/02 15:01:21 Job terminated.
	(1) Normal termination (return value 0)
		Usr 0 00:00:00, Sys 0 00:00:00  -  Run Remote Usage
		Usr 0 00:00:00, Sys 0 00:00:00  -  Run Local Usage
		Usr 0 00:00:00, Sys 0 00:00:00  -  Total Remote Usage
		Usr 0 00:00:00, Sys 0 00:00:00  -  Total Local Usage
	5346  -  Run Bytes Sent By Job
	11045  -  Run Bytes Received By Job
	5346  -  Total Bytes Sent By Job
	11045  -  Total Bytes Received By Job
	Partitionable Resources :    Usage  Request Allocated 
	   Cpus                 :     0.03        1         1 
	   Disk (KB)            :    37           2    320629 
	   Memory (MB)          :              2048      2048 
...
000 (35929332.021.000) 05/02 15:11:35 Job submitted from host: <131.225.188.57:9618?addrs=131.225.188.57-9618&noUDP&sock=955572_7d49_27>
...
001 (35929332.021.000) 05/02 15:15:51 Job executing on host: <131.225.188.46:9618?addrs=131.225.188.46-9618&noUDP&sock=6032_075c_3>
...
006 (35929332.021.000) 05/02 15:17:03 Image size of job updated: 281
	281  -  MemoryUsage of job (MB)
	288428  -  ResidentSetSize of job (KB)
...
006 (35929332.021.000) 05/02 15:18:04 Image size of job updated: 282
	282  -  MemoryUsage of job (MB)
	289108  -  ResidentSetSize of job (KB)
...
006 (35929332.021.000) 05/02 15:19:05 Image size of job updated: 282
	282  -  MemoryUsage of job (MB)
	289236  -  ResidentSetSize of job (KB)
...
006 (35929332.021.000) 05/02 15:20:05 Image size of job updated: 282
	282  -  MemoryUsage of job (MB)
	289380  -  ResidentSetSize of job (KB)
...
006 (35929332.021.000) 05/02 15:21:05 Image size of job updated: 282
	282  -  MemoryUsage of job (MB)
	289516  -  ResidentSetSize of job (KB)
...
006 (35929332.021.000) 05/02 15:22:06 Image size of job updated: 283
	283  -  MemoryUsage of job (MB)
	289952  -  ResidentSetSize of job (KB)
...
006 (35929332.021.000) 05/02 15:23:07 Image size of job updated: 283
	283  -  MemoryUsage of job (MB)
	290060  -  ResidentSetSize of job (KB)
...
006 (35929332.021.000) 05/02 15:24:07 Image size of job updated: 283
	283  -  MemoryUsage of job (MB)
	290204  -  ResidentSetSize of job (KB)
...
006 (35929332.021.000) 05/02 15:25:07 Image size of job updated: 283
	283  -  MemoryUsage of job (MB)
	290564  -  ResidentSetSize of job (KB)
...
006 (35929332.021.000) 05/02 15:26:07 Image size of job updated: 283
	283  -  MemoryUsage of job (MB)
	290716  -  ResidentSetSize of job (KB)
...
006 (35929332.021.000) 05/02 15:27:07 Image size of job updated: 284
	284  -  MemoryUsage of job (MB)
	291136  -  ResidentSetSize of job (KB)
...
006 (35929332.021.000) 05/02 15:29:08 Image size of job updated: 313
	313  -  MemoryUsage of job (MB)
	320664  -  ResidentSetSize of job (KB)
...
006 (35929332.021.000) 05/02 15:30:09 Image size of job updated: 313
	313  -  MemoryUsage of job (MB)
	321172  -  ResidentSetSize of job (KB)
...
006 (35929332.021.000) 05/02 15:31:10 Image size of job updated: 313
	313  -  MemoryUsage of job (MB)
	321312  -  ResidentSetSize of job (KB)
...
006 (35929332.021.000) 05/02 15:32:11 Image size of job updated: 313
	313  -  MemoryUsage of job (MB)
	321464  -  ResidentSetSize of job (KB)
...
006 (35929332.021.000) 05/02 15:33:12 Image size of job updated: 314
	314  -  MemoryUsage of job (MB)
	321664  -  ResidentSetSize of job (KB)
...
006 (35929332.021.000) 05/02 15:34:13 Image size of job updated: 314
	314  -  MemoryUsage of job (MB)
	321868  -  ResidentSetSize of job (KB)
...
006 (35929332.021.000) 05/02 15:35:14 Image size of job updated: 314
	314  -  MemoryUsage of job (MB)
	322228  -  ResidentSetSize of job (KB)
...
006 (35929332.021.000) 05/02 15:36:15 Image size of job updated: 314
	314  -  MemoryUsage of job (MB)
	322316  -  ResidentSetSize of job (KB)
...
006 (35929332.021.000) 05/02 15:37:15 Image size of job updated: 314
	314  -  MemoryUsage of job (MB)
	322448  -  ResidentSetSize of job (KB)
...
006 (35929332.021.000) 05/02 15:38:15 Image size of job updated: 315
	315  -  MemoryUsage of job (MB)
	322636  -  ResidentSetSize of job (KB)
...
006 (35929332.021.000) 05/02 15:39:15 Image size of job updated: 323
	323  -  MemoryUsage of job (MB)
	331648  -  ResidentSetSize of job (KB)
...
006 (35929332.021.000) 05/02 15:41:15 Image size of job updated: 324
	324  -  MemoryUsage of job (MB)
	331864  -  ResidentSetSize of job (KB)
...
006 (35929332.021.000) 05/02 15:42:16 Image size of job updated: 324
	324  -  MemoryUsage of job (MB)
	332264  -  ResidentSetSize of job (KB)
...
006 (35929332.021.000) 05/02 15:44:18 Image size of job updated: 324
	324  -  MemoryUsage of job (MB)
	332384  -  ResidentSetSize of job (KB)
...
006 (35929332.021.000) 05/02 15:45:19 Image size of job updated: 324
	324  -  MemoryUsage of job (MB)
	332612  -  ResidentSetSize of job (KB)
...
006 (35929332.021.000) 05/02 15:46:20 Image size of job updated: 324
	324  -  MemoryUsage of job (MB)
	332640  -  ResidentSetSize of job (KB)
...
006 (35929332.021.000) 05/02 15:48:20 Image size of job updated: 329
	329  -  MemoryUsage of job (MB)
	337172  -  ResidentSetSize of job (KB)
...
006 (35929332.021.000) 05/02 15:49:21 Image size of job updated: 332
	332  -  MemoryUsage of job (MB)
	340256  -  ResidentSetSize of job (KB)
...
006 (35929332.021.000) 05/02 15:50:22 Image size of job updated: 332
	332  -  MemoryUsage of job (MB)
	340880  -  ResidentSetSize of job (KB)
...
006 (35929332.021.000) 05/02 15:51:23 Image size of job updated: 332
	332  -  MemoryUsage of job (MB)
	340896  -  ResidentSetSize of job (KB)
...
006 (35929332.021.000) 05/02 15:52:24 Image size of job updated: 334
	334  -  MemoryUsage of job (MB)
	342992  -  ResidentSetSize of job (KB)
...
006 (35929332.021.000) 05/02 15:57:27 Image size of job updated: 335
	335  -  MemoryUsage of job (MB)
	343376  -  ResidentSetSize of job (KB)
...
006 (35929332.021.000) 05/02 15:58:27 Image size of job updated: 335
	335  -  MemoryUsage of job (MB)
	343568  -  ResidentSetSize of job (KB)
...
006 (35929332.021.000) 05/02 15:59:27 Image size of job updated: 335
	335  -  MemoryUsage of job (MB)
	343824  -  ResidentSetSize of job (KB)
...
006 (35929332.021.000) 05/02 16:01:28 Image size of job updated: 336
	336  -  MemoryUsage of job (MB)
	344184  -  ResidentSetSize of job (KB)
...
006 (35929332.021.000) 05/02 16:05:32 Image size of job updated: 336
	336  -  MemoryUsage of job (MB)
	344516  -  ResidentSetSize of job (KB)
...
006 (35929332.021.000) 05/02 16:06:33 Image size of job updated: 337
	337  -  MemoryUsage of job (MB)
	345212  -  ResidentSetSize of job (KB)
...
006 (35929332.021.000) 05/02 16:07:34 Image size of job updated: 337
	337  -  MemoryUsage of job (MB)
	345216  -  ResidentSetSize of job (KB)
...
006 (35929332.021.000) 05/02 16:08:35 Image size of job updated: 337
	337  -  MemoryUsage of job (MB)
	345548  -  ResidentSetSize of job (KB)
...
006 (35929332.021.000) 05/02 16:09:36 Image size of job updated: 337
	337  -  MemoryUsage of job (MB)
	345904  -  ResidentSetSize of job (KB)
...
006 (35929332.021.000) 05/02 16:15:38 Image size of job updated: 338
	338  -  MemoryUsage of job (MB)
	346676  -  ResidentSetSize of job (KB)
...
006 (35929332.021.000) 05/02 16:16:38 Image size of job updated: 338
	338  -  MemoryUsage of job (MB)
	346720  -  ResidentSetSize of job (KB)
...
006 (35929332.021.000) 05/02 16:18:38 Image size of job updated: 341
	341  -  MemoryUsage of job (MB)
	349216  -  ResidentSetSize of job (KB)
...
005 (35929332.021.000) 05/02 16:24:36 Job terminated.
	(1) Normal termination (return value 0)
		Usr 0 00:28:34, Sys 0 00:09:20  -  Run Remote Usage
		Usr 0 00:00:00, Sys 0 00:00:00  -  Run Local Usage
		Usr 0 00:28:34, Sys 0 00:09:20  -  Total Remote Usage
		Usr 0 00:00:00, Sys 0 00:00:00  -  Total Local Usage
	4598  -  Run Bytes Sent By Job
	11057  -  Run Bytes Received By Job
	4598  -  Total Bytes Sent By Job
	11057  -  Total Bytes Received By Job
	Partitionable Resources :    Usage  Request Allocated 
	   Cpus                 :        0        1         1 
	   Disk (KB)            :       46        2   1645408 
	   Memory (MB)          :      341     2048      2048 
...
