000 (65512065.024.000) 05/02 15:00:26 Job submitted from host: <131.225.188.235:9618?addrs=131.225.188.235-9618&noUDP&sock=813081_83ea_25>
...
001 (65512065.024.000) 05/02 15:01:22 Job executing on host: <131.225.190.36:9618?addrs=131.225.190.36-9618&noUDP&sock=3512_84b3_3>
...
005 (65512065.024.000) 05/02 15:01:35 Job terminated.
	(1) Normal termination (return value 0)
		Usr 0 00:00:00, Sys 0 00:00:00  -  Run Remote Usage
		Usr 0 00:00:00, Sys 0 00:00:00  -  Run Local Usage
		Usr 0 00:00:00, Sys 0 00:00:00  -  Total Remote Usage
		Usr 0 00:00:00, Sys 0 00:00:00  -  Total Local Usage
	5343  -  Run Bytes Sent By Job
	11045  -  Run Bytes Received By Job
	5343  -  Total Bytes Sent By Job
	11045  -  Total Bytes Received By Job
	Partitionable Resources :    Usage  Request Allocated 
	   Cpus                 :     0.09        1         1 
	   Disk (KB)            :    42           2    771959 
	   Memory (MB)          :              2048      2048 
...
000 (35929332.024.000) 05/02 15:11:35 Job submitted from host: <131.225.188.57:9618?addrs=131.225.188.57-9618&noUDP&sock=955572_7d49_27>
...
001 (35929332.024.000) 05/02 15:16:10 Job executing on host: <131.225.204.55:9618?addrs=131.225.204.55-9618&noUDP&sock=1923_98b6_3>
...
006 (35929332.024.000) 05/02 15:16:19 Image size of job updated: 7
	7  -  MemoryUsage of job (MB)
	8044  -  ResidentSetSize of job (KB)
...
006 (35929332.024.000) 05/02 15:17:20 Image size of job updated: 282
	282  -  MemoryUsage of job (MB)
	289244  -  ResidentSetSize of job (KB)
...
006 (35929332.024.000) 05/02 15:18:21 Image size of job updated: 283
	283  -  MemoryUsage of job (MB)
	290812  -  ResidentSetSize of job (KB)
...
006 (35929332.024.000) 05/02 15:19:21 Image size of job updated: 284
	284  -  MemoryUsage of job (MB)
	291040  -  ResidentSetSize of job (KB)
...
006 (35929332.024.000) 05/02 15:20:21 Image size of job updated: 284
	284  -  MemoryUsage of job (MB)
	291248  -  ResidentSetSize of job (KB)
...
006 (35929332.024.000) 05/02 15:21:21 Image size of job updated: 284
	284  -  MemoryUsage of job (MB)
	291472  -  ResidentSetSize of job (KB)
...
006 (35929332.024.000) 05/02 15:22:21 Image size of job updated: 284
	284  -  MemoryUsage of job (MB)
	291788  -  ResidentSetSize of job (KB)
...
006 (35929332.024.000) 05/02 15:23:22 Image size of job updated: 309
	309  -  MemoryUsage of job (MB)
	316916  -  ResidentSetSize of job (KB)
...
006 (35929332.024.000) 05/02 15:24:23 Image size of job updated: 312
	312  -  MemoryUsage of job (MB)
	320468  -  ResidentSetSize of job (KB)
...
006 (35929332.024.000) 05/02 15:25:24 Image size of job updated: 313
	313  -  MemoryUsage of job (MB)
	321028  -  ResidentSetSize of job (KB)
...
006 (35929332.024.000) 05/02 15:26:25 Image size of job updated: 313
	313  -  MemoryUsage of job (MB)
	321192  -  ResidentSetSize of job (KB)
...
006 (35929332.024.000) 05/02 15:27:25 Image size of job updated: 314
	314  -  MemoryUsage of job (MB)
	321648  -  ResidentSetSize of job (KB)
...
006 (35929332.024.000) 05/02 15:28:25 Image size of job updated: 314
	314  -  MemoryUsage of job (MB)
	321916  -  ResidentSetSize of job (KB)
...
006 (35929332.024.000) 05/02 15:29:25 Image size of job updated: 314
	314  -  MemoryUsage of job (MB)
	322104  -  ResidentSetSize of job (KB)
...
006 (35929332.024.000) 05/02 15:30:25 Image size of job updated: 314
	314  -  MemoryUsage of job (MB)
	322204  -  ResidentSetSize of job (KB)
...
006 (35929332.024.000) 05/02 15:31:26 Image size of job updated: 314
	314  -  MemoryUsage of job (MB)
	322340  -  ResidentSetSize of job (KB)
...
006 (35929332.024.000) 05/02 15:32:27 Image size of job updated: 314
	314  -  MemoryUsage of job (MB)
	322480  -  ResidentSetSize of job (KB)
...
006 (35929332.024.000) 05/02 15:33:27 Image size of job updated: 322
	322  -  MemoryUsage of job (MB)
	330492  -  ResidentSetSize of job (KB)
...
006 (35929332.024.000) 05/02 15:34:27 Image size of job updated: 323
	323  -  MemoryUsage of job (MB)
	331536  -  ResidentSetSize of job (KB)
...
006 (35929332.024.000) 05/02 15:35:27 Image size of job updated: 324
	324  -  MemoryUsage of job (MB)
	331792  -  ResidentSetSize of job (KB)
...
006 (35929332.024.000) 05/02 15:36:28 Image size of job updated: 324
	324  -  MemoryUsage of job (MB)
	332096  -  ResidentSetSize of job (KB)
...
006 (35929332.024.000) 05/02 15:37:29 Image size of job updated: 324
	324  -  MemoryUsage of job (MB)
	332152  -  ResidentSetSize of job (KB)
...
006 (35929332.024.000) 05/02 15:39:31 Image size of job updated: 331
	331  -  MemoryUsage of job (MB)
	339676  -  ResidentSetSize of job (KB)
...
006 (35929332.024.000) 05/02 15:40:31 Image size of job updated: 336
	336  -  MemoryUsage of job (MB)
	344780  -  ResidentSetSize of job (KB)
...
006 (35929332.024.000) 05/02 15:41:31 Image size of job updated: 336
	336  -  MemoryUsage of job (MB)
	344852  -  ResidentSetSize of job (KB)
...
006 (35929332.024.000) 05/02 15:43:31 Image size of job updated: 336
	336  -  MemoryUsage of job (MB)
	344868  -  ResidentSetSize of job (KB)
...
006 (35929332.024.000) 05/02 15:44:32 Image size of job updated: 337
	337  -  MemoryUsage of job (MB)
	345120  -  ResidentSetSize of job (KB)
...
006 (35929332.024.000) 05/02 15:46:34 Image size of job updated: 337
	337  -  MemoryUsage of job (MB)
	346040  -  ResidentSetSize of job (KB)
...
006 (35929332.024.000) 05/02 15:47:35 Image size of job updated: 337
	337  -  MemoryUsage of job (MB)
	346092  -  ResidentSetSize of job (KB)
...
006 (35929332.024.000) 05/02 15:49:35 Image size of job updated: 337
	337  -  MemoryUsage of job (MB)
	346096  -  ResidentSetSize of job (KB)
...
006 (35929332.024.000) 05/02 15:55:38 Image size of job updated: 339
	339  -  MemoryUsage of job (MB)
	347744  -  ResidentSetSize of job (KB)
...
006 (35929332.024.000) 05/02 15:56:39 Image size of job updated: 339
	339  -  MemoryUsage of job (MB)
	347788  -  ResidentSetSize of job (KB)
...
006 (35929332.024.000) 05/02 16:02:41 Image size of job updated: 340
	340  -  MemoryUsage of job (MB)
	348220  -  ResidentSetSize of job (KB)
...
006 (35929332.024.000) 05/02 16:03:42 Image size of job updated: 340
	340  -  MemoryUsage of job (MB)
	348228  -  ResidentSetSize of job (KB)
...
006 (35929332.024.000) 05/02 16:04:43 Image size of job updated: 340
	340  -  MemoryUsage of job (MB)
	348244  -  ResidentSetSize of job (KB)
...
006 (35929332.024.000) 05/02 16:07:43 Image size of job updated: 340
	340  -  MemoryUsage of job (MB)
	348252  -  ResidentSetSize of job (KB)
...
005 (35929332.024.000) 05/02 16:08:52 Job terminated.
	(1) Normal termination (return value 0)
		Usr 0 00:27:25, Sys 0 00:04:42  -  Run Remote Usage
		Usr 0 00:00:00, Sys 0 00:00:00  -  Run Local Usage
		Usr 0 00:27:25, Sys 0 00:04:42  -  Total Remote Usage
		Usr 0 00:00:00, Sys 0 00:00:00  -  Total Local Usage
	4963  -  Run Bytes Sent By Job
	11057  -  Run Bytes Received By Job
	4963  -  Total Bytes Sent By Job
	11057  -  Total Bytes Received By Job
	Partitionable Resources :    Usage  Request Allocated 
	   Cpus                 :        0        1         1 
	   Disk (KB)            :       37        2    324099 
	   Memory (MB)          :      340     2048      2048 
...
