000 (65512065.030.000) 05/02 15:00:26 Job submitted from host: <131.225.188.235:9618?addrs=131.225.188.235-9618&noUDP&sock=813081_83ea_25>
...
001 (65512065.030.000) 05/02 15:01:30 Job executing on host: <131.225.190.26:9618?addrs=131.225.190.26-9618&noUDP&sock=3518_a244_3>
...
005 (65512065.030.000) 05/02 15:01:40 Job terminated.
	(1) Normal termination (return value 0)
		Usr 0 00:00:00, Sys 0 00:00:00  -  Run Remote Usage
		Usr 0 00:00:00, Sys 0 00:00:00  -  Run Local Usage
		Usr 0 00:00:00, Sys 0 00:00:00  -  Total Remote Usage
		Usr 0 00:00:00, Sys 0 00:00:00  -  Total Local Usage
	11184  -  Run Bytes Sent By Job
	11045  -  Run Bytes Received By Job
	11184  -  Total Bytes Sent By Job
	11045  -  Total Bytes Received By Job
	Partitionable Resources :    Usage  Request Allocated 
	   Cpus                 :        0        1         1 
	   Disk (KB)            :       47        2    771549 
	   Memory (MB)          :              2048      2048 
...
000 (35929332.030.000) 05/02 15:11:35 Job submitted from host: <131.225.188.57:9618?addrs=131.225.188.57-9618&noUDP&sock=955572_7d49_27>
...
001 (35929332.030.000) 05/02 15:17:06 Job executing on host: <131.225.204.117:9618?addrs=131.225.204.117-9618&noUDP&sock=1912_0d2b_3>
...
006 (35929332.030.000) 05/02 15:17:15 Image size of job updated: 3
	3  -  MemoryUsage of job (MB)
	3404  -  ResidentSetSize of job (KB)
...
006 (35929332.030.000) 05/02 15:18:15 Image size of job updated: 266
	266  -  MemoryUsage of job (MB)
	273212  -  ResidentSetSize of job (KB)
...
006 (35929332.030.000) 05/02 15:19:15 Image size of job updated: 298
	298  -  MemoryUsage of job (MB)
	305400  -  ResidentSetSize of job (KB)
...
006 (35929332.030.000) 05/02 15:20:15 Image size of job updated: 300
	300  -  MemoryUsage of job (MB)
	307700  -  ResidentSetSize of job (KB)
...
006 (35929332.030.000) 05/02 15:21:16 Image size of job updated: 314
	314  -  MemoryUsage of job (MB)
	322396  -  ResidentSetSize of job (KB)
...
006 (35929332.030.000) 05/02 15:22:17 Image size of job updated: 316
	316  -  MemoryUsage of job (MB)
	324204  -  ResidentSetSize of job (KB)
...
006 (35929332.030.000) 05/02 15:23:18 Image size of job updated: 316
	316  -  MemoryUsage of job (MB)
	324464  -  ResidentSetSize of job (KB)
...
006 (35929332.030.000) 05/02 15:24:19 Image size of job updated: 317
	317  -  MemoryUsage of job (MB)
	324940  -  ResidentSetSize of job (KB)
...
006 (35929332.030.000) 05/02 15:25:20 Image size of job updated: 317
	317  -  MemoryUsage of job (MB)
	325056  -  ResidentSetSize of job (KB)
...
006 (35929332.030.000) 05/02 15:26:20 Image size of job updated: 317
	317  -  MemoryUsage of job (MB)
	325140  -  ResidentSetSize of job (KB)
...
006 (35929332.030.000) 05/02 15:27:20 Image size of job updated: 317
	317  -  MemoryUsage of job (MB)
	325372  -  ResidentSetSize of job (KB)
...
006 (35929332.030.000) 05/02 15:28:20 Image size of job updated: 317
	317  -  MemoryUsage of job (MB)
	325452  -  ResidentSetSize of job (KB)
...
006 (35929332.030.000) 05/02 15:29:20 Image size of job updated: 317
	317  -  MemoryUsage of job (MB)
	325596  -  ResidentSetSize of job (KB)
...
006 (35929332.030.000) 05/02 15:30:20 Image size of job updated: 318
	318  -  MemoryUsage of job (MB)
	325688  -  ResidentSetSize of job (KB)
...
006 (35929332.030.000) 05/02 15:31:21 Image size of job updated: 318
	318  -  MemoryUsage of job (MB)
	325852  -  ResidentSetSize of job (KB)
...
006 (35929332.030.000) 05/02 15:32:22 Image size of job updated: 318
	318  -  MemoryUsage of job (MB)
	325908  -  ResidentSetSize of job (KB)
...
006 (35929332.030.000) 05/02 15:33:23 Image size of job updated: 318
	318  -  MemoryUsage of job (MB)
	325960  -  ResidentSetSize of job (KB)
...
006 (35929332.030.000) 05/02 15:33:49 Image size of job updated: 318
	318  -  MemoryUsage of job (MB)
	325980  -  ResidentSetSize of job (KB)
...
005 (35929332.030.000) 05/02 15:33:49 Job terminated.
	(1) Normal termination (return value 0)
		Usr 0 00:07:28, Sys 0 00:01:06  -  Run Remote Usage
		Usr 0 00:00:00, Sys 0 00:00:00  -  Run Local Usage
		Usr 0 00:07:28, Sys 0 00:01:06  -  Total Remote Usage
		Usr 0 00:00:00, Sys 0 00:00:00  -  Total Local Usage
	4501  -  Run Bytes Sent By Job
	11057  -  Run Bytes Received By Job
	4501  -  Total Bytes Sent By Job
	11057  -  Total Bytes Received By Job
	Partitionable Resources :    Usage  Request Allocated 
	   Cpus                 :     0.00        1         1 
	   Disk (KB)            :    36           2    312232 
	   Memory (MB)          :   318        2048      2048 
...
