000 (65512065.035.000) 05/02 15:00:26 Job submitted from host: <131.225.188.235:9618?addrs=131.225.188.235-9618&noUDP&sock=813081_83ea_25>
...
001 (65512065.035.000) 05/02 15:01:36 Job executing on host: <131.225.190.36:9618?addrs=131.225.190.36-9618&noUDP&sock=3512_84b3_3>
...
005 (65512065.035.000) 05/02 15:01:47 Job terminated.
	(1) Normal termination (return value 0)
		Usr 0 00:00:00, Sys 0 00:00:00  -  Run Remote Usage
		Usr 0 00:00:00, Sys 0 00:00:00  -  Run Local Usage
		Usr 0 00:00:00, Sys 0 00:00:00  -  Total Remote Usage
		Usr 0 00:00:00, Sys 0 00:00:00  -  Total Local Usage
	11317  -  Run Bytes Sent By Job
	11045  -  Run Bytes Received By Job
	11317  -  Total Bytes Sent By Job
	11045  -  Total Bytes Received By Job
	Partitionable Resources :    Usage  Request Allocated 
	   Cpus                 :     0.13        1         1 
	   Disk (KB)            :    48           2    771959 
	   Memory (MB)          :              2048      2048 
...
000 (35929332.035.000) 05/02 15:11:35 Job submitted from host: <131.225.188.57:9618?addrs=131.225.188.57-9618&noUDP&sock=955572_7d49_27>
...
001 (35929332.035.000) 05/02 15:17:08 Job executing on host: <131.225.204.117:9618?addrs=131.225.204.117-9618&noUDP&sock=1912_0d2b_3>
...
006 (35929332.035.000) 05/02 15:18:20 Image size of job updated: 286
	286  -  MemoryUsage of job (MB)
	293820  -  ResidentSetSize of job (KB)
...
006 (35929332.035.000) 05/02 15:19:20 Image size of job updated: 306
	306  -  MemoryUsage of job (MB)
	313632  -  ResidentSetSize of job (KB)
...
006 (35929332.035.000) 05/02 15:22:23 Image size of job updated: 317
	317  -  MemoryUsage of job (MB)
	325180  -  ResidentSetSize of job (KB)
...
006 (35929332.035.000) 05/02 15:23:24 Image size of job updated: 317
	317  -  MemoryUsage of job (MB)
	325292  -  ResidentSetSize of job (KB)
...
006 (35929332.035.000) 05/02 15:24:25 Image size of job updated: 317
	317  -  MemoryUsage of job (MB)
	325352  -  ResidentSetSize of job (KB)
...
006 (35929332.035.000) 05/02 15:25:26 Image size of job updated: 317
	317  -  MemoryUsage of job (MB)
	325360  -  ResidentSetSize of job (KB)
...
006 (35929332.035.000) 05/02 15:26:26 Image size of job updated: 317
	317  -  MemoryUsage of job (MB)
	325424  -  ResidentSetSize of job (KB)
...
006 (35929332.035.000) 05/02 15:27:26 Image size of job updated: 318
	318  -  MemoryUsage of job (MB)
	326008  -  ResidentSetSize of job (KB)
...
006 (35929332.035.000) 05/02 15:29:26 Image size of job updated: 318
	318  -  MemoryUsage of job (MB)
	326012  -  ResidentSetSize of job (KB)
...
006 (35929332.035.000) 05/02 15:30:26 Image size of job updated: 318
	318  -  MemoryUsage of job (MB)
	326032  -  ResidentSetSize of job (KB)
...
006 (35929332.035.000) 05/02 15:31:27 Image size of job updated: 318
	318  -  MemoryUsage of job (MB)
	326436  -  ResidentSetSize of job (KB)
...
006 (35929332.035.000) 05/02 15:32:11 Image size of job updated: 318
	318  -  MemoryUsage of job (MB)
	326444  -  ResidentSetSize of job (KB)
...
005 (35929332.035.000) 05/02 15:32:11 Job terminated.
	(1) Normal termination (return value 0)
		Usr 0 00:06:59, Sys 0 00:00:54  -  Run Remote Usage
		Usr 0 00:00:00, Sys 0 00:00:00  -  Run Local Usage
		Usr 0 00:06:59, Sys 0 00:00:54  -  Total Remote Usage
		Usr 0 00:00:00, Sys 0 00:00:00  -  Total Local Usage
	4668  -  Run Bytes Sent By Job
	11057  -  Run Bytes Received By Job
	4668  -  Total Bytes Sent By Job
	11057  -  Total Bytes Received By Job
	Partitionable Resources :    Usage  Request Allocated 
	   Cpus                 :     0.00        1         1 
	   Disk (KB)            :    36           2    312232 
	   Memory (MB)          :   318        2048      2048 
...
