000 (65512065.027.000) 05/02 15:00:26 Job submitted from host: <131.225.188.235:9618?addrs=131.225.188.235-9618&noUDP&sock=813081_83ea_25>
...
001 (65512065.027.000) 05/02 15:01:23 Job executing on host: <131.225.206.200:9618?addrs=131.225.206.200-9618&noUDP&sock=1920_89ed_3>
...
005 (65512065.027.000) 05/02 15:01:29 Job terminated.
	(1) Normal termination (return value 0)
		Usr 0 00:00:00, Sys 0 00:00:00  -  Run Remote Usage
		Usr 0 00:00:00, Sys 0 00:00:00  -  Run Local Usage
		Usr 0 00:00:00, Sys 0 00:00:00  -  Total Remote Usage
		Usr 0 00:00:00, Sys 0 00:00:00  -  Total Local Usage
	9962  -  Run Bytes Sent By Job
	11045  -  Run Bytes Received By Job
	9962  -  Total Bytes Sent By Job
	11045  -  Total Bytes Received By Job
	Partitionable Resources :    Usage  Request Allocated 
	   Cpus                 :        0        1         1 
	   Disk (KB)            :       42        2    320629 
	   Memory (MB)          :              2048      2048 
...
000 (35929332.027.000) 05/02 15:11:35 Job submitted from host: <131.225.188.57:9618?addrs=131.225.188.57-9618&noUDP&sock=955572_7d49_27>
...
001 (35929332.027.000) 05/02 15:17:06 Job executing on host: <131.225.206.233:9618?addrs=131.225.206.233-9618&noUDP&sock=1907_9f32_3>
...
006 (35929332.027.000) 05/02 15:17:15 Image size of job updated: 4
	4  -  MemoryUsage of job (MB)
	4984  -  ResidentSetSize of job (KB)
...
006 (35929332.027.000) 05/02 15:18:16 Image size of job updated: 293
	293  -  MemoryUsage of job (MB)
	300968  -  ResidentSetSize of job (KB)
...
006 (35929332.027.000) 05/02 15:19:17 Image size of job updated: 305
	305  -  MemoryUsage of job (MB)
	312456  -  ResidentSetSize of job (KB)
...
006 (35929332.027.000) 05/02 15:20:18 Image size of job updated: 307
	307  -  MemoryUsage of job (MB)
	315076  -  ResidentSetSize of job (KB)
...
006 (35929332.027.000) 05/02 15:22:20 Image size of job updated: 317
	317  -  MemoryUsage of job (MB)
	325492  -  ResidentSetSize of job (KB)
...
006 (35929332.027.000) 05/02 15:23:20 Image size of job updated: 318
	318  -  MemoryUsage of job (MB)
	326124  -  ResidentSetSize of job (KB)
...
006 (35929332.027.000) 05/02 15:26:20 Image size of job updated: 318
	318  -  MemoryUsage of job (MB)
	326536  -  ResidentSetSize of job (KB)
...
006 (35929332.027.000) 05/02 15:27:21 Image size of job updated: 319
	319  -  MemoryUsage of job (MB)
	326884  -  ResidentSetSize of job (KB)
...
006 (35929332.027.000) 05/02 15:28:22 Image size of job updated: 319
	319  -  MemoryUsage of job (MB)
	327436  -  ResidentSetSize of job (KB)
...
006 (35929332.027.000) 05/02 15:29:23 Image size of job updated: 319
	319  -  MemoryUsage of job (MB)
	327508  -  ResidentSetSize of job (KB)
...
005 (35929332.027.000) 05/02 15:29:27 Job terminated.
	(1) Normal termination (return value 0)
		Usr 0 00:07:19, Sys 0 00:00:55  -  Run Remote Usage
		Usr 0 00:00:00, Sys 0 00:00:00  -  Run Local Usage
		Usr 0 00:07:19, Sys 0 00:00:55  -  Total Remote Usage
		Usr 0 00:00:00, Sys 0 00:00:00  -  Total Local Usage
	4440  -  Run Bytes Sent By Job
	11057  -  Run Bytes Received By Job
	4440  -  Total Bytes Sent By Job
	11057  -  Total Bytes Received By Job
	Partitionable Resources :    Usage  Request Allocated 
	   Cpus                 :        0        1         1 
	   Disk (KB)            :       36        2    323083 
	   Memory (MB)          :      319     2048      2048 
...
