000 (65512065.029.000) 05/02 15:00:26 Job submitted from host: <131.225.188.235:9618?addrs=131.225.188.235-9618&noUDP&sock=813081_83ea_25>
...
001 (65512065.029.000) 05/02 15:01:26 Job executing on host: <131.225.190.26:9618?addrs=131.225.190.26-9618&noUDP&sock=3518_a244_3>
...
005 (65512065.029.000) 05/02 15:01:37 Job terminated.
	(1) Normal termination (return value 0)
		Usr 0 00:00:00, Sys 0 00:00:00  -  Run Remote Usage
		Usr 0 00:00:00, Sys 0 00:00:00  -  Run Local Usage
		Usr 0 00:00:00, Sys 0 00:00:00  -  Total Remote Usage
		Usr 0 00:00:00, Sys 0 00:00:00  -  Total Local Usage
	10374  -  Run Bytes Sent By Job
	11045  -  Run Bytes Received By Job
	10374  -  Total Bytes Sent By Job
	11045  -  Total Bytes Received By Job
	Partitionable Resources :    Usage  Request Allocated 
	   Cpus                 :     0.17        1         1 
	   Disk (KB)            :    46           2    771549 
	   Memory (MB)          :              2048      2048 
...
000 (35929332.029.000) 05/02 15:11:35 Job submitted from host: <131.225.188.57:9618?addrs=131.225.188.57-9618&noUDP&sock=955572_7d49_27>
...
001 (35929332.029.000) 05/02 15:17:08 Job executing on host: <131.225.188.20:9618?addrs=131.225.188.20-9618&noUDP&sock=6054_1e71_3>
...
006 (35929332.029.000) 05/02 15:17:17 Image size of job updated: 3
	3  -  MemoryUsage of job (MB)
	3412  -  ResidentSetSize of job (KB)
...
006 (35929332.029.000) 05/02 15:18:18 Image size of job updated: 302
	302  -  MemoryUsage of job (MB)
	309828  -  ResidentSetSize of job (KB)
...
006 (35929332.029.000) 05/02 15:19:19 Image size of job updated: 312
	312  -  MemoryUsage of job (MB)
	319580  -  ResidentSetSize of job (KB)
...
006 (35929332.029.000) 05/02 15:20:19 Image size of job updated: 317
	317  -  MemoryUsage of job (MB)
	324620  -  ResidentSetSize of job (KB)
...
006 (35929332.029.000) 05/02 15:21:19 Image size of job updated: 317
	317  -  MemoryUsage of job (MB)
	325392  -  ResidentSetSize of job (KB)
...
006 (35929332.029.000) 05/02 15:22:20 Image size of job updated: 318
	318  -  MemoryUsage of job (MB)
	325792  -  ResidentSetSize of job (KB)
...
006 (35929332.029.000) 05/02 15:23:21 Image size of job updated: 319
	319  -  MemoryUsage of job (MB)
	327188  -  ResidentSetSize of job (KB)
...
006 (35929332.029.000) 05/02 15:24:22 Image size of job updated: 319
	319  -  MemoryUsage of job (MB)
	327468  -  ResidentSetSize of job (KB)
...
006 (35929332.029.000) 05/02 15:25:23 Image size of job updated: 320
	320  -  MemoryUsage of job (MB)
	328512  -  ResidentSetSize of job (KB)
...
006 (35929332.029.000) 05/02 15:26:24 Image size of job updated: 320
	320  -  MemoryUsage of job (MB)
	328608  -  ResidentSetSize of job (KB)
...
006 (35929332.029.000) 05/02 15:27:24 Image size of job updated: 321
	321  -  MemoryUsage of job (MB)
	328708  -  ResidentSetSize of job (KB)
...
006 (35929332.029.000) 05/02 15:28:24 Image size of job updated: 321
	321  -  MemoryUsage of job (MB)
	328780  -  ResidentSetSize of job (KB)
...
006 (35929332.029.000) 05/02 15:29:25 Image size of job updated: 321
	321  -  MemoryUsage of job (MB)
	328856  -  ResidentSetSize of job (KB)
...
006 (35929332.029.000) 05/02 15:30:26 Image size of job updated: 321
	321  -  MemoryUsage of job (MB)
	328904  -  ResidentSetSize of job (KB)
...
006 (35929332.029.000) 05/02 15:31:27 Image size of job updated: 321
	321  -  MemoryUsage of job (MB)
	328968  -  ResidentSetSize of job (KB)
...
006 (35929332.029.000) 05/02 15:32:28 Image size of job updated: 321
	321  -  MemoryUsage of job (MB)
	329012  -  ResidentSetSize of job (KB)
...
005 (35929332.029.000) 05/02 15:32:52 Job terminated.
	(1) Normal termination (return value 0)
		Usr 0 00:08:00, Sys 0 00:01:25  -  Run Remote Usage
		Usr 0 00:00:00, Sys 0 00:00:00  -  Run Local Usage
		Usr 0 00:08:00, Sys 0 00:01:25  -  Total Remote Usage
		Usr 0 00:00:00, Sys 0 00:00:00  -  Total Local Usage
	4514  -  Run Bytes Sent By Job
	11057  -  Run Bytes Received By Job
	4514  -  Total Bytes Sent By Job
	11057  -  Total Bytes Received By Job
	Partitionable Resources :    Usage  Request Allocated 
	   Cpus                 :        0        1         1 
	   Disk (KB)            :       45        2   1638407 
	   Memory (MB)          :      321     2048      2048 
...
