000 (65512065.034.000) 05/02 15:00:26 Job submitted from host: <131.225.188.235:9618?addrs=131.225.188.235-9618&noUDP&sock=813081_83ea_25>
...
001 (65512065.034.000) 05/02 15:01:33 Job executing on host: <131.225.205.173:9618?addrs=131.225.205.173-9618&noUDP&sock=3564_2fa0_3>
...
005 (65512065.034.000) 05/02 15:01:43 Job terminated.
	(1) Normal termination (return value 0)
		Usr 0 00:00:00, Sys 0 00:00:00  -  Run Remote Usage
		Usr 0 00:00:00, Sys 0 00:00:00  -  Run Local Usage
		Usr 0 00:00:00, Sys 0 00:00:00  -  Total Remote Usage
		Usr 0 00:00:00, Sys 0 00:00:00  -  Total Local Usage
	11714  -  Run Bytes Sent By Job
	11045  -  Run Bytes Received By Job
	11714  -  Total Bytes Sent By Job
	11045  -  Total Bytes Received By Job
	Partitionable Resources :    Usage  Request Allocated 
	   Cpus                 :        0        1         1 
	   Disk (KB)            :       48        2   1633619 
	   Memory (MB)          :              2048      2048 
...
000 (35929332.034.000) 05/02 15:11:35 Job submitted from host: <131.225.188.57:9618?addrs=131.225.188.57-9618&noUDP&sock=955572_7d49_27>
...
001 (35929332.034.000) 05/02 15:17:08 Job executing on host: <131.225.204.117:9618?addrs=131.225.204.117-9618&noUDP&sock=1912_0d2b_3>
...
006 (35929332.034.000) 05/02 15:17:19 Image size of job updated: 3
	3  -  MemoryUsage of job (MB)
	3404  -  ResidentSetSize of job (KB)
...
006 (35929332.034.000) 05/02 15:18:19 Image size of job updated: 287
	287  -  MemoryUsage of job (MB)
	294676  -  ResidentSetSize of job (KB)
...
006 (35929332.034.000) 05/02 15:19:19 Image size of job updated: 308
	308  -  MemoryUsage of job (MB)
	315888  -  ResidentSetSize of job (KB)
...
006 (35929332.034.000) 05/02 15:20:19 Image size of job updated: 312
	312  -  MemoryUsage of job (MB)
	319932  -  ResidentSetSize of job (KB)
...
006 (35929332.034.000) 05/02 15:21:20 Image size of job updated: 314
	314  -  MemoryUsage of job (MB)
	322264  -  ResidentSetSize of job (KB)
...
006 (35929332.034.000) 05/02 15:22:21 Image size of job updated: 322
	322  -  MemoryUsage of job (MB)
	329900  -  ResidentSetSize of job (KB)
...
006 (35929332.034.000) 05/02 15:23:22 Image size of job updated: 322
	322  -  MemoryUsage of job (MB)
	329944  -  ResidentSetSize of job (KB)
...
006 (35929332.034.000) 05/02 15:24:23 Image size of job updated: 322
	322  -  MemoryUsage of job (MB)
	329980  -  ResidentSetSize of job (KB)
...
006 (35929332.034.000) 05/02 15:25:24 Image size of job updated: 322
	322  -  MemoryUsage of job (MB)
	330052  -  ResidentSetSize of job (KB)
...
006 (35929332.034.000) 05/02 15:27:24 Image size of job updated: 322
	322  -  MemoryUsage of job (MB)
	330056  -  ResidentSetSize of job (KB)
...
006 (35929332.034.000) 05/02 15:28:24 Image size of job updated: 322
	322  -  MemoryUsage of job (MB)
	330060  -  ResidentSetSize of job (KB)
...
006 (35929332.034.000) 05/02 15:29:24 Image size of job updated: 322
	322  -  MemoryUsage of job (MB)
	330068  -  ResidentSetSize of job (KB)
...
006 (35929332.034.000) 05/02 15:30:24 Image size of job updated: 322
	322  -  MemoryUsage of job (MB)
	330072  -  ResidentSetSize of job (KB)
...
006 (35929332.034.000) 05/02 15:31:25 Image size of job updated: 322
	322  -  MemoryUsage of job (MB)
	330092  -  ResidentSetSize of job (KB)
...
006 (35929332.034.000) 05/02 15:32:26 Image size of job updated: 322
	322  -  MemoryUsage of job (MB)
	330100  -  ResidentSetSize of job (KB)
...
006 (35929332.034.000) 05/02 15:34:28 Image size of job updated: 322
	322  -  MemoryUsage of job (MB)
	330104  -  ResidentSetSize of job (KB)
...
005 (35929332.034.000) 05/02 15:34:37 Job terminated.
	(1) Normal termination (return value 0)
		Usr 0 00:08:06, Sys 0 00:01:05  -  Run Remote Usage
		Usr 0 00:00:00, Sys 0 00:00:00  -  Run Local Usage
		Usr 0 00:08:06, Sys 0 00:01:05  -  Total Remote Usage
		Usr 0 00:00:00, Sys 0 00:00:00  -  Total Local Usage
	4668  -  Run Bytes Sent By Job
	11057  -  Run Bytes Received By Job
	4668  -  Total Bytes Sent By Job
	11057  -  Total Bytes Received By Job
	Partitionable Resources :    Usage  Request Allocated 
	   Cpus                 :        0        1         1 
	   Disk (KB)            :       36        2    312232 
	   Memory (MB)          :      322     2048      2048 
...
