000 (65512065.033.000) 05/02 15:00:26 Job submitted from host: <131.225.188.235:9618?addrs=131.225.188.235-9618&noUDP&sock=813081_83ea_25>
...
001 (65512065.033.000) 05/02 15:01:32 Job executing on host: <131.225.204.41:9618?addrs=131.225.204.41-9618&noUDP&sock=1939_9239_3>
...
005 (65512065.033.000) 05/02 15:01:39 Job terminated.
	(1) Normal termination (return value 0)
		Usr 0 00:00:00, Sys 0 00:00:00  -  Run Remote Usage
		Usr 0 00:00:00, Sys 0 00:00:00  -  Run Local Usage
		Usr 0 00:00:00, Sys 0 00:00:00  -  Total Remote Usage
		Usr 0 00:00:00, Sys 0 00:00:00  -  Total Local Usage
	10070  -  Run Bytes Sent By Job
	11045  -  Run Bytes Received By Job
	10070  -  Total Bytes Sent By Job
	11045  -  Total Bytes Received By Job
	Partitionable Resources :    Usage  Request Allocated 
	   Cpus                 :     0.03        1         1 
	   Disk (KB)            :    42           2    318984 
	   Memory (MB)          :              2048      2048 
...
000 (35929332.033.000) 05/02 15:11:35 Job submitted from host: <131.225.188.57:9618?addrs=131.225.188.57-9618&noUDP&sock=955572_7d49_27>
...
001 (35929332.033.000) 05/02 15:17:08 Job executing on host: <131.225.188.20:9618?addrs=131.225.188.20-9618&noUDP&sock=6054_1e71_3>
...
006 (35929332.033.000) 05/02 15:17:17 Image size of job updated: 3
	3  -  MemoryUsage of job (MB)
	3108  -  ResidentSetSize of job (KB)
...
006 (35929332.033.000) 05/02 15:18:18 Image size of job updated: 289
	289  -  MemoryUsage of job (MB)
	295968  -  ResidentSetSize of job (KB)
...
006 (35929332.033.000) 05/02 15:19:18 Image size of job updated: 307
	307  -  MemoryUsage of job (MB)
	315164  -  ResidentSetSize of job (KB)
...
006 (35929332.033.000) 05/02 15:20:18 Image size of job updated: 311
	311  -  MemoryUsage of job (MB)
	318484  -  ResidentSetSize of job (KB)
...
006 (35929332.033.000) 05/02 15:21:18 Image size of job updated: 312
	312  -  MemoryUsage of job (MB)
	320332  -  ResidentSetSize of job (KB)
...
006 (35929332.033.000) 05/02 15:22:19 Image size of job updated: 319
	319  -  MemoryUsage of job (MB)
	327604  -  ResidentSetSize of job (KB)
...
006 (35929332.033.000) 05/02 15:23:20 Image size of job updated: 319
	319  -  MemoryUsage of job (MB)
	327644  -  ResidentSetSize of job (KB)
...
006 (35929332.033.000) 05/02 15:24:21 Image size of job updated: 320
	320  -  MemoryUsage of job (MB)
	327732  -  ResidentSetSize of job (KB)
...
006 (35929332.033.000) 05/02 15:27:22 Image size of job updated: 320
	320  -  MemoryUsage of job (MB)
	327740  -  ResidentSetSize of job (KB)
...
006 (35929332.033.000) 05/02 15:28:22 Image size of job updated: 320
	320  -  MemoryUsage of job (MB)
	327796  -  ResidentSetSize of job (KB)
...
006 (35929332.033.000) 05/02 15:29:23 Image size of job updated: 320
	320  -  MemoryUsage of job (MB)
	327808  -  ResidentSetSize of job (KB)
...
006 (35929332.033.000) 05/02 15:31:25 Image size of job updated: 320
	320  -  MemoryUsage of job (MB)
	327820  -  ResidentSetSize of job (KB)
...
006 (35929332.033.000) 05/02 15:32:26 Image size of job updated: 320
	320  -  MemoryUsage of job (MB)
	327836  -  ResidentSetSize of job (KB)
...
005 (35929332.033.000) 05/02 15:32:39 Job terminated.
	(1) Normal termination (return value 0)
		Usr 0 00:08:06, Sys 0 00:01:23  -  Run Remote Usage
		Usr 0 00:00:00, Sys 0 00:00:00  -  Run Local Usage
		Usr 0 00:08:06, Sys 0 00:01:23  -  Total Remote Usage
		Usr 0 00:00:00, Sys 0 00:00:00  -  Total Local Usage
	4523  -  Run Bytes Sent By Job
	11057  -  Run Bytes Received By Job
	4523  -  Total Bytes Sent By Job
	11057  -  Total Bytes Received By Job
	Partitionable Resources :    Usage  Request Allocated 
	   Cpus                 :     0.00        1         1 
	   Disk (KB)            :    44           2   1638407 
	   Memory (MB)          :   320        2048      2048 
...
