000 (65512065.025.000) 05/02 15:00:26 Job submitted from host: <131.225.188.235:9618?addrs=131.225.188.235-9618&noUDP&sock=813081_83ea_25>
...
001 (65512065.025.000) 05/02 15:01:22 Job executing on host: <131.225.190.36:9618?addrs=131.225.190.36-9618&noUDP&sock=3512_84b3_3>
...
005 (65512065.025.000) 05/02 15:01:33 Job terminated.
	(1) Normal termination (return value 0)
		Usr 0 00:00:00, Sys 0 00:00:00  -  Run Remote Usage
		Usr 0 00:00:00, Sys 0 00:00:00  -  Run Local Usage
		Usr 0 00:00:00, Sys 0 00:00:00  -  Total Remote Usage
		Usr 0 00:00:00, Sys 0 00:00:00  -  Total Local Usage
	5616  -  Run Bytes Sent By Job
	11045  -  Run Bytes Received By Job
	5616  -  Total Bytes Sent By Job
	11045  -  Total Bytes Received By Job
	Partitionable Resources :    Usage  Request Allocated 
	   Cpus                 :        0        1         1 
	   Disk (KB)            :       42        2    771959 
	   Memory (MB)          :              2048      2048 
...
000 (35929332.025.000) 05/02 15:11:35 Job submitted from host: <131.225.188.57:9618?addrs=131.225.188.57-9618&noUDP&sock=955572_7d49_27>
...
001 (35929332.025.000) 05/02 15:16:10 Job executing on host: <131.225.191.134:9618?addrs=131.225.191.134-9618&noUDP&sock=1940_41d2_3>
...
006 (35929332.025.000) 05/02 15:16:19 Image size of job updated: 7
	7  -  MemoryUsage of job (MB)
	7796  -  ResidentSetSize of job (KB)
...
006 (35929332.025.000) 05/02 15:17:19 Image size of job updated: 286
	286  -  MemoryUsage of job (MB)
	293336  -  ResidentSetSize of job (KB)
...
006 (35929332.025.000) 05/02 15:18:19 Image size of job updated: 311
	311  -  MemoryUsage of job (MB)
	319112  -  ResidentSetSize of job (KB)
...
005 (35929332.025.000) 05/02 15:20:11 Job terminated.
	(1) Normal termination (return value 0)
		Usr 0 00:01:44, Sys 0 00:00:13  -  Run Remote Usage
		Usr 0 00:00:00, Sys 0 00:00:00  -  Run Local Usage
		Usr 0 00:01:44, Sys 0 00:00:13  -  Total Remote Usage
		Usr 0 00:00:00, Sys 0 00:00:00  -  Total Local Usage
	4430  -  Run Bytes Sent By Job
	11057  -  Run Bytes Received By Job
	4430  -  Total Bytes Sent By Job
	11057  -  Total Bytes Received By Job
	Partitionable Resources :    Usage  Request Allocated 
	   Cpus                 :        0        1         1 
	   Disk (KB)            :       36        2    315060 
	   Memory (MB)          :      309     2048      2048 
...
