000 (65512065.032.000) 05/02 15:00:26 Job submitted from host: <131.225.188.235:9618?addrs=131.225.188.235-9618&noUDP&sock=813081_83ea_25>
...
001 (65512065.032.000) 05/02 15:01:31 Job executing on host: <131.225.206.200:9618?addrs=131.225.206.200-9618&noUDP&sock=1920_89ed_3>
...
005 (65512065.032.000) 05/02 15:01:36 Job terminated.
	(1) Normal termination (return value 0)
		Usr 0 00:00:00, Sys 0 00:00:00  -  Run Remote Usage
		Usr 0 00:00:00, Sys 0 00:00:00  -  Run Local Usage
		Usr 0 00:00:00, Sys 0 00:00:00  -  Total Remote Usage
		Usr 0 00:00:00, Sys 0 00:00:00  -  Total Local Usage
	12257  -  Run Bytes Sent By Job
	11045  -  Run Bytes Received By Job
	12257  -  Total Bytes Sent By Job
	11045  -  Total Bytes Received By Job
	Partitionable Resources :    Usage  Request Allocated 
	   Cpus                 :     0.04        1         1 
	   Disk (KB)            :    44           2    320629 
	   Memory (MB)          :              2048      2048 
...
000 (35929332.032.000) 05/02 15:11:35 Job submitted from host: <131.225.188.57:9618?addrs=131.225.188.57-9618&noUDP&sock=955572_7d49_27>
...
001 (35929332.032.000) 05/02 15:17:08 Job executing on host: <131.225.204.117:9618?addrs=131.225.204.117-9618&noUDP&sock=1912_0d2b_3>
...
006 (35929332.032.000) 05/02 15:18:18 Image size of job updated: 294
	294  -  MemoryUsage of job (MB)
	301644  -  ResidentSetSize of job (KB)
...
006 (35929332.032.000) 05/02 15:19:18 Image size of job updated: 312
	312  -  MemoryUsage of job (MB)
	320412  -  ResidentSetSize of job (KB)
...
006 (35929332.032.000) 05/02 15:21:19 Image size of job updated: 315
	315  -  MemoryUsage of job (MB)
	323096  -  ResidentSetSize of job (KB)
...
006 (35929332.032.000) 05/02 15:22:20 Image size of job updated: 316
	316  -  MemoryUsage of job (MB)
	323784  -  ResidentSetSize of job (KB)
...
006 (35929332.032.000) 05/02 15:24:22 Image size of job updated: 316
	316  -  MemoryUsage of job (MB)
	324132  -  ResidentSetSize of job (KB)
...
006 (35929332.032.000) 05/02 15:25:23 Image size of job updated: 317
	317  -  MemoryUsage of job (MB)
	324840  -  ResidentSetSize of job (KB)
...
006 (35929332.032.000) 05/02 15:30:24 Image size of job updated: 317
	317  -  MemoryUsage of job (MB)
	324896  -  ResidentSetSize of job (KB)
...
006 (35929332.032.000) 05/02 15:32:26 Image size of job updated: 317
	317  -  MemoryUsage of job (MB)
	324988  -  ResidentSetSize of job (KB)
...
006 (35929332.032.000) 05/02 15:36:29 Image size of job updated: 317
	317  -  MemoryUsage of job (MB)
	325316  -  ResidentSetSize of job (KB)
...
006 (35929332.032.000) 05/02 15:37:29 Image size of job updated: 318
	318  -  MemoryUsage of job (MB)
	326412  -  ResidentSetSize of job (KB)
...
006 (35929332.032.000) 05/02 15:38:29 Image size of job updated: 318
	318  -  MemoryUsage of job (MB)
	326584  -  ResidentSetSize of job (KB)
...
005 (35929332.032.000) 05/02 15:38:41 Job terminated.
	(1) Normal termination (return value 0)
		Usr 0 00:09:52, Sys 0 00:01:24  -  Run Remote Usage
		Usr 0 00:00:00, Sys 0 00:00:00  -  Run Local Usage
		Usr 0 00:09:52, Sys 0 00:01:24  -  Total Remote Usage
		Usr 0 00:00:00, Sys 0 00:00:00  -  Total Local Usage
	4805  -  Run Bytes Sent By Job
	11057  -  Run Bytes Received By Job
	4805  -  Total Bytes Sent By Job
	11057  -  Total Bytes Received By Job
	Partitionable Resources :    Usage  Request Allocated 
	   Cpus                 :        0        1         1 
	   Disk (KB)            :       36        2    312232 
	   Memory (MB)          :      318     2048      2048 
...
