000 (65512065.057.000) 05/02 15:00:27 Job submitted from host: <131.225.188.235:9618?addrs=131.225.188.235-9618&noUDP&sock=813081_83ea_25>
...
001 (65512065.057.000) 05/02 15:01:54 Job executing on host: <131.225.205.152:9618?addrs=131.225.205.152-9618&noUDP&sock=3515_937c_3>
...
005 (65512065.057.000) 05/02 15:02:06 Job terminated.
	(1) Normal termination (return value 0)
		Usr 0 00:00:00, Sys 0 00:00:00  -  Run Remote Usage
		Usr 0 00:00:00, Sys 0 00:00:00  -  Run Local Usage
		Usr 0 00:00:00, Sys 0 00:00:00  -  Total Remote Usage
		Usr 0 00:00:00, Sys 0 00:00:00  -  Total Local Usage
	8981  -  Run Bytes Sent By Job
	11045  -  Run Bytes Received By Job
	8981  -  Total Bytes Sent By Job
	11045  -  Total Bytes Received By Job
	Partitionable Resources :    Usage  Request Allocated 
	   Cpus                 :        0        1         1 
	   Disk (KB)            :       45        2   1643189 
	   Memory (MB)          :              2048      2048 
...
000 (35929332.057.000) 05/02 15:11:35 Job submitted from host: <131.225.188.57:9618?addrs=131.225.188.57-9618&noUDP&sock=955572_7d49_27>
...
001 (35929332.057.000) 05/02 15:20:12 Job executing on host: <131.225.206.200:9618?addrs=131.225.206.200-9618&noUDP&sock=1920_89ed_3>
...
006 (35929332.057.000) 05/02 15:20:21 Image size of job updated: 11
	11  -  MemoryUsage of job (MB)
	11848  -  ResidentSetSize of job (KB)
...
006 (35929332.057.000) 05/02 15:21:21 Image size of job updated: 271
	271  -  MemoryUsage of job (MB)
	277812  -  ResidentSetSize of job (KB)
...
006 (35929332.057.000) 05/02 15:22:21 Image size of job updated: 276
	276  -  MemoryUsage of job (MB)
	283084  -  ResidentSetSize of job (KB)
...
006 (35929332.057.000) 05/02 15:23:21 Image size of job updated: 278
	278  -  MemoryUsage of job (MB)
	285672  -  ResidentSetSize of job (KB)
...
006 (35929332.057.000) 05/02 15:24:22 Image size of job updated: 280
	280  -  MemoryUsage of job (MB)
	287444  -  ResidentSetSize of job (KB)
...
006 (35929332.057.000) 05/02 15:25:23 Image size of job updated: 281
	281  -  MemoryUsage of job (MB)
	288380  -  ResidentSetSize of job (KB)
...
006 (35929332.057.000) 05/02 15:26:24 Image size of job updated: 281
	281  -  MemoryUsage of job (MB)
	288724  -  ResidentSetSize of job (KB)
...
006 (35929332.057.000) 05/02 15:27:25 Image size of job updated: 282
	282  -  MemoryUsage of job (MB)
	289096  -  ResidentSetSize of job (KB)
...
006 (35929332.057.000) 05/02 15:28:25 Image size of job updated: 282
	282  -  MemoryUsage of job (MB)
	289140  -  ResidentSetSize of job (KB)
...
006 (35929332.057.000) 05/02 15:29:25 Image size of job updated: 282
	282  -  MemoryUsage of job (MB)
	289624  -  ResidentSetSize of job (KB)
...
006 (35929332.057.000) 05/02 15:30:25 Image size of job updated: 283
	283  -  MemoryUsage of job (MB)
	289816  -  ResidentSetSize of job (KB)
...
006 (35929332.057.000) 05/02 15:31:25 Image size of job updated: 283
	283  -  MemoryUsage of job (MB)
	289876  -  ResidentSetSize of job (KB)
...
006 (35929332.057.000) 05/02 15:32:26 Image size of job updated: 283
	283  -  MemoryUsage of job (MB)
	289892  -  ResidentSetSize of job (KB)
...
006 (35929332.057.000) 05/02 15:33:27 Image size of job updated: 283
	283  -  MemoryUsage of job (MB)
	289904  -  ResidentSetSize of job (KB)
...
006 (35929332.057.000) 05/02 15:34:28 Image size of job updated: 283
	283  -  MemoryUsage of job (MB)
	289912  -  ResidentSetSize of job (KB)
...
006 (35929332.057.000) 05/02 15:35:28 Image size of job updated: 283
	283  -  MemoryUsage of job (MB)
	289928  -  ResidentSetSize of job (KB)
...
006 (35929332.057.000) 05/02 15:36:28 Image size of job updated: 283
	283  -  MemoryUsage of job (MB)
	289956  -  ResidentSetSize of job (KB)
...
006 (35929332.057.000) 05/02 15:37:28 Image size of job updated: 283
	283  -  MemoryUsage of job (MB)
	289976  -  ResidentSetSize of job (KB)
...
006 (35929332.057.000) 05/02 15:38:28 Image size of job updated: 283
	283  -  MemoryUsage of job (MB)
	290000  -  ResidentSetSize of job (KB)
...
006 (35929332.057.000) 05/02 15:39:29 Image size of job updated: 283
	283  -  MemoryUsage of job (MB)
	290008  -  ResidentSetSize of job (KB)
...
006 (35929332.057.000) 05/02 15:40:30 Image size of job updated: 283
	283  -  MemoryUsage of job (MB)
	290012  -  ResidentSetSize of job (KB)
...
006 (35929332.057.000) 05/02 15:41:31 Image size of job updated: 283
	283  -  MemoryUsage of job (MB)
	290060  -  ResidentSetSize of job (KB)
...
006 (35929332.057.000) 05/02 15:42:32 Image size of job updated: 283
	283  -  MemoryUsage of job (MB)
	290316  -  ResidentSetSize of job (KB)
...
006 (35929332.057.000) 05/02 15:43:32 Image size of job updated: 283
	283  -  MemoryUsage of job (MB)
	290376  -  ResidentSetSize of job (KB)
...
006 (35929332.057.000) 05/02 15:44:32 Image size of job updated: 284
	284  -  MemoryUsage of job (MB)
	290832  -  ResidentSetSize of job (KB)
...
005 (35929332.057.000) 05/02 15:45:11 Job terminated.
	(1) Normal termination (return value 0)
		Usr 0 00:08:13, Sys 0 00:01:47  -  Run Remote Usage
		Usr 0 00:00:00, Sys 0 00:00:00  -  Run Local Usage
		Usr 0 00:08:13, Sys 0 00:01:47  -  Total Remote Usage
		Usr 0 00:00:00, Sys 0 00:00:00  -  Total Local Usage
	4380  -  Run Bytes Sent By Job
	11057  -  Run Bytes Received By Job
	4380  -  Total Bytes Sent By Job
	11057  -  Total Bytes Received By Job
	Partitionable Resources :    Usage  Request Allocated 
	   Cpus                 :     0.00        1         1 
	   Disk (KB)            :    36           2    320629 
	   Memory (MB)          :   284        2048      2048 
...
