000 (65512065.048.000) 05/02 15:00:27 Job submitted from host: <131.225.188.235:9618?addrs=131.225.188.235-9618&noUDP&sock=813081_83ea_25>
...
001 (65512065.048.000) 05/02 15:01:45 Job executing on host: <131.225.205.173:9618?addrs=131.225.205.173-9618&noUDP&sock=3564_2fa0_3>
...
005 (65512065.048.000) 05/02 15:01:54 Job terminated.
	(1) Normal termination (return value 0)
		Usr 0 00:00:00, Sys 0 00:00:00  -  Run Remote Usage
		Usr 0 00:00:00, Sys 0 00:00:00  -  Run Local Usage
		Usr 0 00:00:00, Sys 0 00:00:00  -  Total Remote Usage
		Usr 0 00:00:00, Sys 0 00:00:00  -  Total Local Usage
	4860  -  Run Bytes Sent By Job
	11045  -  Run Bytes Received By Job
	4860  -  Total Bytes Sent By Job
	11045  -  Total Bytes Received By Job
	Partitionable Resources :    Usage  Request Allocated 
	   Cpus                 :        0        1         1 
	   Disk (KB)            :       42        2   1633619 
	   Memory (MB)          :              2048      2048 
...
000 (35929332.048.000) 05/02 15:11:35 Job submitted from host: <131.225.188.57:9618?addrs=131.225.188.57-9618&noUDP&sock=955572_7d49_27>
...
001 (35929332.048.000) 05/02 15:18:32 Job executing on host: <131.225.206.170:9618?addrs=131.225.206.170-9618&noUDP&sock=1930_65df_3>
...
006 (35929332.048.000) 05/02 15:18:40 Image size of job updated: 3
	3  -  MemoryUsage of job (MB)
	3408  -  ResidentSetSize of job (KB)
...
006 (35929332.048.000) 05/02 15:19:40 Image size of job updated: 257
	257  -  MemoryUsage of job (MB)
	263412  -  ResidentSetSize of job (KB)
...
006 (35929332.048.000) 05/02 15:20:40 Image size of job updated: 257
	257  -  MemoryUsage of job (MB)
	263640  -  ResidentSetSize of job (KB)
...
006 (35929332.048.000) 05/02 15:21:41 Image size of job updated: 279
	279  -  MemoryUsage of job (MB)
	286044  -  ResidentSetSize of job (KB)
...
006 (35929332.048.000) 05/02 15:22:42 Image size of job updated: 282
	282  -  MemoryUsage of job (MB)
	289408  -  ResidentSetSize of job (KB)
...
006 (35929332.048.000) 05/02 15:23:43 Image size of job updated: 284
	284  -  MemoryUsage of job (MB)
	291340  -  ResidentSetSize of job (KB)
...
006 (35929332.048.000) 05/02 15:24:43 Image size of job updated: 286
	286  -  MemoryUsage of job (MB)
	293348  -  ResidentSetSize of job (KB)
...
005 (35929332.048.000) 05/02 15:24:58 Job terminated.
	(1) Normal termination (return value 0)
		Usr 0 00:02:48, Sys 0 00:00:44  -  Run Remote Usage
		Usr 0 00:00:00, Sys 0 00:00:00  -  Run Local Usage
		Usr 0 00:02:48, Sys 0 00:00:44  -  Total Remote Usage
		Usr 0 00:00:00, Sys 0 00:00:00  -  Total Local Usage
	4355  -  Run Bytes Sent By Job
	11057  -  Run Bytes Received By Job
	4355  -  Total Bytes Sent By Job
	11057  -  Total Bytes Received By Job
	Partitionable Resources :    Usage  Request Allocated 
	   Cpus                 :        0        1         1 
	   Disk (KB)            :       36        2    319754 
	   Memory (MB)          :      286     2048      2048 
...
