000 (65512065.049.000) 05/02 15:00:27 Job submitted from host: <131.225.188.235:9618?addrs=131.225.188.235-9618&noUDP&sock=813081_83ea_25>
...
001 (65512065.049.000) 05/02 15:01:46 Job executing on host: <131.225.206.200:9618?addrs=131.225.206.200-9618&noUDP&sock=1920_89ed_3>
...
005 (65512065.049.000) 05/02 15:01:50 Job terminated.
	(1) Normal termination (return value 0)
		Usr 0 00:00:00, Sys 0 00:00:00  -  Run Remote Usage
		Usr 0 00:00:00, Sys 0 00:00:00  -  Run Local Usage
		Usr 0 00:00:00, Sys 0 00:00:00  -  Total Remote Usage
		Usr 0 00:00:00, Sys 0 00:00:00  -  Total Local Usage
	5472  -  Run Bytes Sent By Job
	11045  -  Run Bytes Received By Job
	5472  -  Total Bytes Sent By Job
	11045  -  Total Bytes Received By Job
	Partitionable Resources :    Usage  Request Allocated 
	   Cpus                 :        0        1         1 
	   Disk (KB)            :       37        2    320629 
	   Memory (MB)          :              2048      2048 
...
000 (35929332.049.000) 05/02 15:11:35 Job submitted from host: <131.225.188.57:9618?addrs=131.225.188.57-9618&noUDP&sock=955572_7d49_27>
...
001 (35929332.049.000) 05/02 15:18:33 Job executing on host: <131.225.188.21:9618?addrs=131.225.188.21-9618&noUDP&sock=6029_f893_3>
...
006 (35929332.049.000) 05/02 15:18:42 Image size of job updated: 4
	4  -  MemoryUsage of job (MB)
	4540  -  ResidentSetSize of job (KB)
...
006 (35929332.049.000) 05/02 15:19:43 Image size of job updated: 257
	257  -  MemoryUsage of job (MB)
	263536  -  ResidentSetSize of job (KB)
...
006 (35929332.049.000) 05/02 15:20:43 Image size of job updated: 279
	279  -  MemoryUsage of job (MB)
	285968  -  ResidentSetSize of job (KB)
...
006 (35929332.049.000) 05/02 15:21:43 Image size of job updated: 279
	279  -  MemoryUsage of job (MB)
	286316  -  ResidentSetSize of job (KB)
...
006 (35929332.049.000) 05/02 15:22:43 Image size of job updated: 285
	285  -  MemoryUsage of job (MB)
	292380  -  ResidentSetSize of job (KB)
...
006 (35929332.049.000) 05/02 15:23:43 Image size of job updated: 287
	287  -  MemoryUsage of job (MB)
	294124  -  ResidentSetSize of job (KB)
...
006 (35929332.049.000) 05/02 15:24:43 Image size of job updated: 287
	287  -  MemoryUsage of job (MB)
	294140  -  ResidentSetSize of job (KB)
...
006 (35929332.049.000) 05/02 15:25:43 Image size of job updated: 288
	288  -  MemoryUsage of job (MB)
	295364  -  ResidentSetSize of job (KB)
...
006 (35929332.049.000) 05/02 15:26:44 Image size of job updated: 288
	288  -  MemoryUsage of job (MB)
	295748  -  ResidentSetSize of job (KB)
...
006 (35929332.049.000) 05/02 15:27:44 Image size of job updated: 289
	289  -  MemoryUsage of job (MB)
	295956  -  ResidentSetSize of job (KB)
...
006 (35929332.049.000) 05/02 15:28:45 Image size of job updated: 289
	289  -  MemoryUsage of job (MB)
	295984  -  ResidentSetSize of job (KB)
...
006 (35929332.049.000) 05/02 15:29:46 Image size of job updated: 291
	291  -  MemoryUsage of job (MB)
	298968  -  ResidentSetSize of job (KB)
...
005 (35929332.049.000) 05/02 15:30:07 Job terminated.
	(1) Normal termination (return value 0)
		Usr 0 00:03:46, Sys 0 00:01:32  -  Run Remote Usage
		Usr 0 00:00:00, Sys 0 00:00:00  -  Run Local Usage
		Usr 0 00:03:46, Sys 0 00:01:32  -  Total Remote Usage
		Usr 0 00:00:00, Sys 0 00:00:00  -  Total Local Usage
	4375  -  Run Bytes Sent By Job
	11057  -  Run Bytes Received By Job
	4375  -  Total Bytes Sent By Job
	11057  -  Total Bytes Received By Job
	Partitionable Resources :    Usage  Request Allocated 
	   Cpus                 :     0.00        1         1 
	   Disk (KB)            :    46           2   1627893 
	   Memory (MB)          :   291        2048      2048 
...
