000 (65512065.046.000) 05/02 15:00:26 Job submitted from host: <131.225.188.235:9618?addrs=131.225.188.235-9618&noUDP&sock=813081_83ea_25>
...
001 (65512065.046.000) 05/02 15:01:41 Job executing on host: <131.225.204.41:9618?addrs=131.225.204.41-9618&noUDP&sock=1939_9239_3>
...
005 (65512065.046.000) 05/02 15:01:48 Job terminated.
	(1) Normal termination (return value 0)
		Usr 0 00:00:00, Sys 0 00:00:00  -  Run Remote Usage
		Usr 0 00:00:00, Sys 0 00:00:00  -  Run Local Usage
		Usr 0 00:00:00, Sys 0 00:00:00  -  Total Remote Usage
		Usr 0 00:00:00, Sys 0 00:00:00  -  Total Local Usage
	5539  -  Run Bytes Sent By Job
	11045  -  Run Bytes Received By Job
	5539  -  Total Bytes Sent By Job
	11045  -  Total Bytes Received By Job
	Partitionable Resources :    Usage  Request Allocated 
	   Cpus                 :        0        1         1 
	   Disk (KB)            :       37        2    318984 
	   Memory (MB)          :              2048      2048 
...
000 (35929332.046.000) 05/02 15:11:35 Job submitted from host: <131.225.188.57:9618?addrs=131.225.188.57-9618&noUDP&sock=955572_7d49_27>
...
001 (35929332.046.000) 05/02 15:18:32 Job executing on host: <131.225.188.21:9618?addrs=131.225.188.21-9618&noUDP&sock=6029_f893_3>
...
006 (35929332.046.000) 05/02 15:18:41 Image size of job updated: 3
	3  -  MemoryUsage of job (MB)
	3168  -  ResidentSetSize of job (KB)
...
006 (35929332.046.000) 05/02 15:19:42 Image size of job updated: 259
	259  -  MemoryUsage of job (MB)
	265284  -  ResidentSetSize of job (KB)
...
006 (35929332.046.000) 05/02 15:20:42 Image size of job updated: 263
	263  -  MemoryUsage of job (MB)
	270064  -  ResidentSetSize of job (KB)
...
006 (35929332.046.000) 05/02 15:21:42 Image size of job updated: 283
	283  -  MemoryUsage of job (MB)
	290212  -  ResidentSetSize of job (KB)
...
006 (35929332.046.000) 05/02 15:22:42 Image size of job updated: 288
	288  -  MemoryUsage of job (MB)
	295276  -  ResidentSetSize of job (KB)
...
006 (35929332.046.000) 05/02 15:23:42 Image size of job updated: 289
	289  -  MemoryUsage of job (MB)
	296752  -  ResidentSetSize of job (KB)
...
006 (35929332.046.000) 05/02 15:24:42 Image size of job updated: 290
	290  -  MemoryUsage of job (MB)
	297192  -  ResidentSetSize of job (KB)
...
006 (35929332.046.000) 05/02 15:25:42 Image size of job updated: 291
	291  -  MemoryUsage of job (MB)
	298048  -  ResidentSetSize of job (KB)
...
006 (35929332.046.000) 05/02 15:26:43 Image size of job updated: 291
	291  -  MemoryUsage of job (MB)
	298624  -  ResidentSetSize of job (KB)
...
006 (35929332.046.000) 05/02 15:27:44 Image size of job updated: 291
	291  -  MemoryUsage of job (MB)
	298676  -  ResidentSetSize of job (KB)
...
006 (35929332.046.000) 05/02 15:28:45 Image size of job updated: 291
	291  -  MemoryUsage of job (MB)
	298940  -  ResidentSetSize of job (KB)
...
006 (35929332.046.000) 05/02 15:29:35 Image size of job updated: 291
	291  -  MemoryUsage of job (MB)
	298956  -  ResidentSetSize of job (KB)
...
005 (35929332.046.000) 05/02 15:29:36 Job terminated.
	(1) Normal termination (return value 0)
		Usr 0 00:03:30, Sys 0 00:01:33  -  Run Remote Usage
		Usr 0 00:00:00, Sys 0 00:00:00  -  Run Local Usage
		Usr 0 00:03:30, Sys 0 00:01:33  -  Total Remote Usage
		Usr 0 00:00:00, Sys 0 00:00:00  -  Total Local Usage
	4360  -  Run Bytes Sent By Job
	11057  -  Run Bytes Received By Job
	4360  -  Total Bytes Sent By Job
	11057  -  Total Bytes Received By Job
	Partitionable Resources :    Usage  Request Allocated 
	   Cpus                 :        0        1         1 
	   Disk (KB)            :       46        2   1627893 
	   Memory (MB)          :      291     2048      2048 
...
