000 (65512065.053.000) 05/02 15:00:27 Job submitted from host: <131.225.188.235:9618?addrs=131.225.188.235-9618&noUDP&sock=813081_83ea_25>
...
001 (65512065.053.000) 05/02 15:01:49 Job executing on host: <131.225.190.36:9618?addrs=131.225.190.36-9618&noUDP&sock=3512_84b3_3>
...
005 (65512065.053.000) 05/02 15:01:59 Job terminated.
	(1) Normal termination (return value 0)
		Usr 0 00:00:00, Sys 0 00:00:00  -  Run Remote Usage
		Usr 0 00:00:00, Sys 0 00:00:00  -  Run Local Usage
		Usr 0 00:00:00, Sys 0 00:00:00  -  Total Remote Usage
		Usr 0 00:00:00, Sys 0 00:00:00  -  Total Local Usage
	8870  -  Run Bytes Sent By Job
	11045  -  Run Bytes Received By Job
	8870  -  Total Bytes Sent By Job
	11045  -  Total Bytes Received By Job
	Partitionable Resources :    Usage  Request Allocated 
	   Cpus                 :     0.19        1         1 
	   Disk (KB)            :    46           2    771959 
	   Memory (MB)          :              2048      2048 
...
000 (35929332.053.000) 05/02 15:11:35 Job submitted from host: <131.225.188.57:9618?addrs=131.225.188.57-9618&noUDP&sock=955572_7d49_27>
...
001 (35929332.053.000) 05/02 15:20:14 Job executing on host: <131.225.205.185:9618?addrs=131.225.205.185-9618&noUDP&sock=3536_faf9_3>
...
006 (35929332.053.000) 05/02 15:20:22 Image size of job updated: 4
	4  -  MemoryUsage of job (MB)
	4488  -  ResidentSetSize of job (KB)
...
006 (35929332.053.000) 05/02 15:21:23 Image size of job updated: 226
	226  -  MemoryUsage of job (MB)
	231484  -  ResidentSetSize of job (KB)
...
006 (35929332.053.000) 05/02 15:22:23 Image size of job updated: 253
	253  -  MemoryUsage of job (MB)
	259204  -  ResidentSetSize of job (KB)
...
006 (35929332.053.000) 05/02 15:23:23 Image size of job updated: 261
	261  -  MemoryUsage of job (MB)
	267780  -  ResidentSetSize of job (KB)
...
006 (35929332.053.000) 05/02 15:24:24 Image size of job updated: 263
	263  -  MemoryUsage of job (MB)
	269708  -  ResidentSetSize of job (KB)
...
006 (35929332.053.000) 05/02 15:25:24 Image size of job updated: 264
	264  -  MemoryUsage of job (MB)
	271188  -  ResidentSetSize of job (KB)
...
006 (35929332.053.000) 05/02 15:26:25 Image size of job updated: 266
	266  -  MemoryUsage of job (MB)
	272880  -  ResidentSetSize of job (KB)
...
006 (35929332.053.000) 05/02 15:27:26 Image size of job updated: 268
	268  -  MemoryUsage of job (MB)
	274920  -  ResidentSetSize of job (KB)
...
006 (35929332.053.000) 05/02 15:28:26 Image size of job updated: 268
	268  -  MemoryUsage of job (MB)
	275276  -  ResidentSetSize of job (KB)
...
006 (35929332.053.000) 05/02 15:29:27 Image size of job updated: 271
	271  -  MemoryUsage of job (MB)
	277796  -  ResidentSetSize of job (KB)
...
006 (35929332.053.000) 05/02 15:30:27 Image size of job updated: 275
	275  -  MemoryUsage of job (MB)
	281916  -  ResidentSetSize of job (KB)
...
006 (35929332.053.000) 05/02 15:31:28 Image size of job updated: 278
	278  -  MemoryUsage of job (MB)
	285272  -  ResidentSetSize of job (KB)
...
006 (35929332.053.000) 05/02 15:32:29 Image size of job updated: 279
	279  -  MemoryUsage of job (MB)
	286104  -  ResidentSetSize of job (KB)
...
006 (35929332.053.000) 05/02 15:33:29 Image size of job updated: 280
	280  -  MemoryUsage of job (MB)
	286892  -  ResidentSetSize of job (KB)
...
006 (35929332.053.000) 05/02 15:34:30 Image size of job updated: 280
	280  -  MemoryUsage of job (MB)
	287008  -  ResidentSetSize of job (KB)
...
006 (35929332.053.000) 05/02 15:35:30 Image size of job updated: 280
	280  -  MemoryUsage of job (MB)
	287112  -  ResidentSetSize of job (KB)
...
006 (35929332.053.000) 05/02 15:36:31 Image size of job updated: 280
	280  -  MemoryUsage of job (MB)
	287344  -  ResidentSetSize of job (KB)
...
006 (35929332.053.000) 05/02 15:37:31 Image size of job updated: 280
	280  -  MemoryUsage of job (MB)
	287420  -  ResidentSetSize of job (KB)
...
006 (35929332.053.000) 05/02 15:38:32 Image size of job updated: 280
	280  -  MemoryUsage of job (MB)
	287588  -  ResidentSetSize of job (KB)
...
006 (35929332.053.000) 05/02 15:39:33 Image size of job updated: 280
	280  -  MemoryUsage of job (MB)
	287604  -  ResidentSetSize of job (KB)
...
006 (35929332.053.000) 05/02 15:40:33 Image size of job updated: 281
	281  -  MemoryUsage of job (MB)
	287988  -  ResidentSetSize of job (KB)
...
006 (35929332.053.000) 05/02 15:41:34 Image size of job updated: 281
	281  -  MemoryUsage of job (MB)
	288536  -  ResidentSetSize of job (KB)
...
006 (35929332.053.000) 05/02 15:42:35 Image size of job updated: 282
	282  -  MemoryUsage of job (MB)
	289552  -  ResidentSetSize of job (KB)
...
006 (35929332.053.000) 05/02 15:43:35 Image size of job updated: 282
	282  -  MemoryUsage of job (MB)
	289556  -  ResidentSetSize of job (KB)
...
006 (35929332.053.000) 05/02 15:44:35 Image size of job updated: 282
	282  -  MemoryUsage of job (MB)
	289696  -  ResidentSetSize of job (KB)
...
006 (35929332.053.000) 05/02 15:45:35 Image size of job updated: 282
	282  -  MemoryUsage of job (MB)
	289724  -  ResidentSetSize of job (KB)
...
005 (35929332.053.000) 05/02 15:46:04 Job terminated.
	(1) Normal termination (return value 0)
		Usr 0 00:10:56, Sys 0 00:02:34  -  Run Remote Usage
		Usr 0 00:00:00, Sys 0 00:00:00  -  Run Local Usage
		Usr 0 00:10:56, Sys 0 00:02:34  -  Total Remote Usage
		Usr 0 00:00:00, Sys 0 00:00:00  -  Total Local Usage
	4350  -  Run Bytes Sent By Job
	11057  -  Run Bytes Received By Job
	4350  -  Total Bytes Sent By Job
	11057  -  Total Bytes Received By Job
	Partitionable Resources :    Usage  Request Allocated 
	   Cpus                 :     0.00        1         1 
	   Disk (KB)            :    41           2   1620698 
	   Memory (MB)          :   282        2048      2048 
...
