000 (65512065.050.000) 05/02 15:00:27 Job submitted from host: <131.225.188.235:9618?addrs=131.225.188.235-9618&noUDP&sock=813081_83ea_25>
...
001 (65512065.050.000) 05/02 15:01:47 Job executing on host: <131.225.206.39:9618?addrs=131.225.206.39-9618&noUDP&sock=1911_5d93_3>
...
005 (65512065.050.000) 05/02 15:01:53 Job terminated.
	(1) Normal termination (return value 0)
		Usr 0 00:00:00, Sys 0 00:00:00  -  Run Remote Usage
		Usr 0 00:00:00, Sys 0 00:00:00  -  Run Local Usage
		Usr 0 00:00:00, Sys 0 00:00:00  -  Total Remote Usage
		Usr 0 00:00:00, Sys 0 00:00:00  -  Total Local Usage
	8480  -  Run Bytes Sent By Job
	11045  -  Run Bytes Received By Job
	8480  -  Total Bytes Sent By Job
	11045  -  Total Bytes Received By Job
	Partitionable Resources :    Usage  Request Allocated 
	   Cpus                 :        0        1         1 
	   Disk (KB)            :       40        2    310907 
	   Memory (MB)          :              2048      2048 
...
000 (35929332.050.000) 05/02 15:11:35 Job submitted from host: <131.225.188.57:9618?addrs=131.225.188.57-9618&noUDP&sock=955572_7d49_27>
...
001 (35929332.050.000) 05/02 15:18:59 Job executing on host: <131.225.205.162:9618?addrs=131.225.205.162-9618&noUDP&sock=3530_dd67_3>
...
006 (35929332.050.000) 05/02 15:19:08 Image size of job updated: 17
	17  -  MemoryUsage of job (MB)
	17476  -  ResidentSetSize of job (KB)
...
006 (35929332.050.000) 05/02 15:20:09 Image size of job updated: 213
	213  -  MemoryUsage of job (MB)
	218272  -  ResidentSetSize of job (KB)
...
006 (35929332.050.000) 05/02 15:21:09 Image size of job updated: 223
	223  -  MemoryUsage of job (MB)
	228576  -  ResidentSetSize of job (KB)
...
006 (35929332.050.000) 05/02 15:22:09 Image size of job updated: 229
	229  -  MemoryUsage of job (MB)
	234828  -  ResidentSetSize of job (KB)
...
006 (35929332.050.000) 05/02 15:23:09 Image size of job updated: 245
	245  -  MemoryUsage of job (MB)
	251784  -  ResidentSetSize of job (KB)
...
006 (35929332.050.000) 05/02 15:37:17 Image size of job updated: 249
	249  -  MemoryUsage of job (MB)
	255680  -  ResidentSetSize of job (KB)
...
005 (35929332.050.000) 05/02 15:37:58 Job terminated.
	(1) Normal termination (return value 0)
		Usr 0 00:07:33, Sys 0 00:01:29  -  Run Remote Usage
		Usr 0 00:00:00, Sys 0 00:00:00  -  Run Local Usage
		Usr 0 00:07:33, Sys 0 00:01:29  -  Total Remote Usage
		Usr 0 00:00:00, Sys 0 00:00:00  -  Total Local Usage
	4350  -  Run Bytes Sent By Job
	11057  -  Run Bytes Received By Job
	4350  -  Total Bytes Sent By Job
	11057  -  Total Bytes Received By Job
	Partitionable Resources :    Usage  Request Allocated 
	   Cpus                 :     0.00        1         1 
	   Disk (KB)            :    41           2   1651636 
	   Memory (MB)          :   241        2048      2048 
...
