000 (65512065.061.000) 05/02 15:00:27 Job submitted from host: <131.225.188.235:9618?addrs=131.225.188.235-9618&noUDP&sock=813081_83ea_25>
...
001 (65512065.061.000) 05/02 15:01:57 Job executing on host: <131.225.205.173:9618?addrs=131.225.205.173-9618&noUDP&sock=3564_2fa0_3>
...
005 (65512065.061.000) 05/02 15:02:05 Job terminated.
	(1) Normal termination (return value 0)
		Usr 0 00:00:00, Sys 0 00:00:00  -  Run Remote Usage
		Usr 0 00:00:00, Sys 0 00:00:00  -  Run Local Usage
		Usr 0 00:00:00, Sys 0 00:00:00  -  Total Remote Usage
		Usr 0 00:00:00, Sys 0 00:00:00  -  Total Local Usage
	12190  -  Run Bytes Sent By Job
	11045  -  Run Bytes Received By Job
	12190  -  Total Bytes Sent By Job
	11045  -  Total Bytes Received By Job
	Partitionable Resources :    Usage  Request Allocated 
	   Cpus                 :        0        1         1 
	   Disk (KB)            :       49        2   1633619 
	   Memory (MB)          :              2048      2048 
...
000 (35929332.061.000) 05/02 15:11:35 Job submitted from host: <131.225.188.57:9618?addrs=131.225.188.57-9618&noUDP&sock=955572_7d49_27>
...
001 (35929332.061.000) 05/02 15:21:09 Job executing on host: <131.225.205.177:9618?addrs=131.225.205.177-9618&noUDP&sock=3522_60a5_3>
...
006 (35929332.061.000) 05/02 15:21:18 Image size of job updated: 17
	17  -  MemoryUsage of job (MB)
	17904  -  ResidentSetSize of job (KB)
...
006 (35929332.061.000) 05/02 15:22:18 Image size of job updated: 254
	254  -  MemoryUsage of job (MB)
	260128  -  ResidentSetSize of job (KB)
...
006 (35929332.061.000) 05/02 15:23:19 Image size of job updated: 274
	274  -  MemoryUsage of job (MB)
	281504  -  ResidentSetSize of job (KB)
...
006 (35929332.061.000) 05/02 15:24:19 Image size of job updated: 282
	282  -  MemoryUsage of job (MB)
	289024  -  ResidentSetSize of job (KB)
...
006 (35929332.061.000) 05/02 15:25:20 Image size of job updated: 285
	285  -  MemoryUsage of job (MB)
	292136  -  ResidentSetSize of job (KB)
...
006 (35929332.061.000) 05/02 15:26:20 Image size of job updated: 286
	286  -  MemoryUsage of job (MB)
	293576  -  ResidentSetSize of job (KB)
...
006 (35929332.061.000) 05/02 15:27:20 Image size of job updated: 287
	287  -  MemoryUsage of job (MB)
	294704  -  ResidentSetSize of job (KB)
...
006 (35929332.061.000) 05/02 15:28:21 Image size of job updated: 288
	288  -  MemoryUsage of job (MB)
	295216  -  ResidentSetSize of job (KB)
...
006 (35929332.061.000) 05/02 15:29:21 Image size of job updated: 288
	288  -  MemoryUsage of job (MB)
	295416  -  ResidentSetSize of job (KB)
...
006 (35929332.061.000) 05/02 15:30:22 Image size of job updated: 288
	288  -  MemoryUsage of job (MB)
	295440  -  ResidentSetSize of job (KB)
...
006 (35929332.061.000) 05/02 15:31:22 Image size of job updated: 289
	289  -  MemoryUsage of job (MB)
	296924  -  ResidentSetSize of job (KB)
...
006 (35929332.061.000) 05/02 15:32:22 Image size of job updated: 290
	290  -  MemoryUsage of job (MB)
	297092  -  ResidentSetSize of job (KB)
...
006 (35929332.061.000) 05/02 15:33:23 Image size of job updated: 290
	290  -  MemoryUsage of job (MB)
	297240  -  ResidentSetSize of job (KB)
...
006 (35929332.061.000) 05/02 15:34:23 Image size of job updated: 290
	290  -  MemoryUsage of job (MB)
	297304  -  ResidentSetSize of job (KB)
...
006 (35929332.061.000) 05/02 15:46:30 Image size of job updated: 290
	290  -  MemoryUsage of job (MB)
	297536  -  ResidentSetSize of job (KB)
...
006 (35929332.061.000) 05/02 15:47:30 Image size of job updated: 290
	290  -  MemoryUsage of job (MB)
	297624  -  ResidentSetSize of job (KB)
...
006 (35929332.061.000) 05/02 15:48:31 Image size of job updated: 290
	290  -  MemoryUsage of job (MB)
	297628  -  ResidentSetSize of job (KB)
...
006 (35929332.061.000) 05/02 15:49:31 Image size of job updated: 290
	290  -  MemoryUsage of job (MB)
	297632  -  ResidentSetSize of job (KB)
...
006 (35929332.061.000) 05/02 15:50:32 Image size of job updated: 291
	291  -  MemoryUsage of job (MB)
	298376  -  ResidentSetSize of job (KB)
...
006 (35929332.061.000) 05/02 15:51:32 Image size of job updated: 291
	291  -  MemoryUsage of job (MB)
	298396  -  ResidentSetSize of job (KB)
...
006 (35929332.061.000) 05/02 15:52:32 Image size of job updated: 291
	291  -  MemoryUsage of job (MB)
	298412  -  ResidentSetSize of job (KB)
...
006 (35929332.061.000) 05/02 15:53:33 Image size of job updated: 291
	291  -  MemoryUsage of job (MB)
	298424  -  ResidentSetSize of job (KB)
...
006 (35929332.061.000) 05/02 16:23:50 Image size of job updated: 291
	291  -  MemoryUsage of job (MB)
	298436  -  ResidentSetSize of job (KB)
...
006 (35929332.061.000) 05/02 16:24:51 Image size of job updated: 291
	291  -  MemoryUsage of job (MB)
	298440  -  ResidentSetSize of job (KB)
...
005 (35929332.061.000) 05/02 16:25:31 Job terminated.
	(1) Normal termination (return value 0)
		Usr 0 00:28:32, Sys 0 00:07:00  -  Run Remote Usage
		Usr 0 00:00:00, Sys 0 00:00:00  -  Run Local Usage
		Usr 0 00:28:32, Sys 0 00:07:00  -  Total Remote Usage
		Usr 0 00:00:00, Sys 0 00:00:00  -  Total Local Usage
	4375  -  Run Bytes Sent By Job
	11057  -  Run Bytes Received By Job
	4375  -  Total Bytes Sent By Job
	11057  -  Total Bytes Received By Job
	Partitionable Resources :    Usage  Request Allocated 
	   Cpus                 :     0.00        1         1 
	   Disk (KB)            :    41           2   1649710 
	   Memory (MB)          :   291        2048      2048 
...
