000 (65512065.056.000) 05/02 15:00:27 Job submitted from host: <131.225.188.235:9618?addrs=131.225.188.235-9618&noUDP&sock=813081_83ea_25>
...
001 (65512065.056.000) 05/02 15:01:54 Job executing on host: <131.225.190.26:9618?addrs=131.225.190.26-9618&noUDP&sock=3518_a244_3>
...
005 (65512065.056.000) 05/02 15:02:06 Job terminated.
	(1) Normal termination (return value 0)
		Usr 0 00:00:00, Sys 0 00:00:00  -  Run Remote Usage
		Usr 0 00:00:00, Sys 0 00:00:00  -  Run Local Usage
		Usr 0 00:00:00, Sys 0 00:00:00  -  Total Remote Usage
		Usr 0 00:00:00, Sys 0 00:00:00  -  Total Local Usage
	8983  -  Run Bytes Sent By Job
	11045  -  Run Bytes Received By Job
	8983  -  Total Bytes Sent By Job
	11045  -  Total Bytes Received By Job
	Partitionable Resources :    Usage  Request Allocated 
	   Cpus                 :        0        1         1 
	   Disk (KB)            :       45        2    771549 
	   Memory (MB)          :              2048      2048 
...
000 (35929332.056.000) 05/02 15:11:35 Job submitted from host: <131.225.188.57:9618?addrs=131.225.188.57-9618&noUDP&sock=955572_7d49_27>
...
001 (35929332.056.000) 05/02 15:20:13 Job executing on host: <131.225.206.174:9618?addrs=131.225.206.174-9618&noUDP&sock=1917_7b24_3>
...
006 (35929332.056.000) 05/02 15:20:22 Image size of job updated: 16
	16  -  MemoryUsage of job (MB)
	16972  -  ResidentSetSize of job (KB)
...
006 (35929332.056.000) 05/02 15:21:23 Image size of job updated: 267
	267  -  MemoryUsage of job (MB)
	273420  -  ResidentSetSize of job (KB)
...
006 (35929332.056.000) 05/02 15:22:23 Image size of job updated: 279
	279  -  MemoryUsage of job (MB)
	286316  -  ResidentSetSize of job (KB)
...
006 (35929332.056.000) 05/02 15:23:23 Image size of job updated: 281
	281  -  MemoryUsage of job (MB)
	288408  -  ResidentSetSize of job (KB)
...
006 (35929332.056.000) 05/02 15:24:23 Image size of job updated: 282
	282  -  MemoryUsage of job (MB)
	289692  -  ResidentSetSize of job (KB)
...
006 (35929332.056.000) 05/02 15:25:23 Image size of job updated: 284
	284  -  MemoryUsage of job (MB)
	291220  -  ResidentSetSize of job (KB)
...
006 (35929332.056.000) 05/02 15:26:24 Image size of job updated: 286
	286  -  MemoryUsage of job (MB)
	293668  -  ResidentSetSize of job (KB)
...
006 (35929332.056.000) 05/02 15:28:27 Image size of job updated: 286
	286  -  MemoryUsage of job (MB)
	293816  -  ResidentSetSize of job (KB)
...
006 (35929332.056.000) 05/02 15:29:27 Image size of job updated: 286
	286  -  MemoryUsage of job (MB)
	293852  -  ResidentSetSize of job (KB)
...
006 (35929332.056.000) 05/02 15:30:27 Image size of job updated: 287
	287  -  MemoryUsage of job (MB)
	293920  -  ResidentSetSize of job (KB)
...
006 (35929332.056.000) 05/02 15:31:27 Image size of job updated: 287
	287  -  MemoryUsage of job (MB)
	293924  -  ResidentSetSize of job (KB)
...
006 (35929332.056.000) 05/02 15:32:27 Image size of job updated: 287
	287  -  MemoryUsage of job (MB)
	293932  -  ResidentSetSize of job (KB)
...
006 (35929332.056.000) 05/02 15:33:28 Image size of job updated: 287
	287  -  MemoryUsage of job (MB)
	293956  -  ResidentSetSize of job (KB)
...
006 (35929332.056.000) 05/02 15:34:29 Image size of job updated: 287
	287  -  MemoryUsage of job (MB)
	293988  -  ResidentSetSize of job (KB)
...
006 (35929332.056.000) 05/02 15:35:30 Image size of job updated: 287
	287  -  MemoryUsage of job (MB)
	293996  -  ResidentSetSize of job (KB)
...
006 (35929332.056.000) 05/02 15:37:31 Image size of job updated: 287
	287  -  MemoryUsage of job (MB)
	294000  -  ResidentSetSize of job (KB)
...
006 (35929332.056.000) 05/02 15:38:31 Image size of job updated: 287
	287  -  MemoryUsage of job (MB)
	294004  -  ResidentSetSize of job (KB)
...
006 (35929332.056.000) 05/02 15:39:31 Image size of job updated: 287
	287  -  MemoryUsage of job (MB)
	294008  -  ResidentSetSize of job (KB)
...
006 (35929332.056.000) 05/02 15:40:31 Image size of job updated: 287
	287  -  MemoryUsage of job (MB)
	294016  -  ResidentSetSize of job (KB)
...
006 (35929332.056.000) 05/02 15:41:32 Image size of job updated: 287
	287  -  MemoryUsage of job (MB)
	294024  -  ResidentSetSize of job (KB)
...
006 (35929332.056.000) 05/02 15:42:33 Image size of job updated: 287
	287  -  MemoryUsage of job (MB)
	294032  -  ResidentSetSize of job (KB)
...
006 (35929332.056.000) 05/02 15:43:34 Image size of job updated: 287
	287  -  MemoryUsage of job (MB)
	294036  -  ResidentSetSize of job (KB)
...
006 (35929332.056.000) 05/02 15:44:34 Image size of job updated: 287
	287  -  MemoryUsage of job (MB)
	294040  -  ResidentSetSize of job (KB)
...
006 (35929332.056.000) 05/02 15:45:34 Image size of job updated: 287
	287  -  MemoryUsage of job (MB)
	294056  -  ResidentSetSize of job (KB)
...
006 (35929332.056.000) 05/02 15:46:34 Image size of job updated: 287
	287  -  MemoryUsage of job (MB)
	294064  -  ResidentSetSize of job (KB)
...
005 (35929332.056.000) 05/02 15:47:03 Job terminated.
	(1) Normal termination (return value 0)
		Usr 0 00:09:59, Sys 0 00:02:11  -  Run Remote Usage
		Usr 0 00:00:00, Sys 0 00:00:00  -  Run Local Usage
		Usr 0 00:09:59, Sys 0 00:02:11  -  Total Remote Usage
		Usr 0 00:00:00, Sys 0 00:00:00  -  Total Local Usage
	4380  -  Run Bytes Sent By Job
	11057  -  Run Bytes Received By Job
	4380  -  Total Bytes Sent By Job
	11057  -  Total Bytes Received By Job
	Partitionable Resources :    Usage  Request Allocated 
	   Cpus                 :     0.00        1         1 
	   Disk (KB)            :    36           2    313839 
	   Memory (MB)          :   287        2048      2048 
...
