000 (65512065.045.000) 05/02 15:00:26 Job submitted from host: <131.225.188.235:9618?addrs=131.225.188.235-9618&noUDP&sock=813081_83ea_25>
...
001 (65512065.045.000) 05/02 15:01:40 Job executing on host: <131.225.206.233:9618?addrs=131.225.206.233-9618&noUDP&sock=1907_9f32_3>
...
005 (65512065.045.000) 05/02 15:01:47 Job terminated.
	(1) Normal termination (return value 0)
		Usr 0 00:00:00, Sys 0 00:00:00  -  Run Remote Usage
		Usr 0 00:00:00, Sys 0 00:00:00  -  Run Local Usage
		Usr 0 00:00:00, Sys 0 00:00:00  -  Total Remote Usage
		Usr 0 00:00:00, Sys 0 00:00:00  -  Total Local Usage
	7266  -  Run Bytes Sent By Job
	11045  -  Run Bytes Received By Job
	7266  -  Total Bytes Sent By Job
	11045  -  Total Bytes Received By Job
	Partitionable Resources :    Usage  Request Allocated 
	   Cpus                 :     0.02        1         1 
	   Disk (KB)            :    39           2    323083 
	   Memory (MB)          :              2048      2048 
...
000 (35929332.045.000) 05/02 15:11:35 Job submitted from host: <131.225.188.57:9618?addrs=131.225.188.57-9618&noUDP&sock=955572_7d49_27>
...
001 (35929332.045.000) 05/02 15:18:32 Job executing on host: <131.225.206.233:9618?addrs=131.225.206.233-9618&noUDP&sock=1907_9f32_3>
...
006 (35929332.045.000) 05/02 15:18:40 Image size of job updated: 8
	8  -  MemoryUsage of job (MB)
	8612  -  ResidentSetSize of job (KB)
...
006 (35929332.045.000) 05/02 15:19:41 Image size of job updated: 213
	213  -  MemoryUsage of job (MB)
	218140  -  ResidentSetSize of job (KB)
...
006 (35929332.045.000) 05/02 15:21:43 Image size of job updated: 217
	217  -  MemoryUsage of job (MB)
	222232  -  ResidentSetSize of job (KB)
...
006 (35929332.045.000) 05/02 15:23:44 Image size of job updated: 217
	217  -  MemoryUsage of job (MB)
	222264  -  ResidentSetSize of job (KB)
...
006 (35929332.045.000) 05/02 15:24:44 Image size of job updated: 217
	217  -  MemoryUsage of job (MB)
	222272  -  ResidentSetSize of job (KB)
...
006 (35929332.045.000) 05/02 15:25:44 Image size of job updated: 217
	217  -  MemoryUsage of job (MB)
	222284  -  ResidentSetSize of job (KB)
...
006 (35929332.045.000) 05/02 15:26:45 Image size of job updated: 221
	221  -  MemoryUsage of job (MB)
	226420  -  ResidentSetSize of job (KB)
...
005 (35929332.045.000) 05/02 15:27:36 Job terminated.
	(1) Normal termination (return value 0)
		Usr 0 00:04:15, Sys 0 00:00:46  -  Run Remote Usage
		Usr 0 00:00:00, Sys 0 00:00:00  -  Run Local Usage
		Usr 0 00:04:15, Sys 0 00:00:46  -  Total Remote Usage
		Usr 0 00:00:00, Sys 0 00:00:00  -  Total Local Usage
	4360  -  Run Bytes Sent By Job
	11057  -  Run Bytes Received By Job
	4360  -  Total Bytes Sent By Job
	11057  -  Total Bytes Received By Job
	Partitionable Resources :    Usage  Request Allocated 
	   Cpus                 :        0        1         1 
	   Disk (KB)            :       36        2    323083 
	   Memory (MB)          :      221     2048      2048 
...
