000 (65512065.040.000) 05/02 15:00:26 Job submitted from host: <131.225.188.235:9618?addrs=131.225.188.235-9618&noUDP&sock=813081_83ea_25>
...
001 (65512065.040.000) 05/02 15:01:40 Job executing on host: <131.225.188.34:9618?addrs=131.225.188.34-9618&noUDP&sock=6040_841e_3>
...
005 (65512065.040.000) 05/02 15:01:53 Job terminated.
	(1) Normal termination (return value 0)
		Usr 0 00:00:00, Sys 0 00:00:00  -  Run Remote Usage
		Usr 0 00:00:00, Sys 0 00:00:00  -  Run Local Usage
		Usr 0 00:00:00, Sys 0 00:00:00  -  Total Remote Usage
		Usr 0 00:00:00, Sys 0 00:00:00  -  Total Local Usage
	8324  -  Run Bytes Sent By Job
	11045  -  Run Bytes Received By Job
	8324  -  Total Bytes Sent By Job
	11045  -  Total Bytes Received By Job
	Partitionable Resources :    Usage  Request Allocated 
	   Cpus                 :     0.24        1         1 
	   Disk (KB)            :    50           2   1629809 
	   Memory (MB)          :              2048      2048 
...
000 (35929332.040.000) 05/02 15:11:35 Job submitted from host: <131.225.188.57:9618?addrs=131.225.188.57-9618&noUDP&sock=955572_7d49_27>
...
001 (35929332.040.000) 05/02 15:17:35 Job executing on host: <131.225.191.188:9618?addrs=131.225.191.188-9618&noUDP&sock=1921_3985_3>
...
006 (35929332.040.000) 05/02 15:17:44 Image size of job updated: 15
	15  -  MemoryUsage of job (MB)
	15708  -  ResidentSetSize of job (KB)
...
006 (35929332.040.000) 05/02 15:18:44 Image size of job updated: 216
	216  -  MemoryUsage of job (MB)
	221780  -  ResidentSetSize of job (KB)
...
006 (35929332.040.000) 05/02 15:19:45 Image size of job updated: 216
	216  -  MemoryUsage of job (MB)
	221892  -  ResidentSetSize of job (KB)
...
006 (35929332.040.000) 05/02 15:20:46 Image size of job updated: 216
	216  -  MemoryUsage of job (MB)
	221948  -  ResidentSetSize of job (KB)
...
006 (35929332.040.000) 05/02 15:22:47 Image size of job updated: 219
	219  -  MemoryUsage of job (MB)
	224980  -  ResidentSetSize of job (KB)
...
006 (35929332.040.000) 05/02 15:28:50 Image size of job updated: 222
	222  -  MemoryUsage of job (MB)
	227356  -  ResidentSetSize of job (KB)
...
005 (35929332.040.000) 05/02 15:29:13 Job terminated.
	(1) Normal termination (return value 0)
		Usr 0 00:05:39, Sys 0 00:01:01  -  Run Remote Usage
		Usr 0 00:00:00, Sys 0 00:00:00  -  Run Local Usage
		Usr 0 00:05:39, Sys 0 00:01:01  -  Total Remote Usage
		Usr 0 00:00:00, Sys 0 00:00:00  -  Total Local Usage
	4360  -  Run Bytes Sent By Job
	11057  -  Run Bytes Received By Job
	4360  -  Total Bytes Sent By Job
	11057  -  Total Bytes Received By Job
	Partitionable Resources :    Usage  Request Allocated 
	   Cpus                 :        0        1         1 
	   Disk (KB)            :       36        2    314306 
	   Memory (MB)          :      222     2048      2048 
...
