000 (65512065.055.000) 05/02 15:00:27 Job submitted from host: <131.225.188.235:9618?addrs=131.225.188.235-9618&noUDP&sock=813081_83ea_25>
...
001 (65512065.055.000) 05/02 15:01:51 Job executing on host: <131.225.206.200:9618?addrs=131.225.206.200-9618&noUDP&sock=1920_89ed_3>
...
005 (65512065.055.000) 05/02 15:01:58 Job terminated.
	(1) Normal termination (return value 0)
		Usr 0 00:00:00, Sys 0 00:00:00  -  Run Remote Usage
		Usr 0 00:00:00, Sys 0 00:00:00  -  Run Local Usage
		Usr 0 00:00:00, Sys 0 00:00:00  -  Total Remote Usage
		Usr 0 00:00:00, Sys 0 00:00:00  -  Total Local Usage
	7180  -  Run Bytes Sent By Job
	11045  -  Run Bytes Received By Job
	7180  -  Total Bytes Sent By Job
	11045  -  Total Bytes Received By Job
	Partitionable Resources :    Usage  Request Allocated 
	   Cpus                 :     0.01        1         1 
	   Disk (KB)            :    39           2    320629 
	   Memory (MB)          :              2048      2048 
...
000 (35929332.055.000) 05/02 15:11:35 Job submitted from host: <131.225.188.57:9618?addrs=131.225.188.57-9618&noUDP&sock=955572_7d49_27>
...
001 (35929332.055.000) 05/02 15:20:13 Job executing on host: <131.225.204.40:9618?addrs=131.225.204.40-9618&noUDP&sock=1914_6c5b_3>
...
006 (35929332.055.000) 05/02 15:20:22 Image size of job updated: 11
	11  -  MemoryUsage of job (MB)
	11844  -  ResidentSetSize of job (KB)
...
006 (35929332.055.000) 05/02 15:21:22 Image size of job updated: 270
	270  -  MemoryUsage of job (MB)
	276952  -  ResidentSetSize of job (KB)
...
006 (35929332.055.000) 05/02 15:22:23 Image size of job updated: 275
	275  -  MemoryUsage of job (MB)
	282216  -  ResidentSetSize of job (KB)
...
006 (35929332.055.000) 05/02 15:23:24 Image size of job updated: 278
	278  -  MemoryUsage of job (MB)
	285632  -  ResidentSetSize of job (KB)
...
006 (35929332.055.000) 05/02 15:24:25 Image size of job updated: 282
	282  -  MemoryUsage of job (MB)
	288816  -  ResidentSetSize of job (KB)
...
006 (35929332.055.000) 05/02 15:25:26 Image size of job updated: 283
	283  -  MemoryUsage of job (MB)
	289980  -  ResidentSetSize of job (KB)
...
006 (35929332.055.000) 05/02 15:26:26 Image size of job updated: 284
	284  -  MemoryUsage of job (MB)
	290900  -  ResidentSetSize of job (KB)
...
006 (35929332.055.000) 05/02 15:27:26 Image size of job updated: 284
	284  -  MemoryUsage of job (MB)
	291280  -  ResidentSetSize of job (KB)
...
006 (35929332.055.000) 05/02 15:28:26 Image size of job updated: 284
	284  -  MemoryUsage of job (MB)
	291348  -  ResidentSetSize of job (KB)
...
006 (35929332.055.000) 05/02 15:29:27 Image size of job updated: 284
	284  -  MemoryUsage of job (MB)
	291468  -  ResidentSetSize of job (KB)
...
006 (35929332.055.000) 05/02 15:30:28 Image size of job updated: 284
	284  -  MemoryUsage of job (MB)
	291524  -  ResidentSetSize of job (KB)
...
006 (35929332.055.000) 05/02 15:31:29 Image size of job updated: 284
	284  -  MemoryUsage of job (MB)
	291560  -  ResidentSetSize of job (KB)
...
006 (35929332.055.000) 05/02 15:32:29 Image size of job updated: 284
	284  -  MemoryUsage of job (MB)
	291568  -  ResidentSetSize of job (KB)
...
006 (35929332.055.000) 05/02 15:33:29 Image size of job updated: 284
	284  -  MemoryUsage of job (MB)
	291576  -  ResidentSetSize of job (KB)
...
006 (35929332.055.000) 05/02 15:34:29 Image size of job updated: 284
	284  -  MemoryUsage of job (MB)
	291584  -  ResidentSetSize of job (KB)
...
006 (35929332.055.000) 05/02 15:35:29 Image size of job updated: 284
	284  -  MemoryUsage of job (MB)
	291744  -  ResidentSetSize of job (KB)
...
006 (35929332.055.000) 05/02 15:36:30 Image size of job updated: 284
	284  -  MemoryUsage of job (MB)
	291752  -  ResidentSetSize of job (KB)
...
006 (35929332.055.000) 05/02 15:37:31 Image size of job updated: 284
	284  -  MemoryUsage of job (MB)
	291792  -  ResidentSetSize of job (KB)
...
006 (35929332.055.000) 05/02 15:38:32 Image size of job updated: 284
	284  -  MemoryUsage of job (MB)
	291808  -  ResidentSetSize of job (KB)
...
006 (35929332.055.000) 05/02 15:39:32 Image size of job updated: 284
	284  -  MemoryUsage of job (MB)
	291820  -  ResidentSetSize of job (KB)
...
006 (35929332.055.000) 05/02 15:40:32 Image size of job updated: 284
	284  -  MemoryUsage of job (MB)
	291824  -  ResidentSetSize of job (KB)
...
005 (35929332.055.000) 05/02 15:40:47 Job terminated.
	(1) Normal termination (return value 0)
		Usr 0 00:08:19, Sys 0 00:01:53  -  Run Remote Usage
		Usr 0 00:00:00, Sys 0 00:00:00  -  Run Local Usage
		Usr 0 00:08:19, Sys 0 00:01:53  -  Total Remote Usage
		Usr 0 00:00:00, Sys 0 00:00:00  -  Total Local Usage
	4350  -  Run Bytes Sent By Job
	11057  -  Run Bytes Received By Job
	4350  -  Total Bytes Sent By Job
	11057  -  Total Bytes Received By Job
	Partitionable Resources :    Usage  Request Allocated 
	   Cpus                 :        0        1         1 
	   Disk (KB)            :       36        2    305203 
	   Memory (MB)          :      284     2048      2048 
...
