000 (65512065.047.000) 05/02 15:00:26 Job submitted from host: <131.225.188.235:9618?addrs=131.225.188.235-9618&noUDP&sock=813081_83ea_25>
...
001 (65512065.047.000) 05/02 15:01:43 Job executing on host: <131.225.190.26:9618?addrs=131.225.190.26-9618&noUDP&sock=3518_a244_3>
...
005 (65512065.047.000) 05/02 15:01:57 Job terminated.
	(1) Normal termination (return value 0)
		Usr 0 00:00:00, Sys 0 00:00:00  -  Run Remote Usage
		Usr 0 00:00:00, Sys 0 00:00:00  -  Run Local Usage
		Usr 0 00:00:00, Sys 0 00:00:00  -  Total Remote Usage
		Usr 0 00:00:00, Sys 0 00:00:00  -  Total Local Usage
	6628  -  Run Bytes Sent By Job
	11045  -  Run Bytes Received By Job
	6628  -  Total Bytes Sent By Job
	11045  -  Total Bytes Received By Job
	Partitionable Resources :    Usage  Request Allocated 
	   Cpus                 :     0.00        1         1 
	   Disk (KB)            :    42           2    771549 
	   Memory (MB)          :              2048      2048 
...
000 (35929332.047.000) 05/02 15:11:35 Job submitted from host: <131.225.188.57:9618?addrs=131.225.188.57-9618&noUDP&sock=955572_7d49_27>
...
001 (35929332.047.000) 05/02 15:18:31 Job executing on host: <131.225.206.170:9618?addrs=131.225.206.170-9618&noUDP&sock=1930_65df_3>
...
006 (35929332.047.000) 05/02 15:18:40 Image size of job updated: 3
	3  -  MemoryUsage of job (MB)
	3400  -  ResidentSetSize of job (KB)
...
006 (35929332.047.000) 05/02 15:19:40 Image size of job updated: 262
	262  -  MemoryUsage of job (MB)
	268660  -  ResidentSetSize of job (KB)
...
006 (35929332.047.000) 05/02 15:20:40 Image size of job updated: 282
	282  -  MemoryUsage of job (MB)
	289468  -  ResidentSetSize of job (KB)
...
006 (35929332.047.000) 05/02 15:21:41 Image size of job updated: 282
	282  -  MemoryUsage of job (MB)
	289528  -  ResidentSetSize of job (KB)
...
006 (35929332.047.000) 05/02 15:22:43 Image size of job updated: 287
	287  -  MemoryUsage of job (MB)
	293964  -  ResidentSetSize of job (KB)
...
006 (35929332.047.000) 05/02 15:23:43 Image size of job updated: 289
	289  -  MemoryUsage of job (MB)
	296648  -  ResidentSetSize of job (KB)
...
006 (35929332.047.000) 05/02 15:24:43 Image size of job updated: 292
	292  -  MemoryUsage of job (MB)
	299352  -  ResidentSetSize of job (KB)
...
006 (35929332.047.000) 05/02 15:25:43 Image size of job updated: 292
	292  -  MemoryUsage of job (MB)
	299368  -  ResidentSetSize of job (KB)
...
006 (35929332.047.000) 05/02 15:37:50 Image size of job updated: 293
	293  -  MemoryUsage of job (MB)
	300444  -  ResidentSetSize of job (KB)
...
005 (35929332.047.000) 05/02 15:39:43 Job terminated.
	(1) Normal termination (return value 0)
		Usr 0 00:08:57, Sys 0 00:02:20  -  Run Remote Usage
		Usr 0 00:00:00, Sys 0 00:00:00  -  Run Local Usage
		Usr 0 00:08:57, Sys 0 00:02:20  -  Total Remote Usage
		Usr 0 00:00:00, Sys 0 00:00:00  -  Total Local Usage
	4380  -  Run Bytes Sent By Job
	11057  -  Run Bytes Received By Job
	4380  -  Total Bytes Sent By Job
	11057  -  Total Bytes Received By Job
	Partitionable Resources :    Usage  Request Allocated 
	   Cpus                 :     0.00        1         1 
	   Disk (KB)            :    36           2    319754 
	   Memory (MB)          :   290        2048      2048 
...
