000 (65512065.059.000) 05/02 15:00:27 Job submitted from host: <131.225.188.235:9618?addrs=131.225.188.235-9618&noUDP&sock=813081_83ea_25>
...
001 (65512065.059.000) 05/02 15:01:55 Job executing on host: <131.225.206.39:9618?addrs=131.225.206.39-9618&noUDP&sock=1911_5d93_3>
...
005 (65512065.059.000) 05/02 15:02:01 Job terminated.
	(1) Normal termination (return value 0)
		Usr 0 00:00:00, Sys 0 00:00:00  -  Run Remote Usage
		Usr 0 00:00:00, Sys 0 00:00:00  -  Run Local Usage
		Usr 0 00:00:00, Sys 0 00:00:00  -  Total Remote Usage
		Usr 0 00:00:00, Sys 0 00:00:00  -  Total Local Usage
	5467  -  Run Bytes Sent By Job
	11045  -  Run Bytes Received By Job
	5467  -  Total Bytes Sent By Job
	11045  -  Total Bytes Received By Job
	Partitionable Resources :    Usage  Request Allocated 
	   Cpus                 :        0        1         1 
	   Disk (KB)            :       37        2    310907 
	   Memory (MB)          :              2048      2048 
...
000 (35929332.059.000) 05/02 15:11:35 Job submitted from host: <131.225.188.57:9618?addrs=131.225.188.57-9618&noUDP&sock=955572_7d49_27>
...
001 (35929332.059.000) 05/02 15:20:13 Job executing on host: <131.225.191.134:9618?addrs=131.225.191.134-9618&noUDP&sock=1940_41d2_3>
...
006 (35929332.059.000) 05/02 15:20:22 Image size of job updated: 11
	11  -  MemoryUsage of job (MB)
	11452  -  ResidentSetSize of job (KB)
...
006 (35929332.059.000) 05/02 15:21:23 Image size of job updated: 212
	212  -  MemoryUsage of job (MB)
	217596  -  ResidentSetSize of job (KB)
...
006 (35929332.059.000) 05/02 15:22:25 Image size of job updated: 212
	212  -  MemoryUsage of job (MB)
	217628  -  ResidentSetSize of job (KB)
...
005 (35929332.059.000) 05/02 15:22:45 Job terminated.
	(1) Normal termination (return value 0)
		Usr 0 00:01:07, Sys 0 00:00:09  -  Run Remote Usage
		Usr 0 00:00:00, Sys 0 00:00:00  -  Run Local Usage
		Usr 0 00:01:07, Sys 0 00:00:09  -  Total Remote Usage
		Usr 0 00:00:00, Sys 0 00:00:00  -  Total Local Usage
	4345  -  Run Bytes Sent By Job
	11057  -  Run Bytes Received By Job
	4345  -  Total Bytes Sent By Job
	11057  -  Total Bytes Received By Job
	Partitionable Resources :    Usage  Request Allocated 
	   Cpus                 :        0        1         1 
	   Disk (KB)            :       36        2    315060 
	   Memory (MB)          :      212     2048      2048 
...
