000 (65512065.058.000) 05/02 15:00:27 Job submitted from host: <131.225.188.235:9618?addrs=131.225.188.235-9618&noUDP&sock=813081_83ea_25>
...
001 (65512065.058.000) 05/02 15:01:55 Job executing on host: <131.225.188.34:9618?addrs=131.225.188.34-9618&noUDP&sock=6040_841e_3>
...
005 (65512065.058.000) 05/02 15:02:13 Job terminated.
	(1) Normal termination (return value 0)
		Usr 0 00:00:00, Sys 0 00:00:00  -  Run Remote Usage
		Usr 0 00:00:00, Sys 0 00:00:00  -  Run Local Usage
		Usr 0 00:00:00, Sys 0 00:00:00  -  Total Remote Usage
		Usr 0 00:00:00, Sys 0 00:00:00  -  Total Local Usage
	7444  -  Run Bytes Sent By Job
	11045  -  Run Bytes Received By Job
	7444  -  Total Bytes Sent By Job
	11045  -  Total Bytes Received By Job
	Partitionable Resources :    Usage  Request Allocated 
	   Cpus                 :     0.05        1         1 
	   Disk (KB)            :    49           2   1629809 
	   Memory (MB)          :              2048      2048 
...
000 (35929332.058.000) 05/02 15:11:35 Job submitted from host: <131.225.188.57:9618?addrs=131.225.188.57-9618&noUDP&sock=955572_7d49_27>
...
001 (35929332.058.000) 05/02 15:20:14 Job executing on host: <131.225.206.200:9618?addrs=131.225.206.200-9618&noUDP&sock=1920_89ed_3>
...
006 (35929332.058.000) 05/02 15:20:22 Image size of job updated: 3
	3  -  MemoryUsage of job (MB)
	3100  -  ResidentSetSize of job (KB)
...
006 (35929332.058.000) 05/02 15:21:22 Image size of job updated: 246
	246  -  MemoryUsage of job (MB)
	252320  -  ResidentSetSize of job (KB)
...
006 (35929332.058.000) 05/02 15:22:22 Image size of job updated: 271
	271  -  MemoryUsage of job (MB)
	278204  -  ResidentSetSize of job (KB)
...
006 (35929332.058.000) 05/02 15:23:22 Image size of job updated: 276
	276  -  MemoryUsage of job (MB)
	283292  -  ResidentSetSize of job (KB)
...
006 (35929332.058.000) 05/02 15:24:23 Image size of job updated: 278
	278  -  MemoryUsage of job (MB)
	285544  -  ResidentSetSize of job (KB)
...
006 (35929332.058.000) 05/02 15:25:24 Image size of job updated: 282
	282  -  MemoryUsage of job (MB)
	288856  -  ResidentSetSize of job (KB)
...
006 (35929332.058.000) 05/02 15:26:25 Image size of job updated: 283
	283  -  MemoryUsage of job (MB)
	290144  -  ResidentSetSize of job (KB)
...
006 (35929332.058.000) 05/02 15:27:26 Image size of job updated: 283
	283  -  MemoryUsage of job (MB)
	290696  -  ResidentSetSize of job (KB)
...
006 (35929332.058.000) 05/02 15:28:26 Image size of job updated: 283
	283  -  MemoryUsage of job (MB)
	290736  -  ResidentSetSize of job (KB)
...
006 (35929332.058.000) 05/02 15:29:26 Image size of job updated: 284
	284  -  MemoryUsage of job (MB)
	291024  -  ResidentSetSize of job (KB)
...
006 (35929332.058.000) 05/02 15:30:26 Image size of job updated: 284
	284  -  MemoryUsage of job (MB)
	291072  -  ResidentSetSize of job (KB)
...
006 (35929332.058.000) 05/02 15:31:26 Image size of job updated: 284
	284  -  MemoryUsage of job (MB)
	291140  -  ResidentSetSize of job (KB)
...
006 (35929332.058.000) 05/02 15:32:27 Image size of job updated: 287
	287  -  MemoryUsage of job (MB)
	294104  -  ResidentSetSize of job (KB)
...
006 (35929332.058.000) 05/02 15:34:29 Image size of job updated: 287
	287  -  MemoryUsage of job (MB)
	294272  -  ResidentSetSize of job (KB)
...
006 (35929332.058.000) 05/02 15:35:29 Image size of job updated: 287
	287  -  MemoryUsage of job (MB)
	294284  -  ResidentSetSize of job (KB)
...
006 (35929332.058.000) 05/02 15:36:29 Image size of job updated: 287
	287  -  MemoryUsage of job (MB)
	294312  -  ResidentSetSize of job (KB)
...
006 (35929332.058.000) 05/02 15:37:29 Image size of job updated: 287
	287  -  MemoryUsage of job (MB)
	294320  -  ResidentSetSize of job (KB)
...
006 (35929332.058.000) 05/02 15:37:57 Image size of job updated: 287
	287  -  MemoryUsage of job (MB)
	294328  -  ResidentSetSize of job (KB)
...
005 (35929332.058.000) 05/02 15:37:59 Job terminated.
	(1) Normal termination (return value 0)
		Usr 0 00:05:48, Sys 0 00:01:12  -  Run Remote Usage
		Usr 0 00:00:00, Sys 0 00:00:00  -  Run Local Usage
		Usr 0 00:05:48, Sys 0 00:01:12  -  Total Remote Usage
		Usr 0 00:00:00, Sys 0 00:00:00  -  Total Local Usage
	4380  -  Run Bytes Sent By Job
	11057  -  Run Bytes Received By Job
	4380  -  Total Bytes Sent By Job
	11057  -  Total Bytes Received By Job
	Partitionable Resources :    Usage  Request Allocated 
	   Cpus                 :        0        1         1 
	   Disk (KB)            :       36        2    320629 
	   Memory (MB)          :      287     2048      2048 
...
