000 (65512065.043.000) 05/02 15:00:26 Job submitted from host: <131.225.188.235:9618?addrs=131.225.188.235-9618&noUDP&sock=813081_83ea_25>
...
001 (65512065.043.000) 05/02 15:01:42 Job executing on host: <131.225.188.34:9618?addrs=131.225.188.34-9618&noUDP&sock=6040_841e_3>
...
005 (65512065.043.000) 05/02 15:01:54 Job terminated.
	(1) Normal termination (return value 0)
		Usr 0 00:00:00, Sys 0 00:00:00  -  Run Remote Usage
		Usr 0 00:00:00, Sys 0 00:00:00  -  Run Local Usage
		Usr 0 00:00:00, Sys 0 00:00:00  -  Total Remote Usage
		Usr 0 00:00:00, Sys 0 00:00:00  -  Total Local Usage
	8695  -  Run Bytes Sent By Job
	11045  -  Run Bytes Received By Job
	8695  -  Total Bytes Sent By Job
	11045  -  Total Bytes Received By Job
	Partitionable Resources :    Usage  Request Allocated 
	   Cpus                 :     0.08        1         1 
	   Disk (KB)            :    50           2   1629809 
	   Memory (MB)          :              2048      2048 
...
000 (35929332.043.000) 05/02 15:11:35 Job submitted from host: <131.225.188.57:9618?addrs=131.225.188.57-9618&noUDP&sock=955572_7d49_27>
...
001 (35929332.043.000) 05/02 15:18:03 Job executing on host: <131.225.204.55:9618?addrs=131.225.204.55-9618&noUDP&sock=1923_98b6_3>
...
006 (35929332.043.000) 05/02 15:18:11 Image size of job updated: 7
	7  -  MemoryUsage of job (MB)
	7840  -  ResidentSetSize of job (KB)
...
006 (35929332.043.000) 05/02 15:19:11 Image size of job updated: 212
	212  -  MemoryUsage of job (MB)
	217616  -  ResidentSetSize of job (KB)
...
006 (35929332.043.000) 05/02 15:20:11 Image size of job updated: 217
	217  -  MemoryUsage of job (MB)
	222280  -  ResidentSetSize of job (KB)
...
006 (35929332.043.000) 05/02 15:21:11 Image size of job updated: 217
	217  -  MemoryUsage of job (MB)
	222312  -  ResidentSetSize of job (KB)
...
006 (35929332.043.000) 05/02 15:22:11 Image size of job updated: 219
	219  -  MemoryUsage of job (MB)
	225208  -  ResidentSetSize of job (KB)
...
005 (35929332.043.000) 05/02 15:31:19 Job terminated.
	(1) Normal termination (return value 0)
		Usr 0 00:05:57, Sys 0 00:00:59  -  Run Remote Usage
		Usr 0 00:00:00, Sys 0 00:00:00  -  Run Local Usage
		Usr 0 00:05:57, Sys 0 00:00:59  -  Total Remote Usage
		Usr 0 00:00:00, Sys 0 00:00:00  -  Total Local Usage
	4360  -  Run Bytes Sent By Job
	11057  -  Run Bytes Received By Job
	4360  -  Total Bytes Sent By Job
	11057  -  Total Bytes Received By Job
	Partitionable Resources :    Usage  Request Allocated 
	   Cpus                 :     0.00        1         1 
	   Disk (KB)            :    36           2    324099 
	   Memory (MB)          :   218        2048      2048 
...
