000 (65512065.054.000) 05/02 15:00:27 Job submitted from host: <131.225.188.235:9618?addrs=131.225.188.235-9618&noUDP&sock=813081_83ea_25>
...
001 (65512065.054.000) 05/02 15:01:50 Job executing on host: <131.225.204.41:9618?addrs=131.225.204.41-9618&noUDP&sock=1939_9239_3>
...
005 (65512065.054.000) 05/02 15:01:57 Job terminated.
	(1) Normal termination (return value 0)
		Usr 0 00:00:00, Sys 0 00:00:00  -  Run Remote Usage
		Usr 0 00:00:00, Sys 0 00:00:00  -  Run Local Usage
		Usr 0 00:00:00, Sys 0 00:00:00  -  Total Remote Usage
		Usr 0 00:00:00, Sys 0 00:00:00  -  Total Local Usage
	7104  -  Run Bytes Sent By Job
	11045  -  Run Bytes Received By Job
	7104  -  Total Bytes Sent By Job
	11045  -  Total Bytes Received By Job
	Partitionable Resources :    Usage  Request Allocated 
	   Cpus                 :        0        1         1 
	   Disk (KB)            :       39        2    318984 
	   Memory (MB)          :              2048      2048 
...
000 (35929332.054.000) 05/02 15:11:35 Job submitted from host: <131.225.188.57:9618?addrs=131.225.188.57-9618&noUDP&sock=955572_7d49_27>
...
001 (35929332.054.000) 05/02 15:20:13 Job executing on host: <131.225.205.199:9618?addrs=131.225.205.199-9618&noUDP&sock=3527_ce9e_3>
...
006 (35929332.054.000) 05/02 15:20:22 Image size of job updated: 4
	4  -  MemoryUsage of job (MB)
	4488  -  ResidentSetSize of job (KB)
...
006 (35929332.054.000) 05/02 15:21:23 Image size of job updated: 228
	228  -  MemoryUsage of job (MB)
	234128  -  ResidentSetSize of job (KB)
...
006 (35929332.054.000) 05/02 15:22:23 Image size of job updated: 254
	254  -  MemoryUsage of job (MB)
	260464  -  ResidentSetSize of job (KB)
...
006 (35929332.054.000) 05/02 15:23:24 Image size of job updated: 268
	268  -  MemoryUsage of job (MB)
	275080  -  ResidentSetSize of job (KB)
...
006 (35929332.054.000) 05/02 15:24:24 Image size of job updated: 274
	274  -  MemoryUsage of job (MB)
	281268  -  ResidentSetSize of job (KB)
...
006 (35929332.054.000) 05/02 15:25:25 Image size of job updated: 278
	278  -  MemoryUsage of job (MB)
	285084  -  ResidentSetSize of job (KB)
...
006 (35929332.054.000) 05/02 15:26:25 Image size of job updated: 280
	280  -  MemoryUsage of job (MB)
	286828  -  ResidentSetSize of job (KB)
...
006 (35929332.054.000) 05/02 15:27:26 Image size of job updated: 282
	282  -  MemoryUsage of job (MB)
	289004  -  ResidentSetSize of job (KB)
...
006 (35929332.054.000) 05/02 15:28:27 Image size of job updated: 284
	284  -  MemoryUsage of job (MB)
	291276  -  ResidentSetSize of job (KB)
...
006 (35929332.054.000) 05/02 15:29:27 Image size of job updated: 285
	285  -  MemoryUsage of job (MB)
	292044  -  ResidentSetSize of job (KB)
...
006 (35929332.054.000) 05/02 15:30:28 Image size of job updated: 285
	285  -  MemoryUsage of job (MB)
	292632  -  ResidentSetSize of job (KB)
...
006 (35929332.054.000) 05/02 15:31:28 Image size of job updated: 285
	285  -  MemoryUsage of job (MB)
	292772  -  ResidentSetSize of job (KB)
...
006 (35929332.054.000) 05/02 15:32:29 Image size of job updated: 288
	288  -  MemoryUsage of job (MB)
	295448  -  ResidentSetSize of job (KB)
...
006 (35929332.054.000) 05/02 15:33:29 Image size of job updated: 288
	288  -  MemoryUsage of job (MB)
	295464  -  ResidentSetSize of job (KB)
...
006 (35929332.054.000) 05/02 15:34:30 Image size of job updated: 288
	288  -  MemoryUsage of job (MB)
	295560  -  ResidentSetSize of job (KB)
...
006 (35929332.054.000) 05/02 15:35:04 Image size of job updated: 288
	288  -  MemoryUsage of job (MB)
	295564  -  ResidentSetSize of job (KB)
...
005 (35929332.054.000) 05/02 15:35:06 Job terminated.
	(1) Normal termination (return value 0)
		Usr 0 00:06:08, Sys 0 00:01:24  -  Run Remote Usage
		Usr 0 00:00:00, Sys 0 00:00:00  -  Run Local Usage
		Usr 0 00:06:08, Sys 0 00:01:24  -  Total Remote Usage
		Usr 0 00:00:00, Sys 0 00:00:00  -  Total Local Usage
	4370  -  Run Bytes Sent By Job
	11057  -  Run Bytes Received By Job
	4370  -  Total Bytes Sent By Job
	11057  -  Total Bytes Received By Job
	Partitionable Resources :    Usage  Request Allocated 
	   Cpus                 :     0.00        1         1 
	   Disk (KB)            :    41           2   1674217 
	   Memory (MB)          :   288        2048      2048 
...
