000 (65512065.051.000) 05/02 15:00:27 Job submitted from host: <131.225.188.235:9618?addrs=131.225.188.235-9618&noUDP&sock=813081_83ea_25>
...
001 (65512065.051.000) 05/02 15:01:48 Job executing on host: <131.225.190.36:9618?addrs=131.225.190.36-9618&noUDP&sock=3512_84b3_3>
...
005 (65512065.051.000) 05/02 15:01:57 Job terminated.
	(1) Normal termination (return value 0)
		Usr 0 00:00:00, Sys 0 00:00:00  -  Run Remote Usage
		Usr 0 00:00:00, Sys 0 00:00:00  -  Run Local Usage
		Usr 0 00:00:00, Sys 0 00:00:00  -  Total Remote Usage
		Usr 0 00:00:00, Sys 0 00:00:00  -  Total Local Usage
	10382  -  Run Bytes Sent By Job
	11045  -  Run Bytes Received By Job
	10382  -  Total Bytes Sent By Job
	11045  -  Total Bytes Received By Job
	Partitionable Resources :    Usage  Request Allocated 
	   Cpus                 :     0.12        1         1 
	   Disk (KB)            :    47           2    771959 
	   Memory (MB)          :              2048      2048 
...
000 (35929332.051.000) 05/02 15:11:35 Job submitted from host: <131.225.188.57:9618?addrs=131.225.188.57-9618&noUDP&sock=955572_7d49_27>
...
001 (35929332.051.000) 05/02 15:19:46 Job executing on host: <131.225.191.75:9618?addrs=131.225.191.75-9618&noUDP&sock=3516_4314_3>
...
006 (35929332.051.000) 05/02 15:19:54 Image size of job updated: 3
	3  -  MemoryUsage of job (MB)
	3108  -  ResidentSetSize of job (KB)
...
006 (35929332.051.000) 05/02 15:20:55 Image size of job updated: 217
	217  -  MemoryUsage of job (MB)
	222740  -  ResidentSetSize of job (KB)
...
006 (35929332.051.000) 05/02 15:21:55 Image size of job updated: 223
	223  -  MemoryUsage of job (MB)
	229244  -  ResidentSetSize of job (KB)
...
006 (35929332.051.000) 05/02 15:22:56 Image size of job updated: 224
	224  -  MemoryUsage of job (MB)
	229732  -  ResidentSetSize of job (KB)
...
006 (35929332.051.000) 05/02 15:23:56 Image size of job updated: 224
	224  -  MemoryUsage of job (MB)
	229744  -  ResidentSetSize of job (KB)
...
006 (35929332.051.000) 05/02 15:24:57 Image size of job updated: 224
	224  -  MemoryUsage of job (MB)
	229752  -  ResidentSetSize of job (KB)
...
006 (35929332.051.000) 05/02 15:25:57 Image size of job updated: 224
	224  -  MemoryUsage of job (MB)
	229896  -  ResidentSetSize of job (KB)
...
006 (35929332.051.000) 05/02 15:26:57 Image size of job updated: 224
	224  -  MemoryUsage of job (MB)
	230084  -  ResidentSetSize of job (KB)
...
006 (35929332.051.000) 05/02 15:27:58 Image size of job updated: 237
	237  -  MemoryUsage of job (MB)
	242788  -  ResidentSetSize of job (KB)
...
005 (35929332.051.000) 05/02 15:46:52 Job terminated.
	(1) Normal termination (return value 0)
		Usr 0 00:11:17, Sys 0 00:02:27  -  Run Remote Usage
		Usr 0 00:00:00, Sys 0 00:00:00  -  Run Local Usage
		Usr 0 00:11:17, Sys 0 00:02:27  -  Total Remote Usage
		Usr 0 00:00:00, Sys 0 00:00:00  -  Total Local Usage
	4374  -  Run Bytes Sent By Job
	11057  -  Run Bytes Received By Job
	4374  -  Total Bytes Sent By Job
	11057  -  Total Bytes Received By Job
	Partitionable Resources :    Usage  Request Allocated 
	   Cpus                 :        0        1         1 
	   Disk (KB)            :       40        2    759026 
	   Memory (MB)          :      225     2048      2048 
...
