000 (65512065.096.000) 05/02 15:00:27 Job submitted from host: <131.225.188.235:9618?addrs=131.225.188.235-9618&noUDP&sock=813081_83ea_25>
...
001 (65512065.096.000) 05/02 15:02:22 Job executing on host: <131.225.190.26:9618?addrs=131.225.190.26-9618&noUDP&sock=3518_a244_3>
...
005 (65512065.096.000) 05/02 15:02:30 Job terminated.
	(1) Normal termination (return value 0)
		Usr 0 00:00:00, Sys 0 00:00:00  -  Run Remote Usage
		Usr 0 00:00:00, Sys 0 00:00:00  -  Run Local Usage
		Usr 0 00:00:00, Sys 0 00:00:00  -  Total Remote Usage
		Usr 0 00:00:00, Sys 0 00:00:00  -  Total Local Usage
	6101  -  Run Bytes Sent By Job
	11045  -  Run Bytes Received By Job
	6101  -  Total Bytes Sent By Job
	11045  -  Total Bytes Received By Job
	Partitionable Resources :    Usage  Request Allocated 
	   Cpus                 :     0.05        1         1 
	   Disk (KB)            :    42           2    771549 
	   Memory (MB)          :              2048      2048 
...
000 (35929332.096.000) 05/02 15:11:35 Job submitted from host: <131.225.188.57:9618?addrs=131.225.188.57-9618&noUDP&sock=955572_7d49_27>
...
001 (35929332.096.000) 05/02 15:26:07 Job executing on host: <131.225.190.41:9618?addrs=131.225.190.41-9618&noUDP&sock=3506_6721_3>
...
006 (35929332.096.000) 05/02 15:26:16 Image size of job updated: 3
	3  -  MemoryUsage of job (MB)
	3420  -  ResidentSetSize of job (KB)
...
006 (35929332.096.000) 05/02 15:27:18 Image size of job updated: 312
	312  -  MemoryUsage of job (MB)
	319532  -  ResidentSetSize of job (KB)
...
006 (35929332.096.000) 05/02 15:28:18 Image size of job updated: 312
	312  -  MemoryUsage of job (MB)
	319836  -  ResidentSetSize of job (KB)
...
006 (35929332.096.000) 05/02 15:29:19 Image size of job updated: 312
	312  -  MemoryUsage of job (MB)
	320256  -  ResidentSetSize of job (KB)
...
006 (35929332.096.000) 05/02 15:30:19 Image size of job updated: 314
	314  -  MemoryUsage of job (MB)
	322308  -  ResidentSetSize of job (KB)
...
006 (35929332.096.000) 05/02 15:31:20 Image size of job updated: 315
	315  -  MemoryUsage of job (MB)
	323512  -  ResidentSetSize of job (KB)
...
006 (35929332.096.000) 05/02 15:32:21 Image size of job updated: 316
	316  -  MemoryUsage of job (MB)
	323660  -  ResidentSetSize of job (KB)
...
006 (35929332.096.000) 05/02 15:33:21 Image size of job updated: 316
	316  -  MemoryUsage of job (MB)
	323840  -  ResidentSetSize of job (KB)
...
006 (35929332.096.000) 05/02 15:34:22 Image size of job updated: 316
	316  -  MemoryUsage of job (MB)
	324020  -  ResidentSetSize of job (KB)
...
006 (35929332.096.000) 05/02 15:35:24 Image size of job updated: 316
	316  -  MemoryUsage of job (MB)
	324128  -  ResidentSetSize of job (KB)
...
006 (35929332.096.000) 05/02 15:36:24 Image size of job updated: 317
	317  -  MemoryUsage of job (MB)
	324708  -  ResidentSetSize of job (KB)
...
006 (35929332.096.000) 05/02 15:37:25 Image size of job updated: 317
	317  -  MemoryUsage of job (MB)
	324868  -  ResidentSetSize of job (KB)
...
006 (35929332.096.000) 05/02 15:38:25 Image size of job updated: 317
	317  -  MemoryUsage of job (MB)
	325052  -  ResidentSetSize of job (KB)
...
006 (35929332.096.000) 05/02 15:39:26 Image size of job updated: 317
	317  -  MemoryUsage of job (MB)
	325412  -  ResidentSetSize of job (KB)
...
006 (35929332.096.000) 05/02 15:40:27 Image size of job updated: 317
	317  -  MemoryUsage of job (MB)
	325624  -  ResidentSetSize of job (KB)
...
006 (35929332.096.000) 05/02 15:41:27 Image size of job updated: 318
	318  -  MemoryUsage of job (MB)
	325796  -  ResidentSetSize of job (KB)
...
006 (35929332.096.000) 05/02 15:42:28 Image size of job updated: 318
	318  -  MemoryUsage of job (MB)
	325908  -  ResidentSetSize of job (KB)
...
006 (35929332.096.000) 05/02 15:43:28 Image size of job updated: 318
	318  -  MemoryUsage of job (MB)
	326068  -  ResidentSetSize of job (KB)
...
006 (35929332.096.000) 05/02 15:44:28 Image size of job updated: 318
	318  -  MemoryUsage of job (MB)
	326212  -  ResidentSetSize of job (KB)
...
006 (35929332.096.000) 05/02 15:45:29 Image size of job updated: 352
	352  -  MemoryUsage of job (MB)
	360492  -  ResidentSetSize of job (KB)
...
006 (35929332.096.000) 05/02 15:46:29 Image size of job updated: 352
	352  -  MemoryUsage of job (MB)
	360836  -  ResidentSetSize of job (KB)
...
006 (35929332.096.000) 05/02 15:47:30 Image size of job updated: 352
	352  -  MemoryUsage of job (MB)
	361192  -  ResidentSetSize of job (KB)
...
006 (35929332.096.000) 05/02 15:48:31 Image size of job updated: 353
	353  -  MemoryUsage of job (MB)
	361584  -  ResidentSetSize of job (KB)
...
006 (35929332.096.000) 05/02 15:49:31 Image size of job updated: 353
	353  -  MemoryUsage of job (MB)
	361716  -  ResidentSetSize of job (KB)
...
006 (35929332.096.000) 05/02 15:50:32 Image size of job updated: 353
	353  -  MemoryUsage of job (MB)
	361744  -  ResidentSetSize of job (KB)
...
006 (35929332.096.000) 05/02 15:51:32 Image size of job updated: 353
	353  -  MemoryUsage of job (MB)
	361768  -  ResidentSetSize of job (KB)
...
006 (35929332.096.000) 05/02 15:53:34 Image size of job updated: 360
	360  -  MemoryUsage of job (MB)
	369344  -  ResidentSetSize of job (KB)
...
006 (35929332.096.000) 05/02 15:54:34 Image size of job updated: 360
	360  -  MemoryUsage of job (MB)
	369520  -  ResidentSetSize of job (KB)
...
006 (35929332.096.000) 05/02 15:55:35 Image size of job updated: 361
	361  -  MemoryUsage of job (MB)
	369828  -  ResidentSetSize of job (KB)
...
006 (35929332.096.000) 05/02 15:57:36 Image size of job updated: 362
	362  -  MemoryUsage of job (MB)
	371268  -  ResidentSetSize of job (KB)
...
006 (35929332.096.000) 05/02 15:59:37 Image size of job updated: 362
	362  -  MemoryUsage of job (MB)
	371284  -  ResidentSetSize of job (KB)
...
006 (35929332.096.000) 05/02 16:01:38 Image size of job updated: 367
	367  -  MemoryUsage of job (MB)
	376396  -  ResidentSetSize of job (KB)
...
006 (35929332.096.000) 05/02 16:02:38 Image size of job updated: 367
	367  -  MemoryUsage of job (MB)
	376496  -  ResidentSetSize of job (KB)
...
006 (35929332.096.000) 05/02 16:03:39 Image size of job updated: 367
	367  -  MemoryUsage of job (MB)
	376512  -  ResidentSetSize of job (KB)
...
006 (35929332.096.000) 05/02 16:05:40 Image size of job updated: 367
	367  -  MemoryUsage of job (MB)
	376576  -  ResidentSetSize of job (KB)
...
006 (35929332.096.000) 05/02 16:06:40 Image size of job updated: 367
	367  -  MemoryUsage of job (MB)
	376624  -  ResidentSetSize of job (KB)
...
006 (35929332.096.000) 05/02 16:08:42 Image size of job updated: 367
	367  -  MemoryUsage of job (MB)
	376644  -  ResidentSetSize of job (KB)
...
006 (35929332.096.000) 05/02 16:11:43 Image size of job updated: 367
	367  -  MemoryUsage of job (MB)
	376648  -  ResidentSetSize of job (KB)
...
006 (35929332.096.000) 05/02 16:48:01 Image size of job updated: 369
	369  -  MemoryUsage of job (MB)
	377964  -  ResidentSetSize of job (KB)
...
006 (35929332.096.000) 05/02 16:50:02 Image size of job updated: 374
	374  -  MemoryUsage of job (MB)
	383484  -  ResidentSetSize of job (KB)
...
006 (35929332.096.000) 05/02 16:53:04 Image size of job updated: 374
	374  -  MemoryUsage of job (MB)
	383488  -  ResidentSetSize of job (KB)
...
006 (35929332.096.000) 05/02 16:59:08 Image size of job updated: 374
	374  -  MemoryUsage of job (MB)
	383492  -  ResidentSetSize of job (KB)
...
006 (35929332.096.000) 05/02 17:04:10 Image size of job updated: 374
	374  -  MemoryUsage of job (MB)
	383528  -  ResidentSetSize of job (KB)
...
006 (35929332.096.000) 05/02 17:23:19 Image size of job updated: 374
	374  -  MemoryUsage of job (MB)
	383540  -  ResidentSetSize of job (KB)
...
006 (35929332.096.000) 05/02 17:36:26 Image size of job updated: 386
	386  -  MemoryUsage of job (MB)
	395820  -  ResidentSetSize of job (KB)
...
005 (35929332.096.000) 05/02 18:21:41 Job terminated.
	(1) Normal termination (return value 0)
		Usr 0 01:54:20, Sys 0 00:16:32  -  Run Remote Usage
		Usr 0 00:00:00, Sys 0 00:00:00  -  Run Local Usage
		Usr 0 01:54:20, Sys 0 00:16:32  -  Total Remote Usage
		Usr 0 00:00:00, Sys 0 00:00:00  -  Total Local Usage
	5592  -  Run Bytes Sent By Job
	11057  -  Run Bytes Received By Job
	5592  -  Total Bytes Sent By Job
	11057  -  Total Bytes Received By Job
	Partitionable Resources :    Usage  Request Allocated 
	   Cpus                 :     0.00        1         1 
	   Disk (KB)            :    42           2    782476 
	   Memory (MB)          :   368        2048      2048 
...
