000 (65512065.102.000) 05/02 15:00:27 Job submitted from host: <131.225.188.235:9618?addrs=131.225.188.235-9618&noUDP&sock=813081_83ea_25>
...
001 (65512065.102.000) 05/02 15:02:28 Job executing on host: <131.225.206.200:9618?addrs=131.225.206.200-9618&noUDP&sock=1920_89ed_3>
...
005 (65512065.102.000) 05/02 15:02:32 Job terminated.
	(1) Normal termination (return value 0)
		Usr 0 00:00:00, Sys 0 00:00:00  -  Run Remote Usage
		Usr 0 00:00:00, Sys 0 00:00:00  -  Run Local Usage
		Usr 0 00:00:00, Sys 0 00:00:00  -  Total Remote Usage
		Usr 0 00:00:00, Sys 0 00:00:00  -  Total Local Usage
	4588  -  Run Bytes Sent By Job
	11045  -  Run Bytes Received By Job
	4588  -  Total Bytes Sent By Job
	11045  -  Total Bytes Received By Job
	Partitionable Resources :    Usage  Request Allocated 
	   Cpus                 :        0        1         1 
	   Disk (KB)            :       36        2    320629 
	   Memory (MB)          :              2048      2048 
...
000 (35929332.102.000) 05/02 15:11:35 Job submitted from host: <131.225.188.57:9618?addrs=131.225.188.57-9618&noUDP&sock=955572_7d49_27>
...
001 (35929332.102.000) 05/02 15:26:30 Job executing on host: <131.225.206.156:9618?addrs=131.225.206.156-9618&noUDP&sock=1916_cb8c_3>
...
006 (35929332.102.000) 05/02 15:26:39 Image size of job updated: 4
	4  -  MemoryUsage of job (MB)
	4768  -  ResidentSetSize of job (KB)
...
006 (35929332.102.000) 05/02 15:27:39 Image size of job updated: 294
	294  -  MemoryUsage of job (MB)
	301600  -  ResidentSetSize of job (KB)
...
006 (35929332.102.000) 05/02 15:28:39 Image size of job updated: 296
	296  -  MemoryUsage of job (MB)
	303968  -  ResidentSetSize of job (KB)
...
006 (35929332.102.000) 05/02 15:29:39 Image size of job updated: 298
	298  -  MemoryUsage of job (MB)
	305252  -  ResidentSetSize of job (KB)
...
006 (35929332.102.000) 05/02 15:30:40 Image size of job updated: 298
	298  -  MemoryUsage of job (MB)
	305604  -  ResidentSetSize of job (KB)
...
006 (35929332.102.000) 05/02 15:31:41 Image size of job updated: 298
	298  -  MemoryUsage of job (MB)
	306108  -  ResidentSetSize of job (KB)
...
006 (35929332.102.000) 05/02 15:32:42 Image size of job updated: 299
	299  -  MemoryUsage of job (MB)
	306412  -  ResidentSetSize of job (KB)
...
006 (35929332.102.000) 05/02 15:33:42 Image size of job updated: 299
	299  -  MemoryUsage of job (MB)
	306724  -  ResidentSetSize of job (KB)
...
006 (35929332.102.000) 05/02 15:34:42 Image size of job updated: 299
	299  -  MemoryUsage of job (MB)
	307028  -  ResidentSetSize of job (KB)
...
006 (35929332.102.000) 05/02 15:35:00 Image size of job updated: 300
	300  -  MemoryUsage of job (MB)
	307300  -  ResidentSetSize of job (KB)
...
005 (35929332.102.000) 05/02 15:35:02 Job terminated.
	(1) Normal termination (return value 0)
		Usr 0 00:05:56, Sys 0 00:00:37  -  Run Remote Usage
		Usr 0 00:00:00, Sys 0 00:00:00  -  Run Local Usage
		Usr 0 00:05:56, Sys 0 00:00:37  -  Total Remote Usage
		Usr 0 00:00:00, Sys 0 00:00:00  -  Total Local Usage
	4498  -  Run Bytes Sent By Job
	11057  -  Run Bytes Received By Job
	4498  -  Total Bytes Sent By Job
	11057  -  Total Bytes Received By Job
	Partitionable Resources :    Usage  Request Allocated 
	   Cpus                 :        0        1         1 
	   Disk (KB)            :       37        2    314611 
	   Memory (MB)          :      300     2048      2048 
...
