Error in <TCling::RegisterModule>: cannot find dictionary module BaconAnaDataFormats_yr_rdict.pcm
%MSG-e SimpleJetCorrectionUncertainty: 
 bin variables out of range
%MSG
%MSG-e SimpleJetCorrectionUncertainty: 
 bin variables out of range
%MSG
%MSG-e SimpleJetCorrectionUncertainty: 
 bin variables out of range
%MSG
%MSG-e SimpleJetCorrectionUncertainty: 
 bin variables out of range
%MSG
%MSG-e SimpleJetCorrectionUncertainty: 
 bin variables out of range
%MSG
%MSG-e SimpleJetCorrectionUncertainty: 
 bin variables out of range
%MSG
%MSG-e SimpleJetCorrectionUncertainty: 
 bin variables out of range
%MSG
%MSG-e SimpleJetCorrectionUncertainty: 
 bin variables out of range
%MSG
[16MB/16.37MB][ 97%][================================================> ][16MB/s]  [16.37MB/16.37MB][100%][==================================================][16.37MB/s]  [16.37MB/16.37MB][100%][==================================================][16.37MB/s]  
