Error in <TCling::RegisterModule>: cannot find dictionary module BaconAnaDataFormats_yr_rdict.pcm
%MSG-e SimpleJetCorrectionUncertainty: 
 bin variables out of range
%MSG
%MSG-e SimpleJetCorrectionUncertainty: 
 bin variables out of range
%MSG
%MSG-e SimpleJetCorrectionUncertainty: 
 bin variables out of range
%MSG
%MSG-e SimpleJetCorrectionUncertainty: 
 bin variables out of range
%MSG
%MSG-e SimpleJetCorrectionUncertainty: 
 bin variables out of range
%MSG
%MSG-e SimpleJetCorrectionUncertainty: 
 bin variables out of range
%MSG
%MSG-e SimpleJetCorrectionUncertainty: 
 bin variables out of range
%MSG
%MSG-e SimpleJetCorrectionUncertainty: 
 bin variables out of range
%MSG
%MSG-e SimpleJetCorrectionUncertainty: 
 bin variables out of range
%MSG
%MSG-e SimpleJetCorrectionUncertainty: 
 bin variables out of range
%MSG
%MSG-e SimpleJetCorrectionUncertainty: 
 bin variables out of range
%MSG
%MSG-e SimpleJetCorrectionUncertainty: 
 bin variables out of range
%MSG
%MSG-e SimpleJetCorrectionUncertainty: 
 bin variables out of range
%MSG
%MSG-e SimpleJetCorrectionUncertainty: 
 bin variables out of range
%MSG
%MSG-e SimpleJetCorrectionUncertainty: 
 bin variables out of range
%MSG
[16MB/27.62MB][ 57%][============================>                     ][16MB/s]  [27.62MB/27.62MB][100%][==================================================][27.62MB/s]  [27.62MB/27.62MB][100%][==================================================][27.62MB/s]  
