000 (65512065.075.000) 05/02 15:00:27 Job submitted from host: <131.225.188.235:9618?addrs=131.225.188.235-9618&noUDP&sock=813081_83ea_25>
...
001 (65512065.075.000) 05/02 15:02:09 Job executing on host: <131.225.190.26:9618?addrs=131.225.190.26-9618&noUDP&sock=3518_a244_3>
...
005 (65512065.075.000) 05/02 15:02:19 Job terminated.
	(1) Normal termination (return value 0)
		Usr 0 00:00:00, Sys 0 00:00:00  -  Run Remote Usage
		Usr 0 00:00:00, Sys 0 00:00:00  -  Run Local Usage
		Usr 0 00:00:00, Sys 0 00:00:00  -  Total Remote Usage
		Usr 0 00:00:00, Sys 0 00:00:00  -  Total Local Usage
	6447  -  Run Bytes Sent By Job
	11045  -  Run Bytes Received By Job
	6447  -  Total Bytes Sent By Job
	11045  -  Total Bytes Received By Job
	Partitionable Resources :    Usage  Request Allocated 
	   Cpus                 :     0.21        1         1 
	   Disk (KB)            :    42           2    771549 
	   Memory (MB)          :              2048      2048 
...
000 (35929332.075.000) 05/02 15:11:35 Job submitted from host: <131.225.188.57:9618?addrs=131.225.188.57-9618&noUDP&sock=955572_7d49_27>
...
001 (35929332.075.000) 05/02 15:24:10 Job executing on host: <131.225.206.51:9618?addrs=131.225.206.51-9618&noUDP&sock=1914_6c5b_3>
...
006 (35929332.075.000) 05/02 15:24:18 Image size of job updated: 2
	2  -  MemoryUsage of job (MB)
	3016  -  ResidentSetSize of job (KB)
...
006 (35929332.075.000) 05/02 15:25:19 Image size of job updated: 299
	299  -  MemoryUsage of job (MB)
	306216  -  ResidentSetSize of job (KB)
...
006 (35929332.075.000) 05/02 15:26:20 Image size of job updated: 300
	300  -  MemoryUsage of job (MB)
	307212  -  ResidentSetSize of job (KB)
...
006 (35929332.075.000) 05/02 15:27:21 Image size of job updated: 302
	302  -  MemoryUsage of job (MB)
	309948  -  ResidentSetSize of job (KB)
...
006 (35929332.075.000) 05/02 15:28:21 Image size of job updated: 304
	304  -  MemoryUsage of job (MB)
	311436  -  ResidentSetSize of job (KB)
...
006 (35929332.075.000) 05/02 15:29:21 Image size of job updated: 304
	304  -  MemoryUsage of job (MB)
	311608  -  ResidentSetSize of job (KB)
...
006 (35929332.075.000) 05/02 15:30:21 Image size of job updated: 304
	304  -  MemoryUsage of job (MB)
	312312  -  ResidentSetSize of job (KB)
...
006 (35929332.075.000) 05/02 15:31:22 Image size of job updated: 305
	305  -  MemoryUsage of job (MB)
	312456  -  ResidentSetSize of job (KB)
...
006 (35929332.075.000) 05/02 15:32:23 Image size of job updated: 338
	338  -  MemoryUsage of job (MB)
	346196  -  ResidentSetSize of job (KB)
...
006 (35929332.075.000) 05/02 15:33:24 Image size of job updated: 339
	339  -  MemoryUsage of job (MB)
	347772  -  ResidentSetSize of job (KB)
...
006 (35929332.075.000) 05/02 15:34:25 Image size of job updated: 339
	339  -  MemoryUsage of job (MB)
	348120  -  ResidentSetSize of job (KB)
...
006 (35929332.075.000) 05/02 15:35:25 Image size of job updated: 340
	340  -  MemoryUsage of job (MB)
	348500  -  ResidentSetSize of job (KB)
...
006 (35929332.075.000) 05/02 15:36:25 Image size of job updated: 340
	340  -  MemoryUsage of job (MB)
	348620  -  ResidentSetSize of job (KB)
...
006 (35929332.075.000) 05/02 15:37:25 Image size of job updated: 340
	340  -  MemoryUsage of job (MB)
	349072  -  ResidentSetSize of job (KB)
...
006 (35929332.075.000) 05/02 15:38:25 Image size of job updated: 341
	341  -  MemoryUsage of job (MB)
	349488  -  ResidentSetSize of job (KB)
...
006 (35929332.075.000) 05/02 15:39:26 Image size of job updated: 341
	341  -  MemoryUsage of job (MB)
	349628  -  ResidentSetSize of job (KB)
...
006 (35929332.075.000) 05/02 15:40:27 Image size of job updated: 347
	347  -  MemoryUsage of job (MB)
	355728  -  ResidentSetSize of job (KB)
...
006 (35929332.075.000) 05/02 15:41:28 Image size of job updated: 347
	347  -  MemoryUsage of job (MB)
	356256  -  ResidentSetSize of job (KB)
...
006 (35929332.075.000) 05/02 15:42:28 Image size of job updated: 348
	348  -  MemoryUsage of job (MB)
	356644  -  ResidentSetSize of job (KB)
...
006 (35929332.075.000) 05/02 15:43:28 Image size of job updated: 348
	348  -  MemoryUsage of job (MB)
	356760  -  ResidentSetSize of job (KB)
...
006 (35929332.075.000) 05/02 15:44:28 Image size of job updated: 348
	348  -  MemoryUsage of job (MB)
	356856  -  ResidentSetSize of job (KB)
...
006 (35929332.075.000) 05/02 15:45:28 Image size of job updated: 348
	348  -  MemoryUsage of job (MB)
	357068  -  ResidentSetSize of job (KB)
...
006 (35929332.075.000) 05/02 15:46:29 Image size of job updated: 348
	348  -  MemoryUsage of job (MB)
	357320  -  ResidentSetSize of job (KB)
...
006 (35929332.075.000) 05/02 15:47:30 Image size of job updated: 349
	349  -  MemoryUsage of job (MB)
	357460  -  ResidentSetSize of job (KB)
...
006 (35929332.075.000) 05/02 15:48:31 Image size of job updated: 351
	351  -  MemoryUsage of job (MB)
	359908  -  ResidentSetSize of job (KB)
...
006 (35929332.075.000) 05/02 15:49:32 Image size of job updated: 351
	351  -  MemoryUsage of job (MB)
	360052  -  ResidentSetSize of job (KB)
...
006 (35929332.075.000) 05/02 15:50:32 Image size of job updated: 351
	351  -  MemoryUsage of job (MB)
	360140  -  ResidentSetSize of job (KB)
...
006 (35929332.075.000) 05/02 15:51:32 Image size of job updated: 351
	351  -  MemoryUsage of job (MB)
	360264  -  ResidentSetSize of job (KB)
...
006 (35929332.075.000) 05/02 15:52:32 Image size of job updated: 351
	351  -  MemoryUsage of job (MB)
	360396  -  ResidentSetSize of job (KB)
...
006 (35929332.075.000) 05/02 15:53:32 Image size of job updated: 352
	352  -  MemoryUsage of job (MB)
	360508  -  ResidentSetSize of job (KB)
...
006 (35929332.075.000) 05/02 15:54:33 Image size of job updated: 352
	352  -  MemoryUsage of job (MB)
	361108  -  ResidentSetSize of job (KB)
...
006 (35929332.075.000) 05/02 15:55:34 Image size of job updated: 352
	352  -  MemoryUsage of job (MB)
	361124  -  ResidentSetSize of job (KB)
...
006 (35929332.075.000) 05/02 15:57:36 Image size of job updated: 358
	358  -  MemoryUsage of job (MB)
	367136  -  ResidentSetSize of job (KB)
...
006 (35929332.075.000) 05/02 15:58:36 Image size of job updated: 358
	358  -  MemoryUsage of job (MB)
	367232  -  ResidentSetSize of job (KB)
...
006 (35929332.075.000) 05/02 15:59:36 Image size of job updated: 358
	358  -  MemoryUsage of job (MB)
	367508  -  ResidentSetSize of job (KB)
...
006 (35929332.075.000) 05/02 16:03:40 Image size of job updated: 359
	359  -  MemoryUsage of job (MB)
	367768  -  ResidentSetSize of job (KB)
...
006 (35929332.075.000) 05/02 16:04:41 Image size of job updated: 359
	359  -  MemoryUsage of job (MB)
	367772  -  ResidentSetSize of job (KB)
...
006 (35929332.075.000) 05/02 16:11:45 Image size of job updated: 359
	359  -  MemoryUsage of job (MB)
	367916  -  ResidentSetSize of job (KB)
...
006 (35929332.075.000) 05/02 16:24:51 Image size of job updated: 359
	359  -  MemoryUsage of job (MB)
	367920  -  ResidentSetSize of job (KB)
...
006 (35929332.075.000) 05/02 16:40:00 Image size of job updated: 359
	359  -  MemoryUsage of job (MB)
	367924  -  ResidentSetSize of job (KB)
...
005 (35929332.075.000) 05/02 16:47:12 Job terminated.
	(1) Normal termination (return value 0)
		Usr 0 00:48:21, Sys 0 00:06:51  -  Run Remote Usage
		Usr 0 00:00:00, Sys 0 00:00:00  -  Run Local Usage
		Usr 0 00:48:21, Sys 0 00:06:51  -  Total Remote Usage
		Usr 0 00:00:00, Sys 0 00:00:00  -  Total Local Usage
	4605  -  Run Bytes Sent By Job
	11057  -  Run Bytes Received By Job
	4605  -  Total Bytes Sent By Job
	11057  -  Total Bytes Received By Job
	Partitionable Resources :    Usage  Request Allocated 
	   Cpus                 :        0        1         1 
	   Disk (KB)            :       36        2    323541 
	   Memory (MB)          :      359     2048      2048 
...
