000 (65512065.099.000) 05/02 15:00:27 Job submitted from host: <131.225.188.235:9618?addrs=131.225.188.235-9618&noUDP&sock=813081_83ea_25>
...
001 (65512065.099.000) 05/02 15:02:25 Job executing on host: <131.225.204.41:9618?addrs=131.225.204.41-9618&noUDP&sock=1939_9239_3>
...
005 (65512065.099.000) 05/02 15:02:32 Job terminated.
	(1) Normal termination (return value 0)
		Usr 0 00:00:00, Sys 0 00:00:00  -  Run Remote Usage
		Usr 0 00:00:00, Sys 0 00:00:00  -  Run Local Usage
		Usr 0 00:00:00, Sys 0 00:00:00  -  Total Remote Usage
		Usr 0 00:00:00, Sys 0 00:00:00  -  Total Local Usage
	6241  -  Run Bytes Sent By Job
	11045  -  Run Bytes Received By Job
	6241  -  Total Bytes Sent By Job
	11045  -  Total Bytes Received By Job
	Partitionable Resources :    Usage  Request Allocated 
	   Cpus                 :        0        1         1 
	   Disk (KB)            :       38        2    318984 
	   Memory (MB)          :              2048      2048 
...
000 (35929332.099.000) 05/02 15:11:35 Job submitted from host: <131.225.188.57:9618?addrs=131.225.188.57-9618&noUDP&sock=955572_7d49_27>
...
001 (35929332.099.000) 05/02 15:26:07 Job executing on host: <131.225.188.34:9618?addrs=131.225.188.34-9618&noUDP&sock=6040_841e_3>
...
006 (35929332.099.000) 05/02 15:26:16 Image size of job updated: 3
	3  -  MemoryUsage of job (MB)
	3476  -  ResidentSetSize of job (KB)
...
006 (35929332.099.000) 05/02 15:27:17 Image size of job updated: 297
	297  -  MemoryUsage of job (MB)
	304976  -  ResidentSetSize of job (KB)
...
006 (35929332.099.000) 05/02 15:28:18 Image size of job updated: 301
	301  -  MemoryUsage of job (MB)
	308264  -  ResidentSetSize of job (KB)
...
006 (35929332.099.000) 05/02 15:29:18 Image size of job updated: 302
	302  -  MemoryUsage of job (MB)
	309340  -  ResidentSetSize of job (KB)
...
006 (35929332.099.000) 05/02 15:30:18 Image size of job updated: 302
	302  -  MemoryUsage of job (MB)
	309572  -  ResidentSetSize of job (KB)
...
006 (35929332.099.000) 05/02 15:31:18 Image size of job updated: 303
	303  -  MemoryUsage of job (MB)
	310440  -  ResidentSetSize of job (KB)
...
006 (35929332.099.000) 05/02 15:32:19 Image size of job updated: 305
	305  -  MemoryUsage of job (MB)
	312944  -  ResidentSetSize of job (KB)
...
006 (35929332.099.000) 05/02 15:33:20 Image size of job updated: 306
	306  -  MemoryUsage of job (MB)
	313456  -  ResidentSetSize of job (KB)
...
006 (35929332.099.000) 05/02 15:34:21 Image size of job updated: 306
	306  -  MemoryUsage of job (MB)
	313588  -  ResidentSetSize of job (KB)
...
006 (35929332.099.000) 05/02 15:35:21 Image size of job updated: 306
	306  -  MemoryUsage of job (MB)
	313812  -  ResidentSetSize of job (KB)
...
006 (35929332.099.000) 05/02 15:36:21 Image size of job updated: 306
	306  -  MemoryUsage of job (MB)
	314032  -  ResidentSetSize of job (KB)
...
006 (35929332.099.000) 05/02 15:37:21 Image size of job updated: 306
	306  -  MemoryUsage of job (MB)
	314244  -  ResidentSetSize of job (KB)
...
006 (35929332.099.000) 05/02 15:38:21 Image size of job updated: 307
	307  -  MemoryUsage of job (MB)
	314480  -  ResidentSetSize of job (KB)
...
006 (35929332.099.000) 05/02 15:39:21 Image size of job updated: 307
	307  -  MemoryUsage of job (MB)
	314636  -  ResidentSetSize of job (KB)
...
006 (35929332.099.000) 05/02 15:40:21 Image size of job updated: 340
	340  -  MemoryUsage of job (MB)
	348164  -  ResidentSetSize of job (KB)
...
006 (35929332.099.000) 05/02 15:41:21 Image size of job updated: 340
	340  -  MemoryUsage of job (MB)
	348644  -  ResidentSetSize of job (KB)
...
006 (35929332.099.000) 05/02 15:42:21 Image size of job updated: 340
	340  -  MemoryUsage of job (MB)
	348952  -  ResidentSetSize of job (KB)
...
006 (35929332.099.000) 05/02 15:43:21 Image size of job updated: 341
	341  -  MemoryUsage of job (MB)
	349628  -  ResidentSetSize of job (KB)
...
006 (35929332.099.000) 05/02 15:44:22 Image size of job updated: 341
	341  -  MemoryUsage of job (MB)
	349836  -  ResidentSetSize of job (KB)
...
006 (35929332.099.000) 05/02 15:45:22 Image size of job updated: 341
	341  -  MemoryUsage of job (MB)
	349996  -  ResidentSetSize of job (KB)
...
006 (35929332.099.000) 05/02 15:46:23 Image size of job updated: 342
	342  -  MemoryUsage of job (MB)
	350436  -  ResidentSetSize of job (KB)
...
006 (35929332.099.000) 05/02 15:47:25 Image size of job updated: 342
	342  -  MemoryUsage of job (MB)
	350648  -  ResidentSetSize of job (KB)
...
006 (35929332.099.000) 05/02 15:48:25 Image size of job updated: 346
	346  -  MemoryUsage of job (MB)
	354964  -  ResidentSetSize of job (KB)
...
006 (35929332.099.000) 05/02 15:49:25 Image size of job updated: 346
	346  -  MemoryUsage of job (MB)
	355044  -  ResidentSetSize of job (KB)
...
006 (35929332.099.000) 05/02 15:52:26 Image size of job updated: 355
	355  -  MemoryUsage of job (MB)
	364424  -  ResidentSetSize of job (KB)
...
006 (35929332.099.000) 05/02 15:53:27 Image size of job updated: 360
	360  -  MemoryUsage of job (MB)
	368740  -  ResidentSetSize of job (KB)
...
006 (35929332.099.000) 05/02 16:05:34 Image size of job updated: 363
	363  -  MemoryUsage of job (MB)
	371976  -  ResidentSetSize of job (KB)
...
006 (35929332.099.000) 05/02 16:07:34 Image size of job updated: 363
	363  -  MemoryUsage of job (MB)
	372012  -  ResidentSetSize of job (KB)
...
006 (35929332.099.000) 05/02 16:09:35 Image size of job updated: 363
	363  -  MemoryUsage of job (MB)
	372036  -  ResidentSetSize of job (KB)
...
006 (35929332.099.000) 05/02 16:13:36 Image size of job updated: 363
	363  -  MemoryUsage of job (MB)
	372040  -  ResidentSetSize of job (KB)
...
