000 (65512065.089.000) 05/02 15:00:27 Job submitted from host: <131.225.188.235:9618?addrs=131.225.188.235-9618&noUDP&sock=813081_83ea_25>
...
001 (65512065.089.000) 05/02 15:02:17 Job executing on host: <131.225.206.39:9618?addrs=131.225.206.39-9618&noUDP&sock=1911_5d93_3>
...
005 (65512065.089.000) 05/02 15:02:23 Job terminated.
	(1) Normal termination (return value 0)
		Usr 0 00:00:00, Sys 0 00:00:00  -  Run Remote Usage
		Usr 0 00:00:00, Sys 0 00:00:00  -  Run Local Usage
		Usr 0 00:00:00, Sys 0 00:00:00  -  Total Remote Usage
		Usr 0 00:00:00, Sys 0 00:00:00  -  Total Local Usage
	6514  -  Run Bytes Sent By Job
	11045  -  Run Bytes Received By Job
	6514  -  Total Bytes Sent By Job
	11045  -  Total Bytes Received By Job
	Partitionable Resources :    Usage  Request Allocated 
	   Cpus                 :        0        1         1 
	   Disk (KB)            :       38        2    310907 
	   Memory (MB)          :              2048      2048 
...
000 (35929332.089.000) 05/02 15:11:35 Job submitted from host: <131.225.188.57:9618?addrs=131.225.188.57-9618&noUDP&sock=955572_7d49_27>
...
001 (35929332.089.000) 05/02 15:26:06 Job executing on host: <131.225.190.41:9618?addrs=131.225.190.41-9618&noUDP&sock=3506_6721_3>
...
006 (35929332.089.000) 05/02 15:26:15 Image size of job updated: 3
	3  -  MemoryUsage of job (MB)
	3108  -  ResidentSetSize of job (KB)
...
006 (35929332.089.000) 05/02 15:27:16 Image size of job updated: 296
	296  -  MemoryUsage of job (MB)
	303508  -  ResidentSetSize of job (KB)
...
006 (35929332.089.000) 05/02 15:28:16 Image size of job updated: 312
	312  -  MemoryUsage of job (MB)
	319920  -  ResidentSetSize of job (KB)
...
006 (35929332.089.000) 05/02 15:29:17 Image size of job updated: 315
	315  -  MemoryUsage of job (MB)
	322652  -  ResidentSetSize of job (KB)
...
006 (35929332.089.000) 05/02 15:30:17 Image size of job updated: 315
	315  -  MemoryUsage of job (MB)
	322868  -  ResidentSetSize of job (KB)
...
006 (35929332.089.000) 05/02 15:31:18 Image size of job updated: 315
	315  -  MemoryUsage of job (MB)
	323060  -  ResidentSetSize of job (KB)
...
006 (35929332.089.000) 05/02 15:32:19 Image size of job updated: 315
	315  -  MemoryUsage of job (MB)
	323208  -  ResidentSetSize of job (KB)
...
006 (35929332.089.000) 05/02 15:33:19 Image size of job updated: 315
	315  -  MemoryUsage of job (MB)
	323360  -  ResidentSetSize of job (KB)
...
006 (35929332.089.000) 05/02 15:34:20 Image size of job updated: 315
	315  -  MemoryUsage of job (MB)
	323464  -  ResidentSetSize of job (KB)
...
006 (35929332.089.000) 05/02 15:35:21 Image size of job updated: 316
	316  -  MemoryUsage of job (MB)
	323584  -  ResidentSetSize of job (KB)
...
006 (35929332.089.000) 05/02 15:36:21 Image size of job updated: 316
	316  -  MemoryUsage of job (MB)
	324016  -  ResidentSetSize of job (KB)
...
006 (35929332.089.000) 05/02 15:37:22 Image size of job updated: 316
	316  -  MemoryUsage of job (MB)
	324188  -  ResidentSetSize of job (KB)
...
006 (35929332.089.000) 05/02 15:38:22 Image size of job updated: 316
	316  -  MemoryUsage of job (MB)
	324320  -  ResidentSetSize of job (KB)
...
006 (35929332.089.000) 05/02 15:39:23 Image size of job updated: 316
	316  -  MemoryUsage of job (MB)
	324472  -  ResidentSetSize of job (KB)
...
006 (35929332.089.000) 05/02 15:40:24 Image size of job updated: 317
	317  -  MemoryUsage of job (MB)
	324616  -  ResidentSetSize of job (KB)
...
006 (35929332.089.000) 05/02 15:41:24 Image size of job updated: 317
	317  -  MemoryUsage of job (MB)
	325004  -  ResidentSetSize of job (KB)
...
006 (35929332.089.000) 05/02 15:42:25 Image size of job updated: 349
	349  -  MemoryUsage of job (MB)
	357408  -  ResidentSetSize of job (KB)
...
006 (35929332.089.000) 05/02 15:43:26 Image size of job updated: 349
	349  -  MemoryUsage of job (MB)
	357748  -  ResidentSetSize of job (KB)
...
006 (35929332.089.000) 05/02 15:44:26 Image size of job updated: 349
	349  -  MemoryUsage of job (MB)
	358332  -  ResidentSetSize of job (KB)
...
006 (35929332.089.000) 05/02 15:45:27 Image size of job updated: 350
	350  -  MemoryUsage of job (MB)
	358684  -  ResidentSetSize of job (KB)
...
006 (35929332.089.000) 05/02 15:46:27 Image size of job updated: 350
	350  -  MemoryUsage of job (MB)
	358816  -  ResidentSetSize of job (KB)
...
006 (35929332.089.000) 05/02 15:47:28 Image size of job updated: 350
	350  -  MemoryUsage of job (MB)
	358916  -  ResidentSetSize of job (KB)
...
006 (35929332.089.000) 05/02 15:48:29 Image size of job updated: 350
	350  -  MemoryUsage of job (MB)
	359044  -  ResidentSetSize of job (KB)
...
006 (35929332.089.000) 05/02 15:49:29 Image size of job updated: 350
	350  -  MemoryUsage of job (MB)
	359188  -  ResidentSetSize of job (KB)
...
006 (35929332.089.000) 05/02 15:50:30 Image size of job updated: 350
	350  -  MemoryUsage of job (MB)
	359320  -  ResidentSetSize of job (KB)
...
006 (35929332.089.000) 05/02 15:51:30 Image size of job updated: 351
	351  -  MemoryUsage of job (MB)
	359448  -  ResidentSetSize of job (KB)
...
006 (35929332.089.000) 05/02 15:52:31 Image size of job updated: 351
	351  -  MemoryUsage of job (MB)
	359580  -  ResidentSetSize of job (KB)
...
006 (35929332.089.000) 05/02 15:53:32 Image size of job updated: 351
	351  -  MemoryUsage of job (MB)
	359704  -  ResidentSetSize of job (KB)
...
006 (35929332.089.000) 05/02 15:54:32 Image size of job updated: 351
	351  -  MemoryUsage of job (MB)
	359852  -  ResidentSetSize of job (KB)
...
006 (35929332.089.000) 05/02 15:55:33 Image size of job updated: 351
	351  -  MemoryUsage of job (MB)
	359992  -  ResidentSetSize of job (KB)
...
006 (35929332.089.000) 05/02 15:56:33 Image size of job updated: 351
	351  -  MemoryUsage of job (MB)
	360044  -  ResidentSetSize of job (KB)
...
006 (35929332.089.000) 05/02 15:58:35 Image size of job updated: 351
	351  -  MemoryUsage of job (MB)
	360080  -  ResidentSetSize of job (KB)
...
006 (35929332.089.000) 05/02 15:59:35 Image size of job updated: 357
	357  -  MemoryUsage of job (MB)
	366052  -  ResidentSetSize of job (KB)
...
006 (35929332.089.000) 05/02 16:00:36 Image size of job updated: 361
	361  -  MemoryUsage of job (MB)
	370096  -  ResidentSetSize of job (KB)
...
006 (35929332.089.000) 05/02 16:03:37 Image size of job updated: 368
	368  -  MemoryUsage of job (MB)
	377644  -  ResidentSetSize of job (KB)
...
006 (35929332.089.000) 05/02 16:06:38 Image size of job updated: 369
	369  -  MemoryUsage of job (MB)
	378588  -  ResidentSetSize of job (KB)
...
006 (35929332.089.000) 05/02 16:10:40 Image size of job updated: 370
	370  -  MemoryUsage of job (MB)
	379532  -  ResidentSetSize of job (KB)
...
006 (35929332.089.000) 05/02 16:11:40 Image size of job updated: 370
	370  -  MemoryUsage of job (MB)
	379536  -  ResidentSetSize of job (KB)
...
006 (35929332.089.000) 05/02 16:12:41 Image size of job updated: 370
	370  -  MemoryUsage of job (MB)
	379564  -  ResidentSetSize of job (KB)
...
006 (35929332.089.000) 05/02 16:55:03 Image size of job updated: 371
	371  -  MemoryUsage of job (MB)
	380116  -  ResidentSetSize of job (KB)
...
006 (35929332.089.000) 05/02 16:57:04 Image size of job updated: 371
	371  -  MemoryUsage of job (MB)
	380140  -  ResidentSetSize of job (KB)
...
006 (35929332.089.000) 05/02 17:05:09 Image size of job updated: 371
	371  -  MemoryUsage of job (MB)
	380148  -  ResidentSetSize of job (KB)
...
006 (35929332.089.000) 05/02 17:06:10 Image size of job updated: 371
	371  -  MemoryUsage of job (MB)
	380916  -  ResidentSetSize of job (KB)
...
006 (35929332.089.000) 05/02 17:07:10 Image size of job updated: 372
	372  -  MemoryUsage of job (MB)
	380992  -  ResidentSetSize of job (KB)
...
005 (35929332.089.000) 05/02 18:47:54 Job terminated.
	(1) Normal termination (return value 0)
		Usr 0 02:06:06, Sys 0 00:20:14  -  Run Remote Usage
		Usr 0 00:00:00, Sys 0 00:00:00  -  Run Local Usage
		Usr 0 02:06:06, Sys 0 00:20:14  -  Total Remote Usage
		Usr 0 00:00:00, Sys 0 00:00:00  -  Total Local Usage
	5436  -  Run Bytes Sent By Job
	11057  -  Run Bytes Received By Job
	5436  -  Total Bytes Sent By Job
	11057  -  Total Bytes Received By Job
	Partitionable Resources :    Usage  Request Allocated 
	   Cpus                 :     0.00        1         1 
	   Disk (KB)            :    42           2    782476 
	   Memory (MB)          :   370        2048      2048 
...
