000 (65512065.090.000) 05/02 15:00:27 Job submitted from host: <131.225.188.235:9618?addrs=131.225.188.235-9618&noUDP&sock=813081_83ea_25>
...
001 (65512065.090.000) 05/02 15:02:20 Job executing on host: <131.225.188.36:9618?addrs=131.225.188.36-9618&noUDP&sock=6027_9963_3>
...
005 (65512065.090.000) 05/02 15:02:34 Job terminated.
	(1) Normal termination (return value 0)
		Usr 0 00:00:00, Sys 0 00:00:00  -  Run Remote Usage
		Usr 0 00:00:00, Sys 0 00:00:00  -  Run Local Usage
		Usr 0 00:00:00, Sys 0 00:00:00  -  Total Remote Usage
		Usr 0 00:00:00, Sys 0 00:00:00  -  Total Local Usage
	6101  -  Run Bytes Sent By Job
	11045  -  Run Bytes Received By Job
	6101  -  Total Bytes Sent By Job
	11045  -  Total Bytes Received By Job
	Partitionable Resources :    Usage  Request Allocated 
	   Cpus                 :        0        1         1 
	   Disk (KB)            :       46        2   1636862 
	   Memory (MB)          :              2048      2048 
...
000 (35929332.090.000) 05/02 15:11:35 Job submitted from host: <131.225.188.57:9618?addrs=131.225.188.57-9618&noUDP&sock=955572_7d49_27>
...
001 (35929332.090.000) 05/02 15:26:05 Job executing on host: <131.225.206.107:9618?addrs=131.225.206.107-9618&noUDP&sock=1944_0033_3>
...
006 (35929332.090.000) 05/02 15:26:14 Image size of job updated: 3
	3  -  MemoryUsage of job (MB)
	3416  -  ResidentSetSize of job (KB)
...
006 (35929332.090.000) 05/02 15:27:14 Image size of job updated: 308
	308  -  MemoryUsage of job (MB)
	315856  -  ResidentSetSize of job (KB)
...
006 (35929332.090.000) 05/02 15:28:14 Image size of job updated: 314
	314  -  MemoryUsage of job (MB)
	322472  -  ResidentSetSize of job (KB)
...
006 (35929332.090.000) 05/02 15:29:15 Image size of job updated: 315
	315  -  MemoryUsage of job (MB)
	322656  -  ResidentSetSize of job (KB)
...
006 (35929332.090.000) 05/02 15:30:16 Image size of job updated: 315
	315  -  MemoryUsage of job (MB)
	323172  -  ResidentSetSize of job (KB)
...
006 (35929332.090.000) 05/02 15:32:18 Image size of job updated: 316
	316  -  MemoryUsage of job (MB)
	323812  -  ResidentSetSize of job (KB)
...
006 (35929332.090.000) 05/02 15:38:20 Image size of job updated: 316
	316  -  MemoryUsage of job (MB)
	323940  -  ResidentSetSize of job (KB)
...
006 (35929332.090.000) 05/02 15:39:20 Image size of job updated: 349
	349  -  MemoryUsage of job (MB)
	357924  -  ResidentSetSize of job (KB)
...
006 (35929332.090.000) 05/02 15:40:20 Image size of job updated: 351
	351  -  MemoryUsage of job (MB)
	359916  -  ResidentSetSize of job (KB)
...
006 (35929332.090.000) 05/02 15:41:21 Image size of job updated: 351
	351  -  MemoryUsage of job (MB)
	360104  -  ResidentSetSize of job (KB)
...
006 (35929332.090.000) 05/02 15:42:22 Image size of job updated: 351
	351  -  MemoryUsage of job (MB)
	360292  -  ResidentSetSize of job (KB)
...
006 (35929332.090.000) 05/02 15:43:23 Image size of job updated: 352
	352  -  MemoryUsage of job (MB)
	360540  -  ResidentSetSize of job (KB)
...
006 (35929332.090.000) 05/02 15:44:24 Image size of job updated: 352
	352  -  MemoryUsage of job (MB)
	360716  -  ResidentSetSize of job (KB)
...
006 (35929332.090.000) 05/02 15:45:25 Image size of job updated: 352
	352  -  MemoryUsage of job (MB)
	360920  -  ResidentSetSize of job (KB)
...
006 (35929332.090.000) 05/02 15:46:25 Image size of job updated: 352
	352  -  MemoryUsage of job (MB)
	361088  -  ResidentSetSize of job (KB)
...
006 (35929332.090.000) 05/02 15:48:25 Image size of job updated: 352
	352  -  MemoryUsage of job (MB)
	361160  -  ResidentSetSize of job (KB)
...
006 (35929332.090.000) 05/02 15:49:25 Image size of job updated: 359
	359  -  MemoryUsage of job (MB)
	367656  -  ResidentSetSize of job (KB)
...
006 (35929332.090.000) 05/02 15:50:25 Image size of job updated: 360
	360  -  MemoryUsage of job (MB)
	369380  -  ResidentSetSize of job (KB)
...
006 (35929332.090.000) 05/02 15:51:25 Image size of job updated: 367
	367  -  MemoryUsage of job (MB)
	376588  -  ResidentSetSize of job (KB)
...
006 (35929332.090.000) 05/02 15:52:26 Image size of job updated: 367
	367  -  MemoryUsage of job (MB)
	376736  -  ResidentSetSize of job (KB)
...
006 (35929332.090.000) 05/02 15:53:27 Image size of job updated: 368
	368  -  MemoryUsage of job (MB)
	376872  -  ResidentSetSize of job (KB)
...
006 (35929332.090.000) 05/02 15:54:28 Image size of job updated: 368
	368  -  MemoryUsage of job (MB)
	376884  -  ResidentSetSize of job (KB)
...
006 (35929332.090.000) 05/02 16:00:30 Image size of job updated: 368
	368  -  MemoryUsage of job (MB)
	376900  -  ResidentSetSize of job (KB)
...
006 (35929332.090.000) 05/02 16:02:31 Image size of job updated: 368
	368  -  MemoryUsage of job (MB)
	377280  -  ResidentSetSize of job (KB)
...
006 (35929332.090.000) 05/02 16:03:32 Image size of job updated: 368
	368  -  MemoryUsage of job (MB)
	377296  -  ResidentSetSize of job (KB)
...
006 (35929332.090.000) 05/02 16:04:33 Image size of job updated: 368
	368  -  MemoryUsage of job (MB)
	377304  -  ResidentSetSize of job (KB)
...
006 (35929332.090.000) 05/02 16:05:34 Image size of job updated: 368
	368  -  MemoryUsage of job (MB)
	377308  -  ResidentSetSize of job (KB)
...
006 (35929332.090.000) 05/02 16:06:35 Image size of job updated: 368
	368  -  MemoryUsage of job (MB)
	377320  -  ResidentSetSize of job (KB)
...
006 (35929332.090.000) 05/02 16:08:35 Image size of job updated: 368
	368  -  MemoryUsage of job (MB)
	377368  -  ResidentSetSize of job (KB)
...
006 (35929332.090.000) 05/02 16:09:35 Image size of job updated: 368
	368  -  MemoryUsage of job (MB)
	377376  -  ResidentSetSize of job (KB)
...
006 (35929332.090.000) 05/02 16:10:35 Image size of job updated: 368
	368  -  MemoryUsage of job (MB)
	377388  -  ResidentSetSize of job (KB)
...
006 (35929332.090.000) 05/02 16:11:35 Image size of job updated: 368
	368  -  MemoryUsage of job (MB)
	377648  -  ResidentSetSize of job (KB)
...
006 (35929332.090.000) 05/02 16:22:40 Image size of job updated: 368
	368  -  MemoryUsage of job (MB)
	377660  -  ResidentSetSize of job (KB)
...
006 (35929332.090.000) 05/02 16:23:40 Image size of job updated: 369
	369  -  MemoryUsage of job (MB)
	377856  -  ResidentSetSize of job (KB)
...
006 (35929332.090.000) 05/02 16:25:42 Image size of job updated: 369
	369  -  MemoryUsage of job (MB)
	378024  -  ResidentSetSize of job (KB)
...
006 (35929332.090.000) 05/02 16:28:45 Image size of job updated: 369
	369  -  MemoryUsage of job (MB)
	378116  -  ResidentSetSize of job (KB)
...
006 (35929332.090.000) 05/02 16:30:45 Image size of job updated: 369
	369  -  MemoryUsage of job (MB)
	378156  -  ResidentSetSize of job (KB)
...
006 (35929332.090.000) 05/02 16:34:45 Image size of job updated: 369
	369  -  MemoryUsage of job (MB)
	378564  -  ResidentSetSize of job (KB)
...
006 (35929332.090.000) 05/02 16:37:48 Image size of job updated: 370
	370  -  MemoryUsage of job (MB)
	379696  -  ResidentSetSize of job (KB)
...
006 (35929332.090.000) 05/02 16:38:49 Image size of job updated: 370
	370  -  MemoryUsage of job (MB)
	379740  -  ResidentSetSize of job (KB)
...
006 (35929332.090.000) 05/02 16:40:50 Image size of job updated: 371
	371  -  MemoryUsage of job (MB)
	380272  -  ResidentSetSize of job (KB)
...
006 (35929332.090.000) 05/02 16:42:50 Image size of job updated: 371
	371  -  MemoryUsage of job (MB)
	380324  -  ResidentSetSize of job (KB)
...
006 (35929332.090.000) 05/02 16:43:50 Image size of job updated: 371
	371  -  MemoryUsage of job (MB)
	380328  -  ResidentSetSize of job (KB)
...
006 (35929332.090.000) 05/02 16:45:51 Image size of job updated: 371
	371  -  MemoryUsage of job (MB)
	380348  -  ResidentSetSize of job (KB)
...
005 (35929332.090.000) 05/02 17:33:31 Job terminated.
	(1) Normal termination (return value 0)
		Usr 0 01:01:26, Sys 0 00:09:08  -  Run Remote Usage
		Usr 0 00:00:00, Sys 0 00:00:00  -  Run Local Usage
		Usr 0 01:01:26, Sys 0 00:09:08  -  Total Remote Usage
		Usr 0 00:00:00, Sys 0 00:00:00  -  Total Local Usage
	5363  -  Run Bytes Sent By Job
	11057  -  Run Bytes Received By Job
	5363  -  Total Bytes Sent By Job
	11057  -  Total Bytes Received By Job
	Partitionable Resources :    Usage  Request Allocated 
	   Cpus                 :     0.00        1         1 
	   Disk (KB)            :    37           2    301726 
	   Memory (MB)          :   370        2048      2048 
...
