Error in <TCling::RegisterModule>: cannot find dictionary module BaconAnaDataFormats_yr_rdict.pcm
%MSG-e SimpleJetCorrectionUncertainty: 
 bin variables out of range
%MSG
%MSG-e SimpleJetCorrectionUncertainty: 
 bin variables out of range
%MSG
%MSG-e SimpleJetCorrectionUncertainty: 
 bin variables out of range
%MSG
%MSG-e SimpleJetCorrectionUncertainty: 
 bin variables out of range
%MSG
%MSG-e SimpleJetCorrectionUncertainty: 
 bin variables out of range
%MSG
%MSG-e SimpleJetCorrectionUncertainty: 
 bin variables out of range
%MSG
%MSG-e SimpleJetCorrectionUncertainty: 
 bin variables out of range
%MSG
%MSG-e SimpleJetCorrectionUncertainty: 
 bin variables out of range
%MSG
%MSG-e SimpleJetCorrectionUncertainty: 
 bin variables out of range
%MSG
%MSG-e SimpleJetCorrectionUncertainty: 
 bin variables out of range
%MSG
%MSG-e SimpleJetCorrectionUncertainty: 
 bin variables out of range
%MSG
%MSG-e SimpleJetCorrectionUncertainty: 
 bin variables out of range
%MSG
%MSG-e SimpleJetCorrectionUncertainty: 
 bin variables out of range
%MSG
%MSG-e SimpleJetCorrectionUncertainty: 
 bin variables out of range
%MSG
%MSG-e SimpleJetCorrectionUncertainty: 
 bin variables out of range
%MSG
%MSG-e SimpleJetCorrectionUncertainty: 
 bin variables out of range
%MSG
%MSG-e SimpleJetCorrectionUncertainty: 
 bin variables out of range
%MSG
[14.34MB/14.34MB][100%][==================================================][14.34MB/s]  [14.34MB/14.34MB][100%][==================================================][14.34MB/s]  
