000 (65512065.069.000) 05/02 15:00:27 Job submitted from host: <131.225.188.235:9618?addrs=131.225.188.235-9618&noUDP&sock=813081_83ea_25>
...
001 (65512065.069.000) 05/02 15:02:02 Job executing on host: <131.225.190.36:9618?addrs=131.225.190.36-9618&noUDP&sock=3512_84b3_3>
...
005 (65512065.069.000) 05/02 15:02:08 Job terminated.
	(1) Normal termination (return value 0)
		Usr 0 00:00:00, Sys 0 00:00:00  -  Run Remote Usage
		Usr 0 00:00:00, Sys 0 00:00:00  -  Run Local Usage
		Usr 0 00:00:00, Sys 0 00:00:00  -  Total Remote Usage
		Usr 0 00:00:00, Sys 0 00:00:00  -  Total Local Usage
	4619  -  Run Bytes Sent By Job
	11045  -  Run Bytes Received By Job
	4619  -  Total Bytes Sent By Job
	11045  -  Total Bytes Received By Job
	Partitionable Resources :    Usage  Request Allocated 
	   Cpus                 :        0        1         1 
	   Disk (KB)            :       41        2    771959 
	   Memory (MB)          :              2048      2048 
...
000 (35929332.069.000) 05/02 15:11:35 Job submitted from host: <131.225.188.57:9618?addrs=131.225.188.57-9618&noUDP&sock=955572_7d49_27>
...
001 (35929332.069.000) 05/02 15:23:15 Job executing on host: <131.225.191.136:9618?addrs=131.225.191.136-9618&noUDP&sock=1928_06af_3>
...
006 (35929332.069.000) 05/02 15:23:23 Image size of job updated: 8
	8  -  MemoryUsage of job (MB)
	9052  -  ResidentSetSize of job (KB)
...
006 (35929332.069.000) 05/02 15:24:23 Image size of job updated: 298
	298  -  MemoryUsage of job (MB)
	305432  -  ResidentSetSize of job (KB)
...
006 (35929332.069.000) 05/02 15:25:24 Image size of job updated: 299
	299  -  MemoryUsage of job (MB)
	307084  -  ResidentSetSize of job (KB)
...
006 (35929332.069.000) 05/02 15:26:25 Image size of job updated: 300
	300  -  MemoryUsage of job (MB)
	307404  -  ResidentSetSize of job (KB)
...
006 (35929332.069.000) 05/02 15:27:26 Image size of job updated: 300
	300  -  MemoryUsage of job (MB)
	307680  -  ResidentSetSize of job (KB)
...
006 (35929332.069.000) 05/02 15:28:27 Image size of job updated: 301
	301  -  MemoryUsage of job (MB)
	308324  -  ResidentSetSize of job (KB)
...
006 (35929332.069.000) 05/02 15:29:27 Image size of job updated: 301
	301  -  MemoryUsage of job (MB)
	308596  -  ResidentSetSize of job (KB)
...
006 (35929332.069.000) 05/02 15:30:27 Image size of job updated: 301
	301  -  MemoryUsage of job (MB)
	308784  -  ResidentSetSize of job (KB)
...
006 (35929332.069.000) 05/02 15:31:27 Image size of job updated: 301
	301  -  MemoryUsage of job (MB)
	309100  -  ResidentSetSize of job (KB)
...
006 (35929332.069.000) 05/02 15:31:49 Image size of job updated: 301
	301  -  MemoryUsage of job (MB)
	309184  -  ResidentSetSize of job (KB)
...
005 (35929332.069.000) 05/02 15:31:51 Job terminated.
	(1) Normal termination (return value 0)
		Usr 0 00:05:20, Sys 0 00:00:48  -  Run Remote Usage
		Usr 0 00:00:00, Sys 0 00:00:00  -  Run Local Usage
		Usr 0 00:05:20, Sys 0 00:00:48  -  Total Remote Usage
		Usr 0 00:00:00, Sys 0 00:00:00  -  Total Local Usage
	4669  -  Run Bytes Sent By Job
	11057  -  Run Bytes Received By Job
	4669  -  Total Bytes Sent By Job
	11057  -  Total Bytes Received By Job
	Partitionable Resources :    Usage  Request Allocated 
	   Cpus                 :        0        1         1 
	   Disk (KB)            :       36        2    316596 
	   Memory (MB)          :      301     2048      2048 
...
