000 (65512065.073.000) 05/02 15:00:27 Job submitted from host: <131.225.188.235:9618?addrs=131.225.188.235-9618&noUDP&sock=813081_83ea_25>
...
001 (65512065.073.000) 05/02 15:02:06 Job executing on host: <131.225.204.41:9618?addrs=131.225.204.41-9618&noUDP&sock=1939_9239_3>
...
005 (65512065.073.000) 05/02 15:02:12 Job terminated.
	(1) Normal termination (return value 0)
		Usr 0 00:00:00, Sys 0 00:00:00  -  Run Remote Usage
		Usr 0 00:00:00, Sys 0 00:00:00  -  Run Local Usage
		Usr 0 00:00:00, Sys 0 00:00:00  -  Total Remote Usage
		Usr 0 00:00:00, Sys 0 00:00:00  -  Total Local Usage
	6802  -  Run Bytes Sent By Job
	11045  -  Run Bytes Received By Job
	6802  -  Total Bytes Sent By Job
	11045  -  Total Bytes Received By Job
	Partitionable Resources :    Usage  Request Allocated 
	   Cpus                 :        0        1         1 
	   Disk (KB)            :       39        2    318984 
	   Memory (MB)          :              2048      2048 
...
000 (35929332.073.000) 05/02 15:11:35 Job submitted from host: <131.225.188.57:9618?addrs=131.225.188.57-9618&noUDP&sock=955572_7d49_27>
...
001 (35929332.073.000) 05/02 15:24:09 Job executing on host: <131.225.206.198:9618?addrs=131.225.206.198-9618&noUDP&sock=1920_89ed_3>
...
006 (35929332.073.000) 05/02 15:24:18 Image size of job updated: 15
	15  -  MemoryUsage of job (MB)
	16076  -  ResidentSetSize of job (KB)
...
006 (35929332.073.000) 05/02 15:25:18 Image size of job updated: 297
	297  -  MemoryUsage of job (MB)
	305004  -  ResidentSetSize of job (KB)
...
006 (35929332.073.000) 05/02 15:26:18 Image size of job updated: 300
	300  -  MemoryUsage of job (MB)
	307624  -  ResidentSetSize of job (KB)
...
006 (35929332.073.000) 05/02 15:27:19 Image size of job updated: 301
	301  -  MemoryUsage of job (MB)
	308640  -  ResidentSetSize of job (KB)
...
006 (35929332.073.000) 05/02 15:28:20 Image size of job updated: 304
	304  -  MemoryUsage of job (MB)
	311704  -  ResidentSetSize of job (KB)
...
006 (35929332.073.000) 05/02 15:29:21 Image size of job updated: 304
	304  -  MemoryUsage of job (MB)
	311992  -  ResidentSetSize of job (KB)
...
006 (35929332.073.000) 05/02 15:30:22 Image size of job updated: 305
	305  -  MemoryUsage of job (MB)
	312388  -  ResidentSetSize of job (KB)
...
006 (35929332.073.000) 05/02 15:31:22 Image size of job updated: 305
	305  -  MemoryUsage of job (MB)
	312520  -  ResidentSetSize of job (KB)
...
006 (35929332.073.000) 05/02 15:32:22 Image size of job updated: 305
	305  -  MemoryUsage of job (MB)
	312604  -  ResidentSetSize of job (KB)
...
006 (35929332.073.000) 05/02 15:33:22 Image size of job updated: 334
	334  -  MemoryUsage of job (MB)
	342984  -  ResidentSetSize of job (KB)
...
006 (35929332.073.000) 05/02 15:34:22 Image size of job updated: 335
	335  -  MemoryUsage of job (MB)
	343868  -  ResidentSetSize of job (KB)
...
006 (35929332.073.000) 05/02 15:35:22 Image size of job updated: 335
	335  -  MemoryUsage of job (MB)
	344044  -  ResidentSetSize of job (KB)
...
006 (35929332.073.000) 05/02 15:36:23 Image size of job updated: 336
	336  -  MemoryUsage of job (MB)
	344280  -  ResidentSetSize of job (KB)
...
006 (35929332.073.000) 05/02 15:37:24 Image size of job updated: 336
	336  -  MemoryUsage of job (MB)
	344372  -  ResidentSetSize of job (KB)
...
006 (35929332.073.000) 05/02 15:38:25 Image size of job updated: 336
	336  -  MemoryUsage of job (MB)
	344484  -  ResidentSetSize of job (KB)
...
006 (35929332.073.000) 05/02 15:39:25 Image size of job updated: 336
	336  -  MemoryUsage of job (MB)
	344604  -  ResidentSetSize of job (KB)
...
006 (35929332.073.000) 05/02 15:40:25 Image size of job updated: 336
	336  -  MemoryUsage of job (MB)
	344736  -  ResidentSetSize of job (KB)
...
006 (35929332.073.000) 05/02 15:41:25 Image size of job updated: 336
	336  -  MemoryUsage of job (MB)
	344836  -  ResidentSetSize of job (KB)
...
006 (35929332.073.000) 05/02 15:42:25 Image size of job updated: 346
	346  -  MemoryUsage of job (MB)
	355012  -  ResidentSetSize of job (KB)
...
006 (35929332.073.000) 05/02 15:43:26 Image size of job updated: 347
	347  -  MemoryUsage of job (MB)
	355668  -  ResidentSetSize of job (KB)
...
006 (35929332.073.000) 05/02 15:44:27 Image size of job updated: 347
	347  -  MemoryUsage of job (MB)
	355820  -  ResidentSetSize of job (KB)
...
006 (35929332.073.000) 05/02 15:45:28 Image size of job updated: 347
	347  -  MemoryUsage of job (MB)
	356308  -  ResidentSetSize of job (KB)
...
006 (35929332.073.000) 05/02 15:46:29 Image size of job updated: 348
	348  -  MemoryUsage of job (MB)
	356452  -  ResidentSetSize of job (KB)
...
006 (35929332.073.000) 05/02 15:47:29 Image size of job updated: 348
	348  -  MemoryUsage of job (MB)
	356604  -  ResidentSetSize of job (KB)
...
006 (35929332.073.000) 05/02 15:48:29 Image size of job updated: 348
	348  -  MemoryUsage of job (MB)
	356808  -  ResidentSetSize of job (KB)
...
006 (35929332.073.000) 05/02 15:49:29 Image size of job updated: 349
	349  -  MemoryUsage of job (MB)
	357916  -  ResidentSetSize of job (KB)
...
006 (35929332.073.000) 05/02 15:50:29 Image size of job updated: 353
	353  -  MemoryUsage of job (MB)
	362212  -  ResidentSetSize of job (KB)
...
006 (35929332.073.000) 05/02 15:51:30 Image size of job updated: 353
	353  -  MemoryUsage of job (MB)
	362364  -  ResidentSetSize of job (KB)
...
006 (35929332.073.000) 05/02 15:52:31 Image size of job updated: 355
	355  -  MemoryUsage of job (MB)
	363860  -  ResidentSetSize of job (KB)
...
006 (35929332.073.000) 05/02 15:53:32 Image size of job updated: 355
	355  -  MemoryUsage of job (MB)
	364032  -  ResidentSetSize of job (KB)
...
006 (35929332.073.000) 05/02 15:54:33 Image size of job updated: 355
	355  -  MemoryUsage of job (MB)
	364036  -  ResidentSetSize of job (KB)
...
006 (35929332.073.000) 05/02 15:55:33 Image size of job updated: 356
	356  -  MemoryUsage of job (MB)
	364620  -  ResidentSetSize of job (KB)
...
006 (35929332.073.000) 05/02 15:58:33 Image size of job updated: 362
	362  -  MemoryUsage of job (MB)
	371460  -  ResidentSetSize of job (KB)
...
006 (35929332.073.000) 05/02 16:00:35 Image size of job updated: 362
	362  -  MemoryUsage of job (MB)
	371464  -  ResidentSetSize of job (KB)
...
006 (35929332.073.000) 05/02 16:01:36 Image size of job updated: 362
	362  -  MemoryUsage of job (MB)
	371472  -  ResidentSetSize of job (KB)
...
006 (35929332.073.000) 05/02 16:03:37 Image size of job updated: 362
	362  -  MemoryUsage of job (MB)
	371476  -  ResidentSetSize of job (KB)
...
006 (35929332.073.000) 05/02 16:14:41 Image size of job updated: 364
	364  -  MemoryUsage of job (MB)
	373628  -  ResidentSetSize of job (KB)
...
005 (35929332.073.000) 05/02 17:00:29 Job terminated.
	(1) Normal termination (return value 0)
		Usr 0 00:55:10, Sys 0 00:07:52  -  Run Remote Usage
		Usr 0 00:00:00, Sys 0 00:00:00  -  Run Local Usage
		Usr 0 00:55:10, Sys 0 00:07:52  -  Total Remote Usage
		Usr 0 00:00:00, Sys 0 00:00:00  -  Total Local Usage
	4599  -  Run Bytes Sent By Job
	11057  -  Run Bytes Received By Job
	4599  -  Total Bytes Sent By Job
	11057  -  Total Bytes Received By Job
	Partitionable Resources :    Usage  Request Allocated 
	   Cpus                 :        0        1         1 
	   Disk (KB)            :       36        2    306692 
	   Memory (MB)          :      361     2048      2048 
...
