000 (65512065.068.000) 05/02 15:00:27 Job submitted from host: <131.225.188.235:9618?addrs=131.225.188.235-9618&noUDP&sock=813081_83ea_25>
...
001 (65512065.068.000) 05/02 15:01:59 Job executing on host: <131.225.206.200:9618?addrs=131.225.206.200-9618&noUDP&sock=1920_89ed_3>
...
005 (65512065.068.000) 05/02 15:02:03 Job terminated.
	(1) Normal termination (return value 0)
		Usr 0 00:00:00, Sys 0 00:00:00  -  Run Remote Usage
		Usr 0 00:00:00, Sys 0 00:00:00  -  Run Local Usage
		Usr 0 00:00:00, Sys 0 00:00:00  -  Total Remote Usage
		Usr 0 00:00:00, Sys 0 00:00:00  -  Total Local Usage
	7033  -  Run Bytes Sent By Job
	11045  -  Run Bytes Received By Job
	7033  -  Total Bytes Sent By Job
	11045  -  Total Bytes Received By Job
	Partitionable Resources :    Usage  Request Allocated 
	   Cpus                 :        0        1         1 
	   Disk (KB)            :       39        2    320629 
	   Memory (MB)          :              2048      2048 
...
000 (35929332.068.000) 05/02 15:11:35 Job submitted from host: <131.225.188.57:9618?addrs=131.225.188.57-9618&noUDP&sock=955572_7d49_27>
...
001 (35929332.068.000) 05/02 15:23:14 Job executing on host: <131.225.206.212:9618?addrs=131.225.206.212-9618&noUDP&sock=1919_da55_3>
...
006 (35929332.068.000) 05/02 15:23:23 Image size of job updated: 3
	3  -  MemoryUsage of job (MB)
	3104  -  ResidentSetSize of job (KB)
...
006 (35929332.068.000) 05/02 15:24:24 Image size of job updated: 321
	321  -  MemoryUsage of job (MB)
	328764  -  ResidentSetSize of job (KB)
...
006 (35929332.068.000) 05/02 15:25:25 Image size of job updated: 323
	323  -  MemoryUsage of job (MB)
	331600  -  ResidentSetSize of job (KB)
...
006 (35929332.068.000) 05/02 15:26:26 Image size of job updated: 323
	323  -  MemoryUsage of job (MB)
	331728  -  ResidentSetSize of job (KB)
...
006 (35929332.068.000) 05/02 15:27:27 Image size of job updated: 327
	327  -  MemoryUsage of job (MB)
	335228  -  ResidentSetSize of job (KB)
...
006 (35929332.068.000) 05/02 15:28:27 Image size of job updated: 327
	327  -  MemoryUsage of job (MB)
	335360  -  ResidentSetSize of job (KB)
...
006 (35929332.068.000) 05/02 15:29:27 Image size of job updated: 327
	327  -  MemoryUsage of job (MB)
	335484  -  ResidentSetSize of job (KB)
...
006 (35929332.068.000) 05/02 15:30:27 Image size of job updated: 327
	327  -  MemoryUsage of job (MB)
	335604  -  ResidentSetSize of job (KB)
...
006 (35929332.068.000) 05/02 15:31:27 Image size of job updated: 327
	327  -  MemoryUsage of job (MB)
	335696  -  ResidentSetSize of job (KB)
...
006 (35929332.068.000) 05/02 15:32:27 Image size of job updated: 329
	329  -  MemoryUsage of job (MB)
	336932  -  ResidentSetSize of job (KB)
...
006 (35929332.068.000) 05/02 15:33:28 Image size of job updated: 330
	330  -  MemoryUsage of job (MB)
	338688  -  ResidentSetSize of job (KB)
...
006 (35929332.068.000) 05/02 15:34:29 Image size of job updated: 330
	330  -  MemoryUsage of job (MB)
	338792  -  ResidentSetSize of job (KB)
...
006 (35929332.068.000) 05/02 15:35:30 Image size of job updated: 330
	330  -  MemoryUsage of job (MB)
	338896  -  ResidentSetSize of job (KB)
...
006 (35929332.068.000) 05/02 15:36:30 Image size of job updated: 331
	331  -  MemoryUsage of job (MB)
	339868  -  ResidentSetSize of job (KB)
...
006 (35929332.068.000) 05/02 15:37:30 Image size of job updated: 332
	332  -  MemoryUsage of job (MB)
	339968  -  ResidentSetSize of job (KB)
...
006 (35929332.068.000) 05/02 15:38:30 Image size of job updated: 338
	338  -  MemoryUsage of job (MB)
	347032  -  ResidentSetSize of job (KB)
...
006 (35929332.068.000) 05/02 15:39:30 Image size of job updated: 339
	339  -  MemoryUsage of job (MB)
	348152  -  ResidentSetSize of job (KB)
...
006 (35929332.068.000) 05/02 15:40:31 Image size of job updated: 340
	340  -  MemoryUsage of job (MB)
	348572  -  ResidentSetSize of job (KB)
...
006 (35929332.068.000) 05/02 15:41:32 Image size of job updated: 340
	340  -  MemoryUsage of job (MB)
	348680  -  ResidentSetSize of job (KB)
...
006 (35929332.068.000) 05/02 15:42:33 Image size of job updated: 340
	340  -  MemoryUsage of job (MB)
	348784  -  ResidentSetSize of job (KB)
...
006 (35929332.068.000) 05/02 15:43:34 Image size of job updated: 340
	340  -  MemoryUsage of job (MB)
	348808  -  ResidentSetSize of job (KB)
...
006 (35929332.068.000) 05/02 15:44:34 Image size of job updated: 342
	342  -  MemoryUsage of job (MB)
	350892  -  ResidentSetSize of job (KB)
...
006 (35929332.068.000) 05/02 15:45:34 Image size of job updated: 347
	347  -  MemoryUsage of job (MB)
	355492  -  ResidentSetSize of job (KB)
...
006 (35929332.068.000) 05/02 15:46:34 Image size of job updated: 347
	347  -  MemoryUsage of job (MB)
	355600  -  ResidentSetSize of job (KB)
...
006 (35929332.068.000) 05/02 15:47:34 Image size of job updated: 347
	347  -  MemoryUsage of job (MB)
	355816  -  ResidentSetSize of job (KB)
...
006 (35929332.068.000) 05/02 15:48:35 Image size of job updated: 347
	347  -  MemoryUsage of job (MB)
	355820  -  ResidentSetSize of job (KB)
...
006 (35929332.068.000) 05/02 15:49:36 Image size of job updated: 347
	347  -  MemoryUsage of job (MB)
	356084  -  ResidentSetSize of job (KB)
...
006 (35929332.068.000) 05/02 15:50:38 Image size of job updated: 348
	348  -  MemoryUsage of job (MB)
	356524  -  ResidentSetSize of job (KB)
...
006 (35929332.068.000) 05/02 15:52:38 Image size of job updated: 356
	356  -  MemoryUsage of job (MB)
	364932  -  ResidentSetSize of job (KB)
...
006 (35929332.068.000) 05/02 15:53:38 Image size of job updated: 356
	356  -  MemoryUsage of job (MB)
	365140  -  ResidentSetSize of job (KB)
...
006 (35929332.068.000) 05/02 15:55:39 Image size of job updated: 356
	356  -  MemoryUsage of job (MB)
	365172  -  ResidentSetSize of job (KB)
...
006 (35929332.068.000) 05/02 15:56:40 Image size of job updated: 356
	356  -  MemoryUsage of job (MB)
	365232  -  ResidentSetSize of job (KB)
...
006 (35929332.068.000) 05/02 16:03:43 Image size of job updated: 356
	356  -  MemoryUsage of job (MB)
	365256  -  ResidentSetSize of job (KB)
...
006 (35929332.068.000) 05/02 16:04:44 Image size of job updated: 356
	356  -  MemoryUsage of job (MB)
	365264  -  ResidentSetSize of job (KB)
...
006 (35929332.068.000) 05/02 16:05:45 Image size of job updated: 356
	356  -  MemoryUsage of job (MB)
	365268  -  ResidentSetSize of job (KB)
...
006 (35929332.068.000) 05/02 16:07:47 Image size of job updated: 361
	361  -  MemoryUsage of job (MB)
	370128  -  ResidentSetSize of job (KB)
...
006 (35929332.068.000) 05/02 16:08:47 Image size of job updated: 361
	361  -  MemoryUsage of job (MB)
	370132  -  ResidentSetSize of job (KB)
...
006 (35929332.068.000) 05/02 16:09:47 Image size of job updated: 361
	361  -  MemoryUsage of job (MB)
	370316  -  ResidentSetSize of job (KB)
...
006 (35929332.068.000) 05/02 16:16:51 Image size of job updated: 361
	361  -  MemoryUsage of job (MB)
	370320  -  ResidentSetSize of job (KB)
...
006 (35929332.068.000) 05/02 16:19:51 Image size of job updated: 361
	361  -  MemoryUsage of job (MB)
	370324  -  ResidentSetSize of job (KB)
...
006 (35929332.068.000) 05/02 16:20:52 Image size of job updated: 363
	363  -  MemoryUsage of job (MB)
	371884  -  ResidentSetSize of job (KB)
...
006 (35929332.068.000) 05/02 16:21:53 Image size of job updated: 365
	365  -  MemoryUsage of job (MB)
	373808  -  ResidentSetSize of job (KB)
...
006 (35929332.068.000) 05/02 16:23:55 Image size of job updated: 365
	365  -  MemoryUsage of job (MB)
	373816  -  ResidentSetSize of job (KB)
...
006 (35929332.068.000) 05/02 16:25:55 Image size of job updated: 365
	365  -  MemoryUsage of job (MB)
	373832  -  ResidentSetSize of job (KB)
...
006 (35929332.068.000) 05/02 16:45:04 Image size of job updated: 366
	366  -  MemoryUsage of job (MB)
	375400  -  ResidentSetSize of job (KB)
...
006 (35929332.068.000) 05/02 16:46:04 Image size of job updated: 366
	366  -  MemoryUsage of job (MB)
	375412  -  ResidentSetSize of job (KB)
...
006 (35929332.068.000) 05/02 16:49:07 Image size of job updated: 366
	366  -  MemoryUsage of job (MB)
	375416  -  ResidentSetSize of job (KB)
...
006 (35929332.068.000) 05/02 16:50:08 Image size of job updated: 366
	366  -  MemoryUsage of job (MB)
	375456  -  ResidentSetSize of job (KB)
...
006 (35929332.068.000) 05/02 16:52:08 Image size of job updated: 366
	366  -  MemoryUsage of job (MB)
	375480  -  ResidentSetSize of job (KB)
...
006 (35929332.068.000) 05/02 16:53:08 Image size of job updated: 366
	366  -  MemoryUsage of job (MB)
	375592  -  ResidentSetSize of job (KB)
...
006 (35929332.068.000) 05/02 16:54:08 Image size of job updated: 366
	366  -  MemoryUsage of job (MB)
	375600  -  ResidentSetSize of job (KB)
...
006 (35929332.068.000) 05/02 17:37:32 Image size of job updated: 368
	368  -  MemoryUsage of job (MB)
	377428  -  ResidentSetSize of job (KB)
...
005 (35929332.068.000) 05/02 18:25:14 Job terminated.
	(1) Normal termination (return value 0)
		Usr 0 01:46:38, Sys 0 00:13:55  -  Run Remote Usage
		Usr 0 00:00:00, Sys 0 00:00:00  -  Run Local Usage
		Usr 0 01:46:38, Sys 0 00:13:55  -  Total Remote Usage
		Usr 0 00:00:00, Sys 0 00:00:00  -  Total Local Usage
	5637  -  Run Bytes Sent By Job
	11057  -  Run Bytes Received By Job
	5637  -  Total Bytes Sent By Job
	11057  -  Total Bytes Received By Job
	Partitionable Resources :    Usage  Request Allocated 
	   Cpus                 :     0.00        1         1 
	   Disk (KB)            :    37           2    315627 
	   Memory (MB)          :   364        2048      2048 
...
