000 (65512065.083.000) 05/02 15:00:27 Job submitted from host: <131.225.188.235:9618?addrs=131.225.188.235-9618&noUDP&sock=813081_83ea_25>
...
001 (65512065.083.000) 05/02 15:02:14 Job executing on host: <131.225.204.41:9618?addrs=131.225.204.41-9618&noUDP&sock=1939_9239_3>
...
005 (65512065.083.000) 05/02 15:02:23 Job terminated.
	(1) Normal termination (return value 0)
		Usr 0 00:00:00, Sys 0 00:00:00  -  Run Remote Usage
		Usr 0 00:00:00, Sys 0 00:00:00  -  Run Local Usage
		Usr 0 00:00:00, Sys 0 00:00:00  -  Total Remote Usage
		Usr 0 00:00:00, Sys 0 00:00:00  -  Total Local Usage
	7320  -  Run Bytes Sent By Job
	11045  -  Run Bytes Received By Job
	7320  -  Total Bytes Sent By Job
	11045  -  Total Bytes Received By Job
	Partitionable Resources :    Usage  Request Allocated 
	   Cpus                 :        0        1         1 
	   Disk (KB)            :       39        2    318984 
	   Memory (MB)          :              2048      2048 
...
000 (35929332.083.000) 05/02 15:11:35 Job submitted from host: <131.225.188.57:9618?addrs=131.225.188.57-9618&noUDP&sock=955572_7d49_27>
...
001 (35929332.083.000) 05/02 15:25:37 Job executing on host: <131.225.205.187:9618?addrs=131.225.205.187-9618&noUDP&sock=3527_ce9e_3>
...
006 (35929332.083.000) 05/02 15:25:46 Image size of job updated: 4
	4  -  MemoryUsage of job (MB)
	4484  -  ResidentSetSize of job (KB)
...
006 (35929332.083.000) 05/02 15:26:47 Image size of job updated: 295
	295  -  MemoryUsage of job (MB)
	302780  -  ResidentSetSize of job (KB)
...
006 (35929332.083.000) 05/02 15:27:47 Image size of job updated: 299
	299  -  MemoryUsage of job (MB)
	306428  -  ResidentSetSize of job (KB)
...
006 (35929332.083.000) 05/02 15:28:48 Image size of job updated: 299
	299  -  MemoryUsage of job (MB)
	306612  -  ResidentSetSize of job (KB)
...
006 (35929332.083.000) 05/02 15:29:48 Image size of job updated: 300
	300  -  MemoryUsage of job (MB)
	307212  -  ResidentSetSize of job (KB)
...
006 (35929332.083.000) 05/02 15:30:49 Image size of job updated: 300
	300  -  MemoryUsage of job (MB)
	307864  -  ResidentSetSize of job (KB)
...
006 (35929332.083.000) 05/02 15:31:49 Image size of job updated: 302
	302  -  MemoryUsage of job (MB)
	309732  -  ResidentSetSize of job (KB)
...
006 (35929332.083.000) 05/02 15:32:50 Image size of job updated: 302
	302  -  MemoryUsage of job (MB)
	309892  -  ResidentSetSize of job (KB)
...
006 (35929332.083.000) 05/02 15:33:50 Image size of job updated: 302
	302  -  MemoryUsage of job (MB)
	310056  -  ResidentSetSize of job (KB)
...
006 (35929332.083.000) 05/02 15:34:51 Image size of job updated: 302
	302  -  MemoryUsage of job (MB)
	310188  -  ResidentSetSize of job (KB)
...
006 (35929332.083.000) 05/02 15:35:51 Image size of job updated: 303
	303  -  MemoryUsage of job (MB)
	310364  -  ResidentSetSize of job (KB)
...
006 (35929332.083.000) 05/02 15:36:52 Image size of job updated: 303
	303  -  MemoryUsage of job (MB)
	310520  -  ResidentSetSize of job (KB)
...
006 (35929332.083.000) 05/02 15:37:52 Image size of job updated: 337
	337  -  MemoryUsage of job (MB)
	345356  -  ResidentSetSize of job (KB)
...
006 (35929332.083.000) 05/02 15:38:53 Image size of job updated: 339
	339  -  MemoryUsage of job (MB)
	347832  -  ResidentSetSize of job (KB)
...
006 (35929332.083.000) 05/02 15:39:53 Image size of job updated: 340
	340  -  MemoryUsage of job (MB)
	348264  -  ResidentSetSize of job (KB)
...
006 (35929332.083.000) 05/02 15:40:54 Image size of job updated: 340
	340  -  MemoryUsage of job (MB)
	348620  -  ResidentSetSize of job (KB)
...
006 (35929332.083.000) 05/02 15:41:54 Image size of job updated: 340
	340  -  MemoryUsage of job (MB)
	348764  -  ResidentSetSize of job (KB)
...
006 (35929332.083.000) 05/02 15:42:55 Image size of job updated: 341
	341  -  MemoryUsage of job (MB)
	350144  -  ResidentSetSize of job (KB)
...
006 (35929332.083.000) 05/02 15:43:55 Image size of job updated: 342
	342  -  MemoryUsage of job (MB)
	350340  -  ResidentSetSize of job (KB)
...
006 (35929332.083.000) 05/02 15:44:56 Image size of job updated: 342
	342  -  MemoryUsage of job (MB)
	350508  -  ResidentSetSize of job (KB)
...
006 (35929332.083.000) 05/02 15:45:57 Image size of job updated: 342
	342  -  MemoryUsage of job (MB)
	350752  -  ResidentSetSize of job (KB)
...
006 (35929332.083.000) 05/02 15:46:57 Image size of job updated: 342
	342  -  MemoryUsage of job (MB)
	350920  -  ResidentSetSize of job (KB)
...
006 (35929332.083.000) 05/02 15:47:58 Image size of job updated: 342
	342  -  MemoryUsage of job (MB)
	351064  -  ResidentSetSize of job (KB)
...
006 (35929332.083.000) 05/02 15:48:58 Image size of job updated: 345
	345  -  MemoryUsage of job (MB)
	353336  -  ResidentSetSize of job (KB)
...
006 (35929332.083.000) 05/02 15:49:59 Image size of job updated: 347
	347  -  MemoryUsage of job (MB)
	355896  -  ResidentSetSize of job (KB)
...
006 (35929332.083.000) 05/02 15:50:59 Image size of job updated: 347
	347  -  MemoryUsage of job (MB)
	355940  -  ResidentSetSize of job (KB)
...
006 (35929332.083.000) 05/02 15:52:00 Image size of job updated: 347
	347  -  MemoryUsage of job (MB)
	356112  -  ResidentSetSize of job (KB)
...
006 (35929332.083.000) 05/02 15:53:00 Image size of job updated: 351
	351  -  MemoryUsage of job (MB)
	360372  -  ResidentSetSize of job (KB)
...
006 (35929332.083.000) 05/02 15:54:01 Image size of job updated: 352
	352  -  MemoryUsage of job (MB)
	360632  -  ResidentSetSize of job (KB)
...
006 (35929332.083.000) 05/02 15:56:02 Image size of job updated: 352
	352  -  MemoryUsage of job (MB)
	360636  -  ResidentSetSize of job (KB)
...
006 (35929332.083.000) 05/02 15:58:03 Image size of job updated: 352
	352  -  MemoryUsage of job (MB)
	361252  -  ResidentSetSize of job (KB)
...
006 (35929332.083.000) 05/02 15:59:03 Image size of job updated: 352
	352  -  MemoryUsage of job (MB)
	361256  -  ResidentSetSize of job (KB)
...
006 (35929332.083.000) 05/02 16:01:04 Image size of job updated: 353
	353  -  MemoryUsage of job (MB)
	361884  -  ResidentSetSize of job (KB)
...
006 (35929332.083.000) 05/02 16:02:05 Image size of job updated: 356
	356  -  MemoryUsage of job (MB)
	365116  -  ResidentSetSize of job (KB)
...
006 (35929332.083.000) 05/02 16:03:06 Image size of job updated: 356
	356  -  MemoryUsage of job (MB)
	365152  -  ResidentSetSize of job (KB)
...
006 (35929332.083.000) 05/02 16:04:06 Image size of job updated: 356
	356  -  MemoryUsage of job (MB)
	365172  -  ResidentSetSize of job (KB)
...
006 (35929332.083.000) 05/02 16:05:06 Image size of job updated: 356
	356  -  MemoryUsage of job (MB)
	365264  -  ResidentSetSize of job (KB)
...
006 (35929332.083.000) 05/02 16:06:07 Image size of job updated: 356
	356  -  MemoryUsage of job (MB)
	365316  -  ResidentSetSize of job (KB)
...
006 (35929332.083.000) 05/02 16:12:10 Image size of job updated: 356
	356  -  MemoryUsage of job (MB)
	365364  -  ResidentSetSize of job (KB)
...
006 (35929332.083.000) 05/02 16:13:11 Image size of job updated: 357
	357  -  MemoryUsage of job (MB)
	366240  -  ResidentSetSize of job (KB)
...
006 (35929332.083.000) 05/02 16:15:12 Image size of job updated: 357
	357  -  MemoryUsage of job (MB)
	366252  -  ResidentSetSize of job (KB)
...
006 (35929332.083.000) 05/02 16:17:13 Image size of job updated: 357
	357  -  MemoryUsage of job (MB)
	366260  -  ResidentSetSize of job (KB)
...
006 (35929332.083.000) 05/02 16:18:13 Image size of job updated: 357
	357  -  MemoryUsage of job (MB)
	366276  -  ResidentSetSize of job (KB)
...
006 (35929332.083.000) 05/02 16:19:14 Image size of job updated: 357
	357  -  MemoryUsage of job (MB)
	366304  -  ResidentSetSize of job (KB)
...
006 (35929332.083.000) 05/02 16:22:15 Image size of job updated: 358
	358  -  MemoryUsage of job (MB)
	366836  -  ResidentSetSize of job (KB)
...
006 (35929332.083.000) 05/02 16:23:16 Image size of job updated: 358
	358  -  MemoryUsage of job (MB)
	366888  -  ResidentSetSize of job (KB)
...
006 (35929332.083.000) 05/02 16:29:17 Image size of job updated: 358
	358  -  MemoryUsage of job (MB)
	366900  -  ResidentSetSize of job (KB)
...
006 (35929332.083.000) 05/02 16:30:18 Image size of job updated: 358
	358  -  MemoryUsage of job (MB)
	366912  -  ResidentSetSize of job (KB)
...
006 (35929332.083.000) 05/02 16:33:19 Image size of job updated: 358
	358  -  MemoryUsage of job (MB)
	366948  -  ResidentSetSize of job (KB)
...
006 (35929332.083.000) 05/02 16:51:28 Image size of job updated: 358
	358  -  MemoryUsage of job (MB)
	366952  -  ResidentSetSize of job (KB)
...
006 (35929332.083.000) 05/02 17:01:33 Image size of job updated: 358
	358  -  MemoryUsage of job (MB)
	366964  -  ResidentSetSize of job (KB)
...
006 (35929332.083.000) 05/02 17:02:33 Image size of job updated: 358
	358  -  MemoryUsage of job (MB)
	366968  -  ResidentSetSize of job (KB)
...
006 (35929332.083.000) 05/02 17:07:36 Image size of job updated: 358
	358  -  MemoryUsage of job (MB)
	367572  -  ResidentSetSize of job (KB)
...
006 (35929332.083.000) 05/02 17:14:41 Image size of job updated: 358
	358  -  MemoryUsage of job (MB)
	367580  -  ResidentSetSize of job (KB)
...
006 (35929332.083.000) 05/02 17:25:46 Image size of job updated: 358
	358  -  MemoryUsage of job (MB)
	367584  -  ResidentSetSize of job (KB)
...
006 (35929332.083.000) 05/02 17:36:50 Image size of job updated: 358
	358  -  MemoryUsage of job (MB)
	367600  -  ResidentSetSize of job (KB)
...
006 (35929332.083.000) 05/02 17:38:51 Image size of job updated: 359
	359  -  MemoryUsage of job (MB)
	367620  -  ResidentSetSize of job (KB)
...
006 (35929332.083.000) 05/02 17:40:52 Image size of job updated: 359
	359  -  MemoryUsage of job (MB)
	367624  -  ResidentSetSize of job (KB)
...
006 (35929332.083.000) 05/02 17:46:56 Image size of job updated: 359
	359  -  MemoryUsage of job (MB)
	367640  -  ResidentSetSize of job (KB)
...
006 (35929332.083.000) 05/02 18:08:07 Image size of job updated: 359
	359  -  MemoryUsage of job (MB)
	367644  -  ResidentSetSize of job (KB)
...
005 (35929332.083.000) 05/02 18:17:22 Job terminated.
	(1) Normal termination (return value 0)
		Usr 0 01:49:25, Sys 0 00:12:38  -  Run Remote Usage
		Usr 0 00:00:00, Sys 0 00:00:00  -  Run Local Usage
		Usr 0 01:49:25, Sys 0 00:12:38  -  Total Remote Usage
		Usr 0 00:00:00, Sys 0 00:00:00  -  Total Local Usage
	5398  -  Run Bytes Sent By Job
	11057  -  Run Bytes Received By Job
	5398  -  Total Bytes Sent By Job
	11057  -  Total Bytes Received By Job
	Partitionable Resources :    Usage  Request Allocated 
	   Cpus                 :     0.00        1         1 
	   Disk (KB)            :    41           2   1642183 
	   Memory (MB)          :   359        2048      2048 
...
