000 (65512065.063.000) 05/02 15:00:27 Job submitted from host: <131.225.188.235:9618?addrs=131.225.188.235-9618&noUDP&sock=813081_83ea_25>
...
001 (65512065.063.000) 05/02 15:01:58 Job executing on host: <131.225.188.34:9618?addrs=131.225.188.34-9618&noUDP&sock=6040_841e_3>
...
005 (65512065.063.000) 05/02 15:02:13 Job terminated.
	(1) Normal termination (return value 0)
		Usr 0 00:00:00, Sys 0 00:00:00  -  Run Remote Usage
		Usr 0 00:00:00, Sys 0 00:00:00  -  Run Local Usage
		Usr 0 00:00:00, Sys 0 00:00:00  -  Total Remote Usage
		Usr 0 00:00:00, Sys 0 00:00:00  -  Total Local Usage
	5293  -  Run Bytes Sent By Job
	11045  -  Run Bytes Received By Job
	5293  -  Total Bytes Sent By Job
	11045  -  Total Bytes Received By Job
	Partitionable Resources :    Usage  Request Allocated 
	   Cpus                 :        0        1         1 
	   Disk (KB)            :       47        2   1629809 
	   Memory (MB)          :              2048      2048 
...
000 (35929332.063.000) 05/02 15:11:35 Job submitted from host: <131.225.188.57:9618?addrs=131.225.188.57-9618&noUDP&sock=955572_7d49_27>
...
001 (35929332.063.000) 05/02 15:22:49 Job executing on host: <131.225.188.14:9618?addrs=131.225.188.14-9618&noUDP&sock=6019_1ca1_3>
...
006 (35929332.063.000) 05/02 15:22:57 Image size of job updated: 3
	3  -  MemoryUsage of job (MB)
	3436  -  ResidentSetSize of job (KB)
...
006 (35929332.063.000) 05/02 15:23:58 Image size of job updated: 230
	230  -  MemoryUsage of job (MB)
	236444  -  ResidentSetSize of job (KB)
...
006 (35929332.063.000) 05/02 15:24:58 Image size of job updated: 235
	235  -  MemoryUsage of job (MB)
	241040  -  ResidentSetSize of job (KB)
...
006 (35929332.063.000) 05/02 15:25:58 Image size of job updated: 257
	257  -  MemoryUsage of job (MB)
	263668  -  ResidentSetSize of job (KB)
...
006 (35929332.063.000) 05/02 15:26:58 Image size of job updated: 269
	269  -  MemoryUsage of job (MB)
	275572  -  ResidentSetSize of job (KB)
...
005 (35929332.063.000) 05/02 15:27:34 Job terminated.
	(1) Normal termination (return value 0)
		Usr 0 00:01:47, Sys 0 00:00:41  -  Run Remote Usage
		Usr 0 00:00:00, Sys 0 00:00:00  -  Run Local Usage
		Usr 0 00:01:47, Sys 0 00:00:41  -  Total Remote Usage
		Usr 0 00:00:00, Sys 0 00:00:00  -  Total Local Usage
	4590  -  Run Bytes Sent By Job
	11057  -  Run Bytes Received By Job
	4590  -  Total Bytes Sent By Job
	11057  -  Total Bytes Received By Job
	Partitionable Resources :    Usage  Request Allocated 
	   Cpus                 :        0        1         1 
	   Disk (KB)            :       44        2   1638465 
	   Memory (MB)          :      269     2048      2048 
...
