000 (65512065.065.000) 05/02 15:00:27 Job submitted from host: <131.225.188.235:9618?addrs=131.225.188.235-9618&noUDP&sock=813081_83ea_25>
...
001 (65512065.065.000) 05/02 15:02:00 Job executing on host: <131.225.190.26:9618?addrs=131.225.190.26-9618&noUDP&sock=3518_a244_3>
...
005 (65512065.065.000) 05/02 15:02:12 Job terminated.
	(1) Normal termination (return value 0)
		Usr 0 00:00:00, Sys 0 00:00:00  -  Run Remote Usage
		Usr 0 00:00:00, Sys 0 00:00:00  -  Run Local Usage
		Usr 0 00:00:00, Sys 0 00:00:00  -  Total Remote Usage
		Usr 0 00:00:00, Sys 0 00:00:00  -  Total Local Usage
	5245  -  Run Bytes Sent By Job
	11045  -  Run Bytes Received By Job
	5245  -  Total Bytes Sent By Job
	11045  -  Total Bytes Received By Job
	Partitionable Resources :    Usage  Request Allocated 
	   Cpus                 :        0        1         1 
	   Disk (KB)            :       41        2    771549 
	   Memory (MB)          :              2048      2048 
...
000 (35929332.065.000) 05/02 15:11:35 Job submitted from host: <131.225.188.57:9618?addrs=131.225.188.57-9618&noUDP&sock=955572_7d49_27>
...
001 (35929332.065.000) 05/02 15:23:14 Job executing on host: <131.225.191.131:9618?addrs=131.225.191.131-9618&noUDP&sock=1916_cb8c_3>
...
006 (35929332.065.000) 05/02 15:23:22 Image size of job updated: 3
	3  -  MemoryUsage of job (MB)
	3308  -  ResidentSetSize of job (KB)
...
006 (35929332.065.000) 05/02 15:24:22 Image size of job updated: 230
	230  -  MemoryUsage of job (MB)
	235572  -  ResidentSetSize of job (KB)
...
006 (35929332.065.000) 05/02 15:25:22 Image size of job updated: 230
	230  -  MemoryUsage of job (MB)
	236000  -  ResidentSetSize of job (KB)
...
006 (35929332.065.000) 05/02 15:26:22 Image size of job updated: 231
	231  -  MemoryUsage of job (MB)
	236928  -  ResidentSetSize of job (KB)
...
006 (35929332.065.000) 05/02 15:27:22 Image size of job updated: 232
	232  -  MemoryUsage of job (MB)
	237748  -  ResidentSetSize of job (KB)
...
006 (35929332.065.000) 05/02 15:28:23 Image size of job updated: 257
	257  -  MemoryUsage of job (MB)
	263556  -  ResidentSetSize of job (KB)
...
006 (35929332.065.000) 05/02 15:29:24 Image size of job updated: 258
	258  -  MemoryUsage of job (MB)
	264464  -  ResidentSetSize of job (KB)
...
006 (35929332.065.000) 05/02 15:30:25 Image size of job updated: 264
	264  -  MemoryUsage of job (MB)
	271184  -  ResidentSetSize of job (KB)
...
006 (35929332.065.000) 05/02 15:31:18 Image size of job updated: 264
	264  -  MemoryUsage of job (MB)
	271188  -  ResidentSetSize of job (KB)
...
005 (35929332.065.000) 05/02 15:31:19 Job terminated.
	(1) Normal termination (return value 0)
		Usr 0 00:01:22, Sys 0 00:00:16  -  Run Remote Usage
		Usr 0 00:00:00, Sys 0 00:00:00  -  Run Local Usage
		Usr 0 00:01:22, Sys 0 00:00:16  -  Total Remote Usage
		Usr 0 00:00:00, Sys 0 00:00:00  -  Total Local Usage
	4570  -  Run Bytes Sent By Job
	11057  -  Run Bytes Received By Job
	4570  -  Total Bytes Sent By Job
	11057  -  Total Bytes Received By Job
	Partitionable Resources :    Usage  Request Allocated 
	   Cpus                 :     0.00        1         1 
	   Disk (KB)            :    37           2    316369 
	   Memory (MB)          :   264        2048      2048 
...
