Error in <TCling::RegisterModule>: cannot find dictionary module BaconAnaDataFormats_yr_rdict.pcm
%MSG-e SimpleJetCorrectionUncertainty: 
 bin variables out of range
%MSG
%MSG-e SimpleJetCorrectionUncertainty: 
 bin variables out of range
%MSG
%MSG-e SimpleJetCorrectionUncertainty: 
 bin variables out of range
%MSG
%MSG-e SimpleJetCorrectionUncertainty: 
 bin variables out of range
%MSG
%MSG-e SimpleJetCorrectionUncertainty: 
 bin variables out of range
%MSG
%MSG-e SimpleJetCorrectionUncertainty: 
 bin variables out of range
%MSG
%MSG-e SimpleJetCorrectionUncertainty: 
 bin variables out of range
%MSG
%MSG-e SimpleJetCorrectionUncertainty: 
 bin variables out of range
%MSG
%MSG-e SimpleJetCorrectionUncertainty: 
 bin variables out of range
%MSG
%MSG-e SimpleJetCorrectionUncertainty: 
 bin variables out of range
%MSG
[16MB/381.6MB][  4%][==>                                               ][16MB/s]  [32MB/381.6MB][  8%][====>                                             ][32MB/s]  [144MB/381.6MB][ 37%][==================>                               ][72MB/s]  [224MB/381.6MB][ 58%][=============================>                    ][74.67MB/s]  [288MB/381.6MB][ 75%][=====================================>            ][72MB/s]  [368MB/381.6MB][ 96%][================================================> ][73.6MB/s]  [381.6MB/381.6MB][100%][==================================================][76.32MB/s]  [381.6MB/381.6MB][100%][==================================================][63.6MB/s]  
