Error in <TCling::RegisterModule>: cannot find dictionary module BaconAnaDataFormats_yr_rdict.pcm
%MSG-e SimpleJetCorrectionUncertainty: 
 bin variables out of range
%MSG
%MSG-e SimpleJetCorrectionUncertainty: 
 bin variables out of range
%MSG
%MSG-e SimpleJetCorrectionUncertainty: 
 bin variables out of range
%MSG
%MSG-e SimpleJetCorrectionUncertainty: 
 bin variables out of range
%MSG
%MSG-e SimpleJetCorrectionUncertainty: 
 bin variables out of range
%MSG
%MSG-e SimpleJetCorrectionUncertainty: 
 bin variables out of range
%MSG
%MSG-e SimpleJetCorrectionUncertainty: 
 bin variables out of range
%MSG
%MSG-e SimpleJetCorrectionUncertainty: 
 bin variables out of range
%MSG
%MSG-e SimpleJetCorrectionUncertainty: 
 bin variables out of range
%MSG
[16MB/367.5MB][  4%][==>                                               ][16MB/s]  [32MB/367.5MB][  8%][====>                                             ][32MB/s]  [144MB/367.5MB][ 39%][===================>                              ][72MB/s]  [208MB/367.5MB][ 56%][============================>                     ][69.33MB/s]  [288MB/367.5MB][ 78%][=======================================>          ][72MB/s]  [352MB/367.5MB][ 95%][===============================================>  ][70.4MB/s]  [367.5MB/367.5MB][100%][==================================================][73.49MB/s]  [367.5MB/367.5MB][100%][==================================================][61.25MB/s]  
