000 (65512065.110.000) 05/02 15:00:27 Job submitted from host: <131.225.188.235:9618?addrs=131.225.188.235-9618&noUDP&sock=813081_83ea_25>
...
001 (65512065.110.000) 05/02 15:02:34 Job executing on host: <131.225.190.26:9618?addrs=131.225.190.26-9618&noUDP&sock=3518_a244_3>
...
005 (65512065.110.000) 05/02 15:02:44 Job terminated.
	(1) Normal termination (return value 0)
		Usr 0 00:00:00, Sys 0 00:00:00  -  Run Remote Usage
		Usr 0 00:00:00, Sys 0 00:00:00  -  Run Local Usage
		Usr 0 00:00:00, Sys 0 00:00:00  -  Total Remote Usage
		Usr 0 00:00:00, Sys 0 00:00:00  -  Total Local Usage
	5822  -  Run Bytes Sent By Job
	11045  -  Run Bytes Received By Job
	5822  -  Total Bytes Sent By Job
	11045  -  Total Bytes Received By Job
	Partitionable Resources :    Usage  Request Allocated 
	   Cpus                 :     0.01        1         1 
	   Disk (KB)            :    42           2    771549 
	   Memory (MB)          :              2048      2048 
...
000 (35929332.110.000) 05/02 15:11:35 Job submitted from host: <131.225.188.57:9618?addrs=131.225.188.57-9618&noUDP&sock=955572_7d49_27>
...
001 (35929332.110.000) 05/02 15:26:34 Job executing on host: <131.225.204.43:9618?addrs=131.225.204.43-9618&noUDP&sock=1923_98b6_3>
...
006 (35929332.110.000) 05/02 15:27:46 Image size of job updated: 265
	265  -  MemoryUsage of job (MB)
	272344  -  ResidentSetSize of job (KB)
...
006 (35929332.110.000) 05/02 15:28:47 Image size of job updated: 276
	276  -  MemoryUsage of job (MB)
	283456  -  ResidentSetSize of job (KB)
...
006 (35929332.110.000) 05/02 15:29:48 Image size of job updated: 276
	276  -  MemoryUsage of job (MB)
	283476  -  ResidentSetSize of job (KB)
...
006 (35929332.110.000) 05/02 15:34:49 Image size of job updated: 387
	387  -  MemoryUsage of job (MB)
	397108  -  ResidentSetSize of job (KB)
...
006 (35929332.110.000) 05/02 15:35:49 Image size of job updated: 413
	413  -  MemoryUsage of job (MB)
	423152  -  ResidentSetSize of job (KB)
...
006 (35929332.110.000) 05/02 15:36:49 Image size of job updated: 433
	433  -  MemoryUsage of job (MB)
	444388  -  ResidentSetSize of job (KB)
...
006 (35929332.110.000) 05/02 15:37:50 Image size of job updated: 434
	434  -  MemoryUsage of job (MB)
	444504  -  ResidentSetSize of job (KB)
...
006 (35929332.110.000) 05/02 15:38:51 Image size of job updated: 434
	434  -  MemoryUsage of job (MB)
	444520  -  ResidentSetSize of job (KB)
...
006 (35929332.110.000) 05/02 15:39:52 Image size of job updated: 434
	434  -  MemoryUsage of job (MB)
	444560  -  ResidentSetSize of job (KB)
...
006 (35929332.110.000) 05/02 15:40:53 Image size of job updated: 448
	448  -  MemoryUsage of job (MB)
	458776  -  ResidentSetSize of job (KB)
...
006 (35929332.110.000) 05/02 15:41:54 Image size of job updated: 448
	448  -  MemoryUsage of job (MB)
	458804  -  ResidentSetSize of job (KB)
...
006 (35929332.110.000) 05/02 15:43:54 Image size of job updated: 452
	452  -  MemoryUsage of job (MB)
	463520  -  ResidentSetSize of job (KB)
...
006 (35929332.110.000) 05/02 15:44:54 Image size of job updated: 452
	452  -  MemoryUsage of job (MB)
	463536  -  ResidentSetSize of job (KB)
...
006 (35929332.110.000) 05/02 15:47:55 Image size of job updated: 452
	452  -  MemoryUsage of job (MB)
	463548  -  ResidentSetSize of job (KB)
...
006 (35929332.110.000) 05/02 15:49:57 Image size of job updated: 454
	454  -  MemoryUsage of job (MB)
	465120  -  ResidentSetSize of job (KB)
...
006 (35929332.110.000) 05/02 15:50:58 Image size of job updated: 454
	454  -  MemoryUsage of job (MB)
	465124  -  ResidentSetSize of job (KB)
...
006 (35929332.110.000) 05/02 15:54:59 Image size of job updated: 454
	454  -  MemoryUsage of job (MB)
	465128  -  ResidentSetSize of job (KB)
...
006 (35929332.110.000) 05/02 15:56:59 Image size of job updated: 456
	456  -  MemoryUsage of job (MB)
	467764  -  ResidentSetSize of job (KB)
...
006 (35929332.110.000) 05/02 15:59:00 Image size of job updated: 456
	456  -  MemoryUsage of job (MB)
	467768  -  ResidentSetSize of job (KB)
...
006 (35929332.110.000) 05/02 16:04:04 Image size of job updated: 458
	458  -  MemoryUsage of job (MB)
	469468  -  ResidentSetSize of job (KB)
...
006 (35929332.110.000) 05/02 16:06:04 Image size of job updated: 458
	458  -  MemoryUsage of job (MB)
	469472  -  ResidentSetSize of job (KB)
...
006 (35929332.110.000) 05/02 16:07:04 Image size of job updated: 458
	458  -  MemoryUsage of job (MB)
	469476  -  ResidentSetSize of job (KB)
...
006 (35929332.110.000) 05/02 16:13:09 Image size of job updated: 459
	459  -  MemoryUsage of job (MB)
	470044  -  ResidentSetSize of job (KB)
...
006 (35929332.110.000) 05/02 16:19:10 Image size of job updated: 459
	459  -  MemoryUsage of job (MB)
	470048  -  ResidentSetSize of job (KB)
...
006 (35929332.110.000) 05/02 16:20:11 Image size of job updated: 459
	459  -  MemoryUsage of job (MB)
	470160  -  ResidentSetSize of job (KB)
...
006 (35929332.110.000) 05/02 16:21:12 Image size of job updated: 459
	459  -  MemoryUsage of job (MB)
	470164  -  ResidentSetSize of job (KB)
...
006 (35929332.110.000) 05/02 16:26:14 Image size of job updated: 459
	459  -  MemoryUsage of job (MB)
	470236  -  ResidentSetSize of job (KB)
...
006 (35929332.110.000) 05/02 16:33:19 Image size of job updated: 459
	459  -  MemoryUsage of job (MB)
	470480  -  ResidentSetSize of job (KB)
...
006 (35929332.110.000) 05/02 16:34:19 Image size of job updated: 459
	459  -  MemoryUsage of job (MB)
	470484  -  ResidentSetSize of job (KB)
...
006 (35929332.110.000) 05/02 16:39:20 Image size of job updated: 459
	459  -  MemoryUsage of job (MB)
	470672  -  ResidentSetSize of job (KB)
...
006 (35929332.110.000) 05/02 16:42:23 Image size of job updated: 459
	459  -  MemoryUsage of job (MB)
	470676  -  ResidentSetSize of job (KB)
...
006 (35929332.110.000) 05/02 16:44:24 Image size of job updated: 459
	459  -  MemoryUsage of job (MB)
	470680  -  ResidentSetSize of job (KB)
...
005 (35929332.110.000) 05/02 16:46:19 Job terminated.
	(1) Normal termination (return value 0)
		Usr 0 00:32:38, Sys 0 00:04:49  -  Run Remote Usage
		Usr 0 00:00:00, Sys 0 00:00:00  -  Run Local Usage
		Usr 0 00:32:38, Sys 0 00:04:49  -  Total Remote Usage
		Usr 0 00:00:00, Sys 0 00:00:00  -  Total Local Usage
	5602  -  Run Bytes Sent By Job
	11057  -  Run Bytes Received By Job
	5602  -  Total Bytes Sent By Job
	11057  -  Total Bytes Received By Job
	Partitionable Resources :    Usage  Request Allocated 
	   Cpus                 :        0        1         1 
	   Disk (KB)            :       37        2    327750 
	   Memory (MB)          :      459     2048      2048 
...
