Error in <TCling::RegisterModule>: cannot find dictionary module BaconAnaDataFormats_yr_rdict.pcm
%MSG-e SimpleJetCorrectionUncertainty: 
 bin variables out of range
%MSG
%MSG-e SimpleJetCorrectionUncertainty: 
 bin variables out of range
%MSG
%MSG-e SimpleJetCorrectionUncertainty: 
 bin variables out of range
%MSG
%MSG-e SimpleJetCorrectionUncertainty: 
 bin variables out of range
%MSG
%MSG-e SimpleJetCorrectionUncertainty: 
 bin variables out of range
%MSG
%MSG-e SimpleJetCorrectionUncertainty: 
 bin variables out of range
%MSG
%MSG-e SimpleJetCorrectionUncertainty: 
 bin variables out of range
%MSG
%MSG-e SimpleJetCorrectionUncertainty: 
 bin variables out of range
%MSG
[16MB/350.9MB][  4%][==>                                               ][16MB/s]  [128MB/350.9MB][ 36%][==================>                               ][64MB/s]  [192MB/350.9MB][ 54%][===========================>                      ][64MB/s]  [272MB/350.9MB][ 77%][======================================>           ][68MB/s]  [336MB/350.9MB][ 95%][===============================================>  ][67.2MB/s]  [350.9MB/350.9MB][100%][==================================================][70.19MB/s]  [350.9MB/350.9MB][100%][==================================================][58.49MB/s]  
