Error in <TCling::RegisterModule>: cannot find dictionary module BaconAnaDataFormats_yr_rdict.pcm
%MSG-e SimpleJetCorrectionUncertainty: 
 bin variables out of range
%MSG
%MSG-e SimpleJetCorrectionUncertainty: 
 bin variables out of range
%MSG
%MSG-e SimpleJetCorrectionUncertainty: 
 bin variables out of range
%MSG
%MSG-e SimpleJetCorrectionUncertainty: 
 bin variables out of range
%MSG
%MSG-e SimpleJetCorrectionUncertainty: 
 bin variables out of range
%MSG
%MSG-e SimpleJetCorrectionUncertainty: 
 bin variables out of range
%MSG
[16MB/391.6MB][  4%][==>                                               ][16MB/s]  [96MB/391.6MB][ 24%][============>                                     ][48MB/s]  [176MB/391.6MB][ 44%][======================>                           ][58.67MB/s]  [240MB/391.6MB][ 61%][==============================>                   ][60MB/s]  [320MB/391.6MB][ 81%][========================================>         ][64MB/s]  [384MB/391.6MB][ 98%][=================================================>][64MB/s]  [391.6MB/391.6MB][100%][==================================================][65.27MB/s]  [391.6MB/391.6MB][100%][==================================================][55.95MB/s]  
