000 (65512065.111.000) 05/02 15:00:27 Job submitted from host: <131.225.188.235:9618?addrs=131.225.188.235-9618&noUDP&sock=813081_83ea_25>
...
001 (65512065.111.000) 05/02 15:02:33 Job executing on host: <131.225.206.39:9618?addrs=131.225.206.39-9618&noUDP&sock=1911_5d93_3>
...
005 (65512065.111.000) 05/02 15:02:39 Job terminated.
	(1) Normal termination (return value 0)
		Usr 0 00:00:00, Sys 0 00:00:00  -  Run Remote Usage
		Usr 0 00:00:00, Sys 0 00:00:00  -  Run Local Usage
		Usr 0 00:00:00, Sys 0 00:00:00  -  Total Remote Usage
		Usr 0 00:00:00, Sys 0 00:00:00  -  Total Local Usage
	5822  -  Run Bytes Sent By Job
	11045  -  Run Bytes Received By Job
	5822  -  Total Bytes Sent By Job
	11045  -  Total Bytes Received By Job
	Partitionable Resources :    Usage  Request Allocated 
	   Cpus                 :     0.06        1         1 
	   Disk (KB)            :    38           2    310907 
	   Memory (MB)          :              2048      2048 
...
000 (35929332.111.000) 05/02 15:11:35 Job submitted from host: <131.225.188.57:9618?addrs=131.225.188.57-9618&noUDP&sock=955572_7d49_27>
...
001 (35929332.111.000) 05/02 15:26:34 Job executing on host: <131.225.204.43:9618?addrs=131.225.204.43-9618&noUDP&sock=1923_98b6_3>
...
006 (35929332.111.000) 05/02 15:27:46 Image size of job updated: 266
	266  -  MemoryUsage of job (MB)
	273332  -  ResidentSetSize of job (KB)
...
006 (35929332.111.000) 05/02 15:28:47 Image size of job updated: 277
	277  -  MemoryUsage of job (MB)
	283712  -  ResidentSetSize of job (KB)
...
006 (35929332.111.000) 05/02 15:29:48 Image size of job updated: 277
	277  -  MemoryUsage of job (MB)
	283720  -  ResidentSetSize of job (KB)
...
006 (35929332.111.000) 05/02 15:30:49 Image size of job updated: 277
	277  -  MemoryUsage of job (MB)
	283728  -  ResidentSetSize of job (KB)
...
006 (35929332.111.000) 05/02 15:31:49 Image size of job updated: 277
	277  -  MemoryUsage of job (MB)
	283732  -  ResidentSetSize of job (KB)
...
006 (35929332.111.000) 05/02 15:32:49 Image size of job updated: 411
	411  -  MemoryUsage of job (MB)
	421208  -  ResidentSetSize of job (KB)
...
006 (35929332.111.000) 05/02 15:33:49 Image size of job updated: 430
	430  -  MemoryUsage of job (MB)
	440732  -  ResidentSetSize of job (KB)
...
006 (35929332.111.000) 05/02 15:34:49 Image size of job updated: 430
	430  -  MemoryUsage of job (MB)
	440740  -  ResidentSetSize of job (KB)
...
006 (35929332.111.000) 05/02 15:36:49 Image size of job updated: 430
	430  -  MemoryUsage of job (MB)
	440800  -  ResidentSetSize of job (KB)
...
006 (35929332.111.000) 05/02 15:37:50 Image size of job updated: 445
	445  -  MemoryUsage of job (MB)
	455872  -  ResidentSetSize of job (KB)
...
006 (35929332.111.000) 05/02 15:39:52 Image size of job updated: 448
	448  -  MemoryUsage of job (MB)
	459764  -  ResidentSetSize of job (KB)
...
006 (35929332.111.000) 05/02 15:40:53 Image size of job updated: 449
	449  -  MemoryUsage of job (MB)
	459784  -  ResidentSetSize of job (KB)
...
006 (35929332.111.000) 05/02 15:41:54 Image size of job updated: 449
	449  -  MemoryUsage of job (MB)
	459792  -  ResidentSetSize of job (KB)
...
006 (35929332.111.000) 05/02 15:42:54 Image size of job updated: 449
	449  -  MemoryUsage of job (MB)
	459804  -  ResidentSetSize of job (KB)
...
006 (35929332.111.000) 05/02 15:43:54 Image size of job updated: 449
	449  -  MemoryUsage of job (MB)
	460084  -  ResidentSetSize of job (KB)
...
006 (35929332.111.000) 05/02 15:45:54 Image size of job updated: 450
	450  -  MemoryUsage of job (MB)
	461068  -  ResidentSetSize of job (KB)
...
006 (35929332.111.000) 05/02 15:46:54 Image size of job updated: 451
	451  -  MemoryUsage of job (MB)
	462036  -  ResidentSetSize of job (KB)
...
006 (35929332.111.000) 05/02 15:49:57 Image size of job updated: 451
	451  -  MemoryUsage of job (MB)
	462048  -  ResidentSetSize of job (KB)
...
006 (35929332.111.000) 05/02 15:50:58 Image size of job updated: 451
	451  -  MemoryUsage of job (MB)
	462316  -  ResidentSetSize of job (KB)
...
006 (35929332.111.000) 05/02 15:51:59 Image size of job updated: 452
	452  -  MemoryUsage of job (MB)
	462976  -  ResidentSetSize of job (KB)
...
006 (35929332.111.000) 05/02 15:52:59 Image size of job updated: 454
	454  -  MemoryUsage of job (MB)
	464960  -  ResidentSetSize of job (KB)
...
006 (35929332.111.000) 05/02 15:53:59 Image size of job updated: 454
	454  -  MemoryUsage of job (MB)
	464972  -  ResidentSetSize of job (KB)
...
006 (35929332.111.000) 05/02 15:56:59 Image size of job updated: 455
	455  -  MemoryUsage of job (MB)
	466192  -  ResidentSetSize of job (KB)
...
006 (35929332.111.000) 05/02 15:57:59 Image size of job updated: 455
	455  -  MemoryUsage of job (MB)
	466200  -  ResidentSetSize of job (KB)
...
006 (35929332.111.000) 05/02 16:02:03 Image size of job updated: 455
	455  -  MemoryUsage of job (MB)
	466204  -  ResidentSetSize of job (KB)
...
006 (35929332.111.000) 05/02 16:03:04 Image size of job updated: 455
	455  -  MemoryUsage of job (MB)
	466212  -  ResidentSetSize of job (KB)
...
006 (35929332.111.000) 05/02 16:05:04 Image size of job updated: 455
	455  -  MemoryUsage of job (MB)
	466432  -  ResidentSetSize of job (KB)
...
006 (35929332.111.000) 05/02 16:06:04 Image size of job updated: 455
	455  -  MemoryUsage of job (MB)
	466444  -  ResidentSetSize of job (KB)
...
006 (35929332.111.000) 05/02 16:09:05 Image size of job updated: 455
	455  -  MemoryUsage of job (MB)
	466460  -  ResidentSetSize of job (KB)
...
006 (35929332.111.000) 05/02 16:12:08 Image size of job updated: 455
	455  -  MemoryUsage of job (MB)
	466500  -  ResidentSetSize of job (KB)
...
006 (35929332.111.000) 05/02 16:20:11 Image size of job updated: 455
	455  -  MemoryUsage of job (MB)
	466788  -  ResidentSetSize of job (KB)
...
006 (35929332.111.000) 05/02 16:21:12 Image size of job updated: 455
	455  -  MemoryUsage of job (MB)
	466808  -  ResidentSetSize of job (KB)
...
006 (35929332.111.000) 05/02 16:27:14 Image size of job updated: 456
	456  -  MemoryUsage of job (MB)
	467244  -  ResidentSetSize of job (KB)
...
006 (35929332.111.000) 05/02 16:28:14 Image size of job updated: 457
	457  -  MemoryUsage of job (MB)
	468408  -  ResidentSetSize of job (KB)
...
006 (35929332.111.000) 05/02 16:29:15 Image size of job updated: 457
	457  -  MemoryUsage of job (MB)
	468416  -  ResidentSetSize of job (KB)
...
