000 (65512065.116.000) 05/02 15:00:27 Job submitted from host: <131.225.188.235:9618?addrs=131.225.188.235-9618&noUDP&sock=813081_83ea_25>
...
001 (65512065.116.000) 05/02 15:02:40 Job executing on host: <131.225.188.36:9618?addrs=131.225.188.36-9618&noUDP&sock=6027_9963_3>
...
005 (65512065.116.000) 05/02 15:02:51 Job terminated.
	(1) Normal termination (return value 0)
		Usr 0 00:00:00, Sys 0 00:00:00  -  Run Remote Usage
		Usr 0 00:00:00, Sys 0 00:00:00  -  Run Local Usage
		Usr 0 00:00:00, Sys 0 00:00:00  -  Total Remote Usage
		Usr 0 00:00:00, Sys 0 00:00:00  -  Total Local Usage
	4388  -  Run Bytes Sent By Job
	11045  -  Run Bytes Received By Job
	4388  -  Total Bytes Sent By Job
	11045  -  Total Bytes Received By Job
	Partitionable Resources :    Usage  Request Allocated 
	   Cpus                 :     0.20        1         1 
	   Disk (KB)            :    45           2   1636862 
	   Memory (MB)          :              2048      2048 
...
000 (35929332.116.000) 05/02 15:11:35 Job submitted from host: <131.225.188.57:9618?addrs=131.225.188.57-9618&noUDP&sock=955572_7d49_27>
...
001 (35929332.116.000) 05/02 15:27:00 Job executing on host: <131.225.191.74:9618?addrs=131.225.191.74-9618&noUDP&sock=3547_8683_3>
...
006 (35929332.116.000) 05/02 15:27:09 Image size of job updated: 3
	3  -  MemoryUsage of job (MB)
	3412  -  ResidentSetSize of job (KB)
...
006 (35929332.116.000) 05/02 15:28:10 Image size of job updated: 252
	252  -  MemoryUsage of job (MB)
	258876  -  ResidentSetSize of job (KB)
...
006 (35929332.116.000) 05/02 15:29:12 Image size of job updated: 254
	254  -  MemoryUsage of job (MB)
	260712  -  ResidentSetSize of job (KB)
...
006 (35929332.116.000) 05/02 15:30:12 Image size of job updated: 263
	263  -  MemoryUsage of job (MB)
	269796  -  ResidentSetSize of job (KB)
...
006 (35929332.116.000) 05/02 15:33:14 Image size of job updated: 263
	263  -  MemoryUsage of job (MB)
	269808  -  ResidentSetSize of job (KB)
...
006 (35929332.116.000) 05/02 15:35:15 Image size of job updated: 263
	263  -  MemoryUsage of job (MB)
	269812  -  ResidentSetSize of job (KB)
...
005 (35929332.116.000) 05/02 15:37:32 Job terminated.
	(1) Normal termination (return value 0)
		Usr 0 00:04:02, Sys 0 00:01:04  -  Run Remote Usage
		Usr 0 00:00:00, Sys 0 00:00:00  -  Run Local Usage
		Usr 0 00:04:02, Sys 0 00:01:04  -  Total Remote Usage
		Usr 0 00:00:00, Sys 0 00:00:00  -  Total Local Usage
	4388  -  Run Bytes Sent By Job
	11057  -  Run Bytes Received By Job
	4388  -  Total Bytes Sent By Job
	11057  -  Total Bytes Received By Job
	Partitionable Resources :    Usage  Request Allocated 
	   Cpus                 :     0.00        1         1 
	   Disk (KB)            :    40           2    768131 
	   Memory (MB)          :   263        2048      2048 
...
