000 (65512065.118.000) 05/02 15:00:27 Job submitted from host: <131.225.188.235:9618?addrs=131.225.188.235-9618&noUDP&sock=813081_83ea_25>
...
001 (65512065.118.000) 05/02 15:02:38 Job executing on host: <131.225.188.36:9618?addrs=131.225.188.36-9618&noUDP&sock=6027_9963_3>
...
005 (65512065.118.000) 05/02 15:02:52 Job terminated.
	(1) Normal termination (return value 0)
		Usr 0 00:00:00, Sys 0 00:00:00  -  Run Remote Usage
		Usr 0 00:00:00, Sys 0 00:00:00  -  Run Local Usage
		Usr 0 00:00:00, Sys 0 00:00:00  -  Total Remote Usage
		Usr 0 00:00:00, Sys 0 00:00:00  -  Total Local Usage
	4992  -  Run Bytes Sent By Job
	11045  -  Run Bytes Received By Job
	4992  -  Total Bytes Sent By Job
	11045  -  Total Bytes Received By Job
	Partitionable Resources :    Usage  Request Allocated 
	   Cpus                 :        0        1         1 
	   Disk (KB)            :       46        2   1636862 
	   Memory (MB)          :              2048      2048 
...
000 (35929332.118.000) 05/02 15:11:35 Job submitted from host: <131.225.188.57:9618?addrs=131.225.188.57-9618&noUDP&sock=955572_7d49_27>
...
001 (35929332.118.000) 05/02 15:27:26 Job executing on host: <131.225.204.112:9618?addrs=131.225.204.112-9618&noUDP&sock=1949_6e2c_3>
...
006 (35929332.118.000) 05/02 15:27:35 Image size of job updated: 16
	16  -  MemoryUsage of job (MB)
	16508  -  ResidentSetSize of job (KB)
...
006 (35929332.118.000) 05/02 15:28:35 Image size of job updated: 254
	254  -  MemoryUsage of job (MB)
	260492  -  ResidentSetSize of job (KB)
...
006 (35929332.118.000) 05/02 15:29:35 Image size of job updated: 257
	257  -  MemoryUsage of job (MB)
	264096  -  ResidentSetSize of job (KB)
...
006 (35929332.118.000) 05/02 15:30:35 Image size of job updated: 258
	258  -  MemoryUsage of job (MB)
	264652  -  ResidentSetSize of job (KB)
...
006 (35929332.118.000) 05/02 15:32:36 Image size of job updated: 259
	259  -  MemoryUsage of job (MB)
	265420  -  ResidentSetSize of job (KB)
...
006 (35929332.118.000) 05/02 15:33:37 Image size of job updated: 370
	370  -  MemoryUsage of job (MB)
	378960  -  ResidentSetSize of job (KB)
...
006 (35929332.118.000) 05/02 15:34:38 Image size of job updated: 395
	395  -  MemoryUsage of job (MB)
	405068  -  ResidentSetSize of job (KB)
...
006 (35929332.118.000) 05/02 15:38:38 Image size of job updated: 404
	404  -  MemoryUsage of job (MB)
	414208  -  ResidentSetSize of job (KB)
...
006 (35929332.118.000) 05/02 15:39:39 Image size of job updated: 424
	424  -  MemoryUsage of job (MB)
	434188  -  ResidentSetSize of job (KB)
...
006 (35929332.118.000) 05/02 15:40:40 Image size of job updated: 424
	424  -  MemoryUsage of job (MB)
	434480  -  ResidentSetSize of job (KB)
...
006 (35929332.118.000) 05/02 15:41:41 Image size of job updated: 424
	424  -  MemoryUsage of job (MB)
	434504  -  ResidentSetSize of job (KB)
...
006 (35929332.118.000) 05/02 15:45:42 Image size of job updated: 424
	424  -  MemoryUsage of job (MB)
	434512  -  ResidentSetSize of job (KB)
...
006 (35929332.118.000) 05/02 15:49:45 Image size of job updated: 437
	437  -  MemoryUsage of job (MB)
	447852  -  ResidentSetSize of job (KB)
...
006 (35929332.118.000) 05/02 15:50:45 Image size of job updated: 437
	437  -  MemoryUsage of job (MB)
	447924  -  ResidentSetSize of job (KB)
...
006 (35929332.118.000) 05/02 15:51:45 Image size of job updated: 437
	437  -  MemoryUsage of job (MB)
	447944  -  ResidentSetSize of job (KB)
...
006 (35929332.118.000) 05/02 15:54:48 Image size of job updated: 437
	437  -  MemoryUsage of job (MB)
	447956  -  ResidentSetSize of job (KB)
...
006 (35929332.118.000) 05/02 15:56:49 Image size of job updated: 437
	437  -  MemoryUsage of job (MB)
	447964  -  ResidentSetSize of job (KB)
...
006 (35929332.118.000) 05/02 15:58:49 Image size of job updated: 458
	458  -  MemoryUsage of job (MB)
	469520  -  ResidentSetSize of job (KB)
...
006 (35929332.118.000) 05/02 15:59:49 Image size of job updated: 458
	458  -  MemoryUsage of job (MB)
	469688  -  ResidentSetSize of job (KB)
...
006 (35929332.118.000) 05/02 16:05:52 Image size of job updated: 458
	458  -  MemoryUsage of job (MB)
	469692  -  ResidentSetSize of job (KB)
...
006 (35929332.118.000) 05/02 16:06:52 Image size of job updated: 458
	458  -  MemoryUsage of job (MB)
	469696  -  ResidentSetSize of job (KB)
...
006 (35929332.118.000) 05/02 16:07:53 Image size of job updated: 459
	459  -  MemoryUsage of job (MB)
	471000  -  ResidentSetSize of job (KB)
...
006 (35929332.118.000) 05/02 16:09:55 Image size of job updated: 459
	459  -  MemoryUsage of job (MB)
	471004  -  ResidentSetSize of job (KB)
...
005 (35929332.118.000) 05/02 16:15:12 Job terminated.
	(1) Normal termination (return value 0)
		Usr 0 00:24:58, Sys 0 00:05:52  -  Run Remote Usage
		Usr 0 00:00:00, Sys 0 00:00:00  -  Run Local Usage
		Usr 0 00:24:58, Sys 0 00:05:52  -  Total Remote Usage
		Usr 0 00:00:00, Sys 0 00:00:00  -  Total Local Usage
	4909  -  Run Bytes Sent By Job
	11057  -  Run Bytes Received By Job
	4909  -  Total Bytes Sent By Job
	11057  -  Total Bytes Received By Job
	Partitionable Resources :    Usage  Request Allocated 
	   Cpus                 :        0        1         1 
	   Disk (KB)            :       37        2    317098 
	   Memory (MB)          :      459     2048      2048 
...
