000 (65512065.119.000) 05/02 15:00:27 Job submitted from host: <131.225.188.235:9618?addrs=131.225.188.235-9618&noUDP&sock=813081_83ea_25>
...
001 (65512065.119.000) 05/02 15:02:37 Job executing on host: <131.225.205.173:9618?addrs=131.225.205.173-9618&noUDP&sock=3564_2fa0_3>
...
005 (65512065.119.000) 05/02 15:02:46 Job terminated.
	(1) Normal termination (return value 0)
		Usr 0 00:00:00, Sys 0 00:00:00  -  Run Remote Usage
		Usr 0 00:00:00, Sys 0 00:00:00  -  Run Local Usage
		Usr 0 00:00:00, Sys 0 00:00:00  -  Total Remote Usage
		Usr 0 00:00:00, Sys 0 00:00:00  -  Total Local Usage
	4356  -  Run Bytes Sent By Job
	11045  -  Run Bytes Received By Job
	4356  -  Total Bytes Sent By Job
	11045  -  Total Bytes Received By Job
	Partitionable Resources :    Usage  Request Allocated 
	   Cpus                 :        0        1         1 
	   Disk (KB)            :       41        2   1633619 
	   Memory (MB)          :              2048      2048 
...
000 (35929332.119.000) 05/02 15:11:35 Job submitted from host: <131.225.188.57:9618?addrs=131.225.188.57-9618&noUDP&sock=955572_7d49_27>
...
001 (35929332.119.000) 05/02 15:27:27 Job executing on host: <131.225.206.208:9618?addrs=131.225.206.208-9618&noUDP&sock=1936_8371_3>
...
006 (35929332.119.000) 05/02 15:27:35 Image size of job updated: 14
	14  -  MemoryUsage of job (MB)
	15192  -  ResidentSetSize of job (KB)
...
006 (35929332.119.000) 05/02 15:28:36 Image size of job updated: 250
	250  -  MemoryUsage of job (MB)
	256248  -  ResidentSetSize of job (KB)
...
006 (35929332.119.000) 05/02 15:29:37 Image size of job updated: 252
	252  -  MemoryUsage of job (MB)
	258268  -  ResidentSetSize of job (KB)
...
006 (35929332.119.000) 05/02 15:30:37 Image size of job updated: 259
	259  -  MemoryUsage of job (MB)
	265740  -  ResidentSetSize of job (KB)
...
006 (35929332.119.000) 05/02 15:31:37 Image size of job updated: 259
	259  -  MemoryUsage of job (MB)
	265744  -  ResidentSetSize of job (KB)
...
006 (35929332.119.000) 05/02 15:32:37 Image size of job updated: 259
	259  -  MemoryUsage of job (MB)
	265748  -  ResidentSetSize of job (KB)
...
005 (35929332.119.000) 05/02 15:34:46 Job terminated.
	(1) Normal termination (return value 0)
		Usr 0 00:03:12, Sys 0 00:00:48  -  Run Remote Usage
		Usr 0 00:00:00, Sys 0 00:00:00  -  Run Local Usage
		Usr 0 00:03:12, Sys 0 00:00:48  -  Total Remote Usage
		Usr 0 00:00:00, Sys 0 00:00:00  -  Total Local Usage
	4368  -  Run Bytes Sent By Job
	11057  -  Run Bytes Received By Job
	4368  -  Total Bytes Sent By Job
	11057  -  Total Bytes Received By Job
	Partitionable Resources :    Usage  Request Allocated 
	   Cpus                 :        0        1         1 
	   Disk (KB)            :       36        2    324020 
	   Memory (MB)          :      259     2048      2048 
...
