000 (65512065.142.000) 05/02 15:00:27 Job submitted from host: <131.225.188.235:9618?addrs=131.225.188.235-9618&noUDP&sock=813081_83ea_25>
...
001 (65512065.142.000) 05/02 15:02:54 Job executing on host: <131.225.206.233:9618?addrs=131.225.206.233-9618&noUDP&sock=1907_9f32_3>
...
005 (65512065.142.000) 05/02 15:03:01 Job terminated.
	(1) Normal termination (return value 0)
		Usr 0 00:00:00, Sys 0 00:00:00  -  Run Remote Usage
		Usr 0 00:00:00, Sys 0 00:00:00  -  Run Local Usage
		Usr 0 00:00:00, Sys 0 00:00:00  -  Total Remote Usage
		Usr 0 00:00:00, Sys 0 00:00:00  -  Total Local Usage
	4874  -  Run Bytes Sent By Job
	11045  -  Run Bytes Received By Job
	4874  -  Total Bytes Sent By Job
	11045  -  Total Bytes Received By Job
	Partitionable Resources :    Usage  Request Allocated 
	   Cpus                 :        0        1         1 
	   Disk (KB)            :       37        2    323083 
	   Memory (MB)          :              2048      2048 
...
000 (35929332.142.000) 05/02 15:11:35 Job submitted from host: <131.225.188.57:9618?addrs=131.225.188.57-9618&noUDP&sock=955572_7d49_27>
...
001 (35929332.142.000) 05/02 15:28:58 Job executing on host: <131.225.206.241:9618?addrs=131.225.206.241-9618&noUDP&sock=1909_fe62_3>
...
006 (35929332.142.000) 05/02 15:29:07 Image size of job updated: 8
	8  -  MemoryUsage of job (MB)
	8948  -  ResidentSetSize of job (KB)
...
006 (35929332.142.000) 05/02 15:30:08 Image size of job updated: 248
	248  -  MemoryUsage of job (MB)
	254312  -  ResidentSetSize of job (KB)
...
006 (35929332.142.000) 05/02 15:31:09 Image size of job updated: 248
	248  -  MemoryUsage of job (MB)
	254608  -  ResidentSetSize of job (KB)
...
006 (35929332.142.000) 05/02 15:32:09 Image size of job updated: 248
	248  -  MemoryUsage of job (MB)
	254968  -  ResidentSetSize of job (KB)
...
006 (35929332.142.000) 05/02 15:33:09 Image size of job updated: 249
	249  -  MemoryUsage of job (MB)
	255288  -  ResidentSetSize of job (KB)
...
006 (35929332.142.000) 05/02 15:34:09 Image size of job updated: 249
	249  -  MemoryUsage of job (MB)
	255480  -  ResidentSetSize of job (KB)
...
006 (35929332.142.000) 05/02 15:35:09 Image size of job updated: 254
	254  -  MemoryUsage of job (MB)
	261096  -  ResidentSetSize of job (KB)
...
006 (35929332.142.000) 05/02 15:57:20 Image size of job updated: 365
	365  -  MemoryUsage of job (MB)
	374164  -  ResidentSetSize of job (KB)
...
005 (35929332.142.000) 05/02 15:59:20 Job terminated.
	(1) Normal termination (return value 0)
		Usr 0 00:15:19, Sys 0 00:03:45  -  Run Remote Usage
		Usr 0 00:00:00, Sys 0 00:00:00  -  Run Local Usage
		Usr 0 00:15:19, Sys 0 00:03:45  -  Total Remote Usage
		Usr 0 00:00:00, Sys 0 00:00:00  -  Total Local Usage
	4647  -  Run Bytes Sent By Job
	11057  -  Run Bytes Received By Job
	4647  -  Total Bytes Sent By Job
	11057  -  Total Bytes Received By Job
	Partitionable Resources :    Usage  Request Allocated 
	   Cpus                 :        0        1         1 
	   Disk (KB)            :       37        2    313735 
	   Memory (MB)          :      365     2048      2048 
...
