000 (65512065.139.000) 05/02 15:00:27 Job submitted from host: <131.225.188.235:9618?addrs=131.225.188.235-9618&noUDP&sock=813081_83ea_25>
...
001 (65512065.139.000) 05/02 15:02:52 Job executing on host: <131.225.206.200:9618?addrs=131.225.206.200-9618&noUDP&sock=1920_89ed_3>
...
005 (65512065.139.000) 05/02 15:02:56 Job terminated.
	(1) Normal termination (return value 0)
		Usr 0 00:00:00, Sys 0 00:00:00  -  Run Remote Usage
		Usr 0 00:00:00, Sys 0 00:00:00  -  Run Local Usage
		Usr 0 00:00:00, Sys 0 00:00:00  -  Total Remote Usage
		Usr 0 00:00:00, Sys 0 00:00:00  -  Total Local Usage
	4874  -  Run Bytes Sent By Job
	11045  -  Run Bytes Received By Job
	4874  -  Total Bytes Sent By Job
	11045  -  Total Bytes Received By Job
	Partitionable Resources :    Usage  Request Allocated 
	   Cpus                 :     0.14        1         1 
	   Disk (KB)            :    37           2    320629 
	   Memory (MB)          :              2048      2048 
...
000 (35929332.139.000) 05/02 15:11:35 Job submitted from host: <131.225.188.57:9618?addrs=131.225.188.57-9618&noUDP&sock=955572_7d49_27>
...
001 (35929332.139.000) 05/02 15:28:25 Job executing on host: <131.225.206.47:9618?addrs=131.225.206.47-9618&noUDP&sock=1923_98b6_3>
...
006 (35929332.139.000) 05/02 15:29:39 Image size of job updated: 248
	248  -  MemoryUsage of job (MB)
	254756  -  ResidentSetSize of job (KB)
...
006 (35929332.139.000) 05/02 15:30:39 Image size of job updated: 249
	249  -  MemoryUsage of job (MB)
	255652  -  ResidentSetSize of job (KB)
...
006 (35929332.139.000) 05/02 15:31:39 Image size of job updated: 249
	249  -  MemoryUsage of job (MB)
	255940  -  ResidentSetSize of job (KB)
...
006 (35929332.139.000) 05/02 15:32:40 Image size of job updated: 250
	250  -  MemoryUsage of job (MB)
	256240  -  ResidentSetSize of job (KB)
...
006 (35929332.139.000) 05/02 15:33:41 Image size of job updated: 250
	250  -  MemoryUsage of job (MB)
	256512  -  ResidentSetSize of job (KB)
...
006 (35929332.139.000) 05/02 15:35:43 Image size of job updated: 254
	254  -  MemoryUsage of job (MB)
	260320  -  ResidentSetSize of job (KB)
...
006 (35929332.139.000) 05/02 15:59:54 Image size of job updated: 365
	365  -  MemoryUsage of job (MB)
	374720  -  ResidentSetSize of job (KB)
...
005 (35929332.139.000) 05/02 16:01:53 Job terminated.
	(1) Normal termination (return value 0)
		Usr 0 00:11:14, Sys 0 00:02:27  -  Run Remote Usage
		Usr 0 00:00:00, Sys 0 00:00:00  -  Run Local Usage
		Usr 0 00:11:14, Sys 0 00:02:27  -  Total Remote Usage
		Usr 0 00:00:00, Sys 0 00:00:00  -  Total Local Usage
	4508  -  Run Bytes Sent By Job
	11057  -  Run Bytes Received By Job
	4508  -  Total Bytes Sent By Job
	11057  -  Total Bytes Received By Job
	Partitionable Resources :    Usage  Request Allocated 
	   Cpus                 :     0.00        1         1 
	   Disk (KB)            :    36           2    324194 
	   Memory (MB)          :   365        2048      2048 
...
