000 (65512065.131.000) 05/02 15:00:27 Job submitted from host: <131.225.188.235:9618?addrs=131.225.188.235-9618&noUDP&sock=813081_83ea_25>
...
001 (65512065.131.000) 05/02 15:02:49 Job executing on host: <131.225.188.34:9618?addrs=131.225.188.34-9618&noUDP&sock=6040_841e_3>
...
005 (65512065.131.000) 05/02 15:03:02 Job terminated.
	(1) Normal termination (return value 0)
		Usr 0 00:00:00, Sys 0 00:00:00  -  Run Remote Usage
		Usr 0 00:00:00, Sys 0 00:00:00  -  Run Local Usage
		Usr 0 00:00:00, Sys 0 00:00:00  -  Total Remote Usage
		Usr 0 00:00:00, Sys 0 00:00:00  -  Total Local Usage
	4724  -  Run Bytes Sent By Job
	11045  -  Run Bytes Received By Job
	4724  -  Total Bytes Sent By Job
	11045  -  Total Bytes Received By Job
	Partitionable Resources :    Usage  Request Allocated 
	   Cpus                 :     0.01        1         1 
	   Disk (KB)            :    47           2   1629809 
	   Memory (MB)          :              2048      2048 
...
000 (35929332.131.000) 05/02 15:11:35 Job submitted from host: <131.225.188.57:9618?addrs=131.225.188.57-9618&noUDP&sock=955572_7d49_27>
...
001 (35929332.131.000) 05/02 15:28:11 Job executing on host: <131.225.206.230:9618?addrs=131.225.206.230-9618&noUDP&sock=1915_1bf4_3>
...
006 (35929332.131.000) 05/02 15:28:19 Image size of job updated: 4
	4  -  MemoryUsage of job (MB)
	4480  -  ResidentSetSize of job (KB)
...
006 (35929332.131.000) 05/02 15:29:19 Image size of job updated: 264
	264  -  MemoryUsage of job (MB)
	271328  -  ResidentSetSize of job (KB)
...
005 (35929332.131.000) 05/02 15:52:28 Job terminated.
	(1) Normal termination (return value 0)
		Usr 0 00:12:04, Sys 0 00:03:12  -  Run Remote Usage
		Usr 0 00:00:00, Sys 0 00:00:00  -  Run Local Usage
		Usr 0 00:12:04, Sys 0 00:03:12  -  Total Remote Usage
		Usr 0 00:00:00, Sys 0 00:00:00  -  Total Local Usage
	4426  -  Run Bytes Sent By Job
	11057  -  Run Bytes Received By Job
	4426  -  Total Bytes Sent By Job
	11057  -  Total Bytes Received By Job
	Partitionable Resources :    Usage  Request Allocated 
	   Cpus                 :        0        1         1 
	   Disk (KB)            :       36        2    323792 
	   Memory (MB)          :      263     2048      2048 
...
