000 (65512065.129.000) 05/02 15:00:27 Job submitted from host: <131.225.188.235:9618?addrs=131.225.188.235-9618&noUDP&sock=813081_83ea_25>
...
001 (65512065.129.000) 05/02 15:02:47 Job executing on host: <131.225.190.26:9618?addrs=131.225.190.26-9618&noUDP&sock=3518_a244_3>
...
005 (65512065.129.000) 05/02 15:02:56 Job terminated.
	(1) Normal termination (return value 0)
		Usr 0 00:00:00, Sys 0 00:00:00  -  Run Remote Usage
		Usr 0 00:00:00, Sys 0 00:00:00  -  Run Local Usage
		Usr 0 00:00:00, Sys 0 00:00:00  -  Total Remote Usage
		Usr 0 00:00:00, Sys 0 00:00:00  -  Total Local Usage
	4724  -  Run Bytes Sent By Job
	11045  -  Run Bytes Received By Job
	4724  -  Total Bytes Sent By Job
	11045  -  Total Bytes Received By Job
	Partitionable Resources :    Usage  Request Allocated 
	   Cpus                 :        0        1         1 
	   Disk (KB)            :       41        2    771549 
	   Memory (MB)          :              2048      2048 
...
000 (35929332.129.000) 05/02 15:11:35 Job submitted from host: <131.225.188.57:9618?addrs=131.225.188.57-9618&noUDP&sock=955572_7d49_27>
...
001 (35929332.129.000) 05/02 15:27:57 Job executing on host: <131.225.205.176:9618?addrs=131.225.205.176-9618&noUDP&sock=3529_2dcf_3>
...
006 (35929332.129.000) 05/02 15:28:07 Image size of job updated: 3
	3  -  MemoryUsage of job (MB)
	3108  -  ResidentSetSize of job (KB)
...
006 (35929332.129.000) 05/02 15:29:07 Image size of job updated: 265
	265  -  MemoryUsage of job (MB)
	271372  -  ResidentSetSize of job (KB)
...
005 (35929332.129.000) 05/02 15:55:52 Job terminated.
	(1) Normal termination (return value 0)
		Usr 0 00:14:54, Sys 0 00:03:49  -  Run Remote Usage
		Usr 0 00:00:00, Sys 0 00:00:00  -  Run Local Usage
		Usr 0 00:14:54, Sys 0 00:03:49  -  Total Remote Usage
		Usr 0 00:00:00, Sys 0 00:00:00  -  Total Local Usage
	4572  -  Run Bytes Sent By Job
	11057  -  Run Bytes Received By Job
	4572  -  Total Bytes Sent By Job
	11057  -  Total Bytes Received By Job
	Partitionable Resources :    Usage  Request Allocated 
	   Cpus                 :     0.00        1         1 
	   Disk (KB)            :    40           2   1633737 
	   Memory (MB)          :   263        2048      2048 
...
