000 (65512065.146.000) 05/02 15:00:27 Job submitted from host: <131.225.188.235:9618?addrs=131.225.188.235-9618&noUDP&sock=813081_83ea_25>
...
001 (65512065.146.000) 05/02 15:02:57 Job executing on host: <131.225.206.39:9618?addrs=131.225.206.39-9618&noUDP&sock=1911_5d93_3>
...
005 (65512065.146.000) 05/02 15:03:04 Job terminated.
	(1) Normal termination (return value 0)
		Usr 0 00:00:00, Sys 0 00:00:00  -  Run Remote Usage
		Usr 0 00:00:00, Sys 0 00:00:00  -  Run Local Usage
		Usr 0 00:00:00, Sys 0 00:00:00  -  Total Remote Usage
		Usr 0 00:00:00, Sys 0 00:00:00  -  Total Local Usage
	4868  -  Run Bytes Sent By Job
	11045  -  Run Bytes Received By Job
	4868  -  Total Bytes Sent By Job
	11045  -  Total Bytes Received By Job
	Partitionable Resources :    Usage  Request Allocated 
	   Cpus                 :        0        1         1 
	   Disk (KB)            :       37        2    310907 
	   Memory (MB)          :              2048      2048 
...
000 (35929332.146.000) 05/02 15:11:35 Job submitted from host: <131.225.188.57:9618?addrs=131.225.188.57-9618&noUDP&sock=955572_7d49_27>
...
001 (35929332.146.000) 05/02 15:29:06 Job executing on host: <131.225.190.41:9618?addrs=131.225.190.41-9618&noUDP&sock=3506_6721_3>
...
006 (35929332.146.000) 05/02 15:29:15 Image size of job updated: 3
	3  -  MemoryUsage of job (MB)
	3120  -  ResidentSetSize of job (KB)
...
006 (35929332.146.000) 05/02 15:30:15 Image size of job updated: 254
	254  -  MemoryUsage of job (MB)
	261088  -  ResidentSetSize of job (KB)
...
006 (35929332.146.000) 05/02 15:31:16 Image size of job updated: 264
	264  -  MemoryUsage of job (MB)
	270912  -  ResidentSetSize of job (KB)
...
006 (35929332.146.000) 05/02 15:32:16 Image size of job updated: 264
	264  -  MemoryUsage of job (MB)
	271060  -  ResidentSetSize of job (KB)
...
006 (35929332.146.000) 05/02 15:34:17 Image size of job updated: 377
	377  -  MemoryUsage of job (MB)
	386848  -  ResidentSetSize of job (KB)
...
006 (35929332.146.000) 05/02 15:35:17 Image size of job updated: 403
	403  -  MemoryUsage of job (MB)
	412884  -  ResidentSetSize of job (KB)
...
006 (35929332.146.000) 05/02 15:36:17 Image size of job updated: 403
	403  -  MemoryUsage of job (MB)
	412904  -  ResidentSetSize of job (KB)
...
006 (35929332.146.000) 05/02 15:39:19 Image size of job updated: 422
	422  -  MemoryUsage of job (MB)
	432908  -  ResidentSetSize of job (KB)
...
006 (35929332.146.000) 05/02 15:40:19 Image size of job updated: 442
	442  -  MemoryUsage of job (MB)
	453236  -  ResidentSetSize of job (KB)
...
006 (35929332.146.000) 05/02 15:41:19 Image size of job updated: 442
	442  -  MemoryUsage of job (MB)
	453272  -  ResidentSetSize of job (KB)
...
006 (35929332.146.000) 05/02 15:49:24 Image size of job updated: 443
	443  -  MemoryUsage of job (MB)
	454096  -  ResidentSetSize of job (KB)
...
006 (35929332.146.000) 05/02 15:50:25 Image size of job updated: 447
	447  -  MemoryUsage of job (MB)
	458304  -  ResidentSetSize of job (KB)
...
006 (35929332.146.000) 05/02 15:51:25 Image size of job updated: 447
	447  -  MemoryUsage of job (MB)
	458376  -  ResidentSetSize of job (KB)
...
006 (35929332.146.000) 05/02 15:54:26 Image size of job updated: 447
	447  -  MemoryUsage of job (MB)
	458380  -  ResidentSetSize of job (KB)
...
005 (35929332.146.000) 05/02 16:00:29 Job terminated.
	(1) Normal termination (return value 0)
		Usr 0 00:16:52, Sys 0 00:03:44  -  Run Remote Usage
		Usr 0 00:00:00, Sys 0 00:00:00  -  Run Local Usage
		Usr 0 00:16:52, Sys 0 00:03:44  -  Total Remote Usage
		Usr 0 00:00:00, Sys 0 00:00:00  -  Total Local Usage
	4673  -  Run Bytes Sent By Job
	11057  -  Run Bytes Received By Job
	4673  -  Total Bytes Sent By Job
	11057  -  Total Bytes Received By Job
	Partitionable Resources :    Usage  Request Allocated 
	   Cpus                 :        0        1         1 
	   Disk (KB)            :       41        2    782476 
	   Memory (MB)          :      447     2048      2048 
...
