000 (65512065.137.000) 05/02 15:00:27 Job submitted from host: <131.225.188.235:9618?addrs=131.225.188.235-9618&noUDP&sock=813081_83ea_25>
...
001 (65512065.137.000) 05/02 15:02:52 Job executing on host: <131.225.190.36:9618?addrs=131.225.190.36-9618&noUDP&sock=3512_84b3_3>
...
005 (65512065.137.000) 05/02 15:03:00 Job terminated.
	(1) Normal termination (return value 0)
		Usr 0 00:00:00, Sys 0 00:00:00  -  Run Remote Usage
		Usr 0 00:00:00, Sys 0 00:00:00  -  Run Local Usage
		Usr 0 00:00:00, Sys 0 00:00:00  -  Total Remote Usage
		Usr 0 00:00:00, Sys 0 00:00:00  -  Total Local Usage
	5684  -  Run Bytes Sent By Job
	11045  -  Run Bytes Received By Job
	5684  -  Total Bytes Sent By Job
	11045  -  Total Bytes Received By Job
	Partitionable Resources :    Usage  Request Allocated 
	   Cpus                 :     0.06        1         1 
	   Disk (KB)            :    42           2    771959 
	   Memory (MB)          :              2048      2048 
...
000 (35929332.137.000) 05/02 15:11:35 Job submitted from host: <131.225.188.57:9618?addrs=131.225.188.57-9618&noUDP&sock=955572_7d49_27>
...
001 (35929332.137.000) 05/02 15:28:25 Job executing on host: <131.225.206.47:9618?addrs=131.225.206.47-9618&noUDP&sock=1923_98b6_3>
...
006 (35929332.137.000) 05/02 15:29:36 Image size of job updated: 226
	226  -  MemoryUsage of job (MB)
	232260  -  ResidentSetSize of job (KB)
...
006 (35929332.137.000) 05/02 15:30:36 Image size of job updated: 230
	230  -  MemoryUsage of job (MB)
	236152  -  ResidentSetSize of job (KB)
...
006 (35929332.137.000) 05/02 15:31:36 Image size of job updated: 246
	246  -  MemoryUsage of job (MB)
	252580  -  ResidentSetSize of job (KB)
...
006 (35929332.137.000) 05/02 15:32:37 Image size of job updated: 253
	253  -  MemoryUsage of job (MB)
	259192  -  ResidentSetSize of job (KB)
...
006 (35929332.137.000) 05/02 15:33:38 Image size of job updated: 259
	259  -  MemoryUsage of job (MB)
	265648  -  ResidentSetSize of job (KB)
...
006 (35929332.137.000) 05/02 15:34:39 Image size of job updated: 268
	268  -  MemoryUsage of job (MB)
	275196  -  ResidentSetSize of job (KB)
...
006 (35929332.137.000) 05/02 15:35:40 Image size of job updated: 269
	269  -  MemoryUsage of job (MB)
	275724  -  ResidentSetSize of job (KB)
...
006 (35929332.137.000) 05/02 15:36:41 Image size of job updated: 277
	277  -  MemoryUsage of job (MB)
	283660  -  ResidentSetSize of job (KB)
...
006 (35929332.137.000) 05/02 15:37:42 Image size of job updated: 277
	277  -  MemoryUsage of job (MB)
	284260  -  ResidentSetSize of job (KB)
...
006 (35929332.137.000) 05/02 15:38:42 Image size of job updated: 277
	277  -  MemoryUsage of job (MB)
	284396  -  ResidentSetSize of job (KB)
...
006 (35929332.137.000) 05/02 15:39:42 Image size of job updated: 282
	282  -  MemoryUsage of job (MB)
	289540  -  ResidentSetSize of job (KB)
...
006 (35929332.137.000) 05/02 15:40:42 Image size of job updated: 282
	282  -  MemoryUsage of job (MB)
	289584  -  ResidentSetSize of job (KB)
...
006 (35929332.137.000) 05/02 15:41:42 Image size of job updated: 285
	285  -  MemoryUsage of job (MB)
	292284  -  ResidentSetSize of job (KB)
...
006 (35929332.137.000) 05/02 15:42:42 Image size of job updated: 286
	286  -  MemoryUsage of job (MB)
	293716  -  ResidentSetSize of job (KB)
...
006 (35929332.137.000) 05/02 15:43:43 Image size of job updated: 286
	286  -  MemoryUsage of job (MB)
	293804  -  ResidentSetSize of job (KB)
...
006 (35929332.137.000) 05/02 15:44:44 Image size of job updated: 286
	286  -  MemoryUsage of job (MB)
	293816  -  ResidentSetSize of job (KB)
...
006 (35929332.137.000) 05/02 15:45:45 Image size of job updated: 287
	287  -  MemoryUsage of job (MB)
	294856  -  ResidentSetSize of job (KB)
...
006 (35929332.137.000) 05/02 15:47:47 Image size of job updated: 289
	289  -  MemoryUsage of job (MB)
	296280  -  ResidentSetSize of job (KB)
...
005 (35929332.137.000) 05/02 15:48:06 Job terminated.
	(1) Normal termination (return value 0)
		Usr 0 00:07:54, Sys 0 00:01:45  -  Run Remote Usage
		Usr 0 00:00:00, Sys 0 00:00:00  -  Run Local Usage
		Usr 0 00:07:54, Sys 0 00:01:45  -  Total Remote Usage
		Usr 0 00:00:00, Sys 0 00:00:00  -  Total Local Usage
	4536  -  Run Bytes Sent By Job
	11057  -  Run Bytes Received By Job
	4536  -  Total Bytes Sent By Job
	11057  -  Total Bytes Received By Job
	Partitionable Resources :    Usage  Request Allocated 
	   Cpus                 :        0        1         1 
	   Disk (KB)            :       36        2    324194 
	   Memory (MB)          :      289     2048      2048 
...
