000 (65512065.128.000) 05/02 15:00:27 Job submitted from host: <131.225.188.235:9618?addrs=131.225.188.235-9618&noUDP&sock=813081_83ea_25>
...
001 (65512065.128.000) 05/02 15:02:46 Job executing on host: <131.225.206.233:9618?addrs=131.225.206.233-9618&noUDP&sock=1907_9f32_3>
...
005 (65512065.128.000) 05/02 15:02:52 Job terminated.
	(1) Normal termination (return value 0)
		Usr 0 00:00:00, Sys 0 00:00:00  -  Run Remote Usage
		Usr 0 00:00:00, Sys 0 00:00:00  -  Run Local Usage
		Usr 0 00:00:00, Sys 0 00:00:00  -  Total Remote Usage
		Usr 0 00:00:00, Sys 0 00:00:00  -  Total Local Usage
	4723  -  Run Bytes Sent By Job
	11045  -  Run Bytes Received By Job
	4723  -  Total Bytes Sent By Job
	11045  -  Total Bytes Received By Job
	Partitionable Resources :    Usage  Request Allocated 
	   Cpus                 :        0        1         1 
	   Disk (KB)            :       37        2    323083 
	   Memory (MB)          :              2048      2048 
...
000 (35929332.128.000) 05/02 15:11:35 Job submitted from host: <131.225.188.57:9618?addrs=131.225.188.57-9618&noUDP&sock=955572_7d49_27>
...
001 (35929332.128.000) 05/02 15:27:57 Job executing on host: <131.225.190.29:9618?addrs=131.225.190.29-9618&noUDP&sock=3524_bfd6_3>
...
006 (35929332.128.000) 05/02 15:28:05 Image size of job updated: 3
	3  -  MemoryUsage of job (MB)
	3412  -  ResidentSetSize of job (KB)
...
006 (35929332.128.000) 05/02 15:29:06 Image size of job updated: 265
	265  -  MemoryUsage of job (MB)
	271408  -  ResidentSetSize of job (KB)
...
005 (35929332.128.000) 05/02 15:57:04 Job terminated.
	(1) Normal termination (return value 0)
		Usr 0 00:11:52, Sys 0 00:02:51  -  Run Remote Usage
		Usr 0 00:00:00, Sys 0 00:00:00  -  Run Local Usage
		Usr 0 00:11:52, Sys 0 00:02:51  -  Total Remote Usage
		Usr 0 00:00:00, Sys 0 00:00:00  -  Total Local Usage
	4499  -  Run Bytes Sent By Job
	11057  -  Run Bytes Received By Job
	4499  -  Total Bytes Sent By Job
	11057  -  Total Bytes Received By Job
	Partitionable Resources :    Usage  Request Allocated 
	   Cpus                 :        0        1         1 
	   Disk (KB)            :       41        2    766991 
	   Memory (MB)          :      263     2048      2048 
...
