000 (65512065.125.000) 05/02 15:00:27 Job submitted from host: <131.225.188.235:9618?addrs=131.225.188.235-9618&noUDP&sock=813081_83ea_25>
...
001 (65512065.125.000) 05/02 15:02:43 Job executing on host: <131.225.206.200:9618?addrs=131.225.206.200-9618&noUDP&sock=1920_89ed_3>
...
005 (65512065.125.000) 05/02 15:02:50 Job terminated.
	(1) Normal termination (return value 0)
		Usr 0 00:00:00, Sys 0 00:00:00  -  Run Remote Usage
		Usr 0 00:00:00, Sys 0 00:00:00  -  Run Local Usage
		Usr 0 00:00:00, Sys 0 00:00:00  -  Total Remote Usage
		Usr 0 00:00:00, Sys 0 00:00:00  -  Total Local Usage
	4723  -  Run Bytes Sent By Job
	11045  -  Run Bytes Received By Job
	4723  -  Total Bytes Sent By Job
	11045  -  Total Bytes Received By Job
	Partitionable Resources :    Usage  Request Allocated 
	   Cpus                 :        0        1         1 
	   Disk (KB)            :       37        2    320629 
	   Memory (MB)          :              2048      2048 
...
000 (35929332.125.000) 05/02 15:11:35 Job submitted from host: <131.225.188.57:9618?addrs=131.225.188.57-9618&noUDP&sock=955572_7d49_27>
...
001 (35929332.125.000) 05/02 15:27:55 Job executing on host: <131.225.204.93:9618?addrs=131.225.204.93-9618&noUDP&sock=1921_3985_3>
...
006 (35929332.125.000) 05/02 15:28:04 Image size of job updated: 4
	4  -  MemoryUsage of job (MB)
	4484  -  ResidentSetSize of job (KB)
...
006 (35929332.125.000) 05/02 15:29:05 Image size of job updated: 264
	264  -  MemoryUsage of job (MB)
	271084  -  ResidentSetSize of job (KB)
...
005 (35929332.125.000) 05/02 15:52:28 Job terminated.
	(1) Normal termination (return value 0)
		Usr 0 00:13:17, Sys 0 00:03:09  -  Run Remote Usage
		Usr 0 00:00:00, Sys 0 00:00:00  -  Run Local Usage
		Usr 0 00:13:17, Sys 0 00:03:09  -  Total Remote Usage
		Usr 0 00:00:00, Sys 0 00:00:00  -  Total Local Usage
	4572  -  Run Bytes Sent By Job
	11057  -  Run Bytes Received By Job
	4572  -  Total Bytes Sent By Job
	11057  -  Total Bytes Received By Job
	Partitionable Resources :    Usage  Request Allocated 
	   Cpus                 :        0        1         1 
	   Disk (KB)            :       36        2    319653 
	   Memory (MB)          :      263     2048      2048 
...
