000 (65512065.143.000) 05/02 15:00:27 Job submitted from host: <131.225.188.235:9618?addrs=131.225.188.235-9618&noUDP&sock=813081_83ea_25>
...
001 (65512065.143.000) 05/02 15:02:56 Job executing on host: <131.225.188.36:9618?addrs=131.225.188.36-9618&noUDP&sock=6027_9963_3>
...
005 (65512065.143.000) 05/02 15:03:11 Job terminated.
	(1) Normal termination (return value 0)
		Usr 0 00:00:00, Sys 0 00:00:00  -  Run Remote Usage
		Usr 0 00:00:00, Sys 0 00:00:00  -  Run Local Usage
		Usr 0 00:00:00, Sys 0 00:00:00  -  Total Remote Usage
		Usr 0 00:00:00, Sys 0 00:00:00  -  Total Local Usage
	4874  -  Run Bytes Sent By Job
	11045  -  Run Bytes Received By Job
	4874  -  Total Bytes Sent By Job
	11045  -  Total Bytes Received By Job
	Partitionable Resources :    Usage  Request Allocated 
	   Cpus                 :     0.21        1         1 
	   Disk (KB)            :    46           2   1636862 
	   Memory (MB)          :              2048      2048 
...
000 (35929332.143.000) 05/02 15:11:35 Job submitted from host: <131.225.188.57:9618?addrs=131.225.188.57-9618&noUDP&sock=955572_7d49_27>
...
001 (35929332.143.000) 05/02 15:29:06 Job executing on host: <131.225.188.20:9618?addrs=131.225.188.20-9618&noUDP&sock=6054_1e71_3>
...
006 (35929332.143.000) 05/02 15:29:15 Image size of job updated: 11
	11  -  MemoryUsage of job (MB)
	11672  -  ResidentSetSize of job (KB)
...
006 (35929332.143.000) 05/02 15:30:16 Image size of job updated: 247
	247  -  MemoryUsage of job (MB)
	253404  -  ResidentSetSize of job (KB)
...
006 (35929332.143.000) 05/02 15:31:16 Image size of job updated: 248
	248  -  MemoryUsage of job (MB)
	254104  -  ResidentSetSize of job (KB)
...
006 (35929332.143.000) 05/02 15:32:16 Image size of job updated: 248
	248  -  MemoryUsage of job (MB)
	254376  -  ResidentSetSize of job (KB)
...
006 (35929332.143.000) 05/02 15:33:16 Image size of job updated: 248
	248  -  MemoryUsage of job (MB)
	254680  -  ResidentSetSize of job (KB)
...
006 (35929332.143.000) 05/02 15:34:17 Image size of job updated: 248
	248  -  MemoryUsage of job (MB)
	254908  -  ResidentSetSize of job (KB)
...
006 (35929332.143.000) 05/02 15:35:18 Image size of job updated: 249
	249  -  MemoryUsage of job (MB)
	255200  -  ResidentSetSize of job (KB)
...
006 (35929332.143.000) 05/02 15:36:19 Image size of job updated: 253
	253  -  MemoryUsage of job (MB)
	259492  -  ResidentSetSize of job (KB)
...
006 (35929332.143.000) 05/02 15:58:30 Image size of job updated: 365
	365  -  MemoryUsage of job (MB)
	374372  -  ResidentSetSize of job (KB)
...
005 (35929332.143.000) 05/02 15:59:49 Job terminated.
	(1) Normal termination (return value 0)
		Usr 0 00:10:52, Sys 0 00:03:51  -  Run Remote Usage
		Usr 0 00:00:00, Sys 0 00:00:00  -  Run Local Usage
		Usr 0 00:10:52, Sys 0 00:03:51  -  Total Remote Usage
		Usr 0 00:00:00, Sys 0 00:00:00  -  Total Local Usage
	4655  -  Run Bytes Sent By Job
	11057  -  Run Bytes Received By Job
	4655  -  Total Bytes Sent By Job
	11057  -  Total Bytes Received By Job
	Partitionable Resources :    Usage  Request Allocated 
	   Cpus                 :        0        1         1 
	   Disk (KB)            :       45        2   1638407 
	   Memory (MB)          :      365     2048      2048 
...
