000 (65512065.123.000) 05/02 15:00:27 Job submitted from host: <131.225.188.235:9618?addrs=131.225.188.235-9618&noUDP&sock=813081_83ea_25>
...
001 (65512065.123.000) 05/02 15:02:43 Job executing on host: <131.225.190.36:9618?addrs=131.225.190.36-9618&noUDP&sock=3512_84b3_3>
...
005 (65512065.123.000) 05/02 15:02:51 Job terminated.
	(1) Normal termination (return value 0)
		Usr 0 00:00:00, Sys 0 00:00:00  -  Run Remote Usage
		Usr 0 00:00:00, Sys 0 00:00:00  -  Run Local Usage
		Usr 0 00:00:00, Sys 0 00:00:00  -  Total Remote Usage
		Usr 0 00:00:00, Sys 0 00:00:00  -  Total Local Usage
	4723  -  Run Bytes Sent By Job
	11045  -  Run Bytes Received By Job
	4723  -  Total Bytes Sent By Job
	11045  -  Total Bytes Received By Job
	Partitionable Resources :    Usage  Request Allocated 
	   Cpus                 :     0.17        1         1 
	   Disk (KB)            :    42           2    771959 
	   Memory (MB)          :              2048      2048 
...
000 (35929332.123.000) 05/02 15:11:35 Job submitted from host: <131.225.188.57:9618?addrs=131.225.188.57-9618&noUDP&sock=955572_7d49_27>
...
001 (35929332.123.000) 05/02 15:27:37 Job executing on host: <131.225.206.10:9618?addrs=131.225.206.10-9618&noUDP&sock=1917_7b24_3>
...
006 (35929332.123.000) 05/02 15:27:46 Image size of job updated: 4
	4  -  MemoryUsage of job (MB)
	5108  -  ResidentSetSize of job (KB)
...
006 (35929332.123.000) 05/02 15:28:47 Image size of job updated: 264
	264  -  MemoryUsage of job (MB)
	271052  -  ResidentSetSize of job (KB)
...
005 (35929332.123.000) 05/02 15:46:22 Job terminated.
	(1) Normal termination (return value 0)
		Usr 0 00:09:36, Sys 0 00:02:26  -  Run Remote Usage
		Usr 0 00:00:00, Sys 0 00:00:00  -  Run Local Usage
		Usr 0 00:09:36, Sys 0 00:02:26  -  Total Remote Usage
		Usr 0 00:00:00, Sys 0 00:00:00  -  Total Local Usage
	4420  -  Run Bytes Sent By Job
	11057  -  Run Bytes Received By Job
	4420  -  Total Bytes Sent By Job
	11057  -  Total Bytes Received By Job
	Partitionable Resources :    Usage  Request Allocated 
	   Cpus                 :        0        1         1 
	   Disk (KB)            :       36        2    323387 
	   Memory (MB)          :      263     2048      2048 
...
