000 (65512065.138.000) 05/02 15:00:27 Job submitted from host: <131.225.188.235:9618?addrs=131.225.188.235-9618&noUDP&sock=813081_83ea_25>
...
001 (65512065.138.000) 05/02 15:02:53 Job executing on host: <131.225.188.36:9618?addrs=131.225.188.36-9618&noUDP&sock=6027_9963_3>
...
005 (65512065.138.000) 05/02 15:03:09 Job terminated.
	(1) Normal termination (return value 0)
		Usr 0 00:00:00, Sys 0 00:00:00  -  Run Remote Usage
		Usr 0 00:00:00, Sys 0 00:00:00  -  Run Local Usage
		Usr 0 00:00:00, Sys 0 00:00:00  -  Total Remote Usage
		Usr 0 00:00:00, Sys 0 00:00:00  -  Total Local Usage
	4856  -  Run Bytes Sent By Job
	11045  -  Run Bytes Received By Job
	4856  -  Total Bytes Sent By Job
	11045  -  Total Bytes Received By Job
	Partitionable Resources :    Usage  Request Allocated 
	   Cpus                 :     0.01        1         1 
	   Disk (KB)            :    46           2   1636862 
	   Memory (MB)          :              2048      2048 
...
000 (35929332.138.000) 05/02 15:11:35 Job submitted from host: <131.225.188.57:9618?addrs=131.225.188.57-9618&noUDP&sock=955572_7d49_27>
...
001 (35929332.138.000) 05/02 15:28:25 Job executing on host: <131.225.206.47:9618?addrs=131.225.206.47-9618&noUDP&sock=1923_98b6_3>
...
006 (35929332.138.000) 05/02 15:29:36 Image size of job updated: 249
	249  -  MemoryUsage of job (MB)
	255592  -  ResidentSetSize of job (KB)
...
006 (35929332.138.000) 05/02 15:30:36 Image size of job updated: 250
	250  -  MemoryUsage of job (MB)
	256244  -  ResidentSetSize of job (KB)
...
006 (35929332.138.000) 05/02 15:31:36 Image size of job updated: 250
	250  -  MemoryUsage of job (MB)
	256736  -  ResidentSetSize of job (KB)
...
006 (35929332.138.000) 05/02 15:32:37 Image size of job updated: 251
	251  -  MemoryUsage of job (MB)
	257032  -  ResidentSetSize of job (KB)
...
006 (35929332.138.000) 05/02 15:33:38 Image size of job updated: 254
	254  -  MemoryUsage of job (MB)
	260444  -  ResidentSetSize of job (KB)
...
006 (35929332.138.000) 05/02 15:34:39 Image size of job updated: 254
	254  -  MemoryUsage of job (MB)
	260496  -  ResidentSetSize of job (KB)
...
006 (35929332.138.000) 05/02 15:53:49 Image size of job updated: 364
	364  -  MemoryUsage of job (MB)
	373400  -  ResidentSetSize of job (KB)
...
005 (35929332.138.000) 05/02 15:56:30 Job terminated.
	(1) Normal termination (return value 0)
		Usr 0 00:11:10, Sys 0 00:02:26  -  Run Remote Usage
		Usr 0 00:00:00, Sys 0 00:00:00  -  Run Local Usage
		Usr 0 00:11:10, Sys 0 00:02:26  -  Total Remote Usage
		Usr 0 00:00:00, Sys 0 00:00:00  -  Total Local Usage
	4497  -  Run Bytes Sent By Job
	11057  -  Run Bytes Received By Job
	4497  -  Total Bytes Sent By Job
	11057  -  Total Bytes Received By Job
	Partitionable Resources :    Usage  Request Allocated 
	   Cpus                 :     0.01        1         1 
	   Disk (KB)            :    36           2    324194 
	   Memory (MB)          :   364        2048      2048 
...
