000 (65512065.145.000) 05/02 15:00:27 Job submitted from host: <131.225.188.235:9618?addrs=131.225.188.235-9618&noUDP&sock=813081_83ea_25>
...
001 (65512065.145.000) 05/02 15:02:57 Job executing on host: <131.225.190.26:9618?addrs=131.225.190.26-9618&noUDP&sock=3518_a244_3>
...
005 (65512065.145.000) 05/02 15:03:09 Job terminated.
	(1) Normal termination (return value 0)
		Usr 0 00:00:00, Sys 0 00:00:00  -  Run Remote Usage
		Usr 0 00:00:00, Sys 0 00:00:00  -  Run Local Usage
		Usr 0 00:00:00, Sys 0 00:00:00  -  Total Remote Usage
		Usr 0 00:00:00, Sys 0 00:00:00  -  Total Local Usage
	4532  -  Run Bytes Sent By Job
	11045  -  Run Bytes Received By Job
	4532  -  Total Bytes Sent By Job
	11045  -  Total Bytes Received By Job
	Partitionable Resources :    Usage  Request Allocated 
	   Cpus                 :     0.22        1         1 
	   Disk (KB)            :    40           2    771549 
	   Memory (MB)          :              2048      2048 
...
000 (35929332.145.000) 05/02 15:11:35 Job submitted from host: <131.225.188.57:9618?addrs=131.225.188.57-9618&noUDP&sock=955572_7d49_27>
...
001 (35929332.145.000) 05/02 15:29:07 Job executing on host: <131.225.206.238:9618?addrs=131.225.206.238-9618&noUDP&sock=1915_1bf4_3>
...
006 (35929332.145.000) 05/02 15:29:15 Image size of job updated: 15
	15  -  MemoryUsage of job (MB)
	15424  -  ResidentSetSize of job (KB)
...
006 (35929332.145.000) 05/02 15:30:16 Image size of job updated: 259
	259  -  MemoryUsage of job (MB)
	266112  -  ResidentSetSize of job (KB)
...
006 (35929332.145.000) 05/02 15:31:17 Image size of job updated: 260
	260  -  MemoryUsage of job (MB)
	266436  -  ResidentSetSize of job (KB)
...
005 (35929332.145.000) 05/02 15:31:34 Job terminated.
	(1) Normal termination (return value 0)
		Usr 0 00:01:09, Sys 0 00:00:13  -  Run Remote Usage
		Usr 0 00:00:00, Sys 0 00:00:00  -  Run Local Usage
		Usr 0 00:01:09, Sys 0 00:00:13  -  Total Remote Usage
		Usr 0 00:00:00, Sys 0 00:00:00  -  Total Local Usage
	4396  -  Run Bytes Sent By Job
	11057  -  Run Bytes Received By Job
	4396  -  Total Bytes Sent By Job
	11057  -  Total Bytes Received By Job
	Partitionable Resources :    Usage  Request Allocated 
	   Cpus                 :     0.00        1         1 
	   Disk (KB)            :    36           2    308149 
	   Memory (MB)          :   260        2048      2048 
...
