000 (65512065.124.000) 05/02 15:00:27 Job submitted from host: <131.225.188.235:9618?addrs=131.225.188.235-9618&noUDP&sock=813081_83ea_25>
...
001 (65512065.124.000) 05/02 15:02:42 Job executing on host: <131.225.204.41:9618?addrs=131.225.204.41-9618&noUDP&sock=1939_9239_3>
...
005 (65512065.124.000) 05/02 15:02:47 Job terminated.
	(1) Normal termination (return value 0)
		Usr 0 00:00:00, Sys 0 00:00:00  -  Run Remote Usage
		Usr 0 00:00:00, Sys 0 00:00:00  -  Run Local Usage
		Usr 0 00:00:00, Sys 0 00:00:00  -  Total Remote Usage
		Usr 0 00:00:00, Sys 0 00:00:00  -  Total Local Usage
	4725  -  Run Bytes Sent By Job
	11045  -  Run Bytes Received By Job
	4725  -  Total Bytes Sent By Job
	11045  -  Total Bytes Received By Job
	Partitionable Resources :    Usage  Request Allocated 
	   Cpus                 :     0.06        1         1 
	   Disk (KB)            :    37           2    318984 
	   Memory (MB)          :              2048      2048 
...
000 (35929332.124.000) 05/02 15:11:35 Job submitted from host: <131.225.188.57:9618?addrs=131.225.188.57-9618&noUDP&sock=955572_7d49_27>
...
001 (35929332.124.000) 05/02 15:27:37 Job executing on host: <131.225.206.233:9618?addrs=131.225.206.233-9618&noUDP&sock=1907_9f32_3>
...
006 (35929332.124.000) 05/02 15:27:46 Image size of job updated: 4
	4  -  MemoryUsage of job (MB)
	4640  -  ResidentSetSize of job (KB)
...
006 (35929332.124.000) 05/02 15:28:47 Image size of job updated: 264
	264  -  MemoryUsage of job (MB)
	270976  -  ResidentSetSize of job (KB)
...
005 (35929332.124.000) 05/02 15:48:39 Job terminated.
	(1) Normal termination (return value 0)
		Usr 0 00:10:35, Sys 0 00:02:29  -  Run Remote Usage
		Usr 0 00:00:00, Sys 0 00:00:00  -  Run Local Usage
		Usr 0 00:10:35, Sys 0 00:02:29  -  Total Remote Usage
		Usr 0 00:00:00, Sys 0 00:00:00  -  Total Local Usage
	4426  -  Run Bytes Sent By Job
	11057  -  Run Bytes Received By Job
	4426  -  Total Bytes Sent By Job
	11057  -  Total Bytes Received By Job
	Partitionable Resources :    Usage  Request Allocated 
	   Cpus                 :     0.00        1         1 
	   Disk (KB)            :    36           2    323083 
	   Memory (MB)          :   263        2048      2048 
...
