000 (65512065.130.000) 05/02 15:00:27 Job submitted from host: <131.225.188.235:9618?addrs=131.225.188.235-9618&noUDP&sock=813081_83ea_25>
...
001 (65512065.130.000) 05/02 15:02:48 Job executing on host: <131.225.205.173:9618?addrs=131.225.205.173-9618&noUDP&sock=3564_2fa0_3>
...
005 (65512065.130.000) 05/02 15:02:56 Job terminated.
	(1) Normal termination (return value 0)
		Usr 0 00:00:00, Sys 0 00:00:00  -  Run Remote Usage
		Usr 0 00:00:00, Sys 0 00:00:00  -  Run Local Usage
		Usr 0 00:00:00, Sys 0 00:00:00  -  Total Remote Usage
		Usr 0 00:00:00, Sys 0 00:00:00  -  Total Local Usage
	4725  -  Run Bytes Sent By Job
	11045  -  Run Bytes Received By Job
	4725  -  Total Bytes Sent By Job
	11045  -  Total Bytes Received By Job
	Partitionable Resources :    Usage  Request Allocated 
	   Cpus                 :        0        1         1 
	   Disk (KB)            :       42        2   1633619 
	   Memory (MB)          :              2048      2048 
...
000 (35929332.130.000) 05/02 15:11:35 Job submitted from host: <131.225.188.57:9618?addrs=131.225.188.57-9618&noUDP&sock=955572_7d49_27>
...
001 (35929332.130.000) 05/02 15:27:57 Job executing on host: <131.225.190.29:9618?addrs=131.225.190.29-9618&noUDP&sock=3524_bfd6_3>
...
006 (35929332.130.000) 05/02 15:28:06 Image size of job updated: 3
	3  -  MemoryUsage of job (MB)
	3424  -  ResidentSetSize of job (KB)
...
006 (35929332.130.000) 05/02 15:29:07 Image size of job updated: 265
	265  -  MemoryUsage of job (MB)
	271400  -  ResidentSetSize of job (KB)
...
005 (35929332.130.000) 05/02 15:54:38 Job terminated.
	(1) Normal termination (return value 0)
		Usr 0 00:11:58, Sys 0 00:02:55  -  Run Remote Usage
		Usr 0 00:00:00, Sys 0 00:00:00  -  Run Local Usage
		Usr 0 00:11:58, Sys 0 00:02:55  -  Total Remote Usage
		Usr 0 00:00:00, Sys 0 00:00:00  -  Total Local Usage
	4572  -  Run Bytes Sent By Job
	11057  -  Run Bytes Received By Job
	4572  -  Total Bytes Sent By Job
	11057  -  Total Bytes Received By Job
	Partitionable Resources :    Usage  Request Allocated 
	   Cpus                 :     0.00        1         1 
	   Disk (KB)            :    41           2    766991 
	   Memory (MB)          :   263        2048      2048 
...
