000 (65512065.127.000) 05/02 15:00:27 Job submitted from host: <131.225.188.235:9618?addrs=131.225.188.235-9618&noUDP&sock=813081_83ea_25>
...
001 (65512065.127.000) 05/02 15:02:44 Job executing on host: <131.225.205.152:9618?addrs=131.225.205.152-9618&noUDP&sock=3515_937c_3>
...
005 (65512065.127.000) 05/02 15:02:54 Job terminated.
	(1) Normal termination (return value 0)
		Usr 0 00:00:00, Sys 0 00:00:00  -  Run Remote Usage
		Usr 0 00:00:00, Sys 0 00:00:00  -  Run Local Usage
		Usr 0 00:00:00, Sys 0 00:00:00  -  Total Remote Usage
		Usr 0 00:00:00, Sys 0 00:00:00  -  Total Local Usage
	4725  -  Run Bytes Sent By Job
	11045  -  Run Bytes Received By Job
	4725  -  Total Bytes Sent By Job
	11045  -  Total Bytes Received By Job
	Partitionable Resources :    Usage  Request Allocated 
	   Cpus                 :        0        1         1 
	   Disk (KB)            :       41        2   1643189 
	   Memory (MB)          :              2048      2048 
...
000 (35929332.127.000) 05/02 15:11:35 Job submitted from host: <131.225.188.57:9618?addrs=131.225.188.57-9618&noUDP&sock=955572_7d49_27>
...
001 (35929332.127.000) 05/02 15:27:56 Job executing on host: <131.225.191.74:9618?addrs=131.225.191.74-9618&noUDP&sock=3547_8683_3>
...
006 (35929332.127.000) 05/02 15:28:05 Image size of job updated: 4
	4  -  MemoryUsage of job (MB)
	4240  -  ResidentSetSize of job (KB)
...
006 (35929332.127.000) 05/02 15:29:06 Image size of job updated: 265
	265  -  MemoryUsage of job (MB)
	271464  -  ResidentSetSize of job (KB)
...
005 (35929332.127.000) 05/02 15:55:30 Job terminated.
	(1) Normal termination (return value 0)
		Usr 0 00:13:03, Sys 0 00:03:12  -  Run Remote Usage
		Usr 0 00:00:00, Sys 0 00:00:00  -  Run Local Usage
		Usr 0 00:13:03, Sys 0 00:03:12  -  Total Remote Usage
		Usr 0 00:00:00, Sys 0 00:00:00  -  Total Local Usage
	4426  -  Run Bytes Sent By Job
	11057  -  Run Bytes Received By Job
	4426  -  Total Bytes Sent By Job
	11057  -  Total Bytes Received By Job
	Partitionable Resources :    Usage  Request Allocated 
	   Cpus                 :     0.00        1         1 
	   Disk (KB)            :    41           2    768131 
	   Memory (MB)          :   263        2048      2048 
...
