000 (65512065.122.000) 05/02 15:00:27 Job submitted from host: <131.225.188.235:9618?addrs=131.225.188.235-9618&noUDP&sock=813081_83ea_25>
...
001 (65512065.122.000) 05/02 15:02:41 Job executing on host: <131.225.206.39:9618?addrs=131.225.206.39-9618&noUDP&sock=1911_5d93_3>
...
005 (65512065.122.000) 05/02 15:02:48 Job terminated.
	(1) Normal termination (return value 0)
		Usr 0 00:00:00, Sys 0 00:00:00  -  Run Remote Usage
		Usr 0 00:00:00, Sys 0 00:00:00  -  Run Local Usage
		Usr 0 00:00:00, Sys 0 00:00:00  -  Total Remote Usage
		Usr 0 00:00:00, Sys 0 00:00:00  -  Total Local Usage
	4723  -  Run Bytes Sent By Job
	11045  -  Run Bytes Received By Job
	4723  -  Total Bytes Sent By Job
	11045  -  Total Bytes Received By Job
	Partitionable Resources :    Usage  Request Allocated 
	   Cpus                 :        0        1         1 
	   Disk (KB)            :       37        2    310907 
	   Memory (MB)          :              2048      2048 
...
000 (35929332.122.000) 05/02 15:11:35 Job submitted from host: <131.225.188.57:9618?addrs=131.225.188.57-9618&noUDP&sock=955572_7d49_27>
...
001 (35929332.122.000) 05/02 15:27:37 Job executing on host: <131.225.188.14:9618?addrs=131.225.188.14-9618&noUDP&sock=6019_1ca1_3>
...
006 (35929332.122.000) 05/02 15:27:45 Image size of job updated: 3
	3  -  MemoryUsage of job (MB)
	3116  -  ResidentSetSize of job (KB)
...
006 (35929332.122.000) 05/02 15:28:46 Image size of job updated: 264
	264  -  MemoryUsage of job (MB)
	271064  -  ResidentSetSize of job (KB)
...
006 (35929332.122.000) 05/02 15:39:52 Image size of job updated: 270
	270  -  MemoryUsage of job (MB)
	276572  -  ResidentSetSize of job (KB)
...
005 (35929332.122.000) 05/02 15:49:15 Job terminated.
	(1) Normal termination (return value 0)
		Usr 0 00:08:41, Sys 0 00:03:34  -  Run Remote Usage
		Usr 0 00:00:00, Sys 0 00:00:00  -  Run Local Usage
		Usr 0 00:08:41, Sys 0 00:03:34  -  Total Remote Usage
		Usr 0 00:00:00, Sys 0 00:00:00  -  Total Local Usage
	4937  -  Run Bytes Sent By Job
	11057  -  Run Bytes Received By Job
	4937  -  Total Bytes Sent By Job
	11057  -  Total Bytes Received By Job
	Partitionable Resources :    Usage  Request Allocated 
	   Cpus                 :        0        1         1 
	   Disk (KB)            :       45        2   1638465 
	   Memory (MB)          :      263     2048      2048 
...
