000 (65512065.154.000) 05/02 15:00:27 Job submitted from host: <131.225.188.235:9618?addrs=131.225.188.235-9618&noUDP&sock=813081_83ea_25>
...
001 (65512065.154.000) 05/02 15:03:03 Job executing on host: <131.225.190.36:9618?addrs=131.225.190.36-9618&noUDP&sock=3512_84b3_3>
...
005 (65512065.154.000) 05/02 15:03:11 Job terminated.
	(1) Normal termination (return value 0)
		Usr 0 00:00:00, Sys 0 00:00:00  -  Run Remote Usage
		Usr 0 00:00:00, Sys 0 00:00:00  -  Run Local Usage
		Usr 0 00:00:00, Sys 0 00:00:00  -  Total Remote Usage
		Usr 0 00:00:00, Sys 0 00:00:00  -  Total Local Usage
	5321  -  Run Bytes Sent By Job
	11045  -  Run Bytes Received By Job
	5321  -  Total Bytes Sent By Job
	11045  -  Total Bytes Received By Job
	Partitionable Resources :    Usage  Request Allocated 
	   Cpus                 :        0        1         1 
	   Disk (KB)            :       42        2    771959 
	   Memory (MB)          :              2048      2048 
...
000 (35929332.154.000) 05/02 15:11:35 Job submitted from host: <131.225.188.57:9618?addrs=131.225.188.57-9618&noUDP&sock=955572_7d49_27>
...
001 (35929332.154.000) 05/02 15:29:33 Job executing on host: <131.225.191.222:9618?addrs=131.225.191.222-9618&noUDP&sock=3522_60a5_3>
...
006 (35929332.154.000) 05/02 15:29:42 Image size of job updated: 11
	11  -  MemoryUsage of job (MB)
	11856  -  ResidentSetSize of job (KB)
...
006 (35929332.154.000) 05/02 15:30:43 Image size of job updated: 264
	264  -  MemoryUsage of job (MB)
	270840  -  ResidentSetSize of job (KB)
...
006 (35929332.154.000) 05/02 15:31:43 Image size of job updated: 271
	271  -  MemoryUsage of job (MB)
	278280  -  ResidentSetSize of job (KB)
...
006 (35929332.154.000) 05/02 15:32:44 Image size of job updated: 271
	271  -  MemoryUsage of job (MB)
	278284  -  ResidentSetSize of job (KB)
...
006 (35929332.154.000) 05/02 15:34:45 Image size of job updated: 271
	271  -  MemoryUsage of job (MB)
	278316  -  ResidentSetSize of job (KB)
...
006 (35929332.154.000) 05/02 15:35:46 Image size of job updated: 412
	412  -  MemoryUsage of job (MB)
	422076  -  ResidentSetSize of job (KB)
...
006 (35929332.154.000) 05/02 15:36:46 Image size of job updated: 412
	412  -  MemoryUsage of job (MB)
	422564  -  ResidentSetSize of job (KB)
...
006 (35929332.154.000) 05/02 15:39:48 Image size of job updated: 433
	433  -  MemoryUsage of job (MB)
	443604  -  ResidentSetSize of job (KB)
...
006 (35929332.154.000) 05/02 15:41:49 Image size of job updated: 453
	453  -  MemoryUsage of job (MB)
	463896  -  ResidentSetSize of job (KB)
...
006 (35929332.154.000) 05/02 15:42:50 Image size of job updated: 453
	453  -  MemoryUsage of job (MB)
	464568  -  ResidentSetSize of job (KB)
...
006 (35929332.154.000) 05/02 15:43:50 Image size of job updated: 453
	453  -  MemoryUsage of job (MB)
	464668  -  ResidentSetSize of job (KB)
...
006 (35929332.154.000) 05/02 15:51:54 Image size of job updated: 457
	457  -  MemoryUsage of job (MB)
	468288  -  ResidentSetSize of job (KB)
...
006 (35929332.154.000) 05/02 15:52:54 Image size of job updated: 457
	457  -  MemoryUsage of job (MB)
	468440  -  ResidentSetSize of job (KB)
...
006 (35929332.154.000) 05/02 15:57:56 Image size of job updated: 457
	457  -  MemoryUsage of job (MB)
	468624  -  ResidentSetSize of job (KB)
...
006 (35929332.154.000) 05/02 16:01:58 Image size of job updated: 462
	462  -  MemoryUsage of job (MB)
	473404  -  ResidentSetSize of job (KB)
...
006 (35929332.154.000) 05/02 16:03:58 Image size of job updated: 462
	462  -  MemoryUsage of job (MB)
	473508  -  ResidentSetSize of job (KB)
...
006 (35929332.154.000) 05/02 16:08:00 Image size of job updated: 462
	462  -  MemoryUsage of job (MB)
	473512  -  ResidentSetSize of job (KB)
...
006 (35929332.154.000) 05/02 16:11:02 Image size of job updated: 463
	463  -  MemoryUsage of job (MB)
	474224  -  ResidentSetSize of job (KB)
...
006 (35929332.154.000) 05/02 16:13:03 Image size of job updated: 464
	464  -  MemoryUsage of job (MB)
	475188  -  ResidentSetSize of job (KB)
...
006 (35929332.154.000) 05/02 16:15:04 Image size of job updated: 464
	464  -  MemoryUsage of job (MB)
	475204  -  ResidentSetSize of job (KB)
...
006 (35929332.154.000) 05/02 16:22:06 Image size of job updated: 464
	464  -  MemoryUsage of job (MB)
	475256  -  ResidentSetSize of job (KB)
...
006 (35929332.154.000) 05/02 16:23:07 Image size of job updated: 465
	465  -  MemoryUsage of job (MB)
	476644  -  ResidentSetSize of job (KB)
...
006 (35929332.154.000) 05/02 16:24:07 Image size of job updated: 465
	465  -  MemoryUsage of job (MB)
	476648  -  ResidentSetSize of job (KB)
...
006 (35929332.154.000) 05/02 16:26:08 Image size of job updated: 465
	465  -  MemoryUsage of job (MB)
	476676  -  ResidentSetSize of job (KB)
...
005 (35929332.154.000) 05/02 16:32:07 Job terminated.
	(1) Normal termination (return value 0)
		Usr 0 00:32:36, Sys 0 00:07:33  -  Run Remote Usage
		Usr 0 00:00:00, Sys 0 00:00:00  -  Run Local Usage
		Usr 0 00:32:36, Sys 0 00:07:33  -  Total Remote Usage
		Usr 0 00:00:00, Sys 0 00:00:00  -  Total Local Usage
	4928  -  Run Bytes Sent By Job
	11057  -  Run Bytes Received By Job
	4928  -  Total Bytes Sent By Job
	11057  -  Total Bytes Received By Job
	Partitionable Resources :    Usage  Request Allocated 
	   Cpus                 :        0        1         1 
	   Disk (KB)            :       41        2    767911 
	   Memory (MB)          :      465     2048      2048 
...
