000 (65512065.144.000) 05/02 15:00:27 Job submitted from host: <131.225.188.235:9618?addrs=131.225.188.235-9618&noUDP&sock=813081_83ea_25>
...
001 (65512065.144.000) 05/02 15:02:56 Job executing on host: <131.225.205.152:9618?addrs=131.225.205.152-9618&noUDP&sock=3515_937c_3>
...
005 (65512065.144.000) 05/02 15:03:06 Job terminated.
	(1) Normal termination (return value 0)
		Usr 0 00:00:00, Sys 0 00:00:00  -  Run Remote Usage
		Usr 0 00:00:00, Sys 0 00:00:00  -  Run Local Usage
		Usr 0 00:00:00, Sys 0 00:00:00  -  Total Remote Usage
		Usr 0 00:00:00, Sys 0 00:00:00  -  Total Local Usage
	4876  -  Run Bytes Sent By Job
	11045  -  Run Bytes Received By Job
	4876  -  Total Bytes Sent By Job
	11045  -  Total Bytes Received By Job
	Partitionable Resources :    Usage  Request Allocated 
	   Cpus                 :        0        1         1 
	   Disk (KB)            :       41        2   1643189 
	   Memory (MB)          :              2048      2048 
...
000 (35929332.144.000) 05/02 15:11:35 Job submitted from host: <131.225.188.57:9618?addrs=131.225.188.57-9618&noUDP&sock=955572_7d49_27>
...
001 (35929332.144.000) 05/02 15:29:06 Job executing on host: <131.225.191.243:9618?addrs=131.225.191.243-9618&noUDP&sock=3509_75ea_3>
...
006 (35929332.144.000) 05/02 15:29:15 Image size of job updated: 11
	11  -  MemoryUsage of job (MB)
	11856  -  ResidentSetSize of job (KB)
...
006 (35929332.144.000) 05/02 15:30:16 Image size of job updated: 251
	251  -  MemoryUsage of job (MB)
	257712  -  ResidentSetSize of job (KB)
...
006 (35929332.144.000) 05/02 15:31:16 Image size of job updated: 251
	251  -  MemoryUsage of job (MB)
	257816  -  ResidentSetSize of job (KB)
...
006 (35929332.144.000) 05/02 15:32:17 Image size of job updated: 251
	251  -  MemoryUsage of job (MB)
	257940  -  ResidentSetSize of job (KB)
...
006 (35929332.144.000) 05/02 15:33:17 Image size of job updated: 252
	252  -  MemoryUsage of job (MB)
	258060  -  ResidentSetSize of job (KB)
...
006 (35929332.144.000) 05/02 15:34:18 Image size of job updated: 252
	252  -  MemoryUsage of job (MB)
	258180  -  ResidentSetSize of job (KB)
...
006 (35929332.144.000) 05/02 15:35:19 Image size of job updated: 256
	256  -  MemoryUsage of job (MB)
	262884  -  ResidentSetSize of job (KB)
...
006 (35929332.144.000) 05/02 15:59:31 Image size of job updated: 365
	365  -  MemoryUsage of job (MB)
	374364  -  ResidentSetSize of job (KB)
...
006 (35929332.144.000) 05/02 16:03:33 Image size of job updated: 391
	391  -  MemoryUsage of job (MB)
	400612  -  ResidentSetSize of job (KB)
...
005 (35929332.144.000) 05/02 16:04:30 Job terminated.
	(1) Normal termination (return value 0)
		Usr 0 00:14:22, Sys 0 00:03:15  -  Run Remote Usage
		Usr 0 00:00:00, Sys 0 00:00:00  -  Run Local Usage
		Usr 0 00:14:22, Sys 0 00:03:15  -  Total Remote Usage
		Usr 0 00:00:00, Sys 0 00:00:00  -  Total Local Usage
	4501  -  Run Bytes Sent By Job
	11057  -  Run Bytes Received By Job
	4501  -  Total Bytes Sent By Job
	11057  -  Total Bytes Received By Job
	Partitionable Resources :    Usage  Request Allocated 
	   Cpus                 :     0.00        1         1 
	   Disk (KB)            :    41           2    768571 
	   Memory (MB)          :   391        2048      2048 
...
