000 (65512065.140.000) 05/02 15:00:27 Job submitted from host: <131.225.188.235:9618?addrs=131.225.188.235-9618&noUDP&sock=813081_83ea_25>
...
001 (65512065.140.000) 05/02 15:02:53 Job executing on host: <131.225.190.36:9618?addrs=131.225.190.36-9618&noUDP&sock=3512_84b3_3>
...
005 (65512065.140.000) 05/02 15:03:01 Job terminated.
	(1) Normal termination (return value 0)
		Usr 0 00:00:00, Sys 0 00:00:00  -  Run Remote Usage
		Usr 0 00:00:00, Sys 0 00:00:00  -  Run Local Usage
		Usr 0 00:00:00, Sys 0 00:00:00  -  Total Remote Usage
		Usr 0 00:00:00, Sys 0 00:00:00  -  Total Local Usage
	4874  -  Run Bytes Sent By Job
	11045  -  Run Bytes Received By Job
	4874  -  Total Bytes Sent By Job
	11045  -  Total Bytes Received By Job
	Partitionable Resources :    Usage  Request Allocated 
	   Cpus                 :     0.23        1         1 
	   Disk (KB)            :    42           2    771959 
	   Memory (MB)          :              2048      2048 
...
000 (35929332.140.000) 05/02 15:11:35 Job submitted from host: <131.225.188.57:9618?addrs=131.225.188.57-9618&noUDP&sock=955572_7d49_27>
...
001 (35929332.140.000) 05/02 15:28:24 Job executing on host: <131.225.206.6:9618?addrs=131.225.206.6-9618&noUDP&sock=1924_484e_3>
...
006 (35929332.140.000) 05/02 15:28:33 Image size of job updated: 12
	12  -  MemoryUsage of job (MB)
	12900  -  ResidentSetSize of job (KB)
...
006 (35929332.140.000) 05/02 15:29:34 Image size of job updated: 249
	249  -  MemoryUsage of job (MB)
	255476  -  ResidentSetSize of job (KB)
...
006 (35929332.140.000) 05/02 15:30:35 Image size of job updated: 249
	249  -  MemoryUsage of job (MB)
	255888  -  ResidentSetSize of job (KB)
...
006 (35929332.140.000) 05/02 15:31:36 Image size of job updated: 250
	250  -  MemoryUsage of job (MB)
	256188  -  ResidentSetSize of job (KB)
...
006 (35929332.140.000) 05/02 15:32:36 Image size of job updated: 251
	251  -  MemoryUsage of job (MB)
	257188  -  ResidentSetSize of job (KB)
...
006 (35929332.140.000) 05/02 15:33:36 Image size of job updated: 256
	256  -  MemoryUsage of job (MB)
	262640  -  ResidentSetSize of job (KB)
...
006 (35929332.140.000) 05/02 15:55:48 Image size of job updated: 365
	365  -  MemoryUsage of job (MB)
	374096  -  ResidentSetSize of job (KB)
...
005 (35929332.140.000) 05/02 15:57:09 Job terminated.
	(1) Normal termination (return value 0)
		Usr 0 00:12:00, Sys 0 00:02:42  -  Run Remote Usage
		Usr 0 00:00:00, Sys 0 00:00:00  -  Run Local Usage
		Usr 0 00:12:00, Sys 0 00:02:42  -  Total Remote Usage
		Usr 0 00:00:00, Sys 0 00:00:00  -  Total Local Usage
	4501  -  Run Bytes Sent By Job
	11057  -  Run Bytes Received By Job
	4501  -  Total Bytes Sent By Job
	11057  -  Total Bytes Received By Job
	Partitionable Resources :    Usage  Request Allocated 
	   Cpus                 :     0.00        1         1 
	   Disk (KB)            :    37           2    323999 
	   Memory (MB)          :   365        2048      2048 
...
