000 (65512065.141.000) 05/02 15:00:27 Job submitted from host: <131.225.188.235:9618?addrs=131.225.188.235-9618&noUDP&sock=813081_83ea_25>
...
001 (65512065.141.000) 05/02 15:02:54 Job executing on host: <131.225.188.36:9618?addrs=131.225.188.36-9618&noUDP&sock=6027_9963_3>
...
005 (65512065.141.000) 05/02 15:03:09 Job terminated.
	(1) Normal termination (return value 0)
		Usr 0 00:00:00, Sys 0 00:00:00  -  Run Remote Usage
		Usr 0 00:00:00, Sys 0 00:00:00  -  Run Local Usage
		Usr 0 00:00:00, Sys 0 00:00:00  -  Total Remote Usage
		Usr 0 00:00:00, Sys 0 00:00:00  -  Total Local Usage
	4856  -  Run Bytes Sent By Job
	11045  -  Run Bytes Received By Job
	4856  -  Total Bytes Sent By Job
	11045  -  Total Bytes Received By Job
	Partitionable Resources :    Usage  Request Allocated 
	   Cpus                 :     0.07        1         1 
	   Disk (KB)            :    45           2   1636862 
	   Memory (MB)          :              2048      2048 
...
000 (35929332.141.000) 05/02 15:11:35 Job submitted from host: <131.225.188.57:9618?addrs=131.225.188.57-9618&noUDP&sock=955572_7d49_27>
...
001 (35929332.141.000) 05/02 15:28:56 Job executing on host: <131.225.204.117:9618?addrs=131.225.204.117-9618&noUDP&sock=1912_0d2b_3>
...
006 (35929332.141.000) 05/02 15:29:04 Image size of job updated: 18
	18  -  MemoryUsage of job (MB)
	18756  -  ResidentSetSize of job (KB)
...
006 (35929332.141.000) 05/02 15:30:04 Image size of job updated: 247
	247  -  MemoryUsage of job (MB)
	253876  -  ResidentSetSize of job (KB)
...
006 (35929332.141.000) 05/02 15:31:04 Image size of job updated: 248
	248  -  MemoryUsage of job (MB)
	254540  -  ResidentSetSize of job (KB)
...
006 (35929332.141.000) 05/02 15:32:05 Image size of job updated: 249
	249  -  MemoryUsage of job (MB)
	254992  -  ResidentSetSize of job (KB)
...
006 (35929332.141.000) 05/02 15:33:06 Image size of job updated: 249
	249  -  MemoryUsage of job (MB)
	255516  -  ResidentSetSize of job (KB)
...
006 (35929332.141.000) 05/02 15:34:07 Image size of job updated: 253
	253  -  MemoryUsage of job (MB)
	259440  -  ResidentSetSize of job (KB)
...
006 (35929332.141.000) 05/02 15:53:16 Image size of job updated: 364
	364  -  MemoryUsage of job (MB)
	373724  -  ResidentSetSize of job (KB)
...
005 (35929332.141.000) 05/02 15:54:27 Job terminated.
	(1) Normal termination (return value 0)
		Usr 0 00:10:44, Sys 0 00:02:30  -  Run Remote Usage
		Usr 0 00:00:00, Sys 0 00:00:00  -  Run Local Usage
		Usr 0 00:10:44, Sys 0 00:02:30  -  Total Remote Usage
		Usr 0 00:00:00, Sys 0 00:00:00  -  Total Local Usage
	4491  -  Run Bytes Sent By Job
	11057  -  Run Bytes Received By Job
	4491  -  Total Bytes Sent By Job
	11057  -  Total Bytes Received By Job
	Partitionable Resources :    Usage  Request Allocated 
	   Cpus                 :        0        1         1 
	   Disk (KB)            :       36        2    312232 
	   Memory (MB)          :      364     2048      2048 
...
