000 (65512065.121.000) 05/02 15:00:27 Job submitted from host: <131.225.188.235:9618?addrs=131.225.188.235-9618&noUDP&sock=813081_83ea_25>
...
001 (65512065.121.000) 05/02 15:02:42 Job executing on host: <131.225.190.36:9618?addrs=131.225.190.36-9618&noUDP&sock=3512_84b3_3>
...
005 (65512065.121.000) 05/02 15:02:49 Job terminated.
	(1) Normal termination (return value 0)
		Usr 0 00:00:00, Sys 0 00:00:00  -  Run Remote Usage
		Usr 0 00:00:00, Sys 0 00:00:00  -  Run Local Usage
		Usr 0 00:00:00, Sys 0 00:00:00  -  Total Remote Usage
		Usr 0 00:00:00, Sys 0 00:00:00  -  Total Local Usage
	4723  -  Run Bytes Sent By Job
	11045  -  Run Bytes Received By Job
	4723  -  Total Bytes Sent By Job
	11045  -  Total Bytes Received By Job
	Partitionable Resources :    Usage  Request Allocated 
	   Cpus                 :        0        1         1 
	   Disk (KB)            :       41        2    771959 
	   Memory (MB)          :              2048      2048 
...
000 (35929332.121.000) 05/02 15:11:35 Job submitted from host: <131.225.188.57:9618?addrs=131.225.188.57-9618&noUDP&sock=955572_7d49_27>
...
001 (35929332.121.000) 05/02 15:27:28 Job executing on host: <131.225.188.22:9618?addrs=131.225.188.22-9618&noUDP&sock=6049_b078_3>
...
006 (35929332.121.000) 05/02 15:27:37 Image size of job updated: 3
	3  -  MemoryUsage of job (MB)
	3476  -  ResidentSetSize of job (KB)
...
006 (35929332.121.000) 05/02 15:28:37 Image size of job updated: 264
	264  -  MemoryUsage of job (MB)
	270912  -  ResidentSetSize of job (KB)
...
005 (35929332.121.000) 05/02 15:50:45 Job terminated.
	(1) Normal termination (return value 0)
		Usr 0 00:08:58, Sys 0 00:03:49  -  Run Remote Usage
		Usr 0 00:00:00, Sys 0 00:00:00  -  Run Local Usage
		Usr 0 00:08:58, Sys 0 00:03:49  -  Total Remote Usage
		Usr 0 00:00:00, Sys 0 00:00:00  -  Total Local Usage
	4426  -  Run Bytes Sent By Job
	11057  -  Run Bytes Received By Job
	4426  -  Total Bytes Sent By Job
	11057  -  Total Bytes Received By Job
	Partitionable Resources :    Usage  Request Allocated 
	   Cpus                 :        0        1         1 
	   Disk (KB)            :       45        2   1627316 
	   Memory (MB)          :      187     2048      2048 
...
