000 (65512065.153.000) 05/02 15:00:27 Job submitted from host: <131.225.188.235:9618?addrs=131.225.188.235-9618&noUDP&sock=813081_83ea_25>
...
001 (65512065.153.000) 05/02 15:03:03 Job executing on host: <131.225.206.233:9618?addrs=131.225.206.233-9618&noUDP&sock=1907_9f32_3>
...
005 (65512065.153.000) 05/02 15:03:09 Job terminated.
	(1) Normal termination (return value 0)
		Usr 0 00:00:00, Sys 0 00:00:00  -  Run Remote Usage
		Usr 0 00:00:00, Sys 0 00:00:00  -  Run Local Usage
		Usr 0 00:00:00, Sys 0 00:00:00  -  Total Remote Usage
		Usr 0 00:00:00, Sys 0 00:00:00  -  Total Local Usage
	4679  -  Run Bytes Sent By Job
	11045  -  Run Bytes Received By Job
	4679  -  Total Bytes Sent By Job
	11045  -  Total Bytes Received By Job
	Partitionable Resources :    Usage  Request Allocated 
	   Cpus                 :        0        1         1 
	   Disk (KB)            :       37        2    323083 
	   Memory (MB)          :              2048      2048 
...
000 (35929332.153.000) 05/02 15:11:35 Job submitted from host: <131.225.188.57:9618?addrs=131.225.188.57-9618&noUDP&sock=955572_7d49_27>
...
001 (35929332.153.000) 05/02 15:29:30 Job executing on host: <131.225.204.77:9618?addrs=131.225.204.77-9618&noUDP&sock=1908_4eca_3>
...
006 (35929332.153.000) 05/02 15:29:39 Image size of job updated: 12
	12  -  MemoryUsage of job (MB)
	12956  -  ResidentSetSize of job (KB)
...
006 (35929332.153.000) 05/02 15:30:40 Image size of job updated: 262
	262  -  MemoryUsage of job (MB)
	268628  -  ResidentSetSize of job (KB)
...
006 (35929332.153.000) 05/02 15:31:41 Image size of job updated: 269
	269  -  MemoryUsage of job (MB)
	275576  -  ResidentSetSize of job (KB)
...
006 (35929332.153.000) 05/02 15:32:42 Image size of job updated: 269
	269  -  MemoryUsage of job (MB)
	275612  -  ResidentSetSize of job (KB)
...
006 (35929332.153.000) 05/02 15:33:43 Image size of job updated: 269
	269  -  MemoryUsage of job (MB)
	276112  -  ResidentSetSize of job (KB)
...
006 (35929332.153.000) 05/02 15:34:43 Image size of job updated: 384
	384  -  MemoryUsage of job (MB)
	393752  -  ResidentSetSize of job (KB)
...
006 (35929332.153.000) 05/02 15:35:43 Image size of job updated: 409
	409  -  MemoryUsage of job (MB)
	419768  -  ResidentSetSize of job (KB)
...
006 (35929332.153.000) 05/02 15:37:44 Image size of job updated: 410
	410  -  MemoryUsage of job (MB)
	419844  -  ResidentSetSize of job (KB)
...
006 (35929332.153.000) 05/02 15:39:46 Image size of job updated: 430
	430  -  MemoryUsage of job (MB)
	440376  -  ResidentSetSize of job (KB)
...
006 (35929332.153.000) 05/02 15:40:47 Image size of job updated: 439
	439  -  MemoryUsage of job (MB)
	449988  -  ResidentSetSize of job (KB)
...
006 (35929332.153.000) 05/02 15:45:47 Image size of job updated: 439
	439  -  MemoryUsage of job (MB)
	449992  -  ResidentSetSize of job (KB)
...
005 (35929332.153.000) 05/02 15:45:48 Job terminated.
	(1) Normal termination (return value 0)
		Usr 0 00:08:29, Sys 0 00:01:50  -  Run Remote Usage
		Usr 0 00:00:00, Sys 0 00:00:00  -  Run Local Usage
		Usr 0 00:08:29, Sys 0 00:01:50  -  Total Remote Usage
		Usr 0 00:00:00, Sys 0 00:00:00  -  Total Local Usage
	4562  -  Run Bytes Sent By Job
	11057  -  Run Bytes Received By Job
	4562  -  Total Bytes Sent By Job
	11057  -  Total Bytes Received By Job
	Partitionable Resources :    Usage  Request Allocated 
	   Cpus                 :     0.00        1         1 
	   Disk (KB)            :    37           2    325257 
	   Memory (MB)          :   439        2048      2048 
...
