000 (65512065.172.000) 05/02 15:00:27 Job submitted from host: <131.225.188.235:9618?addrs=131.225.188.235-9618&noUDP&sock=813081_83ea_25>
...
001 (65512065.172.000) 05/02 15:03:13 Job executing on host: <131.225.190.36:9618?addrs=131.225.190.36-9618&noUDP&sock=3512_84b3_3>
...
005 (65512065.172.000) 05/02 15:03:24 Job terminated.
	(1) Normal termination (return value 0)
		Usr 0 00:00:00, Sys 0 00:00:00  -  Run Remote Usage
		Usr 0 00:00:00, Sys 0 00:00:00  -  Run Local Usage
		Usr 0 00:00:00, Sys 0 00:00:00  -  Total Remote Usage
		Usr 0 00:00:00, Sys 0 00:00:00  -  Total Local Usage
	8229  -  Run Bytes Sent By Job
	11045  -  Run Bytes Received By Job
	8229  -  Total Bytes Sent By Job
	11045  -  Total Bytes Received By Job
	Partitionable Resources :    Usage  Request Allocated 
	   Cpus                 :     0.16        1         1 
	   Disk (KB)            :    45           2    771959 
	   Memory (MB)          :              2048      2048 
...
000 (35929332.172.000) 05/02 15:11:35 Job submitted from host: <131.225.188.57:9618?addrs=131.225.188.57-9618&noUDP&sock=955572_7d49_27>
...
001 (35929332.172.000) 05/02 15:30:05 Job executing on host: <131.225.188.36:9618?addrs=131.225.188.36-9618&noUDP&sock=6027_9963_3>
...
006 (35929332.172.000) 05/02 15:30:17 Image size of job updated: 3
	3  -  MemoryUsage of job (MB)
	3464  -  ResidentSetSize of job (KB)
...
006 (35929332.172.000) 05/02 15:31:17 Image size of job updated: 251
	251  -  MemoryUsage of job (MB)
	257532  -  ResidentSetSize of job (KB)
...
006 (35929332.172.000) 05/02 15:32:17 Image size of job updated: 295
	295  -  MemoryUsage of job (MB)
	303032  -  ResidentSetSize of job (KB)
...
006 (35929332.172.000) 05/02 15:33:17 Image size of job updated: 377
	377  -  MemoryUsage of job (MB)
	387048  -  ResidentSetSize of job (KB)
...
005 (35929332.172.000) 05/02 15:33:26 Job terminated.
	(1) Normal termination (return value 0)
		Usr 0 00:01:13, Sys 0 00:00:14  -  Run Remote Usage
		Usr 0 00:00:00, Sys 0 00:00:00  -  Run Local Usage
		Usr 0 00:01:13, Sys 0 00:00:14  -  Total Remote Usage
		Usr 0 00:00:00, Sys 0 00:00:00  -  Total Local Usage
	4738  -  Run Bytes Sent By Job
	11057  -  Run Bytes Received By Job
	4738  -  Total Bytes Sent By Job
	11057  -  Total Bytes Received By Job
	Partitionable Resources :    Usage  Request Allocated 
	   Cpus                 :     0.00        1         1 
	   Disk (KB)            :    46           2   1636862 
	   Memory (MB)          :   377        2048      2048 
...
