000 (65512065.175.000) 05/02 15:00:27 Job submitted from host: <131.225.188.235:9618?addrs=131.225.188.235-9618&noUDP&sock=813081_83ea_25>
...
001 (65512065.175.000) 05/02 15:03:15 Job executing on host: <131.225.204.41:9618?addrs=131.225.204.41-9618&noUDP&sock=1939_9239_3>
...
005 (65512065.175.000) 05/02 15:03:21 Job terminated.
	(1) Normal termination (return value 0)
		Usr 0 00:00:00, Sys 0 00:00:00  -  Run Remote Usage
		Usr 0 00:00:00, Sys 0 00:00:00  -  Run Local Usage
		Usr 0 00:00:00, Sys 0 00:00:00  -  Total Remote Usage
		Usr 0 00:00:00, Sys 0 00:00:00  -  Total Local Usage
	8270  -  Run Bytes Sent By Job
	11045  -  Run Bytes Received By Job
	8270  -  Total Bytes Sent By Job
	11045  -  Total Bytes Received By Job
	Partitionable Resources :    Usage  Request Allocated 
	   Cpus                 :        0        1         1 
	   Disk (KB)            :       40        2    318984 
	   Memory (MB)          :              2048      2048 
...
000 (35929332.175.000) 05/02 15:11:35 Job submitted from host: <131.225.188.57:9618?addrs=131.225.188.57-9618&noUDP&sock=955572_7d49_27>
...
001 (35929332.175.000) 05/02 15:30:10 Job executing on host: <131.225.191.151:9618?addrs=131.225.191.151-9618&noUDP&sock=1921_3985_3>
...
006 (35929332.175.000) 05/02 15:30:18 Image size of job updated: 4
	4  -  MemoryUsage of job (MB)
	4604  -  ResidentSetSize of job (KB)
...
006 (35929332.175.000) 05/02 15:31:19 Image size of job updated: 287
	287  -  MemoryUsage of job (MB)
	294644  -  ResidentSetSize of job (KB)
...
006 (35929332.175.000) 05/02 15:32:20 Image size of job updated: 297
	297  -  MemoryUsage of job (MB)
	304848  -  ResidentSetSize of job (KB)
...
006 (35929332.175.000) 05/02 15:32:39 Image size of job updated: 297
	297  -  MemoryUsage of job (MB)
	304896  -  ResidentSetSize of job (KB)
...
005 (35929332.175.000) 05/02 15:32:40 Job terminated.
	(1) Normal termination (return value 0)
		Usr 0 00:01:07, Sys 0 00:00:11  -  Run Remote Usage
		Usr 0 00:00:00, Sys 0 00:00:00  -  Run Local Usage
		Usr 0 00:01:07, Sys 0 00:00:11  -  Total Remote Usage
		Usr 0 00:00:00, Sys 0 00:00:00  -  Total Local Usage
	4713  -  Run Bytes Sent By Job
	11057  -  Run Bytes Received By Job
	4713  -  Total Bytes Sent By Job
	11057  -  Total Bytes Received By Job
	Partitionable Resources :    Usage  Request Allocated 
	   Cpus                 :     0.00        1         1 
	   Disk (KB)            :    37           2    329208 
	   Memory (MB)          :   297        2048      2048 
...
