000 (65512065.173.000) 05/02 15:00:27 Job submitted from host: <131.225.188.235:9618?addrs=131.225.188.235-9618&noUDP&sock=813081_83ea_25>
...
001 (65512065.173.000) 05/02 15:03:14 Job executing on host: <131.225.206.39:9618?addrs=131.225.206.39-9618&noUDP&sock=1911_5d93_3>
...
005 (65512065.173.000) 05/02 15:03:19 Job terminated.
	(1) Normal termination (return value 0)
		Usr 0 00:00:00, Sys 0 00:00:00  -  Run Remote Usage
		Usr 0 00:00:00, Sys 0 00:00:00  -  Run Local Usage
		Usr 0 00:00:00, Sys 0 00:00:00  -  Total Remote Usage
		Usr 0 00:00:00, Sys 0 00:00:00  -  Total Local Usage
	8280  -  Run Bytes Sent By Job
	11045  -  Run Bytes Received By Job
	8280  -  Total Bytes Sent By Job
	11045  -  Total Bytes Received By Job
	Partitionable Resources :    Usage  Request Allocated 
	   Cpus                 :     0.04        1         1 
	   Disk (KB)            :    40           2    310907 
	   Memory (MB)          :              2048      2048 
...
000 (35929332.173.000) 05/02 15:11:35 Job submitted from host: <131.225.188.57:9618?addrs=131.225.188.57-9618&noUDP&sock=955572_7d49_27>
...
001 (35929332.173.000) 05/02 15:30:03 Job executing on host: <131.225.204.108:9618?addrs=131.225.204.108-9618&noUDP&sock=1911_5d93_3>
...
006 (35929332.173.000) 05/02 15:30:11 Image size of job updated: 7
	7  -  MemoryUsage of job (MB)
	8156  -  ResidentSetSize of job (KB)
...
006 (35929332.173.000) 05/02 15:31:11 Image size of job updated: 327
	327  -  MemoryUsage of job (MB)
	335208  -  ResidentSetSize of job (KB)
...
006 (35929332.173.000) 05/02 15:32:11 Image size of job updated: 346
	346  -  MemoryUsage of job (MB)
	354748  -  ResidentSetSize of job (KB)
...
006 (35929332.173.000) 05/02 15:33:11 Image size of job updated: 348
	348  -  MemoryUsage of job (MB)
	356564  -  ResidentSetSize of job (KB)
...
006 (35929332.173.000) 05/02 15:34:12 Image size of job updated: 350
	350  -  MemoryUsage of job (MB)
	359148  -  ResidentSetSize of job (KB)
...
006 (35929332.173.000) 05/02 15:35:13 Image size of job updated: 351
	351  -  MemoryUsage of job (MB)
	359568  -  ResidentSetSize of job (KB)
...
006 (35929332.173.000) 05/02 15:35:36 Image size of job updated: 351
	351  -  MemoryUsage of job (MB)
	359576  -  ResidentSetSize of job (KB)
...
005 (35929332.173.000) 05/02 15:35:36 Job terminated.
	(1) Normal termination (return value 0)
		Usr 0 00:03:55, Sys 0 00:00:13  -  Run Remote Usage
		Usr 0 00:00:00, Sys 0 00:00:00  -  Run Local Usage
		Usr 0 00:03:55, Sys 0 00:00:13  -  Total Remote Usage
		Usr 0 00:00:00, Sys 0 00:00:00  -  Total Local Usage
	4918  -  Run Bytes Sent By Job
	11057  -  Run Bytes Received By Job
	4918  -  Total Bytes Sent By Job
	11057  -  Total Bytes Received By Job
	Partitionable Resources :    Usage  Request Allocated 
	   Cpus                 :        0        1         1 
	   Disk (KB)            :       37        2    324920 
	   Memory (MB)          :      351     2048      2048 
...
