000 (65512065.169.000) 05/02 15:00:27 Job submitted from host: <131.225.188.235:9618?addrs=131.225.188.235-9618&noUDP&sock=813081_83ea_25>
...
001 (65512065.169.000) 05/02 15:03:12 Job executing on host: <131.225.190.26:9618?addrs=131.225.190.26-9618&noUDP&sock=3518_a244_3>
...
005 (65512065.169.000) 05/02 15:03:26 Job terminated.
	(1) Normal termination (return value 0)
		Usr 0 00:00:00, Sys 0 00:00:00  -  Run Remote Usage
		Usr 0 00:00:00, Sys 0 00:00:00  -  Run Local Usage
		Usr 0 00:00:00, Sys 0 00:00:00  -  Total Remote Usage
		Usr 0 00:00:00, Sys 0 00:00:00  -  Total Local Usage
	8072  -  Run Bytes Sent By Job
	11045  -  Run Bytes Received By Job
	8072  -  Total Bytes Sent By Job
	11045  -  Total Bytes Received By Job
	Partitionable Resources :    Usage  Request Allocated 
	   Cpus                 :        0        1         1 
	   Disk (KB)            :       44        2    771549 
	   Memory (MB)          :              2048      2048 
...
000 (35929332.169.000) 05/02 15:11:35 Job submitted from host: <131.225.188.57:9618?addrs=131.225.188.57-9618&noUDP&sock=955572_7d49_27>
...
001 (35929332.169.000) 05/02 15:30:03 Job executing on host: <131.225.188.36:9618?addrs=131.225.188.36-9618&noUDP&sock=6027_9963_3>
...
006 (35929332.169.000) 05/02 15:30:13 Image size of job updated: 3
	3  -  MemoryUsage of job (MB)
	3480  -  ResidentSetSize of job (KB)
...
006 (35929332.169.000) 05/02 15:31:13 Image size of job updated: 254
	254  -  MemoryUsage of job (MB)
	261032  -  ResidentSetSize of job (KB)
...
006 (35929332.169.000) 05/02 15:32:13 Image size of job updated: 293
	293  -  MemoryUsage of job (MB)
	300876  -  ResidentSetSize of job (KB)
...
006 (35929332.169.000) 05/02 15:33:13 Image size of job updated: 381
	381  -  MemoryUsage of job (MB)
	390512  -  ResidentSetSize of job (KB)
...
006 (35929332.169.000) 05/02 15:33:45 Image size of job updated: 381
	381  -  MemoryUsage of job (MB)
	390668  -  ResidentSetSize of job (KB)
...
005 (35929332.169.000) 05/02 15:33:48 Job terminated.
	(1) Normal termination (return value 0)
		Usr 0 00:01:22, Sys 0 00:00:16  -  Run Remote Usage
		Usr 0 00:00:00, Sys 0 00:00:00  -  Run Local Usage
		Usr 0 00:01:22, Sys 0 00:00:16  -  Total Remote Usage
		Usr 0 00:00:00, Sys 0 00:00:00  -  Total Local Usage
	4708  -  Run Bytes Sent By Job
	11057  -  Run Bytes Received By Job
	4708  -  Total Bytes Sent By Job
	11057  -  Total Bytes Received By Job
	Partitionable Resources :    Usage  Request Allocated 
	   Cpus                 :     0.26        1         1 
	   Disk (KB)            :    46           2   1636862 
	   Memory (MB)          :   381        2048      2048 
...
