000 (65512065.171.000) 05/02 15:00:27 Job submitted from host: <131.225.188.235:9618?addrs=131.225.188.235-9618&noUDP&sock=813081_83ea_25>
...
001 (65512065.171.000) 05/02 15:03:15 Job executing on host: <131.225.188.36:9618?addrs=131.225.188.36-9618&noUDP&sock=6027_9963_3>
...
005 (65512065.171.000) 05/02 15:03:29 Job terminated.
	(1) Normal termination (return value 0)
		Usr 0 00:00:00, Sys 0 00:00:00  -  Run Remote Usage
		Usr 0 00:00:00, Sys 0 00:00:00  -  Run Local Usage
		Usr 0 00:00:00, Sys 0 00:00:00  -  Total Remote Usage
		Usr 0 00:00:00, Sys 0 00:00:00  -  Total Local Usage
	13202  -  Run Bytes Sent By Job
	11045  -  Run Bytes Received By Job
	13202  -  Total Bytes Sent By Job
	11045  -  Total Bytes Received By Job
	Partitionable Resources :    Usage  Request Allocated 
	   Cpus                 :     0.24        1         1 
	   Disk (KB)            :    54           2   1636862 
	   Memory (MB)          :              2048      2048 
...
000 (35929332.171.000) 05/02 15:11:35 Job submitted from host: <131.225.188.57:9618?addrs=131.225.188.57-9618&noUDP&sock=955572_7d49_27>
...
001 (35929332.171.000) 05/02 15:30:03 Job executing on host: <131.225.188.36:9618?addrs=131.225.188.36-9618&noUDP&sock=6027_9963_3>
...
006 (35929332.171.000) 05/02 15:30:17 Image size of job updated: 3
	3  -  MemoryUsage of job (MB)
	3468  -  ResidentSetSize of job (KB)
...
006 (35929332.171.000) 05/02 15:31:17 Image size of job updated: 269
	269  -  MemoryUsage of job (MB)
	276404  -  ResidentSetSize of job (KB)
...
006 (35929332.171.000) 05/02 15:32:17 Image size of job updated: 290
	290  -  MemoryUsage of job (MB)
	297192  -  ResidentSetSize of job (KB)
...
006 (35929332.171.000) 05/02 15:33:17 Image size of job updated: 298
	298  -  MemoryUsage of job (MB)
	305776  -  ResidentSetSize of job (KB)
...
006 (35929332.171.000) 05/02 15:34:17 Image size of job updated: 377
	377  -  MemoryUsage of job (MB)
	386284  -  ResidentSetSize of job (KB)
...
006 (35929332.171.000) 05/02 15:35:18 Image size of job updated: 403
	403  -  MemoryUsage of job (MB)
	412704  -  ResidentSetSize of job (KB)
...
006 (35929332.171.000) 05/02 15:36:18 Image size of job updated: 404
	404  -  MemoryUsage of job (MB)
	414080  -  ResidentSetSize of job (KB)
...
005 (35929332.171.000) 05/02 15:36:46 Job terminated.
	(1) Normal termination (return value 0)
		Usr 0 00:02:24, Sys 0 00:00:30  -  Run Remote Usage
		Usr 0 00:00:00, Sys 0 00:00:00  -  Run Local Usage
		Usr 0 00:02:24, Sys 0 00:00:30  -  Total Remote Usage
		Usr 0 00:00:00, Sys 0 00:00:00  -  Total Local Usage
	4701  -  Run Bytes Sent By Job
	11057  -  Run Bytes Received By Job
	4701  -  Total Bytes Sent By Job
	11057  -  Total Bytes Received By Job
	Partitionable Resources :    Usage  Request Allocated 
	   Cpus                 :     0.00        1         1 
	   Disk (KB)            :    46           2   1636862 
	   Memory (MB)          :   404        2048      2048 
...
