000 (65512065.193.000) 05/02 15:00:27 Job submitted from host: <131.225.188.235:9618?addrs=131.225.188.235-9618&noUDP&sock=813081_83ea_25>
...
001 (65512065.193.000) 05/02 15:03:28 Job executing on host: <131.225.190.26:9618?addrs=131.225.190.26-9618&noUDP&sock=3518_a244_3>
...
005 (65512065.193.000) 05/02 15:03:39 Job terminated.
	(1) Normal termination (return value 0)
		Usr 0 00:00:00, Sys 0 00:00:00  -  Run Remote Usage
		Usr 0 00:00:00, Sys 0 00:00:00  -  Run Local Usage
		Usr 0 00:00:00, Sys 0 00:00:00  -  Total Remote Usage
		Usr 0 00:00:00, Sys 0 00:00:00  -  Total Local Usage
	6601  -  Run Bytes Sent By Job
	11045  -  Run Bytes Received By Job
	6601  -  Total Bytes Sent By Job
	11045  -  Total Bytes Received By Job
	Partitionable Resources :    Usage  Request Allocated 
	   Cpus                 :     0.24        1         1 
	   Disk (KB)            :    43           2    771549 
	   Memory (MB)          :              2048      2048 
...
000 (35929332.193.000) 05/02 15:11:35 Job submitted from host: <131.225.188.57:9618?addrs=131.225.188.57-9618&noUDP&sock=955572_7d49_27>
...
001 (35929332.193.000) 05/02 15:31:53 Job executing on host: <131.225.191.136:9618?addrs=131.225.191.136-9618&noUDP&sock=1928_06af_3>
...
006 (35929332.193.000) 05/02 15:32:01 Image size of job updated: 5
	5  -  MemoryUsage of job (MB)
	5152  -  ResidentSetSize of job (KB)
...
006 (35929332.193.000) 05/02 15:33:01 Image size of job updated: 286
	286  -  MemoryUsage of job (MB)
	293152  -  ResidentSetSize of job (KB)
...
006 (35929332.193.000) 05/02 15:33:07 Image size of job updated: 289
	289  -  MemoryUsage of job (MB)
	296000  -  ResidentSetSize of job (KB)
...
005 (35929332.193.000) 05/02 15:33:09 Job terminated.
	(1) Normal termination (return value 0)
		Usr 0 00:00:36, Sys 0 00:00:07  -  Run Remote Usage
		Usr 0 00:00:00, Sys 0 00:00:00  -  Run Local Usage
		Usr 0 00:00:36, Sys 0 00:00:07  -  Total Remote Usage
		Usr 0 00:00:00, Sys 0 00:00:00  -  Total Local Usage
	4645  -  Run Bytes Sent By Job
	11057  -  Run Bytes Received By Job
	4645  -  Total Bytes Sent By Job
	11057  -  Total Bytes Received By Job
	Partitionable Resources :    Usage  Request Allocated 
	   Cpus                 :        0        1         1 
	   Disk (KB)            :       36        2    316596 
	   Memory (MB)          :      289     2048      2048 
...
