000 (65512065.191.000) 05/02 15:00:27 Job submitted from host: <131.225.188.235:9618?addrs=131.225.188.235-9618&noUDP&sock=813081_83ea_25>
...
001 (65512065.191.000) 05/02 15:03:28 Job executing on host: <131.225.190.36:9618?addrs=131.225.190.36-9618&noUDP&sock=3512_84b3_3>
...
005 (65512065.191.000) 05/02 15:03:34 Job terminated.
	(1) Normal termination (return value 0)
		Usr 0 00:00:00, Sys 0 00:00:00  -  Run Remote Usage
		Usr 0 00:00:00, Sys 0 00:00:00  -  Run Local Usage
		Usr 0 00:00:00, Sys 0 00:00:00  -  Total Remote Usage
		Usr 0 00:00:00, Sys 0 00:00:00  -  Total Local Usage
	8351  -  Run Bytes Sent By Job
	11045  -  Run Bytes Received By Job
	8351  -  Total Bytes Sent By Job
	11045  -  Total Bytes Received By Job
	Partitionable Resources :    Usage  Request Allocated 
	   Cpus                 :        0        1         1 
	   Disk (KB)            :       45        2    771959 
	   Memory (MB)          :              2048      2048 
...
000 (35929332.191.000) 05/02 15:11:35 Job submitted from host: <131.225.188.57:9618?addrs=131.225.188.57-9618&noUDP&sock=955572_7d49_27>
...
001 (35929332.191.000) 05/02 15:31:38 Job executing on host: <131.225.188.21:9618?addrs=131.225.188.21-9618&noUDP&sock=6029_f893_3>
...
006 (35929332.191.000) 05/02 15:31:47 Image size of job updated: 12
	12  -  MemoryUsage of job (MB)
	12808  -  ResidentSetSize of job (KB)
...
006 (35929332.191.000) 05/02 15:32:48 Image size of job updated: 276
	276  -  MemoryUsage of job (MB)
	283128  -  ResidentSetSize of job (KB)
...
006 (35929332.191.000) 05/02 15:33:49 Image size of job updated: 378
	378  -  MemoryUsage of job (MB)
	387996  -  ResidentSetSize of job (KB)
...
006 (35929332.191.000) 05/02 15:34:25 Image size of job updated: 404
	404  -  MemoryUsage of job (MB)
	414512  -  ResidentSetSize of job (KB)
...
005 (35929332.191.000) 05/02 15:34:26 Job terminated.
	(1) Normal termination (return value 0)
		Usr 0 00:01:19, Sys 0 00:00:15  -  Run Remote Usage
		Usr 0 00:00:00, Sys 0 00:00:00  -  Run Local Usage
		Usr 0 00:01:19, Sys 0 00:00:15  -  Total Remote Usage
		Usr 0 00:00:00, Sys 0 00:00:00  -  Total Local Usage
	4728  -  Run Bytes Sent By Job
	11057  -  Run Bytes Received By Job
	4728  -  Total Bytes Sent By Job
	11057  -  Total Bytes Received By Job
	Partitionable Resources :    Usage  Request Allocated 
	   Cpus                 :        0        1         1 
	   Disk (KB)            :       47        2   1627893 
	   Memory (MB)          :      404     2048      2048 
...
