000 (65512065.182.000) 05/02 15:00:27 Job submitted from host: <131.225.188.235:9618?addrs=131.225.188.235-9618&noUDP&sock=813081_83ea_25>
...
001 (65512065.182.000) 05/02 15:03:20 Job executing on host: <131.225.191.159:9618?addrs=131.225.191.159-9618&noUDP&sock=1915_1bf4_3>
...
005 (65512065.182.000) 05/02 15:03:25 Job terminated.
	(1) Normal termination (return value 0)
		Usr 0 00:00:00, Sys 0 00:00:00  -  Run Remote Usage
		Usr 0 00:00:00, Sys 0 00:00:00  -  Run Local Usage
		Usr 0 00:00:00, Sys 0 00:00:00  -  Total Remote Usage
		Usr 0 00:00:00, Sys 0 00:00:00  -  Total Local Usage
	76092  -  Run Bytes Sent By Job
	11045  -  Run Bytes Received By Job
	76092  -  Total Bytes Sent By Job
	11045  -  Total Bytes Received By Job
	Partitionable Resources :    Usage  Request Allocated 
	   Cpus                 :     0.03        1         1 
	   Disk (KB)            :   107           2    327763 
	   Memory (MB)          :              2048      2048 
...
000 (35929332.182.000) 05/02 15:11:35 Job submitted from host: <131.225.188.57:9618?addrs=131.225.188.57-9618&noUDP&sock=955572_7d49_27>
...
001 (35929332.182.000) 05/02 15:31:17 Job executing on host: <131.225.188.21:9618?addrs=131.225.188.21-9618&noUDP&sock=6029_f893_3>
...
006 (35929332.182.000) 05/02 15:31:26 Image size of job updated: 4
	4  -  MemoryUsage of job (MB)
	4580  -  ResidentSetSize of job (KB)
...
006 (35929332.182.000) 05/02 15:32:27 Image size of job updated: 274
	274  -  MemoryUsage of job (MB)
	280688  -  ResidentSetSize of job (KB)
...
006 (35929332.182.000) 05/02 15:33:27 Image size of job updated: 284
	284  -  MemoryUsage of job (MB)
	290996  -  ResidentSetSize of job (KB)
...
006 (35929332.182.000) 05/02 15:34:27 Image size of job updated: 292
	292  -  MemoryUsage of job (MB)
	299984  -  ResidentSetSize of job (KB)
...
006 (35929332.182.000) 05/02 15:35:27 Image size of job updated: 374
	374  -  MemoryUsage of job (MB)
	383588  -  ResidentSetSize of job (KB)
...
006 (35929332.182.000) 05/02 15:36:27 Image size of job updated: 400
	400  -  MemoryUsage of job (MB)
	410544  -  ResidentSetSize of job (KB)
...
006 (35929332.182.000) 05/02 15:37:27 Image size of job updated: 401
	401  -  MemoryUsage of job (MB)
	410824  -  ResidentSetSize of job (KB)
...
006 (35929332.182.000) 05/02 15:38:28 Image size of job updated: 404
	404  -  MemoryUsage of job (MB)
	414232  -  ResidentSetSize of job (KB)
...
006 (35929332.182.000) 05/02 15:39:29 Image size of job updated: 405
	405  -  MemoryUsage of job (MB)
	415580  -  ResidentSetSize of job (KB)
...
006 (35929332.182.000) 05/02 15:40:30 Image size of job updated: 405
	405  -  MemoryUsage of job (MB)
	415664  -  ResidentSetSize of job (KB)
...
006 (35929332.182.000) 05/02 15:41:31 Image size of job updated: 405
	405  -  MemoryUsage of job (MB)
	415708  -  ResidentSetSize of job (KB)
...
006 (35929332.182.000) 05/02 15:42:32 Image size of job updated: 406
	406  -  MemoryUsage of job (MB)
	415784  -  ResidentSetSize of job (KB)
...
006 (35929332.182.000) 05/02 15:43:33 Image size of job updated: 406
	406  -  MemoryUsage of job (MB)
	415792  -  ResidentSetSize of job (KB)
...
006 (35929332.182.000) 05/02 15:44:33 Image size of job updated: 406
	406  -  MemoryUsage of job (MB)
	415812  -  ResidentSetSize of job (KB)
...
006 (35929332.182.000) 05/02 15:45:33 Image size of job updated: 406
	406  -  MemoryUsage of job (MB)
	415816  -  ResidentSetSize of job (KB)
...
006 (35929332.182.000) 05/02 15:46:33 Image size of job updated: 406
	406  -  MemoryUsage of job (MB)
	415820  -  ResidentSetSize of job (KB)
...
006 (35929332.182.000) 05/02 15:47:33 Image size of job updated: 406
	406  -  MemoryUsage of job (MB)
	415828  -  ResidentSetSize of job (KB)
...
006 (35929332.182.000) 05/02 15:48:34 Image size of job updated: 406
	406  -  MemoryUsage of job (MB)
	415832  -  ResidentSetSize of job (KB)
...
006 (35929332.182.000) 05/02 15:50:35 Image size of job updated: 406
	406  -  MemoryUsage of job (MB)
	415836  -  ResidentSetSize of job (KB)
...
006 (35929332.182.000) 05/02 15:51:36 Image size of job updated: 406
	406  -  MemoryUsage of job (MB)
	415840  -  ResidentSetSize of job (KB)
...
006 (35929332.182.000) 05/02 15:52:37 Image size of job updated: 406
	406  -  MemoryUsage of job (MB)
	415860  -  ResidentSetSize of job (KB)
...
006 (35929332.182.000) 05/02 15:53:38 Image size of job updated: 406
	406  -  MemoryUsage of job (MB)
	415872  -  ResidentSetSize of job (KB)
...
006 (35929332.182.000) 05/02 15:54:38 Image size of job updated: 406
	406  -  MemoryUsage of job (MB)
	415984  -  ResidentSetSize of job (KB)
...
006 (35929332.182.000) 05/02 15:55:38 Image size of job updated: 406
	406  -  MemoryUsage of job (MB)
	415992  -  ResidentSetSize of job (KB)
...
006 (35929332.182.000) 05/02 15:56:38 Image size of job updated: 406
	406  -  MemoryUsage of job (MB)
	415996  -  ResidentSetSize of job (KB)
...
006 (35929332.182.000) 05/02 15:58:38 Image size of job updated: 406
	406  -  MemoryUsage of job (MB)
	416008  -  ResidentSetSize of job (KB)
...
006 (35929332.182.000) 05/02 15:59:38 Image size of job updated: 406
	406  -  MemoryUsage of job (MB)
	416012  -  ResidentSetSize of job (KB)
...
006 (35929332.182.000) 05/02 16:03:41 Image size of job updated: 406
	406  -  MemoryUsage of job (MB)
	416052  -  ResidentSetSize of job (KB)
...
006 (35929332.182.000) 05/02 16:04:42 Image size of job updated: 406
	406  -  MemoryUsage of job (MB)
	416060  -  ResidentSetSize of job (KB)
...
005 (35929332.182.000) 05/02 16:05:11 Job terminated.
	(1) Normal termination (return value 0)
		Usr 0 00:14:33, Sys 0 00:03:22  -  Run Remote Usage
		Usr 0 00:00:00, Sys 0 00:00:00  -  Run Local Usage
		Usr 0 00:14:33, Sys 0 00:03:22  -  Total Remote Usage
		Usr 0 00:00:00, Sys 0 00:00:00  -  Total Local Usage
	5215  -  Run Bytes Sent By Job
	11057  -  Run Bytes Received By Job
	5215  -  Total Bytes Sent By Job
	11057  -  Total Bytes Received By Job
	Partitionable Resources :    Usage  Request Allocated 
	   Cpus                 :        0        1         1 
	   Disk (KB)            :       48        2   1627893 
	   Memory (MB)          :      148     2048      2048 
...
