000 (65512065.194.000) 05/02 15:00:27 Job submitted from host: <131.225.188.235:9618?addrs=131.225.188.235-9618&noUDP&sock=813081_83ea_25>
...
001 (65512065.194.000) 05/02 15:03:30 Job executing on host: <131.225.190.26:9618?addrs=131.225.190.26-9618&noUDP&sock=3518_a244_3>
...
005 (65512065.194.000) 05/02 15:03:40 Job terminated.
	(1) Normal termination (return value 0)
		Usr 0 00:00:00, Sys 0 00:00:00  -  Run Remote Usage
		Usr 0 00:00:00, Sys 0 00:00:00  -  Run Local Usage
		Usr 0 00:00:00, Sys 0 00:00:00  -  Total Remote Usage
		Usr 0 00:00:00, Sys 0 00:00:00  -  Total Local Usage
	11492  -  Run Bytes Sent By Job
	11045  -  Run Bytes Received By Job
	11492  -  Total Bytes Sent By Job
	11045  -  Total Bytes Received By Job
	Partitionable Resources :    Usage  Request Allocated 
	   Cpus                 :     0.12        1         1 
	   Disk (KB)            :    47           2    771549 
	   Memory (MB)          :              2048      2048 
...
000 (35929332.194.000) 05/02 15:11:35 Job submitted from host: <131.225.188.57:9618?addrs=131.225.188.57-9618&noUDP&sock=955572_7d49_27>
...
001 (35929332.194.000) 05/02 15:31:54 Job executing on host: <131.225.190.26:9618?addrs=131.225.190.26-9618&noUDP&sock=3518_a244_3>
...
006 (35929332.194.000) 05/02 15:32:03 Image size of job updated: 7
	7  -  MemoryUsage of job (MB)
	7384  -  ResidentSetSize of job (KB)
...
006 (35929332.194.000) 05/02 15:33:03 Image size of job updated: 267
	267  -  MemoryUsage of job (MB)
	274064  -  ResidentSetSize of job (KB)
...
006 (35929332.194.000) 05/02 15:34:04 Image size of job updated: 294
	294  -  MemoryUsage of job (MB)
	301112  -  ResidentSetSize of job (KB)
...
006 (35929332.194.000) 05/02 15:35:04 Image size of job updated: 296
	296  -  MemoryUsage of job (MB)
	303212  -  ResidentSetSize of job (KB)
...
006 (35929332.194.000) 05/02 15:36:05 Image size of job updated: 381
	381  -  MemoryUsage of job (MB)
	390616  -  ResidentSetSize of job (KB)
...
006 (35929332.194.000) 05/02 15:36:57 Image size of job updated: 407
	407  -  MemoryUsage of job (MB)
	416836  -  ResidentSetSize of job (KB)
...
005 (35929332.194.000) 05/02 15:36:58 Job terminated.
	(1) Normal termination (return value 0)
		Usr 0 00:02:26, Sys 0 00:00:24  -  Run Remote Usage
		Usr 0 00:00:00, Sys 0 00:00:00  -  Run Local Usage
		Usr 0 00:02:26, Sys 0 00:00:24  -  Total Remote Usage
		Usr 0 00:00:00, Sys 0 00:00:00  -  Total Local Usage
	4708  -  Run Bytes Sent By Job
	11057  -  Run Bytes Received By Job
	4708  -  Total Bytes Sent By Job
	11057  -  Total Bytes Received By Job
	Partitionable Resources :    Usage  Request Allocated 
	   Cpus                 :     0.00        1         1 
	   Disk (KB)            :    41           2    771549 
	   Memory (MB)          :   407        2048      2048 
...
