000 (65512065.183.000) 05/02 15:00:27 Job submitted from host: <131.225.188.235:9618?addrs=131.225.188.235-9618&noUDP&sock=813081_83ea_25>
...
001 (65512065.183.000) 05/02 15:03:21 Job executing on host: <131.225.205.152:9618?addrs=131.225.205.152-9618&noUDP&sock=3515_937c_3>
...
005 (65512065.183.000) 05/02 15:03:28 Job terminated.
	(1) Normal termination (return value 0)
		Usr 0 00:00:00, Sys 0 00:00:00  -  Run Remote Usage
		Usr 0 00:00:00, Sys 0 00:00:00  -  Run Local Usage
		Usr 0 00:00:00, Sys 0 00:00:00  -  Total Remote Usage
		Usr 0 00:00:00, Sys 0 00:00:00  -  Total Local Usage
	8046  -  Run Bytes Sent By Job
	11045  -  Run Bytes Received By Job
	8046  -  Total Bytes Sent By Job
	11045  -  Total Bytes Received By Job
	Partitionable Resources :    Usage  Request Allocated 
	   Cpus                 :        0        1         1 
	   Disk (KB)            :       44        2   1643189 
	   Memory (MB)          :              2048      2048 
...
000 (35929332.183.000) 05/02 15:11:35 Job submitted from host: <131.225.188.57:9618?addrs=131.225.188.57-9618&noUDP&sock=955572_7d49_27>
...
001 (35929332.183.000) 05/02 15:31:23 Job executing on host: <131.225.188.21:9618?addrs=131.225.188.21-9618&noUDP&sock=6029_f893_3>
...
006 (35929332.183.000) 05/02 15:31:31 Image size of job updated: 11
	11  -  MemoryUsage of job (MB)
	11272  -  ResidentSetSize of job (KB)
...
006 (35929332.183.000) 05/02 15:32:32 Image size of job updated: 281
	281  -  MemoryUsage of job (MB)
	288248  -  ResidentSetSize of job (KB)
...
006 (35929332.183.000) 05/02 15:33:32 Image size of job updated: 297
	297  -  MemoryUsage of job (MB)
	304296  -  ResidentSetSize of job (KB)
...
006 (35929332.183.000) 05/02 15:34:18 Image size of job updated: 406
	406  -  MemoryUsage of job (MB)
	416400  -  ResidentSetSize of job (KB)
...
005 (35929332.183.000) 05/02 15:34:19 Job terminated.
	(1) Normal termination (return value 0)
		Usr 0 00:01:19, Sys 0 00:00:15  -  Run Remote Usage
		Usr 0 00:00:00, Sys 0 00:00:00  -  Run Local Usage
		Usr 0 00:01:19, Sys 0 00:00:15  -  Total Remote Usage
		Usr 0 00:00:00, Sys 0 00:00:00  -  Total Local Usage
	4703  -  Run Bytes Sent By Job
	11057  -  Run Bytes Received By Job
	4703  -  Total Bytes Sent By Job
	11057  -  Total Bytes Received By Job
	Partitionable Resources :    Usage  Request Allocated 
	   Cpus                 :        0        1         1 
	   Disk (KB)            :       47        2   1627893 
	   Memory (MB)          :      406     2048      2048 
...
