000 (65512065.188.000) 05/02 15:00:27 Job submitted from host: <131.225.188.235:9618?addrs=131.225.188.235-9618&noUDP&sock=813081_83ea_25>
...
001 (65512065.188.000) 05/02 15:03:26 Job executing on host: <131.225.190.36:9618?addrs=131.225.190.36-9618&noUDP&sock=3512_84b3_3>
...
005 (65512065.188.000) 05/02 15:03:35 Job terminated.
	(1) Normal termination (return value 0)
		Usr 0 00:00:00, Sys 0 00:00:00  -  Run Remote Usage
		Usr 0 00:00:00, Sys 0 00:00:00  -  Run Local Usage
		Usr 0 00:00:00, Sys 0 00:00:00  -  Total Remote Usage
		Usr 0 00:00:00, Sys 0 00:00:00  -  Total Local Usage
	22685  -  Run Bytes Sent By Job
	11045  -  Run Bytes Received By Job
	22685  -  Total Bytes Sent By Job
	11045  -  Total Bytes Received By Job
	Partitionable Resources :    Usage  Request Allocated 
	   Cpus                 :        0        1         1 
	   Disk (KB)            :       59        2    771959 
	   Memory (MB)          :              2048      2048 
...
000 (35929332.188.000) 05/02 15:11:35 Job submitted from host: <131.225.188.57:9618?addrs=131.225.188.57-9618&noUDP&sock=955572_7d49_27>
...
001 (35929332.188.000) 05/02 15:31:21 Job executing on host: <131.225.204.55:9618?addrs=131.225.204.55-9618&noUDP&sock=1923_98b6_3>
...
006 (35929332.188.000) 05/02 15:31:30 Image size of job updated: 4
	4  -  MemoryUsage of job (MB)
	4476  -  ResidentSetSize of job (KB)
...
006 (35929332.188.000) 05/02 15:32:30 Image size of job updated: 282
	282  -  MemoryUsage of job (MB)
	288796  -  ResidentSetSize of job (KB)
...
006 (35929332.188.000) 05/02 15:33:30 Image size of job updated: 291
	291  -  MemoryUsage of job (MB)
	298712  -  ResidentSetSize of job (KB)
...
006 (35929332.188.000) 05/02 15:34:30 Image size of job updated: 292
	292  -  MemoryUsage of job (MB)
	299668  -  ResidentSetSize of job (KB)
...
006 (35929332.188.000) 05/02 15:35:30 Image size of job updated: 375
	375  -  MemoryUsage of job (MB)
	384664  -  ResidentSetSize of job (KB)
...
006 (35929332.188.000) 05/02 15:36:31 Image size of job updated: 401
	401  -  MemoryUsage of job (MB)
	410976  -  ResidentSetSize of job (KB)
...
006 (35929332.188.000) 05/02 15:37:32 Image size of job updated: 401
	401  -  MemoryUsage of job (MB)
	411116  -  ResidentSetSize of job (KB)
...
006 (35929332.188.000) 05/02 15:38:33 Image size of job updated: 407
	407  -  MemoryUsage of job (MB)
	417760  -  ResidentSetSize of job (KB)
...
006 (35929332.188.000) 05/02 15:39:34 Image size of job updated: 407
	407  -  MemoryUsage of job (MB)
	417776  -  ResidentSetSize of job (KB)
...
005 (35929332.188.000) 05/02 15:39:38 Job terminated.
	(1) Normal termination (return value 0)
		Usr 0 00:03:24, Sys 0 00:00:34  -  Run Remote Usage
		Usr 0 00:00:00, Sys 0 00:00:00  -  Run Local Usage
		Usr 0 00:03:24, Sys 0 00:00:34  -  Total Remote Usage
		Usr 0 00:00:00, Sys 0 00:00:00  -  Total Local Usage
	4826  -  Run Bytes Sent By Job
	11057  -  Run Bytes Received By Job
	4826  -  Total Bytes Sent By Job
	11057  -  Total Bytes Received By Job
	Partitionable Resources :    Usage  Request Allocated 
	   Cpus                 :        0        1         1 
	   Disk (KB)            :       37        2    324099 
	   Memory (MB)          :      407     2048      2048 
...
