000 (65512065.189.000) 05/02 15:00:27 Job submitted from host: <131.225.188.235:9618?addrs=131.225.188.235-9618&noUDP&sock=813081_83ea_25>
...
001 (65512065.189.000) 05/02 15:03:27 Job executing on host: <131.225.191.159:9618?addrs=131.225.191.159-9618&noUDP&sock=1915_1bf4_3>
...
005 (65512065.189.000) 05/02 15:03:32 Job terminated.
	(1) Normal termination (return value 0)
		Usr 0 00:00:00, Sys 0 00:00:00  -  Run Remote Usage
		Usr 0 00:00:00, Sys 0 00:00:00  -  Run Local Usage
		Usr 0 00:00:00, Sys 0 00:00:00  -  Total Remote Usage
		Usr 0 00:00:00, Sys 0 00:00:00  -  Total Local Usage
	34325  -  Run Bytes Sent By Job
	11045  -  Run Bytes Received By Job
	34325  -  Total Bytes Sent By Job
	11045  -  Total Bytes Received By Job
	Partitionable Resources :    Usage  Request Allocated 
	   Cpus                 :        0        1         1 
	   Disk (KB)            :       66        2    327763 
	   Memory (MB)          :              2048      2048 
...
000 (35929332.189.000) 05/02 15:11:35 Job submitted from host: <131.225.188.57:9618?addrs=131.225.188.57-9618&noUDP&sock=955572_7d49_27>
...
001 (35929332.189.000) 05/02 15:31:34 Job executing on host: <131.225.190.66:9618?addrs=131.225.190.66-9618&noUDP&sock=3509_75ea_3>
...
006 (35929332.189.000) 05/02 15:31:43 Image size of job updated: 14
	14  -  MemoryUsage of job (MB)
	14548  -  ResidentSetSize of job (KB)
...
006 (35929332.189.000) 05/02 15:32:43 Image size of job updated: 268
	268  -  MemoryUsage of job (MB)
	274448  -  ResidentSetSize of job (KB)
...
006 (35929332.189.000) 05/02 15:33:44 Image size of job updated: 346
	346  -  MemoryUsage of job (MB)
	354836  -  ResidentSetSize of job (KB)
...
006 (35929332.189.000) 05/02 15:34:44 Image size of job updated: 350
	350  -  MemoryUsage of job (MB)
	359364  -  ResidentSetSize of job (KB)
...
006 (35929332.189.000) 05/02 15:35:45 Image size of job updated: 351
	351  -  MemoryUsage of job (MB)
	360320  -  ResidentSetSize of job (KB)
...
006 (35929332.189.000) 05/02 15:36:45 Image size of job updated: 351
	351  -  MemoryUsage of job (MB)
	360420  -  ResidentSetSize of job (KB)
...
006 (35929332.189.000) 05/02 15:37:45 Image size of job updated: 352
	352  -  MemoryUsage of job (MB)
	360576  -  ResidentSetSize of job (KB)
...
006 (35929332.189.000) 05/02 15:38:46 Image size of job updated: 352
	352  -  MemoryUsage of job (MB)
	360640  -  ResidentSetSize of job (KB)
...
006 (35929332.189.000) 05/02 15:39:46 Image size of job updated: 352
	352  -  MemoryUsage of job (MB)
	360700  -  ResidentSetSize of job (KB)
...
006 (35929332.189.000) 05/02 15:40:47 Image size of job updated: 352
	352  -  MemoryUsage of job (MB)
	360736  -  ResidentSetSize of job (KB)
...
006 (35929332.189.000) 05/02 15:41:47 Image size of job updated: 352
	352  -  MemoryUsage of job (MB)
	360744  -  ResidentSetSize of job (KB)
...
006 (35929332.189.000) 05/02 15:42:48 Image size of job updated: 352
	352  -  MemoryUsage of job (MB)
	360924  -  ResidentSetSize of job (KB)
...
006 (35929332.189.000) 05/02 15:43:49 Image size of job updated: 352
	352  -  MemoryUsage of job (MB)
	360960  -  ResidentSetSize of job (KB)
...
006 (35929332.189.000) 05/02 15:44:49 Image size of job updated: 352
	352  -  MemoryUsage of job (MB)
	360976  -  ResidentSetSize of job (KB)
...
006 (35929332.189.000) 05/02 15:45:50 Image size of job updated: 352
	352  -  MemoryUsage of job (MB)
	361016  -  ResidentSetSize of job (KB)
...
006 (35929332.189.000) 05/02 15:46:50 Image size of job updated: 352
	352  -  MemoryUsage of job (MB)
	361068  -  ResidentSetSize of job (KB)
...
006 (35929332.189.000) 05/02 15:47:51 Image size of job updated: 352
	352  -  MemoryUsage of job (MB)
	361092  -  ResidentSetSize of job (KB)
...
006 (35929332.189.000) 05/02 15:48:51 Image size of job updated: 352
	352  -  MemoryUsage of job (MB)
	361112  -  ResidentSetSize of job (KB)
...
006 (35929332.189.000) 05/02 15:49:52 Image size of job updated: 352
	352  -  MemoryUsage of job (MB)
	361152  -  ResidentSetSize of job (KB)
...
006 (35929332.189.000) 05/02 15:50:52 Image size of job updated: 352
	352  -  MemoryUsage of job (MB)
	361160  -  ResidentSetSize of job (KB)
...
006 (35929332.189.000) 05/02 15:51:53 Image size of job updated: 352
	352  -  MemoryUsage of job (MB)
	361240  -  ResidentSetSize of job (KB)
...
006 (35929332.189.000) 05/02 15:52:54 Image size of job updated: 352
	352  -  MemoryUsage of job (MB)
	361288  -  ResidentSetSize of job (KB)
...
006 (35929332.189.000) 05/02 15:54:55 Image size of job updated: 352
	352  -  MemoryUsage of job (MB)
	361304  -  ResidentSetSize of job (KB)
...
006 (35929332.189.000) 05/02 15:55:55 Image size of job updated: 352
	352  -  MemoryUsage of job (MB)
	361340  -  ResidentSetSize of job (KB)
...
006 (35929332.189.000) 05/02 15:56:56 Image size of job updated: 352
	352  -  MemoryUsage of job (MB)
	361344  -  ResidentSetSize of job (KB)
...
006 (35929332.189.000) 05/02 15:57:56 Image size of job updated: 352
	352  -  MemoryUsage of job (MB)
	361364  -  ResidentSetSize of job (KB)
...
006 (35929332.189.000) 05/02 15:58:57 Image size of job updated: 352
	352  -  MemoryUsage of job (MB)
	361368  -  ResidentSetSize of job (KB)
...
006 (35929332.189.000) 05/02 15:59:57 Image size of job updated: 352
	352  -  MemoryUsage of job (MB)
	361372  -  ResidentSetSize of job (KB)
...
006 (35929332.189.000) 05/02 16:00:57 Image size of job updated: 353
	353  -  MemoryUsage of job (MB)
	361836  -  ResidentSetSize of job (KB)
...
006 (35929332.189.000) 05/02 16:01:58 Image size of job updated: 353
	353  -  MemoryUsage of job (MB)
	361940  -  ResidentSetSize of job (KB)
...
006 (35929332.189.000) 05/02 16:02:58 Image size of job updated: 353
	353  -  MemoryUsage of job (MB)
	361972  -  ResidentSetSize of job (KB)
...
006 (35929332.189.000) 05/02 16:04:59 Image size of job updated: 353
	353  -  MemoryUsage of job (MB)
	361980  -  ResidentSetSize of job (KB)
...
006 (35929332.189.000) 05/02 16:06:00 Image size of job updated: 353
	353  -  MemoryUsage of job (MB)
	361996  -  ResidentSetSize of job (KB)
...
006 (35929332.189.000) 05/02 16:07:00 Image size of job updated: 353
	353  -  MemoryUsage of job (MB)
	362036  -  ResidentSetSize of job (KB)
...
006 (35929332.189.000) 05/02 16:08:00 Image size of job updated: 353
	353  -  MemoryUsage of job (MB)
	362056  -  ResidentSetSize of job (KB)
...
006 (35929332.189.000) 05/02 16:09:00 Image size of job updated: 353
	353  -  MemoryUsage of job (MB)
	362064  -  ResidentSetSize of job (KB)
...
006 (35929332.189.000) 05/02 16:10:00 Image size of job updated: 353
	353  -  MemoryUsage of job (MB)
	362072  -  ResidentSetSize of job (KB)
...
006 (35929332.189.000) 05/02 16:14:02 Image size of job updated: 353
	353  -  MemoryUsage of job (MB)
	362088  -  ResidentSetSize of job (KB)
...
006 (35929332.189.000) 05/02 16:15:03 Image size of job updated: 353
	353  -  MemoryUsage of job (MB)
	362108  -  ResidentSetSize of job (KB)
...
006 (35929332.189.000) 05/02 16:16:03 Image size of job updated: 353
	353  -  MemoryUsage of job (MB)
	362156  -  ResidentSetSize of job (KB)
...
006 (35929332.189.000) 05/02 16:18:04 Image size of job updated: 353
	353  -  MemoryUsage of job (MB)
	362160  -  ResidentSetSize of job (KB)
...
006 (35929332.189.000) 05/02 16:19:05 Image size of job updated: 353
	353  -  MemoryUsage of job (MB)
	362172  -  ResidentSetSize of job (KB)
...
006 (35929332.189.000) 05/02 16:20:05 Image size of job updated: 353
	353  -  MemoryUsage of job (MB)
	362176  -  ResidentSetSize of job (KB)
...
006 (35929332.189.000) 05/02 16:23:08 Image size of job updated: 353
	353  -  MemoryUsage of job (MB)
	362180  -  ResidentSetSize of job (KB)
...
006 (35929332.189.000) 05/02 16:26:10 Image size of job updated: 353
	353  -  MemoryUsage of job (MB)
	362192  -  ResidentSetSize of job (KB)
...
005 (35929332.189.000) 05/02 16:33:59 Job terminated.
	(1) Normal termination (return value 0)
		Usr 0 00:48:29, Sys 0 00:02:41  -  Run Remote Usage
		Usr 0 00:00:00, Sys 0 00:00:00  -  Run Local Usage
		Usr 0 00:48:29, Sys 0 00:02:41  -  Total Remote Usage
		Usr 0 00:00:00, Sys 0 00:00:00  -  Total Local Usage
	7509  -  Run Bytes Sent By Job
	11057  -  Run Bytes Received By Job
	7509  -  Total Bytes Sent By Job
	11057  -  Total Bytes Received By Job
	Partitionable Resources :    Usage  Request Allocated 
	   Cpus                 :     0.00        1         1 
	   Disk (KB)            :    44           2    728921 
	   Memory (MB)          :   132        2048      2048 
...
