000 (65512065.185.000) 05/02 15:00:27 Job submitted from host: <131.225.188.235:9618?addrs=131.225.188.235-9618&noUDP&sock=813081_83ea_25>
...
001 (65512065.185.000) 05/02 15:03:22 Job executing on host: <131.225.188.34:9618?addrs=131.225.188.34-9618&noUDP&sock=6040_841e_3>
...
005 (65512065.185.000) 05/02 15:03:32 Job terminated.
	(1) Normal termination (return value 0)
		Usr 0 00:00:00, Sys 0 00:00:00  -  Run Remote Usage
		Usr 0 00:00:00, Sys 0 00:00:00  -  Run Local Usage
		Usr 0 00:00:00, Sys 0 00:00:00  -  Total Remote Usage
		Usr 0 00:00:00, Sys 0 00:00:00  -  Total Local Usage
	13316  -  Run Bytes Sent By Job
	11045  -  Run Bytes Received By Job
	13316  -  Total Bytes Sent By Job
	11045  -  Total Bytes Received By Job
	Partitionable Resources :    Usage  Request Allocated 
	   Cpus                 :     0.19        1         1 
	   Disk (KB)            :    55           2   1629809 
	   Memory (MB)          :              2048      2048 
...
000 (35929332.185.000) 05/02 15:11:35 Job submitted from host: <131.225.188.57:9618?addrs=131.225.188.57-9618&noUDP&sock=955572_7d49_27>
...
001 (35929332.185.000) 05/02 15:31:22 Job executing on host: <131.225.206.174:9618?addrs=131.225.206.174-9618&noUDP&sock=1917_7b24_3>
...
006 (35929332.185.000) 05/02 15:31:30 Image size of job updated: 9
	9  -  MemoryUsage of job (MB)
	9784  -  ResidentSetSize of job (KB)
...
006 (35929332.185.000) 05/02 15:32:30 Image size of job updated: 284
	284  -  MemoryUsage of job (MB)
	291540  -  ResidentSetSize of job (KB)
...
006 (35929332.185.000) 05/02 15:33:31 Image size of job updated: 297
	297  -  MemoryUsage of job (MB)
	305056  -  ResidentSetSize of job (KB)
...
006 (35929332.185.000) 05/02 15:34:32 Image size of job updated: 379
	379  -  MemoryUsage of job (MB)
	388620  -  ResidentSetSize of job (KB)
...
006 (35929332.185.000) 05/02 15:35:34 Image size of job updated: 405
	405  -  MemoryUsage of job (MB)
	414800  -  ResidentSetSize of job (KB)
...
006 (35929332.185.000) 05/02 15:36:34 Image size of job updated: 408
	408  -  MemoryUsage of job (MB)
	418380  -  ResidentSetSize of job (KB)
...
005 (35929332.185.000) 05/02 15:36:42 Job terminated.
	(1) Normal termination (return value 0)
		Usr 0 00:02:24, Sys 0 00:00:20  -  Run Remote Usage
		Usr 0 00:00:00, Sys 0 00:00:00  -  Run Local Usage
		Usr 0 00:02:24, Sys 0 00:00:20  -  Total Remote Usage
		Usr 0 00:00:00, Sys 0 00:00:00  -  Total Local Usage
	4703  -  Run Bytes Sent By Job
	11057  -  Run Bytes Received By Job
	4703  -  Total Bytes Sent By Job
	11057  -  Total Bytes Received By Job
	Partitionable Resources :    Usage  Request Allocated 
	   Cpus                 :        0        1         1 
	   Disk (KB)            :       37        2    313839 
	   Memory (MB)          :      408     2048      2048 
...
