000 (65512065.196.000) 05/02 15:00:27 Job submitted from host: <131.225.188.235:9618?addrs=131.225.188.235-9618&noUDP&sock=813081_83ea_25>
...
001 (65512065.196.000) 05/02 15:03:30 Job executing on host: <131.225.206.39:9618?addrs=131.225.206.39-9618&noUDP&sock=1911_5d93_3>
...
005 (65512065.196.000) 05/02 15:03:35 Job terminated.
	(1) Normal termination (return value 0)
		Usr 0 00:00:00, Sys 0 00:00:00  -  Run Remote Usage
		Usr 0 00:00:00, Sys 0 00:00:00  -  Run Local Usage
		Usr 0 00:00:00, Sys 0 00:00:00  -  Total Remote Usage
		Usr 0 00:00:00, Sys 0 00:00:00  -  Total Local Usage
	39470  -  Run Bytes Sent By Job
	11045  -  Run Bytes Received By Job
	39470  -  Total Bytes Sent By Job
	11045  -  Total Bytes Received By Job
	Partitionable Resources :    Usage  Request Allocated 
	   Cpus                 :        0        1         1 
	   Disk (KB)            :       71        2    310907 
	   Memory (MB)          :              2048      2048 
...
000 (35929332.196.000) 05/02 15:11:35 Job submitted from host: <131.225.188.57:9618?addrs=131.225.188.57-9618&noUDP&sock=955572_7d49_27>
...
001 (35929332.196.000) 05/02 15:32:13 Job executing on host: <131.225.204.117:9618?addrs=131.225.204.117-9618&noUDP&sock=1912_0d2b_3>
...
006 (35929332.196.000) 05/02 15:32:22 Image size of job updated: 7
	7  -  MemoryUsage of job (MB)
	7272  -  ResidentSetSize of job (KB)
...
006 (35929332.196.000) 05/02 15:33:23 Image size of job updated: 285
	285  -  MemoryUsage of job (MB)
	292448  -  ResidentSetSize of job (KB)
...
006 (35929332.196.000) 05/02 15:34:24 Image size of job updated: 296
	296  -  MemoryUsage of job (MB)
	303664  -  ResidentSetSize of job (KB)
...
006 (35929332.196.000) 05/02 15:35:25 Image size of job updated: 296
	296  -  MemoryUsage of job (MB)
	304080  -  ResidentSetSize of job (KB)
...
006 (35929332.196.000) 05/02 15:36:25 Image size of job updated: 377
	377  -  MemoryUsage of job (MB)
	387016  -  ResidentSetSize of job (KB)
...
006 (35929332.196.000) 05/02 15:37:25 Image size of job updated: 403
	403  -  MemoryUsage of job (MB)
	413064  -  ResidentSetSize of job (KB)
...
006 (35929332.196.000) 05/02 15:38:25 Image size of job updated: 403
	403  -  MemoryUsage of job (MB)
	413228  -  ResidentSetSize of job (KB)
...
006 (35929332.196.000) 05/02 15:39:25 Image size of job updated: 406
	406  -  MemoryUsage of job (MB)
	415776  -  ResidentSetSize of job (KB)
...
006 (35929332.196.000) 05/02 15:40:26 Image size of job updated: 406
	406  -  MemoryUsage of job (MB)
	415784  -  ResidentSetSize of job (KB)
...
006 (35929332.196.000) 05/02 15:41:27 Image size of job updated: 406
	406  -  MemoryUsage of job (MB)
	415792  -  ResidentSetSize of job (KB)
...
006 (35929332.196.000) 05/02 15:42:28 Image size of job updated: 406
	406  -  MemoryUsage of job (MB)
	415824  -  ResidentSetSize of job (KB)
...
006 (35929332.196.000) 05/02 15:43:29 Image size of job updated: 406
	406  -  MemoryUsage of job (MB)
	416512  -  ResidentSetSize of job (KB)
...
006 (35929332.196.000) 05/02 15:44:29 Image size of job updated: 406
	406  -  MemoryUsage of job (MB)
	416568  -  ResidentSetSize of job (KB)
...
006 (35929332.196.000) 05/02 15:46:29 Image size of job updated: 406
	406  -  MemoryUsage of job (MB)
	416584  -  ResidentSetSize of job (KB)
...
006 (35929332.196.000) 05/02 15:47:29 Image size of job updated: 406
	406  -  MemoryUsage of job (MB)
	416628  -  ResidentSetSize of job (KB)
...
006 (35929332.196.000) 05/02 15:48:30 Image size of job updated: 406
	406  -  MemoryUsage of job (MB)
	416636  -  ResidentSetSize of job (KB)
...
005 (35929332.196.000) 05/02 15:49:37 Job terminated.
	(1) Normal termination (return value 0)
		Usr 0 00:07:26, Sys 0 00:01:16  -  Run Remote Usage
		Usr 0 00:00:00, Sys 0 00:00:00  -  Run Local Usage
		Usr 0 00:07:26, Sys 0 00:01:16  -  Total Remote Usage
		Usr 0 00:00:00, Sys 0 00:00:00  -  Total Local Usage
	4792  -  Run Bytes Sent By Job
	11057  -  Run Bytes Received By Job
	4792  -  Total Bytes Sent By Job
	11057  -  Total Bytes Received By Job
	Partitionable Resources :    Usage  Request Allocated 
	   Cpus                 :     0.00        1         1 
	   Disk (KB)            :    37           2    312232 
	   Memory (MB)          :   406        2048      2048 
...
