000 (65512065.162.000) 05/02 15:00:27 Job submitted from host: <131.225.188.235:9618?addrs=131.225.188.235-9618&noUDP&sock=813081_83ea_25>
...
001 (65512065.162.000) 05/02 15:03:08 Job executing on host: <131.225.205.152:9618?addrs=131.225.205.152-9618&noUDP&sock=3515_937c_3>
...
005 (65512065.162.000) 05/02 15:03:19 Job terminated.
	(1) Normal termination (return value 0)
		Usr 0 00:00:00, Sys 0 00:00:00  -  Run Remote Usage
		Usr 0 00:00:00, Sys 0 00:00:00  -  Run Local Usage
		Usr 0 00:00:00, Sys 0 00:00:00  -  Total Remote Usage
		Usr 0 00:00:00, Sys 0 00:00:00  -  Total Local Usage
	15499  -  Run Bytes Sent By Job
	11045  -  Run Bytes Received By Job
	15499  -  Total Bytes Sent By Job
	11045  -  Total Bytes Received By Job
	Partitionable Resources :    Usage  Request Allocated 
	   Cpus                 :        0        1         1 
	   Disk (KB)            :       51        2   1643189 
	   Memory (MB)          :              2048      2048 
...
000 (35929332.162.000) 05/02 15:11:35 Job submitted from host: <131.225.188.57:9618?addrs=131.225.188.57-9618&noUDP&sock=955572_7d49_27>
...
001 (35929332.162.000) 05/02 15:29:49 Job executing on host: <131.225.204.117:9618?addrs=131.225.204.117-9618&noUDP&sock=1912_0d2b_3>
...
006 (35929332.162.000) 05/02 15:29:57 Image size of job updated: 4
	4  -  MemoryUsage of job (MB)
	5060  -  ResidentSetSize of job (KB)
...
006 (35929332.162.000) 05/02 15:30:57 Image size of job updated: 219
	219  -  MemoryUsage of job (MB)
	225268  -  ResidentSetSize of job (KB)
...
006 (35929332.162.000) 05/02 15:31:58 Image size of job updated: 220
	220  -  MemoryUsage of job (MB)
	225424  -  ResidentSetSize of job (KB)
...
006 (35929332.162.000) 05/02 15:32:59 Image size of job updated: 220
	220  -  MemoryUsage of job (MB)
	225700  -  ResidentSetSize of job (KB)
...
006 (35929332.162.000) 05/02 15:34:00 Image size of job updated: 220
	220  -  MemoryUsage of job (MB)
	226000  -  ResidentSetSize of job (KB)
...
005 (35929332.162.000) 05/02 15:34:55 Job terminated.
	(1) Normal termination (return value 0)
		Usr 0 00:01:09, Sys 0 00:00:17  -  Run Remote Usage
		Usr 0 00:00:00, Sys 0 00:00:00  -  Run Local Usage
		Usr 0 00:01:09, Sys 0 00:00:17  -  Total Remote Usage
		Usr 0 00:00:00, Sys 0 00:00:00  -  Total Local Usage
	4331  -  Run Bytes Sent By Job
	11057  -  Run Bytes Received By Job
	4331  -  Total Bytes Sent By Job
	11057  -  Total Bytes Received By Job
	Partitionable Resources :    Usage  Request Allocated 
	   Cpus                 :        0        1         1 
	   Disk (KB)            :       36        2    312232 
	   Memory (MB)          :      220     2048      2048 
...
