000 (65512065.156.000) 05/02 15:00:27 Job submitted from host: <131.225.188.235:9618?addrs=131.225.188.235-9618&noUDP&sock=813081_83ea_25>
...
001 (65512065.156.000) 05/02 15:03:04 Job executing on host: <131.225.206.200:9618?addrs=131.225.206.200-9618&noUDP&sock=1920_89ed_3>
...
005 (65512065.156.000) 05/02 15:03:10 Job terminated.
	(1) Normal termination (return value 0)
		Usr 0 00:00:00, Sys 0 00:00:00  -  Run Remote Usage
		Usr 0 00:00:00, Sys 0 00:00:00  -  Run Local Usage
		Usr 0 00:00:00, Sys 0 00:00:00  -  Total Remote Usage
		Usr 0 00:00:00, Sys 0 00:00:00  -  Total Local Usage
	4476  -  Run Bytes Sent By Job
	11045  -  Run Bytes Received By Job
	4476  -  Total Bytes Sent By Job
	11045  -  Total Bytes Received By Job
	Partitionable Resources :    Usage  Request Allocated 
	   Cpus                 :        0        1         1 
	   Disk (KB)            :       36        2    320629 
	   Memory (MB)          :              2048      2048 
...
000 (35929332.156.000) 05/02 15:11:35 Job submitted from host: <131.225.188.57:9618?addrs=131.225.188.57-9618&noUDP&sock=955572_7d49_27>
...
001 (35929332.156.000) 05/02 15:29:32 Job executing on host: <131.225.204.76:9618?addrs=131.225.204.76-9618&noUDP&sock=1907_9f32_3>
...
006 (35929332.156.000) 05/02 15:29:41 Image size of job updated: 6
	6  -  MemoryUsage of job (MB)
	6900  -  ResidentSetSize of job (KB)
...
006 (35929332.156.000) 05/02 15:30:42 Image size of job updated: 278
	278  -  MemoryUsage of job (MB)
	285116  -  ResidentSetSize of job (KB)
...
006 (35929332.156.000) 05/02 15:31:43 Image size of job updated: 278
	278  -  MemoryUsage of job (MB)
	285376  -  ResidentSetSize of job (KB)
...
006 (35929332.156.000) 05/02 15:32:44 Image size of job updated: 279
	279  -  MemoryUsage of job (MB)
	285844  -  ResidentSetSize of job (KB)
...
006 (35929332.156.000) 05/02 15:33:44 Image size of job updated: 279
	279  -  MemoryUsage of job (MB)
	286228  -  ResidentSetSize of job (KB)
...
006 (35929332.156.000) 05/02 15:34:44 Image size of job updated: 279
	279  -  MemoryUsage of job (MB)
	286584  -  ResidentSetSize of job (KB)
...
006 (35929332.156.000) 05/02 15:35:44 Image size of job updated: 280
	280  -  MemoryUsage of job (MB)
	286944  -  ResidentSetSize of job (KB)
...
006 (35929332.156.000) 05/02 15:36:09 Image size of job updated: 280
	280  -  MemoryUsage of job (MB)
	287068  -  ResidentSetSize of job (KB)
...
005 (35929332.156.000) 05/02 15:36:09 Job terminated.
	(1) Normal termination (return value 0)
		Usr 0 00:03:58, Sys 0 00:00:38  -  Run Remote Usage
		Usr 0 00:00:00, Sys 0 00:00:00  -  Run Local Usage
		Usr 0 00:03:58, Sys 0 00:00:38  -  Total Remote Usage
		Usr 0 00:00:00, Sys 0 00:00:00  -  Total Local Usage
	4361  -  Run Bytes Sent By Job
	11057  -  Run Bytes Received By Job
	4361  -  Total Bytes Sent By Job
	11057  -  Total Bytes Received By Job
	Partitionable Resources :    Usage  Request Allocated 
	   Cpus                 :     0.00        1         1 
	   Disk (KB)            :    36           2    316118 
	   Memory (MB)          :   280        2048      2048 
...
