000 (65512065.157.000) 05/02 15:00:27 Job submitted from host: <131.225.188.235:9618?addrs=131.225.188.235-9618&noUDP&sock=813081_83ea_25>
...
001 (65512065.157.000) 05/02 15:03:06 Job executing on host: <131.225.188.34:9618?addrs=131.225.188.34-9618&noUDP&sock=6040_841e_3>
...
005 (65512065.157.000) 05/02 15:03:19 Job terminated.
	(1) Normal termination (return value 0)
		Usr 0 00:00:00, Sys 0 00:00:00  -  Run Remote Usage
		Usr 0 00:00:00, Sys 0 00:00:00  -  Run Local Usage
		Usr 0 00:00:00, Sys 0 00:00:00  -  Total Remote Usage
		Usr 0 00:00:00, Sys 0 00:00:00  -  Total Local Usage
	27419  -  Run Bytes Sent By Job
	11045  -  Run Bytes Received By Job
	27419  -  Total Bytes Sent By Job
	11045  -  Total Bytes Received By Job
	Partitionable Resources :    Usage  Request Allocated 
	   Cpus                 :     0.02        1         1 
	   Disk (KB)            :    69           2   1629809 
	   Memory (MB)          :              2048      2048 
...
000 (35929332.157.000) 05/02 15:11:35 Job submitted from host: <131.225.188.57:9618?addrs=131.225.188.57-9618&noUDP&sock=955572_7d49_27>
...
001 (35929332.157.000) 05/02 15:29:34 Job executing on host: <131.225.204.108:9618?addrs=131.225.204.108-9618&noUDP&sock=1911_5d93_3>
...
006 (35929332.157.000) 05/02 15:29:42 Image size of job updated: 12
	12  -  MemoryUsage of job (MB)
	12904  -  ResidentSetSize of job (KB)
...
006 (35929332.157.000) 05/02 15:30:42 Image size of job updated: 257
	257  -  MemoryUsage of job (MB)
	263836  -  ResidentSetSize of job (KB)
...
006 (35929332.157.000) 05/02 15:31:42 Image size of job updated: 278
	278  -  MemoryUsage of job (MB)
	285388  -  ResidentSetSize of job (KB)
...
006 (35929332.157.000) 05/02 15:32:42 Image size of job updated: 280
	280  -  MemoryUsage of job (MB)
	287612  -  ResidentSetSize of job (KB)
...
006 (35929332.157.000) 05/02 15:33:42 Image size of job updated: 281
	281  -  MemoryUsage of job (MB)
	288748  -  ResidentSetSize of job (KB)
...
005 (35929332.157.000) 05/02 15:33:50 Job terminated.
	(1) Normal termination (return value 0)
		Usr 0 00:01:15, Sys 0 00:00:15  -  Run Remote Usage
		Usr 0 00:00:00, Sys 0 00:00:00  -  Run Local Usage
		Usr 0 00:01:15, Sys 0 00:00:15  -  Total Remote Usage
		Usr 0 00:00:00, Sys 0 00:00:00  -  Total Local Usage
	4346  -  Run Bytes Sent By Job
	11057  -  Run Bytes Received By Job
	4346  -  Total Bytes Sent By Job
	11057  -  Total Bytes Received By Job
	Partitionable Resources :    Usage  Request Allocated 
	   Cpus                 :     0.00        1         1 
	   Disk (KB)            :    36           2    324920 
	   Memory (MB)          :   281        2048      2048 
...
