000 (65512065.158.000) 05/02 15:00:27 Job submitted from host: <131.225.188.235:9618?addrs=131.225.188.235-9618&noUDP&sock=813081_83ea_25>
...
001 (65512065.158.000) 05/02 15:03:06 Job executing on host: <131.225.188.34:9618?addrs=131.225.188.34-9618&noUDP&sock=6040_841e_3>
...
005 (65512065.158.000) 05/02 15:03:18 Job terminated.
	(1) Normal termination (return value 0)
		Usr 0 00:00:00, Sys 0 00:00:00  -  Run Remote Usage
		Usr 0 00:00:00, Sys 0 00:00:00  -  Run Local Usage
		Usr 0 00:00:00, Sys 0 00:00:00  -  Total Remote Usage
		Usr 0 00:00:00, Sys 0 00:00:00  -  Total Local Usage
	4476  -  Run Bytes Sent By Job
	11045  -  Run Bytes Received By Job
	4476  -  Total Bytes Sent By Job
	11045  -  Total Bytes Received By Job
	Partitionable Resources :    Usage  Request Allocated 
	   Cpus                 :     0.24        1         1 
	   Disk (KB)            :    46           2   1629809 
	   Memory (MB)          :              2048      2048 
...
000 (35929332.158.000) 05/02 15:11:35 Job submitted from host: <131.225.188.57:9618?addrs=131.225.188.57-9618&noUDP&sock=955572_7d49_27>
...
001 (35929332.158.000) 05/02 15:29:34 Job executing on host: <131.225.205.159:9618?addrs=131.225.205.159-9618&noUDP&sock=3523_103d_3>
...
006 (35929332.158.000) 05/02 15:29:43 Image size of job updated: 3
	3  -  MemoryUsage of job (MB)
	3112  -  ResidentSetSize of job (KB)
...
006 (35929332.158.000) 05/02 15:30:43 Image size of job updated: 266
	266  -  MemoryUsage of job (MB)
	273116  -  ResidentSetSize of job (KB)
...
006 (35929332.158.000) 05/02 15:31:44 Image size of job updated: 267
	267  -  MemoryUsage of job (MB)
	273456  -  ResidentSetSize of job (KB)
...
006 (35929332.158.000) 05/02 15:32:44 Image size of job updated: 267
	267  -  MemoryUsage of job (MB)
	273884  -  ResidentSetSize of job (KB)
...
006 (35929332.158.000) 05/02 15:33:45 Image size of job updated: 267
	267  -  MemoryUsage of job (MB)
	274308  -  ResidentSetSize of job (KB)
...
006 (35929332.158.000) 05/02 15:34:46 Image size of job updated: 268
	268  -  MemoryUsage of job (MB)
	274684  -  ResidentSetSize of job (KB)
...
006 (35929332.158.000) 05/02 15:35:46 Image size of job updated: 268
	268  -  MemoryUsage of job (MB)
	275080  -  ResidentSetSize of job (KB)
...
006 (35929332.158.000) 05/02 15:36:47 Image size of job updated: 269
	269  -  MemoryUsage of job (MB)
	275556  -  ResidentSetSize of job (KB)
...
006 (35929332.158.000) 05/02 15:37:47 Image size of job updated: 269
	269  -  MemoryUsage of job (MB)
	275996  -  ResidentSetSize of job (KB)
...
006 (35929332.158.000) 05/02 15:38:48 Image size of job updated: 269
	269  -  MemoryUsage of job (MB)
	276228  -  ResidentSetSize of job (KB)
...
006 (35929332.158.000) 05/02 15:39:48 Image size of job updated: 270
	270  -  MemoryUsage of job (MB)
	276640  -  ResidentSetSize of job (KB)
...
006 (35929332.158.000) 05/02 15:40:48 Image size of job updated: 270
	270  -  MemoryUsage of job (MB)
	276656  -  ResidentSetSize of job (KB)
...
006 (35929332.158.000) 05/02 15:41:49 Image size of job updated: 276
	276  -  MemoryUsage of job (MB)
	283428  -  ResidentSetSize of job (KB)
...
005 (35929332.158.000) 05/02 15:41:53 Job terminated.
	(1) Normal termination (return value 0)
		Usr 0 00:05:55, Sys 0 00:01:22  -  Run Remote Usage
		Usr 0 00:00:00, Sys 0 00:00:00  -  Run Local Usage
		Usr 0 00:05:55, Sys 0 00:01:22  -  Total Remote Usage
		Usr 0 00:00:00, Sys 0 00:00:00  -  Total Local Usage
	4507  -  Run Bytes Sent By Job
	11057  -  Run Bytes Received By Job
	4507  -  Total Bytes Sent By Job
	11057  -  Total Bytes Received By Job
	Partitionable Resources :    Usage  Request Allocated 
	   Cpus                 :        0        1         1 
	   Disk (KB)            :       41        2   1636683 
	   Memory (MB)          :      276     2048      2048 
...
