000 (65512065.168.000) 05/02 15:00:27 Job submitted from host: <131.225.188.235:9618?addrs=131.225.188.235-9618&noUDP&sock=813081_83ea_25>
...
001 (65512065.168.000) 05/02 15:03:16 Job executing on host: <131.225.188.36:9618?addrs=131.225.188.36-9618&noUDP&sock=6027_9963_3>
...
005 (65512065.168.000) 05/02 15:03:27 Job terminated.
	(1) Normal termination (return value 0)
		Usr 0 00:00:00, Sys 0 00:00:00  -  Run Remote Usage
		Usr 0 00:00:00, Sys 0 00:00:00  -  Run Local Usage
		Usr 0 00:00:00, Sys 0 00:00:00  -  Total Remote Usage
		Usr 0 00:00:00, Sys 0 00:00:00  -  Total Local Usage
	15613  -  Run Bytes Sent By Job
	11045  -  Run Bytes Received By Job
	15613  -  Total Bytes Sent By Job
	11045  -  Total Bytes Received By Job
	Partitionable Resources :    Usage  Request Allocated 
	   Cpus                 :     0.05        1         1 
	   Disk (KB)            :    56           2   1636862 
	   Memory (MB)          :              2048      2048 
...
000 (35929332.168.000) 05/02 15:11:35 Job submitted from host: <131.225.188.57:9618?addrs=131.225.188.57-9618&noUDP&sock=955572_7d49_27>
...
001 (35929332.168.000) 05/02 15:30:01 Job executing on host: <131.225.190.66:9618?addrs=131.225.190.66-9618&noUDP&sock=3509_75ea_3>
...
006 (35929332.168.000) 05/02 15:30:10 Image size of job updated: 2
	2  -  MemoryUsage of job (MB)
	3012  -  ResidentSetSize of job (KB)
...
006 (35929332.168.000) 05/02 15:31:10 Image size of job updated: 218
	218  -  MemoryUsage of job (MB)
	223504  -  ResidentSetSize of job (KB)
...
006 (35929332.168.000) 05/02 15:31:31 Image size of job updated: 219
	219  -  MemoryUsage of job (MB)
	225104  -  ResidentSetSize of job (KB)
...
005 (35929332.168.000) 05/02 15:31:32 Job terminated.
	(1) Normal termination (return value 0)
		Usr 0 00:00:31, Sys 0 00:00:07  -  Run Remote Usage
		Usr 0 00:00:00, Sys 0 00:00:00  -  Run Local Usage
		Usr 0 00:00:31, Sys 0 00:00:07  -  Total Remote Usage
		Usr 0 00:00:00, Sys 0 00:00:00  -  Total Local Usage
	12182  -  Run Bytes Sent By Job
	11057  -  Run Bytes Received By Job
	12182  -  Total Bytes Sent By Job
	11057  -  Total Bytes Received By Job
	Partitionable Resources :    Usage  Request Allocated 
	   Cpus                 :     0.00        1         1 
	   Disk (KB)            :    48           2    728921 
	   Memory (MB)          :   219        2048      2048 
...
