Error in <TCling::RegisterModule>: cannot find dictionary module BaconAnaDataFormats_yr_rdict.pcm
Error in <TNetXNGFile::Init>: root://cmseos.fnal.gov//eos/uscms/store/user/lnujj/WpWm_aQGC_Ntuples_Ram/FirstStepOutput/BaconNtuples/WZ_13TeV_pythia8/Output_19.root not a ROOT file
Error in <TNetXNGFile::TNetXNGFile>: Object is in 'zombie' state

 *** Break *** segmentation violation



===========================================================
There was a crash.
This is the entire stack trace of all threads:
===========================================================

Thread 6 (Thread 0x7f71c8a3f700 (LWP 293)):
#0  0x00007f71d886d499 in syscall () from /lib64/libc.so.6
#1  0x00007f71cad2c78e in XrdSys::LinuxSemaphore::Wait (this=0xb2a1f00) at /build/cmsbld/auto-builds/CMSSW_10_2_0_pre6-slc6_amd64_gcc700/build/CMSSW_10_2_0_pre6-build/BUILD/slc6_amd64_gcc700/external/xrootd/4.8.3-gnimlf/xrootd-4.8.3/src/./XrdSys/XrdSysLinuxSemaphore.hh:161
#2  XrdCl::SyncQueue<XrdCl::JobManager::JobHelper>::Get (this=0xb2b34e8) at /build/cmsbld/auto-builds/CMSSW_10_2_0_pre6-slc6_amd64_gcc700/build/CMSSW_10_2_0_pre6-build/BUILD/slc6_amd64_gcc700/external/xrootd/4.8.3-gnimlf/xrootd-4.8.3/src/./XrdCl/XrdClSyncQueue.hh:67
#3  XrdCl::JobManager::RunJobs (this=0xb2b34d0) at /build/cmsbld/auto-builds/CMSSW_10_2_0_pre6-slc6_amd64_gcc700/build/CMSSW_10_2_0_pre6-build/BUILD/slc6_amd64_gcc700/external/xrootd/4.8.3-gnimlf/xrootd-4.8.3/src/XrdCl/XrdClJobManager.cc:146
#4  0x00007f71cad2c979 in RunRunnerThread (arg=<optimized out>) at /build/cmsbld/auto-builds/CMSSW_10_2_0_pre6-slc6_amd64_gcc700/build/CMSSW_10_2_0_pre6-build/BUILD/slc6_amd64_gcc700/external/xrootd/4.8.3-gnimlf/xrootd-4.8.3/src/XrdCl/XrdClJobManager.cc:33
#5  0x00007f71d8b23aa1 in start_thread () from /lib64/libpthread.so.0
#6  0x00007f71d8870c4d in clone () from /lib64/libc.so.6

Thread 5 (Thread 0x7f71c9240700 (LWP 292)):
#0  0x00007f71d886d499 in syscall () from /lib64/libc.so.6
#1  0x00007f71cad2c78e in XrdSys::LinuxSemaphore::Wait (this=0xb2a1f00) at /build/cmsbld/auto-builds/CMSSW_10_2_0_pre6-slc6_amd64_gcc700/build/CMSSW_10_2_0_pre6-build/BUILD/slc6_amd64_gcc700/external/xrootd/4.8.3-gnimlf/xrootd-4.8.3/src/./XrdSys/XrdSysLinuxSemaphore.hh:161
#2  XrdCl::SyncQueue<XrdCl::JobManager::JobHelper>::Get (this=0xb2b34e8) at /build/cmsbld/auto-builds/CMSSW_10_2_0_pre6-slc6_amd64_gcc700/build/CMSSW_10_2_0_pre6-build/BUILD/slc6_amd64_gcc700/external/xrootd/4.8.3-gnimlf/xrootd-4.8.3/src/./XrdCl/XrdClSyncQueue.hh:67
#3  XrdCl::JobManager::RunJobs (this=0xb2b34d0) at /build/cmsbld/auto-builds/CMSSW_10_2_0_pre6-slc6_amd64_gcc700/build/CMSSW_10_2_0_pre6-build/BUILD/slc6_amd64_gcc700/external/xrootd/4.8.3-gnimlf/xrootd-4.8.3/src/XrdCl/XrdClJobManager.cc:146
#4  0x00007f71cad2c979 in RunRunnerThread (arg=<optimized out>) at /build/cmsbld/auto-builds/CMSSW_10_2_0_pre6-slc6_amd64_gcc700/build/CMSSW_10_2_0_pre6-build/BUILD/slc6_amd64_gcc700/external/xrootd/4.8.3-gnimlf/xrootd-4.8.3/src/XrdCl/XrdClJobManager.cc:33
#5  0x00007f71d8b23aa1 in start_thread () from /lib64/libpthread.so.0
#6  0x00007f71d8870c4d in clone () from /lib64/libc.so.6

Thread 4 (Thread 0x7f71c9a41700 (LWP 291)):
#0  0x00007f71d886d499 in syscall () from /lib64/libc.so.6
#1  0x00007f71cad2c78e in XrdSys::LinuxSemaphore::Wait (this=0xb2a1f00) at /build/cmsbld/auto-builds/CMSSW_10_2_0_pre6-slc6_amd64_gcc700/build/CMSSW_10_2_0_pre6-build/BUILD/slc6_amd64_gcc700/external/xrootd/4.8.3-gnimlf/xrootd-4.8.3/src/./XrdSys/XrdSysLinuxSemaphore.hh:161
#2  XrdCl::SyncQueue<XrdCl::JobManager::JobHelper>::Get (this=0xb2b34e8) at /build/cmsbld/auto-builds/CMSSW_10_2_0_pre6-slc6_amd64_gcc700/build/CMSSW_10_2_0_pre6-build/BUILD/slc6_amd64_gcc700/external/xrootd/4.8.3-gnimlf/xrootd-4.8.3/src/./XrdCl/XrdClSyncQueue.hh:67
#3  XrdCl::JobManager::RunJobs (this=0xb2b34d0) at /build/cmsbld/auto-builds/CMSSW_10_2_0_pre6-slc6_amd64_gcc700/build/CMSSW_10_2_0_pre6-build/BUILD/slc6_amd64_gcc700/external/xrootd/4.8.3-gnimlf/xrootd-4.8.3/src/XrdCl/XrdClJobManager.cc:146
#4  0x00007f71cad2c979 in RunRunnerThread (arg=<optimized out>) at /build/cmsbld/auto-builds/CMSSW_10_2_0_pre6-slc6_amd64_gcc700/build/CMSSW_10_2_0_pre6-build/BUILD/slc6_amd64_gcc700/external/xrootd/4.8.3-gnimlf/xrootd-4.8.3/src/XrdCl/XrdClJobManager.cc:33
#5  0x00007f71d8b23aa1 in start_thread () from /lib64/libpthread.so.0
#6  0x00007f71d8870c4d in clone () from /lib64/libc.so.6

Thread 3 (Thread 0x7f71ca242700 (LWP 290)):
#0  0x00007f71d8b2b00d in nanosleep () from /lib64/libpthread.so.0
#1  0x00007f71cae3aded in XrdSysTimer::Wait (mills=<optimized out>) at /build/cmsbld/auto-builds/CMSSW_10_2_0_pre6-slc6_amd64_gcc700/build/CMSSW_10_2_0_pre6-build/BUILD/slc6_amd64_gcc700/external/xrootd/4.8.3-gnimlf/xrootd-4.8.3/src/XrdSys/XrdSysTimer.cc:239
#2  0x00007f71cacd0108 in XrdCl::TaskManager::RunTasks (this=0xb295c30) at /build/cmsbld/auto-builds/CMSSW_10_2_0_pre6-slc6_amd64_gcc700/build/CMSSW_10_2_0_pre6-build/BUILD/slc6_amd64_gcc700/external/xrootd/4.8.3-gnimlf/xrootd-4.8.3/src/XrdCl/XrdClTaskManager.cc:244
#3  0x00007f71cacd0259 in RunRunnerThread (arg=<optimized out>) at /build/cmsbld/auto-builds/CMSSW_10_2_0_pre6-slc6_amd64_gcc700/build/CMSSW_10_2_0_pre6-build/BUILD/slc6_amd64_gcc700/external/xrootd/4.8.3-gnimlf/xrootd-4.8.3/src/XrdCl/XrdClTaskManager.cc:37
#4  0x00007f71d8b23aa1 in start_thread () from /lib64/libpthread.so.0
#5  0x00007f71d8870c4d in clone () from /lib64/libc.so.6

Thread 2 (Thread 0x7f71caa43700 (LWP 289)):
#0  0x00007f71d8871243 in epoll_wait () from /lib64/libc.so.6
#1  0x00007f71cae3fc17 in XrdSys::IOEvents::PollE::Begin (this=0xb2af980, syncsem=<optimized out>, retcode=<optimized out>, eTxt=<optimized out>) at /build/cmsbld/auto-builds/CMSSW_10_2_0_pre6-slc6_amd64_gcc700/build/CMSSW_10_2_0_pre6-build/BUILD/slc6_amd64_gcc700/external/xrootd/4.8.3-gnimlf/xrootd-4.8.3/src/./XrdSys/XrdSysIOEventsPollE.icc:213
#2  0x00007f71cae3c4f5 in XrdSys::IOEvents::BootStrap::Start (parg=0x7ffdc16e0300) at /build/cmsbld/auto-builds/CMSSW_10_2_0_pre6-slc6_amd64_gcc700/build/CMSSW_10_2_0_pre6-build/BUILD/slc6_amd64_gcc700/external/xrootd/4.8.3-gnimlf/xrootd-4.8.3/src/XrdSys/XrdSysIOEvents.cc:131
#3  0x00007f71cae3a5e8 in XrdSysThread_Xeq (myargs=0x8c7bdf0) at /build/cmsbld/auto-builds/CMSSW_10_2_0_pre6-slc6_amd64_gcc700/build/CMSSW_10_2_0_pre6-build/BUILD/slc6_amd64_gcc700/external/xrootd/4.8.3-gnimlf/xrootd-4.8.3/src/XrdSys/XrdSysPthread.cc:86
#4  0x00007f71d8b23aa1 in start_thread () from /lib64/libpthread.so.0
#5  0x00007f71d8870c4d in clone () from /lib64/libc.so.6

Thread 1 (Thread 0x7f71d5f25560 (LWP 265)):
#0  0x00007f71d88348dd in waitpid () from /lib64/libc.so.6
#1  0x00007f71d87c64e9 in do_system () from /lib64/libc.so.6
#2  0x00007f71d87c6820 in system () from /lib64/libc.so.6
#3  0x00007f71da964911 in TUnixSystem::StackTrace() () from /cvmfs/cms.cern.ch/slc6_amd64_gcc700/cms/cmssw/CMSSW_10_2_13/external/slc6_amd64_gcc700/lib/libCore.so
#4  0x00007f71da966f5c in TUnixSystem::DispatchSignals(ESignals) () from /cvmfs/cms.cern.ch/slc6_amd64_gcc700/cms/cmssw/CMSSW_10_2_13/external/slc6_amd64_gcc700/lib/libCore.so
#5  <signal handler called>
#6  main (ac=<optimized out>, av=<optimized out>) at /uscms_data/d3/asahmed/WV_Ana_2017/CMSSW_10_2_13/src/WVJJAna/Selection/bin/Selection.cc:176
===========================================================


The lines below might hint at the cause of the crash.
You may get help by asking at the ROOT forum http://root.cern.ch/forum.
Only if you are really convinced it is a bug in ROOT then please submit a
report at http://root.cern.ch/bugs. Please post the ENTIRE stack trace
from above as an attachment in addition to anything else
that might help us fixing this issue.
===========================================================
#6  main (ac=<optimized out>, av=<optimized out>) at /uscms_data/d3/asahmed/WV_Ana_2017/CMSSW_10_2_13/src/WVJJAna/Selection/bin/Selection.cc:176
===========================================================


[7.945kB/7.945kB][100%][==================================================][7.945kB/s]  [7.945kB/7.945kB][100%][==================================================][7.945kB/s]  
