000 (65512065.166.000) 05/02 15:00:27 Job submitted from host: <131.225.188.235:9618?addrs=131.225.188.235-9618&noUDP&sock=813081_83ea_25>
...
001 (65512065.166.000) 05/02 15:03:12 Job executing on host: <131.225.190.26:9618?addrs=131.225.190.26-9618&noUDP&sock=3518_a244_3>
...
005 (65512065.166.000) 05/02 15:03:26 Job terminated.
	(1) Normal termination (return value 0)
		Usr 0 00:00:00, Sys 0 00:00:00  -  Run Remote Usage
		Usr 0 00:00:00, Sys 0 00:00:00  -  Run Local Usage
		Usr 0 00:00:00, Sys 0 00:00:00  -  Total Remote Usage
		Usr 0 00:00:00, Sys 0 00:00:00  -  Total Local Usage
	6923  -  Run Bytes Sent By Job
	11045  -  Run Bytes Received By Job
	6923  -  Total Bytes Sent By Job
	11045  -  Total Bytes Received By Job
	Partitionable Resources :    Usage  Request Allocated 
	   Cpus                 :        0        1         1 
	   Disk (KB)            :       43        2    771549 
	   Memory (MB)          :              2048      2048 
...
000 (35929332.166.000) 05/02 15:11:35 Job submitted from host: <131.225.188.57:9618?addrs=131.225.188.57-9618&noUDP&sock=955572_7d49_27>
...
001 (35929332.166.000) 05/02 15:30:01 Job executing on host: <131.225.190.66:9618?addrs=131.225.190.66-9618&noUDP&sock=3509_75ea_3>
...
006 (35929332.166.000) 05/02 15:30:10 Image size of job updated: 3
	3  -  MemoryUsage of job (MB)
	3412  -  ResidentSetSize of job (KB)
...
006 (35929332.166.000) 05/02 15:31:10 Image size of job updated: 273
	273  -  MemoryUsage of job (MB)
	279664  -  ResidentSetSize of job (KB)
...
006 (35929332.166.000) 05/02 15:32:11 Image size of job updated: 273
	273  -  MemoryUsage of job (MB)
	280364  -  ResidentSetSize of job (KB)
...
006 (35929332.166.000) 05/02 15:33:12 Image size of job updated: 274
	274  -  MemoryUsage of job (MB)
	280984  -  ResidentSetSize of job (KB)
...
006 (35929332.166.000) 05/02 15:34:12 Image size of job updated: 275
	275  -  MemoryUsage of job (MB)
	281696  -  ResidentSetSize of job (KB)
...
006 (35929332.166.000) 05/02 15:35:13 Image size of job updated: 275
	275  -  MemoryUsage of job (MB)
	282460  -  ResidentSetSize of job (KB)
...
006 (35929332.166.000) 05/02 15:36:13 Image size of job updated: 276
	276  -  MemoryUsage of job (MB)
	283228  -  ResidentSetSize of job (KB)
...
006 (35929332.166.000) 05/02 15:37:14 Image size of job updated: 282
	282  -  MemoryUsage of job (MB)
	289412  -  ResidentSetSize of job (KB)
...
006 (35929332.166.000) 05/02 15:39:15 Image size of job updated: 282
	282  -  MemoryUsage of job (MB)
	289416  -  ResidentSetSize of job (KB)
...
006 (35929332.166.000) 05/02 15:41:15 Image size of job updated: 282
	282  -  MemoryUsage of job (MB)
	289432  -  ResidentSetSize of job (KB)
...
006 (35929332.166.000) 05/02 15:47:18 Image size of job updated: 299
	299  -  MemoryUsage of job (MB)
	306920  -  ResidentSetSize of job (KB)
...
006 (35929332.166.000) 05/02 15:48:19 Image size of job updated: 299
	299  -  MemoryUsage of job (MB)
	307004  -  ResidentSetSize of job (KB)
...
006 (35929332.166.000) 05/02 15:53:22 Image size of job updated: 299
	299  -  MemoryUsage of job (MB)
	307160  -  ResidentSetSize of job (KB)
...
006 (35929332.166.000) 05/02 15:56:24 Image size of job updated: 301
	301  -  MemoryUsage of job (MB)
	308768  -  ResidentSetSize of job (KB)
...
006 (35929332.166.000) 05/02 16:00:26 Image size of job updated: 420
	420  -  MemoryUsage of job (MB)
	430860  -  ResidentSetSize of job (KB)
...
006 (35929332.166.000) 05/02 16:01:26 Image size of job updated: 421
	421  -  MemoryUsage of job (MB)
	431148  -  ResidentSetSize of job (KB)
...
006 (35929332.166.000) 05/02 16:02:27 Image size of job updated: 446
	446  -  MemoryUsage of job (MB)
	457296  -  ResidentSetSize of job (KB)
...
006 (35929332.166.000) 05/02 16:08:29 Image size of job updated: 450
	450  -  MemoryUsage of job (MB)
	461752  -  ResidentSetSize of job (KB)
...
006 (35929332.166.000) 05/02 16:11:30 Image size of job updated: 451
	451  -  MemoryUsage of job (MB)
	462468  -  ResidentSetSize of job (KB)
...
006 (35929332.166.000) 05/02 16:16:33 Image size of job updated: 451
	451  -  MemoryUsage of job (MB)
	462492  -  ResidentSetSize of job (KB)
...
006 (35929332.166.000) 05/02 16:22:36 Image size of job updated: 467
	467  -  MemoryUsage of job (MB)
	478612  -  ResidentSetSize of job (KB)
...
006 (35929332.166.000) 05/02 16:23:36 Image size of job updated: 468
	468  -  MemoryUsage of job (MB)
	479812  -  ResidentSetSize of job (KB)
...
006 (35929332.166.000) 05/02 16:24:37 Image size of job updated: 468
	468  -  MemoryUsage of job (MB)
	479816  -  ResidentSetSize of job (KB)
...
006 (35929332.166.000) 05/02 16:25:38 Image size of job updated: 468
	468  -  MemoryUsage of job (MB)
	479820  -  ResidentSetSize of job (KB)
...
006 (35929332.166.000) 05/02 16:30:40 Image size of job updated: 468
	468  -  MemoryUsage of job (MB)
	479824  -  ResidentSetSize of job (KB)
...
