000 (65512065.165.000) 05/02 15:00:27 Job submitted from host: <131.225.188.235:9618?addrs=131.225.188.235-9618&noUDP&sock=813081_83ea_25>
...
001 (65512065.165.000) 05/02 15:03:12 Job executing on host: <131.225.191.159:9618?addrs=131.225.191.159-9618&noUDP&sock=1915_1bf4_3>
...
005 (65512065.165.000) 05/02 15:03:18 Job terminated.
	(1) Normal termination (return value 0)
		Usr 0 00:00:00, Sys 0 00:00:00  -  Run Remote Usage
		Usr 0 00:00:00, Sys 0 00:00:00  -  Run Local Usage
		Usr 0 00:00:00, Sys 0 00:00:00  -  Total Remote Usage
		Usr 0 00:00:00, Sys 0 00:00:00  -  Total Local Usage
	5414  -  Run Bytes Sent By Job
	11045  -  Run Bytes Received By Job
	5414  -  Total Bytes Sent By Job
	11045  -  Total Bytes Received By Job
	Partitionable Resources :    Usage  Request Allocated 
	   Cpus                 :        0        1         1 
	   Disk (KB)            :       37        2    327763 
	   Memory (MB)          :              2048      2048 
...
000 (35929332.165.000) 05/02 15:11:35 Job submitted from host: <131.225.188.57:9618?addrs=131.225.188.57-9618&noUDP&sock=955572_7d49_27>
...
001 (35929332.165.000) 05/02 15:30:00 Job executing on host: <131.225.206.179:9618?addrs=131.225.206.179-9618&noUDP&sock=1917_7b24_3>
...
006 (35929332.165.000) 05/02 15:30:09 Image size of job updated: 17
	17  -  MemoryUsage of job (MB)
	17736  -  ResidentSetSize of job (KB)
...
006 (35929332.165.000) 05/02 15:31:09 Image size of job updated: 269
	269  -  MemoryUsage of job (MB)
	275980  -  ResidentSetSize of job (KB)
...
006 (35929332.165.000) 05/02 15:32:10 Image size of job updated: 271
	271  -  MemoryUsage of job (MB)
	277608  -  ResidentSetSize of job (KB)
...
006 (35929332.165.000) 05/02 15:33:11 Image size of job updated: 272
	272  -  MemoryUsage of job (MB)
	278692  -  ResidentSetSize of job (KB)
...
006 (35929332.165.000) 05/02 15:34:12 Image size of job updated: 272
	272  -  MemoryUsage of job (MB)
	279400  -  ResidentSetSize of job (KB)
...
006 (35929332.165.000) 05/02 15:35:13 Image size of job updated: 279
	279  -  MemoryUsage of job (MB)
	285708  -  ResidentSetSize of job (KB)
...
006 (35929332.165.000) 05/02 15:40:15 Image size of job updated: 279
	279  -  MemoryUsage of job (MB)
	285820  -  ResidentSetSize of job (KB)
...
006 (35929332.165.000) 05/02 15:41:16 Image size of job updated: 305
	305  -  MemoryUsage of job (MB)
	312364  -  ResidentSetSize of job (KB)
...
006 (35929332.165.000) 05/02 15:42:16 Image size of job updated: 305
	305  -  MemoryUsage of job (MB)
	312488  -  ResidentSetSize of job (KB)
...
006 (35929332.165.000) 05/02 15:43:16 Image size of job updated: 305
	305  -  MemoryUsage of job (MB)
	312492  -  ResidentSetSize of job (KB)
...
006 (35929332.165.000) 05/02 15:47:18 Image size of job updated: 305
	305  -  MemoryUsage of job (MB)
	312500  -  ResidentSetSize of job (KB)
...
006 (35929332.165.000) 05/02 15:49:19 Image size of job updated: 308
	308  -  MemoryUsage of job (MB)
	315688  -  ResidentSetSize of job (KB)
...
006 (35929332.165.000) 05/02 15:50:19 Image size of job updated: 417
	417  -  MemoryUsage of job (MB)
	428004  -  ResidentSetSize of job (KB)
...
006 (35929332.165.000) 05/02 15:51:19 Image size of job updated: 417
	417  -  MemoryUsage of job (MB)
	428012  -  ResidentSetSize of job (KB)
...
006 (35929332.165.000) 05/02 15:52:19 Image size of job updated: 443
	443  -  MemoryUsage of job (MB)
	453952  -  ResidentSetSize of job (KB)
...
006 (35929332.165.000) 05/02 15:54:21 Image size of job updated: 443
	443  -  MemoryUsage of job (MB)
	453980  -  ResidentSetSize of job (KB)
...
006 (35929332.165.000) 05/02 15:56:23 Image size of job updated: 443
	443  -  MemoryUsage of job (MB)
	453984  -  ResidentSetSize of job (KB)
...
006 (35929332.165.000) 05/02 15:57:23 Image size of job updated: 443
	443  -  MemoryUsage of job (MB)
	453988  -  ResidentSetSize of job (KB)
...
006 (35929332.165.000) 05/02 15:58:23 Image size of job updated: 443
	443  -  MemoryUsage of job (MB)
	454008  -  ResidentSetSize of job (KB)
...
006 (35929332.165.000) 05/02 15:59:23 Image size of job updated: 449
	449  -  MemoryUsage of job (MB)
	460076  -  ResidentSetSize of job (KB)
...
006 (35929332.165.000) 05/02 16:06:27 Image size of job updated: 450
	450  -  MemoryUsage of job (MB)
	461812  -  ResidentSetSize of job (KB)
...
006 (35929332.165.000) 05/02 16:08:28 Image size of job updated: 466
	466  -  MemoryUsage of job (MB)
	477192  -  ResidentSetSize of job (KB)
...
006 (35929332.165.000) 05/02 16:09:29 Image size of job updated: 466
	466  -  MemoryUsage of job (MB)
	477196  -  ResidentSetSize of job (KB)
...
006 (35929332.165.000) 05/02 16:11:31 Image size of job updated: 466
	466  -  MemoryUsage of job (MB)
	477220  -  ResidentSetSize of job (KB)
...
005 (35929332.165.000) 05/02 16:14:53 Job terminated.
	(1) Normal termination (return value 0)
		Usr 0 00:21:40, Sys 0 00:04:58  -  Run Remote Usage
		Usr 0 00:00:00, Sys 0 00:00:00  -  Run Local Usage
		Usr 0 00:21:40, Sys 0 00:04:58  -  Total Remote Usage
		Usr 0 00:00:00, Sys 0 00:00:00  -  Total Local Usage
	4646  -  Run Bytes Sent By Job
	11057  -  Run Bytes Received By Job
	4646  -  Total Bytes Sent By Job
	11057  -  Total Bytes Received By Job
	Partitionable Resources :    Usage  Request Allocated 
	   Cpus                 :     0.00        1         1 
	   Disk (KB)            :    37           2    312631 
	   Memory (MB)          :   466        2048      2048 
...
