000 (65512065.198.000) 05/02 15:00:27 Job submitted from host: <131.225.188.235:9618?addrs=131.225.188.235-9618&noUDP&sock=813081_83ea_25>
...
001 (65512065.198.000) 05/02 15:03:30 Job executing on host: <131.225.206.200:9618?addrs=131.225.206.200-9618&noUDP&sock=1920_89ed_3>
...
005 (65512065.198.000) 05/02 15:03:34 Job terminated.
	(1) Normal termination (return value 0)
		Usr 0 00:00:00, Sys 0 00:00:00  -  Run Remote Usage
		Usr 0 00:00:00, Sys 0 00:00:00  -  Run Local Usage
		Usr 0 00:00:00, Sys 0 00:00:00  -  Total Remote Usage
		Usr 0 00:00:00, Sys 0 00:00:00  -  Total Local Usage
	6482  -  Run Bytes Sent By Job
	11045  -  Run Bytes Received By Job
	6482  -  Total Bytes Sent By Job
	11045  -  Total Bytes Received By Job
	Partitionable Resources :    Usage  Request Allocated 
	   Cpus                 :        0        1         1 
	   Disk (KB)            :       38        2    320629 
	   Memory (MB)          :              2048      2048 
...
000 (35929332.198.000) 05/02 15:11:35 Job submitted from host: <131.225.188.57:9618?addrs=131.225.188.57-9618&noUDP&sock=955572_7d49_27>
...
001 (35929332.198.000) 05/02 15:32:17 Job executing on host: <131.225.191.75:9618?addrs=131.225.191.75-9618&noUDP&sock=3516_4314_3>
...
006 (35929332.198.000) 05/02 15:32:25 Image size of job updated: 4
	4  -  MemoryUsage of job (MB)
	4500  -  ResidentSetSize of job (KB)
...
006 (35929332.198.000) 05/02 15:33:26 Image size of job updated: 253
	253  -  MemoryUsage of job (MB)
	260016  -  ResidentSetSize of job (KB)
...
006 (35929332.198.000) 05/02 15:34:26 Image size of job updated: 337
	337  -  MemoryUsage of job (MB)
	345392  -  ResidentSetSize of job (KB)
...
006 (35929332.198.000) 05/02 15:35:27 Image size of job updated: 354
	354  -  MemoryUsage of job (MB)
	362776  -  ResidentSetSize of job (KB)
...
005 (35929332.198.000) 05/02 15:35:38 Job terminated.
	(1) Normal termination (return value 0)
		Usr 0 00:01:49, Sys 0 00:00:09  -  Run Remote Usage
		Usr 0 00:00:00, Sys 0 00:00:00  -  Run Local Usage
		Usr 0 00:01:49, Sys 0 00:00:09  -  Total Remote Usage
		Usr 0 00:00:00, Sys 0 00:00:00  -  Total Local Usage
	4693  -  Run Bytes Sent By Job
	11057  -  Run Bytes Received By Job
	4693  -  Total Bytes Sent By Job
	11057  -  Total Bytes Received By Job
	Partitionable Resources :    Usage  Request Allocated 
	   Cpus                 :        0        1         1 
	   Disk (KB)            :       41        2    759026 
	   Memory (MB)          :      354     2048      2048 
...
