000 (65512065.205.000) 05/02 15:00:27 Job submitted from host: <131.225.188.235:9618?addrs=131.225.188.235-9618&noUDP&sock=813081_83ea_25>
...
001 (65512065.205.000) 05/02 15:03:34 Job executing on host: <131.225.191.159:9618?addrs=131.225.191.159-9618&noUDP&sock=1915_1bf4_3>
...
005 (65512065.205.000) 05/02 15:03:42 Job terminated.
	(1) Normal termination (return value 0)
		Usr 0 00:00:00, Sys 0 00:00:00  -  Run Remote Usage
		Usr 0 00:00:00, Sys 0 00:00:00  -  Run Local Usage
		Usr 0 00:00:00, Sys 0 00:00:00  -  Total Remote Usage
		Usr 0 00:00:00, Sys 0 00:00:00  -  Total Local Usage
	15612  -  Run Bytes Sent By Job
	11045  -  Run Bytes Received By Job
	15612  -  Total Bytes Sent By Job
	11045  -  Total Bytes Received By Job
	Partitionable Resources :    Usage  Request Allocated 
	   Cpus                 :     0.02        1         1 
	   Disk (KB)            :    47           2    327763 
	   Memory (MB)          :              2048      2048 
...
000 (35929332.205.000) 05/02 15:11:35 Job submitted from host: <131.225.188.57:9618?addrs=131.225.188.57-9618&noUDP&sock=955572_7d49_27>
...
001 (35929332.205.000) 05/02 15:32:42 Job executing on host: <131.225.188.20:9618?addrs=131.225.188.20-9618&noUDP&sock=6054_1e71_3>
...
006 (35929332.205.000) 05/02 15:32:50 Image size of job updated: 19
	19  -  MemoryUsage of job (MB)
	19980  -  ResidentSetSize of job (KB)
...
006 (35929332.205.000) 05/02 15:33:51 Image size of job updated: 216
	216  -  MemoryUsage of job (MB)
	222092  -  ResidentSetSize of job (KB)
...
006 (35929332.205.000) 05/02 15:34:51 Image size of job updated: 219
	219  -  MemoryUsage of job (MB)
	225068  -  ResidentSetSize of job (KB)
...
006 (35929332.205.000) 05/02 15:35:51 Image size of job updated: 220
	220  -  MemoryUsage of job (MB)
	225492  -  ResidentSetSize of job (KB)
...
006 (35929332.205.000) 05/02 15:36:52 Image size of job updated: 220
	220  -  MemoryUsage of job (MB)
	225656  -  ResidentSetSize of job (KB)
...
006 (35929332.205.000) 05/02 15:37:53 Image size of job updated: 220
	220  -  MemoryUsage of job (MB)
	225804  -  ResidentSetSize of job (KB)
...
005 (35929332.205.000) 05/02 15:38:04 Job terminated.
	(1) Normal termination (return value 0)
		Usr 0 00:01:30, Sys 0 00:00:40  -  Run Remote Usage
		Usr 0 00:00:00, Sys 0 00:00:00  -  Run Local Usage
		Usr 0 00:01:30, Sys 0 00:00:40  -  Total Remote Usage
		Usr 0 00:00:00, Sys 0 00:00:00  -  Total Local Usage
	4332  -  Run Bytes Sent By Job
	11057  -  Run Bytes Received By Job
	4332  -  Total Bytes Sent By Job
	11057  -  Total Bytes Received By Job
	Partitionable Resources :    Usage  Request Allocated 
	   Cpus                 :     0.00        1         1 
	   Disk (KB)            :    44           2   1638407 
	   Memory (MB)          :   220        2048      2048 
...
