000 (65512065.201.000) 05/02 15:00:27 Job submitted from host: <131.225.188.235:9618?addrs=131.225.188.235-9618&noUDP&sock=813081_83ea_25>
...
001 (65512065.201.000) 05/02 15:03:32 Job executing on host: <131.225.204.41:9618?addrs=131.225.204.41-9618&noUDP&sock=1939_9239_3>
...
005 (65512065.201.000) 05/02 15:03:37 Job terminated.
	(1) Normal termination (return value 0)
		Usr 0 00:00:00, Sys 0 00:00:00  -  Run Remote Usage
		Usr 0 00:00:00, Sys 0 00:00:00  -  Run Local Usage
		Usr 0 00:00:00, Sys 0 00:00:00  -  Total Remote Usage
		Usr 0 00:00:00, Sys 0 00:00:00  -  Total Local Usage
	5694  -  Run Bytes Sent By Job
	11045  -  Run Bytes Received By Job
	5694  -  Total Bytes Sent By Job
	11045  -  Total Bytes Received By Job
	Partitionable Resources :    Usage  Request Allocated 
	   Cpus                 :     0.11        1         1 
	   Disk (KB)            :    38           2    318984 
	   Memory (MB)          :              2048      2048 
...
000 (35929332.201.000) 05/02 15:11:35 Job submitted from host: <131.225.188.57:9618?addrs=131.225.188.57-9618&noUDP&sock=955572_7d49_27>
...
001 (35929332.201.000) 05/02 15:32:17 Job executing on host: <131.225.189.73:9618?addrs=131.225.189.73-9618&noUDP&sock=3513_344b_3>
...
006 (35929332.201.000) 05/02 15:32:25 Image size of job updated: 24
	24  -  MemoryUsage of job (MB)
	25348  -  ResidentSetSize of job (KB)
...
006 (35929332.201.000) 05/02 15:33:25 Image size of job updated: 272
	272  -  MemoryUsage of job (MB)
	279328  -  ResidentSetSize of job (KB)
...
006 (35929332.201.000) 05/02 15:34:26 Image size of job updated: 274
	274  -  MemoryUsage of job (MB)
	280684  -  ResidentSetSize of job (KB)
...
006 (35929332.201.000) 05/02 15:35:26 Image size of job updated: 274
	274  -  MemoryUsage of job (MB)
	281328  -  ResidentSetSize of job (KB)
...
006 (35929332.201.000) 05/02 15:36:27 Image size of job updated: 275
	275  -  MemoryUsage of job (MB)
	282252  -  ResidentSetSize of job (KB)
...
006 (35929332.201.000) 05/02 15:37:27 Image size of job updated: 276
	276  -  MemoryUsage of job (MB)
	283184  -  ResidentSetSize of job (KB)
...
006 (35929332.201.000) 05/02 15:38:27 Image size of job updated: 281
	281  -  MemoryUsage of job (MB)
	288248  -  ResidentSetSize of job (KB)
...
006 (35929332.201.000) 05/02 15:39:28 Image size of job updated: 281
	281  -  MemoryUsage of job (MB)
	288308  -  ResidentSetSize of job (KB)
...
006 (35929332.201.000) 05/02 15:40:28 Image size of job updated: 310
	310  -  MemoryUsage of job (MB)
	317932  -  ResidentSetSize of job (KB)
...
006 (35929332.201.000) 05/02 15:41:29 Image size of job updated: 310
	310  -  MemoryUsage of job (MB)
	317984  -  ResidentSetSize of job (KB)
...
006 (35929332.201.000) 05/02 15:43:30 Image size of job updated: 310
	310  -  MemoryUsage of job (MB)
	317988  -  ResidentSetSize of job (KB)
...
006 (35929332.201.000) 05/02 15:44:30 Image size of job updated: 310
	310  -  MemoryUsage of job (MB)
	318104  -  ResidentSetSize of job (KB)
...
006 (35929332.201.000) 05/02 15:45:31 Image size of job updated: 310
	310  -  MemoryUsage of job (MB)
	318120  -  ResidentSetSize of job (KB)
...
006 (35929332.201.000) 05/02 15:46:32 Image size of job updated: 310
	310  -  MemoryUsage of job (MB)
	318136  -  ResidentSetSize of job (KB)
...
006 (35929332.201.000) 05/02 15:48:33 Image size of job updated: 310
	310  -  MemoryUsage of job (MB)
	318140  -  ResidentSetSize of job (KB)
...
006 (35929332.201.000) 05/02 15:49:33 Image size of job updated: 310
	310  -  MemoryUsage of job (MB)
	318144  -  ResidentSetSize of job (KB)
...
006 (35929332.201.000) 05/02 15:50:34 Image size of job updated: 310
	310  -  MemoryUsage of job (MB)
	318244  -  ResidentSetSize of job (KB)
...
006 (35929332.201.000) 05/02 15:52:35 Image size of job updated: 318
	318  -  MemoryUsage of job (MB)
	326120  -  ResidentSetSize of job (KB)
...
006 (35929332.201.000) 05/02 15:53:35 Image size of job updated: 318
	318  -  MemoryUsage of job (MB)
	326144  -  ResidentSetSize of job (KB)
...
006 (35929332.201.000) 05/02 15:55:36 Image size of job updated: 318
	318  -  MemoryUsage of job (MB)
	326148  -  ResidentSetSize of job (KB)
...
006 (35929332.201.000) 05/02 15:56:37 Image size of job updated: 318
	318  -  MemoryUsage of job (MB)
	326164  -  ResidentSetSize of job (KB)
...
006 (35929332.201.000) 05/02 15:58:38 Image size of job updated: 428
	428  -  MemoryUsage of job (MB)
	438364  -  ResidentSetSize of job (KB)
...
006 (35929332.201.000) 05/02 16:00:39 Image size of job updated: 453
	453  -  MemoryUsage of job (MB)
	464560  -  ResidentSetSize of job (KB)
...
006 (35929332.201.000) 05/02 16:01:40 Image size of job updated: 457
	457  -  MemoryUsage of job (MB)
	468680  -  ResidentSetSize of job (KB)
...
006 (35929332.201.000) 05/02 16:03:41 Image size of job updated: 457
	457  -  MemoryUsage of job (MB)
	468684  -  ResidentSetSize of job (KB)
...
006 (35929332.201.000) 05/02 16:07:42 Image size of job updated: 457
	457  -  MemoryUsage of job (MB)
	468692  -  ResidentSetSize of job (KB)
...
006 (35929332.201.000) 05/02 16:10:44 Image size of job updated: 458
	458  -  MemoryUsage of job (MB)
	469252  -  ResidentSetSize of job (KB)
...
006 (35929332.201.000) 05/02 16:11:44 Image size of job updated: 458
	458  -  MemoryUsage of job (MB)
	469264  -  ResidentSetSize of job (KB)
...
006 (35929332.201.000) 05/02 16:19:49 Image size of job updated: 472
	472  -  MemoryUsage of job (MB)
	483660  -  ResidentSetSize of job (KB)
...
006 (35929332.201.000) 05/02 16:20:50 Image size of job updated: 473
	473  -  MemoryUsage of job (MB)
	485312  -  ResidentSetSize of job (KB)
...
