000 (65512065.203.000) 05/02 15:00:27 Job submitted from host: <131.225.188.235:9618?addrs=131.225.188.235-9618&noUDP&sock=813081_83ea_25>
...
001 (65512065.203.000) 05/02 15:03:34 Job executing on host: <131.225.191.253:9618?addrs=131.225.191.253-9618&noUDP&sock=3601_90a1_3>
...
005 (65512065.203.000) 05/02 15:03:44 Job terminated.
	(1) Normal termination (return value 0)
		Usr 0 00:00:00, Sys 0 00:00:00  -  Run Remote Usage
		Usr 0 00:00:00, Sys 0 00:00:00  -  Run Local Usage
		Usr 0 00:00:00, Sys 0 00:00:00  -  Total Remote Usage
		Usr 0 00:00:00, Sys 0 00:00:00  -  Total Local Usage
	7199  -  Run Bytes Sent By Job
	11045  -  Run Bytes Received By Job
	7199  -  Total Bytes Sent By Job
	11045  -  Total Bytes Received By Job
	Partitionable Resources :    Usage  Request Allocated 
	   Cpus                 :     0.04        1         1 
	   Disk (KB)            :    43           2    774830 
	   Memory (MB)          :              2048      2048 
...
000 (35929332.203.000) 05/02 15:11:35 Job submitted from host: <131.225.188.57:9618?addrs=131.225.188.57-9618&noUDP&sock=955572_7d49_27>
...
001 (35929332.203.000) 05/02 15:32:32 Job executing on host: <131.225.191.77:9618?addrs=131.225.191.77-9618&noUDP&sock=3613_cbc4_3>
...
006 (35929332.203.000) 05/02 15:32:41 Image size of job updated: 19
	19  -  MemoryUsage of job (MB)
	19944  -  ResidentSetSize of job (KB)
...
006 (35929332.203.000) 05/02 15:33:42 Image size of job updated: 266
	266  -  MemoryUsage of job (MB)
	272956  -  ResidentSetSize of job (KB)
...
006 (35929332.203.000) 05/02 15:34:42 Image size of job updated: 270
	270  -  MemoryUsage of job (MB)
	277248  -  ResidentSetSize of job (KB)
...
006 (35929332.203.000) 05/02 15:35:42 Image size of job updated: 272
	272  -  MemoryUsage of job (MB)
	278676  -  ResidentSetSize of job (KB)
...
006 (35929332.203.000) 05/02 15:36:43 Image size of job updated: 272
	272  -  MemoryUsage of job (MB)
	278688  -  ResidentSetSize of job (KB)
...
006 (35929332.203.000) 05/02 15:37:44 Image size of job updated: 272
	272  -  MemoryUsage of job (MB)
	278692  -  ResidentSetSize of job (KB)
...
006 (35929332.203.000) 05/02 15:38:44 Image size of job updated: 299
	299  -  MemoryUsage of job (MB)
	306200  -  ResidentSetSize of job (KB)
...
006 (35929332.203.000) 05/02 15:39:45 Image size of job updated: 299
	299  -  MemoryUsage of job (MB)
	306220  -  ResidentSetSize of job (KB)
...
006 (35929332.203.000) 05/02 15:40:45 Image size of job updated: 300
	300  -  MemoryUsage of job (MB)
	308172  -  ResidentSetSize of job (KB)
...
006 (35929332.203.000) 05/02 15:41:46 Image size of job updated: 302
	302  -  MemoryUsage of job (MB)
	309380  -  ResidentSetSize of job (KB)
...
006 (35929332.203.000) 05/02 15:43:47 Image size of job updated: 302
	302  -  MemoryUsage of job (MB)
	309576  -  ResidentSetSize of job (KB)
...
006 (35929332.203.000) 05/02 15:44:48 Image size of job updated: 303
	303  -  MemoryUsage of job (MB)
	310508  -  ResidentSetSize of job (KB)
...
006 (35929332.203.000) 05/02 15:45:48 Image size of job updated: 303
	303  -  MemoryUsage of job (MB)
	310956  -  ResidentSetSize of job (KB)
...
006 (35929332.203.000) 05/02 15:48:50 Image size of job updated: 304
	304  -  MemoryUsage of job (MB)
	311628  -  ResidentSetSize of job (KB)
...
006 (35929332.203.000) 05/02 15:49:51 Image size of job updated: 304
	304  -  MemoryUsage of job (MB)
	311820  -  ResidentSetSize of job (KB)
...
006 (35929332.203.000) 05/02 15:50:52 Image size of job updated: 306
	306  -  MemoryUsage of job (MB)
	313812  -  ResidentSetSize of job (KB)
...
006 (35929332.203.000) 05/02 15:51:53 Image size of job updated: 306
	306  -  MemoryUsage of job (MB)
	313816  -  ResidentSetSize of job (KB)
...
006 (35929332.203.000) 05/02 15:52:53 Image size of job updated: 306
	306  -  MemoryUsage of job (MB)
	314288  -  ResidentSetSize of job (KB)
...
006 (35929332.203.000) 05/02 15:54:54 Image size of job updated: 307
	307  -  MemoryUsage of job (MB)
	314548  -  ResidentSetSize of job (KB)
...
006 (35929332.203.000) 05/02 15:56:56 Image size of job updated: 307
	307  -  MemoryUsage of job (MB)
	314944  -  ResidentSetSize of job (KB)
...
006 (35929332.203.000) 05/02 15:57:56 Image size of job updated: 310
	310  -  MemoryUsage of job (MB)
	317680  -  ResidentSetSize of job (KB)
...
006 (35929332.203.000) 05/02 15:58:57 Image size of job updated: 310
	310  -  MemoryUsage of job (MB)
	317716  -  ResidentSetSize of job (KB)
...
006 (35929332.203.000) 05/02 15:59:57 Image size of job updated: 310
	310  -  MemoryUsage of job (MB)
	318224  -  ResidentSetSize of job (KB)
...
006 (35929332.203.000) 05/02 16:01:58 Image size of job updated: 310
	310  -  MemoryUsage of job (MB)
	318240  -  ResidentSetSize of job (KB)
...
006 (35929332.203.000) 05/02 16:02:59 Image size of job updated: 310
	310  -  MemoryUsage of job (MB)
	318260  -  ResidentSetSize of job (KB)
...
006 (35929332.203.000) 05/02 16:09:02 Image size of job updated: 311
	311  -  MemoryUsage of job (MB)
	318548  -  ResidentSetSize of job (KB)
...
006 (35929332.203.000) 05/02 16:10:03 Image size of job updated: 311
	311  -  MemoryUsage of job (MB)
	318552  -  ResidentSetSize of job (KB)
...
006 (35929332.203.000) 05/02 16:11:05 Image size of job updated: 312
	312  -  MemoryUsage of job (MB)
	319660  -  ResidentSetSize of job (KB)
...
006 (35929332.203.000) 05/02 16:12:05 Image size of job updated: 312
	312  -  MemoryUsage of job (MB)
	319664  -  ResidentSetSize of job (KB)
...
006 (35929332.203.000) 05/02 16:22:11 Image size of job updated: 312
	312  -  MemoryUsage of job (MB)
	319924  -  ResidentSetSize of job (KB)
...
006 (35929332.203.000) 05/02 16:23:11 Image size of job updated: 312
	312  -  MemoryUsage of job (MB)
	319932  -  ResidentSetSize of job (KB)
...
006 (35929332.203.000) 05/02 16:25:13 Image size of job updated: 313
	313  -  MemoryUsage of job (MB)
	321076  -  ResidentSetSize of job (KB)
...
005 (35929332.203.000) 05/02 16:27:23 Job terminated.
	(1) Normal termination (return value 0)
		Usr 0 00:20:45, Sys 0 00:05:47  -  Run Remote Usage
		Usr 0 00:00:00, Sys 0 00:00:00  -  Run Local Usage
		Usr 0 00:20:45, Sys 0 00:05:47  -  Total Remote Usage
		Usr 0 00:00:00, Sys 0 00:00:00  -  Total Local Usage
	4456  -  Run Bytes Sent By Job
	11057  -  Run Bytes Received By Job
	4456  -  Total Bytes Sent By Job
	11057  -  Total Bytes Received By Job
	Partitionable Resources :    Usage  Request Allocated 
	   Cpus                 :     0.00        1         1 
	   Disk (KB)            :    41           2    762305 
	   Memory (MB)          :   309        2048      2048 
...
