000 (65512065.200.000) 05/02 15:00:27 Job submitted from host: <131.225.188.235:9618?addrs=131.225.188.235-9618&noUDP&sock=813081_83ea_25>
...
001 (65512065.200.000) 05/02 15:03:33 Job executing on host: <131.225.188.36:9618?addrs=131.225.188.36-9618&noUDP&sock=6027_9963_3>
...
005 (65512065.200.000) 05/02 15:03:43 Job terminated.
	(1) Normal termination (return value 0)
		Usr 0 00:00:00, Sys 0 00:00:00  -  Run Remote Usage
		Usr 0 00:00:00, Sys 0 00:00:00  -  Run Local Usage
		Usr 0 00:00:00, Sys 0 00:00:00  -  Total Remote Usage
		Usr 0 00:00:00, Sys 0 00:00:00  -  Total Local Usage
	4987  -  Run Bytes Sent By Job
	11045  -  Run Bytes Received By Job
	4987  -  Total Bytes Sent By Job
	11045  -  Total Bytes Received By Job
	Partitionable Resources :    Usage  Request Allocated 
	   Cpus                 :        0        1         1 
	   Disk (KB)            :       46        2   1636862 
	   Memory (MB)          :              2048      2048 
...
000 (35929332.200.000) 05/02 15:11:35 Job submitted from host: <131.225.188.57:9618?addrs=131.225.188.57-9618&noUDP&sock=955572_7d49_27>
...
001 (35929332.200.000) 05/02 15:32:17 Job executing on host: <131.225.205.181:9618?addrs=131.225.205.181-9618&noUDP&sock=3528_7e37_3>
...
006 (35929332.200.000) 05/02 15:32:26 Image size of job updated: 14
	14  -  MemoryUsage of job (MB)
	14456  -  ResidentSetSize of job (KB)
...
006 (35929332.200.000) 05/02 15:33:26 Image size of job updated: 250
	250  -  MemoryUsage of job (MB)
	256880  -  ResidentSetSize of job (KB)
...
006 (35929332.200.000) 05/02 15:34:27 Image size of job updated: 251
	251  -  MemoryUsage of job (MB)
	257176  -  ResidentSetSize of job (KB)
...
006 (35929332.200.000) 05/02 15:35:27 Image size of job updated: 251
	251  -  MemoryUsage of job (MB)
	257220  -  ResidentSetSize of job (KB)
...
006 (35929332.200.000) 05/02 15:36:28 Image size of job updated: 251
	251  -  MemoryUsage of job (MB)
	257516  -  ResidentSetSize of job (KB)
...
006 (35929332.200.000) 05/02 15:37:29 Image size of job updated: 251
	251  -  MemoryUsage of job (MB)
	257768  -  ResidentSetSize of job (KB)
...
006 (35929332.200.000) 05/02 15:38:29 Image size of job updated: 251
	251  -  MemoryUsage of job (MB)
	257788  -  ResidentSetSize of job (KB)
...
006 (35929332.200.000) 05/02 15:39:30 Image size of job updated: 251
	251  -  MemoryUsage of job (MB)
	257808  -  ResidentSetSize of job (KB)
...
006 (35929332.200.000) 05/02 15:40:30 Image size of job updated: 251
	251  -  MemoryUsage of job (MB)
	257836  -  ResidentSetSize of job (KB)
...
006 (35929332.200.000) 05/02 15:41:31 Image size of job updated: 251
	251  -  MemoryUsage of job (MB)
	257856  -  ResidentSetSize of job (KB)
...
006 (35929332.200.000) 05/02 15:42:31 Image size of job updated: 251
	251  -  MemoryUsage of job (MB)
	257880  -  ResidentSetSize of job (KB)
...
006 (35929332.200.000) 05/02 15:43:32 Image size of job updated: 251
	251  -  MemoryUsage of job (MB)
	257908  -  ResidentSetSize of job (KB)
...
006 (35929332.200.000) 05/02 15:44:32 Image size of job updated: 251
	251  -  MemoryUsage of job (MB)
	257956  -  ResidentSetSize of job (KB)
...
006 (35929332.200.000) 05/02 15:46:33 Image size of job updated: 252
	252  -  MemoryUsage of job (MB)
	258048  -  ResidentSetSize of job (KB)
...
006 (35929332.200.000) 05/02 15:47:33 Image size of job updated: 252
	252  -  MemoryUsage of job (MB)
	258076  -  ResidentSetSize of job (KB)
...
006 (35929332.200.000) 05/02 15:48:34 Image size of job updated: 252
	252  -  MemoryUsage of job (MB)
	258092  -  ResidentSetSize of job (KB)
...
006 (35929332.200.000) 05/02 15:49:34 Image size of job updated: 252
	252  -  MemoryUsage of job (MB)
	258172  -  ResidentSetSize of job (KB)
...
006 (35929332.200.000) 05/02 15:50:35 Image size of job updated: 252
	252  -  MemoryUsage of job (MB)
	258192  -  ResidentSetSize of job (KB)
...
006 (35929332.200.000) 05/02 15:51:35 Image size of job updated: 252
	252  -  MemoryUsage of job (MB)
	258216  -  ResidentSetSize of job (KB)
...
006 (35929332.200.000) 05/02 15:52:35 Image size of job updated: 252
	252  -  MemoryUsage of job (MB)
	258240  -  ResidentSetSize of job (KB)
...
006 (35929332.200.000) 05/02 15:53:36 Image size of job updated: 252
	252  -  MemoryUsage of job (MB)
	258264  -  ResidentSetSize of job (KB)
...
006 (35929332.200.000) 05/02 15:54:36 Image size of job updated: 252
	252  -  MemoryUsage of job (MB)
	258292  -  ResidentSetSize of job (KB)
...
006 (35929332.200.000) 05/02 15:55:37 Image size of job updated: 252
	252  -  MemoryUsage of job (MB)
	258312  -  ResidentSetSize of job (KB)
...
006 (35929332.200.000) 05/02 15:56:37 Image size of job updated: 252
	252  -  MemoryUsage of job (MB)
	258332  -  ResidentSetSize of job (KB)
...
006 (35929332.200.000) 05/02 15:57:38 Image size of job updated: 252
	252  -  MemoryUsage of job (MB)
	258636  -  ResidentSetSize of job (KB)
...
006 (35929332.200.000) 05/02 15:58:39 Image size of job updated: 252
	252  -  MemoryUsage of job (MB)
	258660  -  ResidentSetSize of job (KB)
...
006 (35929332.200.000) 05/02 15:59:39 Image size of job updated: 252
	252  -  MemoryUsage of job (MB)
	258688  -  ResidentSetSize of job (KB)
...
006 (35929332.200.000) 05/02 16:00:40 Image size of job updated: 252
	252  -  MemoryUsage of job (MB)
	258716  -  ResidentSetSize of job (KB)
...
006 (35929332.200.000) 05/02 16:01:40 Image size of job updated: 253
	253  -  MemoryUsage of job (MB)
	259080  -  ResidentSetSize of job (KB)
...
006 (35929332.200.000) 05/02 16:02:40 Image size of job updated: 253
	253  -  MemoryUsage of job (MB)
	259084  -  ResidentSetSize of job (KB)
...
006 (35929332.200.000) 05/02 16:03:40 Image size of job updated: 253
	253  -  MemoryUsage of job (MB)
	259088  -  ResidentSetSize of job (KB)
...
006 (35929332.200.000) 05/02 16:05:41 Image size of job updated: 253
	253  -  MemoryUsage of job (MB)
	259172  -  ResidentSetSize of job (KB)
...
006 (35929332.200.000) 05/02 16:06:41 Image size of job updated: 255
	255  -  MemoryUsage of job (MB)
	262044  -  ResidentSetSize of job (KB)
...
005 (35929332.200.000) 05/02 16:18:30 Job terminated.
	(1) Normal termination (return value 0)
		Usr 0 00:25:48, Sys 0 00:05:01  -  Run Remote Usage
		Usr 0 00:00:00, Sys 0 00:00:00  -  Run Local Usage
		Usr 0 00:25:48, Sys 0 00:05:01  -  Total Remote Usage
		Usr 0 00:00:00, Sys 0 00:00:00  -  Total Local Usage
	4474  -  Run Bytes Sent By Job
	11057  -  Run Bytes Received By Job
	4474  -  Total Bytes Sent By Job
	11057  -  Total Bytes Received By Job
	Partitionable Resources :    Usage  Request Allocated 
	   Cpus                 :        0        1         1 
	   Disk (KB)            :       41        2   1643974 
	   Memory (MB)          :      255     2048      2048 
...
