[FERMIHTC-SINGULARITY]: INFO -- No Singulariy image specified
[FERMIHTC-SINGULARITY]: INFO -- Running job on the host machine

[FERMIHTC-SINGULARITY]: INFO -- Running ./condor_exec.exe /eos/uscms/store/user/lnujj/WpWm_aQGC_Ntuples_Ram/FirstStepOutput/BaconNtuples//ZZTo2L2Q_13TeV_amcatnloFXFX_madspin_pythia8 /eos/uscms/store/user/asahmed/WV_2016_flatntuples ZZTo2L2Q_13TeV_amcatnloFXFX_madspin_pythia8 1 2016
Starting job on  Sat May 2 20:03:34 UTC 2020
Running on: Linux asahmed-65512065-201-cmswn1645.fnal.gov 3.10.0-1062.12.1.el7.x86_64 #1 SMP Wed Feb 5 09:10:55 CST 2020 x86_64 x86_64 x86_64 GNU/Linux
System software: Scientific Linux release 6.10 (Carbon)
====> List files : 
total 68K
drwx------ 4 asahmed fnalgrid 4.0K May  2 20:03 .
drwxr-xr-x 3 root    root     4.0K May  2 20:03 ..
-rwx------ 1 asahmed fnalgrid   49 May  2 20:03 .chirp.config
srwxr-xr-x 1 asahmed fnalgrid    0 May  2 20:03 .docker_sock
-rw-r--r-- 1 asahmed fnalgrid 5.5K May  2 20:03 .job.ad
-rw-r--r-- 1 asahmed fnalgrid 7.8K May  2 20:03 .machine.ad
-rw-r--r-- 1 asahmed fnalgrid 7.6K May  2 20:03 .update.ad
-rw-r--r-- 1 asahmed fnalgrid  424 May  2 20:03 _condor_stderr
-rw-r--r-- 1 asahmed fnalgrid  683 May  2 20:03 _condor_stdout
-rwxr-xr-x 1 asahmed fnalgrid 1.2K May  2 20:03 condor_exec.exe
-rwxr-xr-x 1 asahmed fnalgrid    0 May  2 20:03 docker_stderror
drwx------ 2 asahmed fnalgrid 4.0K May  2 20:03 tmp
drwx------ 3 asahmed fnalgrid 4.0K May  2 20:03 var
-rw------- 1 asahmed fnalgrid 9.7K May  2 20:03 x509up_u54774
====> Remove any file with name similar to WWTree*.root... 
====> List files : 
total 68K
drwx------ 4 asahmed fnalgrid 4.0K May  2 20:03 .
drwxr-xr-x 3 root    root     4.0K May  2 20:03 ..
-rwx------ 1 asahmed fnalgrid   49 May  2 20:03 .chirp.config
srwxr-xr-x 1 asahmed fnalgrid    0 May  2 20:03 .docker_sock
-rw-r--r-- 1 asahmed fnalgrid 5.5K May  2 20:03 .job.ad
-rw-r--r-- 1 asahmed fnalgrid 7.8K May  2 20:03 .machine.ad
-rw-r--r-- 1 asahmed fnalgrid 7.6K May  2 20:03 .update.ad
-rw-r--r-- 1 asahmed fnalgrid  688 May  2 20:03 _condor_stderr
-rw-r--r-- 1 asahmed fnalgrid 1.6K May  2 20:03 _condor_stdout
-rwxr-xr-x 1 asahmed fnalgrid 1.2K May  2 20:03 condor_exec.exe
-rwxr-xr-x 1 asahmed fnalgrid    0 May  2 20:03 docker_stderror
drwx------ 2 asahmed fnalgrid 4.0K May  2 20:03 tmp
drwx------ 3 asahmed fnalgrid 4.0K May  2 20:03 var
-rw------- 1 asahmed fnalgrid 9.7K May  2 20:03 x509up_u54774
====> List files : 
total 72K
drwx------ 4 asahmed fnalgrid 4.0K May  2 20:03 .
drwxr-xr-x 3 root    root     4.0K May  2 20:03 ..
-rwx------ 1 asahmed fnalgrid   49 May  2 20:03 .chirp.config
srwxr-xr-x 1 asahmed fnalgrid    0 May  2 20:03 .docker_sock
-rw-r--r-- 1 asahmed fnalgrid 5.5K May  2 20:03 .job.ad
-rw-r--r-- 1 asahmed fnalgrid 7.8K May  2 20:03 .machine.ad
-rw-r--r-- 1 asahmed fnalgrid 7.6K May  2 20:03 .update.ad
-rw-r--r-- 1 asahmed fnalgrid 1.2K May  2 20:03 ZZTo2L2Q_13TeV_amcatnloFXFX_madspin_pythia8.txt
-rw-r--r-- 1 asahmed fnalgrid  745 May  2 20:03 _condor_stderr
-rw-r--r-- 1 asahmed fnalgrid 2.4K May  2 20:03 _condor_stdout
-rwxr-xr-x 1 asahmed fnalgrid 1.2K May  2 20:03 condor_exec.exe
-rwxr-xr-x 1 asahmed fnalgrid    0 May  2 20:03 docker_stderror
drwx------ 2 asahmed fnalgrid 4.0K May  2 20:03 tmp
drwx------ 3 asahmed fnalgrid 4.0K May  2 20:03 var
-rw------- 1 asahmed fnalgrid 9.7K May  2 20:03 x509up_u54774
====> List root files : 
====> copying WWTree*.root file to stores area...
