000 (65512065.204.000) 05/02 15:00:27 Job submitted from host: <131.225.188.235:9618?addrs=131.225.188.235-9618&noUDP&sock=813081_83ea_25>
...
001 (65512065.204.000) 05/02 15:03:35 Job executing on host: <131.225.188.34:9618?addrs=131.225.188.34-9618&noUDP&sock=6040_841e_3>
...
005 (65512065.204.000) 05/02 15:03:47 Job terminated.
	(1) Normal termination (return value 0)
		Usr 0 00:00:00, Sys 0 00:00:00  -  Run Remote Usage
		Usr 0 00:00:00, Sys 0 00:00:00  -  Run Local Usage
		Usr 0 00:00:00, Sys 0 00:00:00  -  Total Remote Usage
		Usr 0 00:00:00, Sys 0 00:00:00  -  Total Local Usage
	4508  -  Run Bytes Sent By Job
	11045  -  Run Bytes Received By Job
	4508  -  Total Bytes Sent By Job
	11045  -  Total Bytes Received By Job
	Partitionable Resources :    Usage  Request Allocated 
	   Cpus                 :     0.18        1         1 
	   Disk (KB)            :    46           2   1629809 
	   Memory (MB)          :              2048      2048 
...
000 (35929332.204.000) 05/02 15:11:35 Job submitted from host: <131.225.188.57:9618?addrs=131.225.188.57-9618&noUDP&sock=955572_7d49_27>
...
001 (35929332.204.000) 05/02 15:32:39 Job executing on host: <131.225.190.26:9618?addrs=131.225.190.26-9618&noUDP&sock=3518_a244_3>
...
006 (35929332.204.000) 05/02 15:32:48 Image size of job updated: 19
	19  -  MemoryUsage of job (MB)
	20168  -  ResidentSetSize of job (KB)
...
006 (35929332.204.000) 05/02 15:33:49 Image size of job updated: 224
	224  -  MemoryUsage of job (MB)
	230088  -  ResidentSetSize of job (KB)
...
006 (35929332.204.000) 05/02 15:34:37 Image size of job updated: 225
	225  -  MemoryUsage of job (MB)
	230736  -  ResidentSetSize of job (KB)
...
005 (35929332.204.000) 05/02 15:34:38 Job terminated.
	(1) Normal termination (return value 0)
		Usr 0 00:00:55, Sys 0 00:00:13  -  Run Remote Usage
		Usr 0 00:00:00, Sys 0 00:00:00  -  Run Local Usage
		Usr 0 00:00:55, Sys 0 00:00:13  -  Total Remote Usage
		Usr 0 00:00:00, Sys 0 00:00:00  -  Total Local Usage
	4381  -  Run Bytes Sent By Job
	11057  -  Run Bytes Received By Job
	4381  -  Total Bytes Sent By Job
	11057  -  Total Bytes Received By Job
	Partitionable Resources :    Usage  Request Allocated 
	   Cpus                 :        0        1         1 
	   Disk (KB)            :       40        2    771549 
	   Memory (MB)          :      225     2048      2048 
...
